[2023-06-13T11:26:02.604+0200] {processor.py:157} INFO - Started process (PID=67569) to work on /Users/simba/Documents/Converteo/cas_airflow1/env/lib/python3.11/site-packages/airflow/example_dags/subdags/subdag.py
[2023-06-13T11:26:02.607+0200] {processor.py:826} INFO - Processing file /Users/simba/Documents/Converteo/cas_airflow1/env/lib/python3.11/site-packages/airflow/example_dags/subdags/subdag.py for tasks to queue
[2023-06-13T11:26:02.608+0200] {logging_mixin.py:149} INFO - [2023-06-13T11:26:02.608+0200] {dagbag.py:541} INFO - Filling up the DagBag from /Users/simba/Documents/Converteo/cas_airflow1/env/lib/python3.11/site-packages/airflow/example_dags/subdags/subdag.py
[2023-06-13T11:26:02.611+0200] {processor.py:838} WARNING - No viable dags retrieved from /Users/simba/Documents/Converteo/cas_airflow1/env/lib/python3.11/site-packages/airflow/example_dags/subdags/subdag.py
[2023-06-13T11:26:03.456+0200] {processor.py:179} INFO - Processing /Users/simba/Documents/Converteo/cas_airflow1/env/lib/python3.11/site-packages/airflow/example_dags/subdags/subdag.py took 0.853 seconds
[2023-06-13T11:31:02.106+0200] {processor.py:157} INFO - Started process (PID=68483) to work on /Users/simba/Documents/Converteo/cas_airflow1/env/lib/python3.11/site-packages/airflow/example_dags/subdags/subdag.py
[2023-06-13T11:31:02.110+0200] {processor.py:826} INFO - Processing file /Users/simba/Documents/Converteo/cas_airflow1/env/lib/python3.11/site-packages/airflow/example_dags/subdags/subdag.py for tasks to queue
[2023-06-13T11:31:02.110+0200] {logging_mixin.py:149} INFO - [2023-06-13T11:31:02.110+0200] {dagbag.py:541} INFO - Filling up the DagBag from /Users/simba/Documents/Converteo/cas_airflow1/env/lib/python3.11/site-packages/airflow/example_dags/subdags/subdag.py
[2023-06-13T11:31:02.112+0200] {processor.py:838} WARNING - No viable dags retrieved from /Users/simba/Documents/Converteo/cas_airflow1/env/lib/python3.11/site-packages/airflow/example_dags/subdags/subdag.py
[2023-06-13T11:31:02.786+0200] {processor.py:179} INFO - Processing /Users/simba/Documents/Converteo/cas_airflow1/env/lib/python3.11/site-packages/airflow/example_dags/subdags/subdag.py took 0.681 seconds
[2023-06-13T11:31:46.105+0200] {processor.py:157} INFO - Started process (PID=68720) to work on /Users/simba/Documents/Converteo/cas_airflow1/env/lib/python3.11/site-packages/airflow/example_dags/subdags/subdag.py
[2023-06-13T11:31:46.110+0200] {processor.py:826} INFO - Processing file /Users/simba/Documents/Converteo/cas_airflow1/env/lib/python3.11/site-packages/airflow/example_dags/subdags/subdag.py for tasks to queue
[2023-06-13T11:31:46.111+0200] {logging_mixin.py:149} INFO - [2023-06-13T11:31:46.111+0200] {dagbag.py:541} INFO - Filling up the DagBag from /Users/simba/Documents/Converteo/cas_airflow1/env/lib/python3.11/site-packages/airflow/example_dags/subdags/subdag.py
[2023-06-13T11:31:46.114+0200] {processor.py:838} WARNING - No viable dags retrieved from /Users/simba/Documents/Converteo/cas_airflow1/env/lib/python3.11/site-packages/airflow/example_dags/subdags/subdag.py
[2023-06-13T11:31:47.470+0200] {processor.py:179} INFO - Processing /Users/simba/Documents/Converteo/cas_airflow1/env/lib/python3.11/site-packages/airflow/example_dags/subdags/subdag.py took 1.366 seconds
[2023-06-13T11:34:17.800+0200] {processor.py:157} INFO - Started process (PID=69114) to work on /Users/simba/Documents/Converteo/cas_airflow1/env/lib/python3.11/site-packages/airflow/example_dags/subdags/subdag.py
[2023-06-13T11:34:17.804+0200] {processor.py:826} INFO - Processing file /Users/simba/Documents/Converteo/cas_airflow1/env/lib/python3.11/site-packages/airflow/example_dags/subdags/subdag.py for tasks to queue
[2023-06-13T11:34:17.805+0200] {logging_mixin.py:149} INFO - [2023-06-13T11:34:17.805+0200] {dagbag.py:541} INFO - Filling up the DagBag from /Users/simba/Documents/Converteo/cas_airflow1/env/lib/python3.11/site-packages/airflow/example_dags/subdags/subdag.py
[2023-06-13T11:34:17.807+0200] {processor.py:838} WARNING - No viable dags retrieved from /Users/simba/Documents/Converteo/cas_airflow1/env/lib/python3.11/site-packages/airflow/example_dags/subdags/subdag.py
[2023-06-13T11:34:18.434+0200] {processor.py:179} INFO - Processing /Users/simba/Documents/Converteo/cas_airflow1/env/lib/python3.11/site-packages/airflow/example_dags/subdags/subdag.py took 0.635 seconds
[2023-06-13T11:36:02.323+0200] {processor.py:157} INFO - Started process (PID=69369) to work on /Users/simba/Documents/Converteo/cas_airflow1/env/lib/python3.11/site-packages/airflow/example_dags/subdags/subdag.py
[2023-06-13T11:36:02.327+0200] {processor.py:826} INFO - Processing file /Users/simba/Documents/Converteo/cas_airflow1/env/lib/python3.11/site-packages/airflow/example_dags/subdags/subdag.py for tasks to queue
[2023-06-13T11:36:02.327+0200] {logging_mixin.py:149} INFO - [2023-06-13T11:36:02.327+0200] {dagbag.py:541} INFO - Filling up the DagBag from /Users/simba/Documents/Converteo/cas_airflow1/env/lib/python3.11/site-packages/airflow/example_dags/subdags/subdag.py
[2023-06-13T11:36:02.329+0200] {processor.py:838} WARNING - No viable dags retrieved from /Users/simba/Documents/Converteo/cas_airflow1/env/lib/python3.11/site-packages/airflow/example_dags/subdags/subdag.py
[2023-06-13T11:36:03.087+0200] {processor.py:179} INFO - Processing /Users/simba/Documents/Converteo/cas_airflow1/env/lib/python3.11/site-packages/airflow/example_dags/subdags/subdag.py took 0.765 seconds
[2023-06-13T11:37:44.543+0200] {processor.py:157} INFO - Started process (PID=69628) to work on /Users/simba/Documents/Converteo/cas_airflow1/env/lib/python3.11/site-packages/airflow/example_dags/subdags/subdag.py
[2023-06-13T11:37:44.546+0200] {processor.py:826} INFO - Processing file /Users/simba/Documents/Converteo/cas_airflow1/env/lib/python3.11/site-packages/airflow/example_dags/subdags/subdag.py for tasks to queue
[2023-06-13T11:37:44.547+0200] {logging_mixin.py:149} INFO - [2023-06-13T11:37:44.547+0200] {dagbag.py:541} INFO - Filling up the DagBag from /Users/simba/Documents/Converteo/cas_airflow1/env/lib/python3.11/site-packages/airflow/example_dags/subdags/subdag.py
[2023-06-13T11:37:44.549+0200] {processor.py:838} WARNING - No viable dags retrieved from /Users/simba/Documents/Converteo/cas_airflow1/env/lib/python3.11/site-packages/airflow/example_dags/subdags/subdag.py
[2023-06-13T11:37:45.204+0200] {processor.py:179} INFO - Processing /Users/simba/Documents/Converteo/cas_airflow1/env/lib/python3.11/site-packages/airflow/example_dags/subdags/subdag.py took 0.662 seconds
[2023-06-13T11:39:29.467+0200] {processor.py:157} INFO - Started process (PID=69915) to work on /Users/simba/Documents/Converteo/cas_airflow1/env/lib/python3.11/site-packages/airflow/example_dags/subdags/subdag.py
[2023-06-13T11:39:29.469+0200] {processor.py:826} INFO - Processing file /Users/simba/Documents/Converteo/cas_airflow1/env/lib/python3.11/site-packages/airflow/example_dags/subdags/subdag.py for tasks to queue
[2023-06-13T11:39:29.470+0200] {logging_mixin.py:149} INFO - [2023-06-13T11:39:29.470+0200] {dagbag.py:541} INFO - Filling up the DagBag from /Users/simba/Documents/Converteo/cas_airflow1/env/lib/python3.11/site-packages/airflow/example_dags/subdags/subdag.py
[2023-06-13T11:39:29.472+0200] {processor.py:838} WARNING - No viable dags retrieved from /Users/simba/Documents/Converteo/cas_airflow1/env/lib/python3.11/site-packages/airflow/example_dags/subdags/subdag.py
[2023-06-13T11:39:30.125+0200] {processor.py:179} INFO - Processing /Users/simba/Documents/Converteo/cas_airflow1/env/lib/python3.11/site-packages/airflow/example_dags/subdags/subdag.py took 0.659 seconds
[2023-06-13T11:41:12.443+0200] {processor.py:157} INFO - Started process (PID=70162) to work on /Users/simba/Documents/Converteo/cas_airflow1/env/lib/python3.11/site-packages/airflow/example_dags/subdags/subdag.py
[2023-06-13T11:41:12.447+0200] {processor.py:826} INFO - Processing file /Users/simba/Documents/Converteo/cas_airflow1/env/lib/python3.11/site-packages/airflow/example_dags/subdags/subdag.py for tasks to queue
[2023-06-13T11:41:12.447+0200] {logging_mixin.py:149} INFO - [2023-06-13T11:41:12.447+0200] {dagbag.py:541} INFO - Filling up the DagBag from /Users/simba/Documents/Converteo/cas_airflow1/env/lib/python3.11/site-packages/airflow/example_dags/subdags/subdag.py
[2023-06-13T11:41:12.449+0200] {processor.py:838} WARNING - No viable dags retrieved from /Users/simba/Documents/Converteo/cas_airflow1/env/lib/python3.11/site-packages/airflow/example_dags/subdags/subdag.py
[2023-06-13T11:41:13.177+0200] {processor.py:179} INFO - Processing /Users/simba/Documents/Converteo/cas_airflow1/env/lib/python3.11/site-packages/airflow/example_dags/subdags/subdag.py took 0.734 seconds
[2023-06-13T11:42:44.833+0200] {processor.py:157} INFO - Started process (PID=70507) to work on /Users/simba/Documents/Converteo/cas_airflow1/env/lib/python3.11/site-packages/airflow/example_dags/subdags/subdag.py
[2023-06-13T11:42:44.836+0200] {processor.py:826} INFO - Processing file /Users/simba/Documents/Converteo/cas_airflow1/env/lib/python3.11/site-packages/airflow/example_dags/subdags/subdag.py for tasks to queue
[2023-06-13T11:42:44.836+0200] {logging_mixin.py:149} INFO - [2023-06-13T11:42:44.836+0200] {dagbag.py:541} INFO - Filling up the DagBag from /Users/simba/Documents/Converteo/cas_airflow1/env/lib/python3.11/site-packages/airflow/example_dags/subdags/subdag.py
[2023-06-13T11:42:44.839+0200] {processor.py:838} WARNING - No viable dags retrieved from /Users/simba/Documents/Converteo/cas_airflow1/env/lib/python3.11/site-packages/airflow/example_dags/subdags/subdag.py
[2023-06-13T11:42:45.799+0200] {processor.py:179} INFO - Processing /Users/simba/Documents/Converteo/cas_airflow1/env/lib/python3.11/site-packages/airflow/example_dags/subdags/subdag.py took 0.968 seconds
[2023-06-13T11:43:46.286+0200] {processor.py:157} INFO - Started process (PID=70738) to work on /Users/simba/Documents/Converteo/cas_airflow1/env/lib/python3.11/site-packages/airflow/example_dags/subdags/subdag.py
[2023-06-13T11:43:46.296+0200] {processor.py:826} INFO - Processing file /Users/simba/Documents/Converteo/cas_airflow1/env/lib/python3.11/site-packages/airflow/example_dags/subdags/subdag.py for tasks to queue
[2023-06-13T11:43:46.297+0200] {logging_mixin.py:149} INFO - [2023-06-13T11:43:46.297+0200] {dagbag.py:541} INFO - Filling up the DagBag from /Users/simba/Documents/Converteo/cas_airflow1/env/lib/python3.11/site-packages/airflow/example_dags/subdags/subdag.py
[2023-06-13T11:43:46.301+0200] {processor.py:838} WARNING - No viable dags retrieved from /Users/simba/Documents/Converteo/cas_airflow1/env/lib/python3.11/site-packages/airflow/example_dags/subdags/subdag.py
[2023-06-13T11:43:47.334+0200] {processor.py:179} INFO - Processing /Users/simba/Documents/Converteo/cas_airflow1/env/lib/python3.11/site-packages/airflow/example_dags/subdags/subdag.py took 1.049 seconds
[2023-06-13T11:44:40.807+0200] {processor.py:157} INFO - Started process (PID=70962) to work on /Users/simba/Documents/Converteo/cas_airflow1/env/lib/python3.11/site-packages/airflow/example_dags/subdags/subdag.py
[2023-06-13T11:44:40.811+0200] {processor.py:826} INFO - Processing file /Users/simba/Documents/Converteo/cas_airflow1/env/lib/python3.11/site-packages/airflow/example_dags/subdags/subdag.py for tasks to queue
[2023-06-13T11:44:40.812+0200] {logging_mixin.py:149} INFO - [2023-06-13T11:44:40.812+0200] {dagbag.py:541} INFO - Filling up the DagBag from /Users/simba/Documents/Converteo/cas_airflow1/env/lib/python3.11/site-packages/airflow/example_dags/subdags/subdag.py
[2023-06-13T11:44:40.813+0200] {processor.py:838} WARNING - No viable dags retrieved from /Users/simba/Documents/Converteo/cas_airflow1/env/lib/python3.11/site-packages/airflow/example_dags/subdags/subdag.py
[2023-06-13T11:44:41.531+0200] {processor.py:179} INFO - Processing /Users/simba/Documents/Converteo/cas_airflow1/env/lib/python3.11/site-packages/airflow/example_dags/subdags/subdag.py took 0.725 seconds
[2023-06-13T11:47:22.603+0200] {processor.py:157} INFO - Started process (PID=71401) to work on /Users/simba/Documents/Converteo/cas_airflow1/env/lib/python3.11/site-packages/airflow/example_dags/subdags/subdag.py
[2023-06-13T11:47:22.608+0200] {processor.py:826} INFO - Processing file /Users/simba/Documents/Converteo/cas_airflow1/env/lib/python3.11/site-packages/airflow/example_dags/subdags/subdag.py for tasks to queue
[2023-06-13T11:47:22.609+0200] {logging_mixin.py:149} INFO - [2023-06-13T11:47:22.608+0200] {dagbag.py:541} INFO - Filling up the DagBag from /Users/simba/Documents/Converteo/cas_airflow1/env/lib/python3.11/site-packages/airflow/example_dags/subdags/subdag.py
[2023-06-13T11:47:22.611+0200] {processor.py:838} WARNING - No viable dags retrieved from /Users/simba/Documents/Converteo/cas_airflow1/env/lib/python3.11/site-packages/airflow/example_dags/subdags/subdag.py
[2023-06-13T11:47:23.268+0200] {processor.py:179} INFO - Processing /Users/simba/Documents/Converteo/cas_airflow1/env/lib/python3.11/site-packages/airflow/example_dags/subdags/subdag.py took 0.665 seconds
[2023-06-13T11:49:23.708+0200] {processor.py:157} INFO - Started process (PID=71771) to work on /Users/simba/Documents/Converteo/cas_airflow1/env/lib/python3.11/site-packages/airflow/example_dags/subdags/subdag.py
[2023-06-13T11:49:23.712+0200] {processor.py:826} INFO - Processing file /Users/simba/Documents/Converteo/cas_airflow1/env/lib/python3.11/site-packages/airflow/example_dags/subdags/subdag.py for tasks to queue
[2023-06-13T11:49:23.712+0200] {logging_mixin.py:149} INFO - [2023-06-13T11:49:23.712+0200] {dagbag.py:541} INFO - Filling up the DagBag from /Users/simba/Documents/Converteo/cas_airflow1/env/lib/python3.11/site-packages/airflow/example_dags/subdags/subdag.py
[2023-06-13T11:49:23.715+0200] {processor.py:838} WARNING - No viable dags retrieved from /Users/simba/Documents/Converteo/cas_airflow1/env/lib/python3.11/site-packages/airflow/example_dags/subdags/subdag.py
[2023-06-13T11:49:24.383+0200] {processor.py:179} INFO - Processing /Users/simba/Documents/Converteo/cas_airflow1/env/lib/python3.11/site-packages/airflow/example_dags/subdags/subdag.py took 0.675 seconds
