[2023-06-13T11:26:12.562+0200] {processor.py:157} INFO - Started process (PID=67601) to work on /Users/simba/Documents/Converteo/cas_airflow1/env/lib/python3.11/site-packages/airflow/example_dags/plugins/event_listener.py
[2023-06-13T11:26:12.567+0200] {processor.py:826} INFO - Processing file /Users/simba/Documents/Converteo/cas_airflow1/env/lib/python3.11/site-packages/airflow/example_dags/plugins/event_listener.py for tasks to queue
[2023-06-13T11:26:12.568+0200] {logging_mixin.py:149} INFO - [2023-06-13T11:26:12.568+0200] {dagbag.py:541} INFO - Filling up the DagBag from /Users/simba/Documents/Converteo/cas_airflow1/env/lib/python3.11/site-packages/airflow/example_dags/plugins/event_listener.py
[2023-06-13T11:26:12.570+0200] {processor.py:838} WARNING - No viable dags retrieved from /Users/simba/Documents/Converteo/cas_airflow1/env/lib/python3.11/site-packages/airflow/example_dags/plugins/event_listener.py
[2023-06-13T11:26:13.809+0200] {processor.py:179} INFO - Processing /Users/simba/Documents/Converteo/cas_airflow1/env/lib/python3.11/site-packages/airflow/example_dags/plugins/event_listener.py took 1.248 seconds
[2023-06-13T11:31:12.169+0200] {processor.py:157} INFO - Started process (PID=68518) to work on /Users/simba/Documents/Converteo/cas_airflow1/env/lib/python3.11/site-packages/airflow/example_dags/plugins/event_listener.py
[2023-06-13T11:31:12.184+0200] {processor.py:826} INFO - Processing file /Users/simba/Documents/Converteo/cas_airflow1/env/lib/python3.11/site-packages/airflow/example_dags/plugins/event_listener.py for tasks to queue
[2023-06-13T11:31:12.185+0200] {logging_mixin.py:149} INFO - [2023-06-13T11:31:12.185+0200] {dagbag.py:541} INFO - Filling up the DagBag from /Users/simba/Documents/Converteo/cas_airflow1/env/lib/python3.11/site-packages/airflow/example_dags/plugins/event_listener.py
[2023-06-13T11:31:12.187+0200] {processor.py:838} WARNING - No viable dags retrieved from /Users/simba/Documents/Converteo/cas_airflow1/env/lib/python3.11/site-packages/airflow/example_dags/plugins/event_listener.py
[2023-06-13T11:31:13.020+0200] {processor.py:179} INFO - Processing /Users/simba/Documents/Converteo/cas_airflow1/env/lib/python3.11/site-packages/airflow/example_dags/plugins/event_listener.py took 0.853 seconds
[2023-06-13T11:31:58.266+0200] {processor.py:157} INFO - Started process (PID=68756) to work on /Users/simba/Documents/Converteo/cas_airflow1/env/lib/python3.11/site-packages/airflow/example_dags/plugins/event_listener.py
[2023-06-13T11:31:58.271+0200] {processor.py:826} INFO - Processing file /Users/simba/Documents/Converteo/cas_airflow1/env/lib/python3.11/site-packages/airflow/example_dags/plugins/event_listener.py for tasks to queue
[2023-06-13T11:31:58.271+0200] {logging_mixin.py:149} INFO - [2023-06-13T11:31:58.271+0200] {dagbag.py:541} INFO - Filling up the DagBag from /Users/simba/Documents/Converteo/cas_airflow1/env/lib/python3.11/site-packages/airflow/example_dags/plugins/event_listener.py
[2023-06-13T11:31:58.272+0200] {processor.py:838} WARNING - No viable dags retrieved from /Users/simba/Documents/Converteo/cas_airflow1/env/lib/python3.11/site-packages/airflow/example_dags/plugins/event_listener.py
[2023-06-13T11:31:59.773+0200] {processor.py:179} INFO - Processing /Users/simba/Documents/Converteo/cas_airflow1/env/lib/python3.11/site-packages/airflow/example_dags/plugins/event_listener.py took 1.508 seconds
[2023-06-13T11:34:26.624+0200] {processor.py:157} INFO - Started process (PID=69135) to work on /Users/simba/Documents/Converteo/cas_airflow1/env/lib/python3.11/site-packages/airflow/example_dags/plugins/event_listener.py
[2023-06-13T11:34:26.627+0200] {processor.py:826} INFO - Processing file /Users/simba/Documents/Converteo/cas_airflow1/env/lib/python3.11/site-packages/airflow/example_dags/plugins/event_listener.py for tasks to queue
[2023-06-13T11:34:26.627+0200] {logging_mixin.py:149} INFO - [2023-06-13T11:34:26.627+0200] {dagbag.py:541} INFO - Filling up the DagBag from /Users/simba/Documents/Converteo/cas_airflow1/env/lib/python3.11/site-packages/airflow/example_dags/plugins/event_listener.py
[2023-06-13T11:34:26.628+0200] {processor.py:838} WARNING - No viable dags retrieved from /Users/simba/Documents/Converteo/cas_airflow1/env/lib/python3.11/site-packages/airflow/example_dags/plugins/event_listener.py
[2023-06-13T11:34:27.306+0200] {processor.py:179} INFO - Processing /Users/simba/Documents/Converteo/cas_airflow1/env/lib/python3.11/site-packages/airflow/example_dags/plugins/event_listener.py took 0.682 seconds
[2023-06-13T11:36:12.714+0200] {processor.py:157} INFO - Started process (PID=69396) to work on /Users/simba/Documents/Converteo/cas_airflow1/env/lib/python3.11/site-packages/airflow/example_dags/plugins/event_listener.py
[2023-06-13T11:36:12.718+0200] {processor.py:826} INFO - Processing file /Users/simba/Documents/Converteo/cas_airflow1/env/lib/python3.11/site-packages/airflow/example_dags/plugins/event_listener.py for tasks to queue
[2023-06-13T11:36:12.718+0200] {logging_mixin.py:149} INFO - [2023-06-13T11:36:12.718+0200] {dagbag.py:541} INFO - Filling up the DagBag from /Users/simba/Documents/Converteo/cas_airflow1/env/lib/python3.11/site-packages/airflow/example_dags/plugins/event_listener.py
[2023-06-13T11:36:12.719+0200] {processor.py:838} WARNING - No viable dags retrieved from /Users/simba/Documents/Converteo/cas_airflow1/env/lib/python3.11/site-packages/airflow/example_dags/plugins/event_listener.py
[2023-06-13T11:36:13.366+0200] {processor.py:179} INFO - Processing /Users/simba/Documents/Converteo/cas_airflow1/env/lib/python3.11/site-packages/airflow/example_dags/plugins/event_listener.py took 0.653 seconds
[2023-06-13T11:37:54.106+0200] {processor.py:157} INFO - Started process (PID=69653) to work on /Users/simba/Documents/Converteo/cas_airflow1/env/lib/python3.11/site-packages/airflow/example_dags/plugins/event_listener.py
[2023-06-13T11:37:54.110+0200] {processor.py:826} INFO - Processing file /Users/simba/Documents/Converteo/cas_airflow1/env/lib/python3.11/site-packages/airflow/example_dags/plugins/event_listener.py for tasks to queue
[2023-06-13T11:37:54.110+0200] {logging_mixin.py:149} INFO - [2023-06-13T11:37:54.110+0200] {dagbag.py:541} INFO - Filling up the DagBag from /Users/simba/Documents/Converteo/cas_airflow1/env/lib/python3.11/site-packages/airflow/example_dags/plugins/event_listener.py
[2023-06-13T11:37:54.111+0200] {processor.py:838} WARNING - No viable dags retrieved from /Users/simba/Documents/Converteo/cas_airflow1/env/lib/python3.11/site-packages/airflow/example_dags/plugins/event_listener.py
[2023-06-13T11:37:54.824+0200] {processor.py:179} INFO - Processing /Users/simba/Documents/Converteo/cas_airflow1/env/lib/python3.11/site-packages/airflow/example_dags/plugins/event_listener.py took 0.719 seconds
[2023-06-13T11:39:38.411+0200] {processor.py:157} INFO - Started process (PID=69934) to work on /Users/simba/Documents/Converteo/cas_airflow1/env/lib/python3.11/site-packages/airflow/example_dags/plugins/event_listener.py
[2023-06-13T11:39:38.414+0200] {processor.py:826} INFO - Processing file /Users/simba/Documents/Converteo/cas_airflow1/env/lib/python3.11/site-packages/airflow/example_dags/plugins/event_listener.py for tasks to queue
[2023-06-13T11:39:38.414+0200] {logging_mixin.py:149} INFO - [2023-06-13T11:39:38.414+0200] {dagbag.py:541} INFO - Filling up the DagBag from /Users/simba/Documents/Converteo/cas_airflow1/env/lib/python3.11/site-packages/airflow/example_dags/plugins/event_listener.py
[2023-06-13T11:39:38.415+0200] {processor.py:838} WARNING - No viable dags retrieved from /Users/simba/Documents/Converteo/cas_airflow1/env/lib/python3.11/site-packages/airflow/example_dags/plugins/event_listener.py
[2023-06-13T11:39:39.055+0200] {processor.py:179} INFO - Processing /Users/simba/Documents/Converteo/cas_airflow1/env/lib/python3.11/site-packages/airflow/example_dags/plugins/event_listener.py took 0.646 seconds
[2023-06-13T11:41:21.487+0200] {processor.py:157} INFO - Started process (PID=70199) to work on /Users/simba/Documents/Converteo/cas_airflow1/env/lib/python3.11/site-packages/airflow/example_dags/plugins/event_listener.py
[2023-06-13T11:41:21.490+0200] {processor.py:826} INFO - Processing file /Users/simba/Documents/Converteo/cas_airflow1/env/lib/python3.11/site-packages/airflow/example_dags/plugins/event_listener.py for tasks to queue
[2023-06-13T11:41:21.491+0200] {logging_mixin.py:149} INFO - [2023-06-13T11:41:21.491+0200] {dagbag.py:541} INFO - Filling up the DagBag from /Users/simba/Documents/Converteo/cas_airflow1/env/lib/python3.11/site-packages/airflow/example_dags/plugins/event_listener.py
[2023-06-13T11:41:21.492+0200] {processor.py:838} WARNING - No viable dags retrieved from /Users/simba/Documents/Converteo/cas_airflow1/env/lib/python3.11/site-packages/airflow/example_dags/plugins/event_listener.py
[2023-06-13T11:41:22.147+0200] {processor.py:179} INFO - Processing /Users/simba/Documents/Converteo/cas_airflow1/env/lib/python3.11/site-packages/airflow/example_dags/plugins/event_listener.py took 0.661 seconds
[2023-06-13T11:42:55.075+0200] {processor.py:157} INFO - Started process (PID=70536) to work on /Users/simba/Documents/Converteo/cas_airflow1/env/lib/python3.11/site-packages/airflow/example_dags/plugins/event_listener.py
[2023-06-13T11:42:55.080+0200] {processor.py:826} INFO - Processing file /Users/simba/Documents/Converteo/cas_airflow1/env/lib/python3.11/site-packages/airflow/example_dags/plugins/event_listener.py for tasks to queue
[2023-06-13T11:42:55.080+0200] {logging_mixin.py:149} INFO - [2023-06-13T11:42:55.080+0200] {dagbag.py:541} INFO - Filling up the DagBag from /Users/simba/Documents/Converteo/cas_airflow1/env/lib/python3.11/site-packages/airflow/example_dags/plugins/event_listener.py
[2023-06-13T11:42:55.082+0200] {processor.py:838} WARNING - No viable dags retrieved from /Users/simba/Documents/Converteo/cas_airflow1/env/lib/python3.11/site-packages/airflow/example_dags/plugins/event_listener.py
[2023-06-13T11:42:55.859+0200] {processor.py:179} INFO - Processing /Users/simba/Documents/Converteo/cas_airflow1/env/lib/python3.11/site-packages/airflow/example_dags/plugins/event_listener.py took 0.784 seconds
[2023-06-13T11:43:56.424+0200] {processor.py:157} INFO - Started process (PID=70779) to work on /Users/simba/Documents/Converteo/cas_airflow1/env/lib/python3.11/site-packages/airflow/example_dags/plugins/event_listener.py
[2023-06-13T11:43:56.429+0200] {processor.py:826} INFO - Processing file /Users/simba/Documents/Converteo/cas_airflow1/env/lib/python3.11/site-packages/airflow/example_dags/plugins/event_listener.py for tasks to queue
[2023-06-13T11:43:56.429+0200] {logging_mixin.py:149} INFO - [2023-06-13T11:43:56.429+0200] {dagbag.py:541} INFO - Filling up the DagBag from /Users/simba/Documents/Converteo/cas_airflow1/env/lib/python3.11/site-packages/airflow/example_dags/plugins/event_listener.py
[2023-06-13T11:43:56.430+0200] {processor.py:838} WARNING - No viable dags retrieved from /Users/simba/Documents/Converteo/cas_airflow1/env/lib/python3.11/site-packages/airflow/example_dags/plugins/event_listener.py
[2023-06-13T11:43:57.225+0200] {processor.py:179} INFO - Processing /Users/simba/Documents/Converteo/cas_airflow1/env/lib/python3.11/site-packages/airflow/example_dags/plugins/event_listener.py took 0.802 seconds
[2023-06-13T11:44:50.747+0200] {processor.py:157} INFO - Started process (PID=70990) to work on /Users/simba/Documents/Converteo/cas_airflow1/env/lib/python3.11/site-packages/airflow/example_dags/plugins/event_listener.py
[2023-06-13T11:44:50.752+0200] {processor.py:826} INFO - Processing file /Users/simba/Documents/Converteo/cas_airflow1/env/lib/python3.11/site-packages/airflow/example_dags/plugins/event_listener.py for tasks to queue
[2023-06-13T11:44:50.753+0200] {logging_mixin.py:149} INFO - [2023-06-13T11:44:50.753+0200] {dagbag.py:541} INFO - Filling up the DagBag from /Users/simba/Documents/Converteo/cas_airflow1/env/lib/python3.11/site-packages/airflow/example_dags/plugins/event_listener.py
[2023-06-13T11:44:50.754+0200] {processor.py:838} WARNING - No viable dags retrieved from /Users/simba/Documents/Converteo/cas_airflow1/env/lib/python3.11/site-packages/airflow/example_dags/plugins/event_listener.py
[2023-06-13T11:44:51.433+0200] {processor.py:179} INFO - Processing /Users/simba/Documents/Converteo/cas_airflow1/env/lib/python3.11/site-packages/airflow/example_dags/plugins/event_listener.py took 0.686 seconds
[2023-06-13T11:47:30.951+0200] {processor.py:157} INFO - Started process (PID=71422) to work on /Users/simba/Documents/Converteo/cas_airflow1/env/lib/python3.11/site-packages/airflow/example_dags/plugins/event_listener.py
[2023-06-13T11:47:30.956+0200] {processor.py:826} INFO - Processing file /Users/simba/Documents/Converteo/cas_airflow1/env/lib/python3.11/site-packages/airflow/example_dags/plugins/event_listener.py for tasks to queue
[2023-06-13T11:47:30.956+0200] {logging_mixin.py:149} INFO - [2023-06-13T11:47:30.956+0200] {dagbag.py:541} INFO - Filling up the DagBag from /Users/simba/Documents/Converteo/cas_airflow1/env/lib/python3.11/site-packages/airflow/example_dags/plugins/event_listener.py
[2023-06-13T11:47:30.957+0200] {processor.py:838} WARNING - No viable dags retrieved from /Users/simba/Documents/Converteo/cas_airflow1/env/lib/python3.11/site-packages/airflow/example_dags/plugins/event_listener.py
[2023-06-13T11:47:31.628+0200] {processor.py:179} INFO - Processing /Users/simba/Documents/Converteo/cas_airflow1/env/lib/python3.11/site-packages/airflow/example_dags/plugins/event_listener.py took 0.678 seconds
[2023-06-13T11:49:32.602+0200] {processor.py:157} INFO - Started process (PID=71790) to work on /Users/simba/Documents/Converteo/cas_airflow1/env/lib/python3.11/site-packages/airflow/example_dags/plugins/event_listener.py
[2023-06-13T11:49:32.606+0200] {processor.py:826} INFO - Processing file /Users/simba/Documents/Converteo/cas_airflow1/env/lib/python3.11/site-packages/airflow/example_dags/plugins/event_listener.py for tasks to queue
[2023-06-13T11:49:32.607+0200] {logging_mixin.py:149} INFO - [2023-06-13T11:49:32.607+0200] {dagbag.py:541} INFO - Filling up the DagBag from /Users/simba/Documents/Converteo/cas_airflow1/env/lib/python3.11/site-packages/airflow/example_dags/plugins/event_listener.py
[2023-06-13T11:49:32.608+0200] {processor.py:838} WARNING - No viable dags retrieved from /Users/simba/Documents/Converteo/cas_airflow1/env/lib/python3.11/site-packages/airflow/example_dags/plugins/event_listener.py
[2023-06-13T11:49:33.318+0200] {processor.py:179} INFO - Processing /Users/simba/Documents/Converteo/cas_airflow1/env/lib/python3.11/site-packages/airflow/example_dags/plugins/event_listener.py took 0.717 seconds
