[2023-06-13T11:26:09.131+0200] {processor.py:157} INFO - Started process (PID=67591) to work on /Users/simba/Documents/Converteo/cas_airflow1/env/lib/python3.11/site-packages/airflow/example_dags/plugins/listener_plugin.py
[2023-06-13T11:26:09.136+0200] {processor.py:826} INFO - Processing file /Users/simba/Documents/Converteo/cas_airflow1/env/lib/python3.11/site-packages/airflow/example_dags/plugins/listener_plugin.py for tasks to queue
[2023-06-13T11:26:09.136+0200] {logging_mixin.py:149} INFO - [2023-06-13T11:26:09.136+0200] {dagbag.py:541} INFO - Filling up the DagBag from /Users/simba/Documents/Converteo/cas_airflow1/env/lib/python3.11/site-packages/airflow/example_dags/plugins/listener_plugin.py
[2023-06-13T11:26:09.138+0200] {processor.py:838} WARNING - No viable dags retrieved from /Users/simba/Documents/Converteo/cas_airflow1/env/lib/python3.11/site-packages/airflow/example_dags/plugins/listener_plugin.py
[2023-06-13T11:26:09.873+0200] {processor.py:179} INFO - Processing /Users/simba/Documents/Converteo/cas_airflow1/env/lib/python3.11/site-packages/airflow/example_dags/plugins/listener_plugin.py took 0.743 seconds
[2023-06-13T11:31:09.238+0200] {processor.py:157} INFO - Started process (PID=68510) to work on /Users/simba/Documents/Converteo/cas_airflow1/env/lib/python3.11/site-packages/airflow/example_dags/plugins/listener_plugin.py
[2023-06-13T11:31:09.242+0200] {processor.py:826} INFO - Processing file /Users/simba/Documents/Converteo/cas_airflow1/env/lib/python3.11/site-packages/airflow/example_dags/plugins/listener_plugin.py for tasks to queue
[2023-06-13T11:31:09.243+0200] {logging_mixin.py:149} INFO - [2023-06-13T11:31:09.243+0200] {dagbag.py:541} INFO - Filling up the DagBag from /Users/simba/Documents/Converteo/cas_airflow1/env/lib/python3.11/site-packages/airflow/example_dags/plugins/listener_plugin.py
[2023-06-13T11:31:09.248+0200] {processor.py:838} WARNING - No viable dags retrieved from /Users/simba/Documents/Converteo/cas_airflow1/env/lib/python3.11/site-packages/airflow/example_dags/plugins/listener_plugin.py
[2023-06-13T11:31:10.133+0200] {processor.py:179} INFO - Processing /Users/simba/Documents/Converteo/cas_airflow1/env/lib/python3.11/site-packages/airflow/example_dags/plugins/listener_plugin.py took 0.897 seconds
[2023-06-13T11:31:54.698+0200] {processor.py:157} INFO - Started process (PID=68746) to work on /Users/simba/Documents/Converteo/cas_airflow1/env/lib/python3.11/site-packages/airflow/example_dags/plugins/listener_plugin.py
[2023-06-13T11:31:54.702+0200] {processor.py:826} INFO - Processing file /Users/simba/Documents/Converteo/cas_airflow1/env/lib/python3.11/site-packages/airflow/example_dags/plugins/listener_plugin.py for tasks to queue
[2023-06-13T11:31:54.703+0200] {logging_mixin.py:149} INFO - [2023-06-13T11:31:54.703+0200] {dagbag.py:541} INFO - Filling up the DagBag from /Users/simba/Documents/Converteo/cas_airflow1/env/lib/python3.11/site-packages/airflow/example_dags/plugins/listener_plugin.py
[2023-06-13T11:31:54.706+0200] {processor.py:838} WARNING - No viable dags retrieved from /Users/simba/Documents/Converteo/cas_airflow1/env/lib/python3.11/site-packages/airflow/example_dags/plugins/listener_plugin.py
[2023-06-13T11:31:55.790+0200] {processor.py:179} INFO - Processing /Users/simba/Documents/Converteo/cas_airflow1/env/lib/python3.11/site-packages/airflow/example_dags/plugins/listener_plugin.py took 1.093 seconds
[2023-06-13T11:34:23.766+0200] {processor.py:157} INFO - Started process (PID=69130) to work on /Users/simba/Documents/Converteo/cas_airflow1/env/lib/python3.11/site-packages/airflow/example_dags/plugins/listener_plugin.py
[2023-06-13T11:34:23.769+0200] {processor.py:826} INFO - Processing file /Users/simba/Documents/Converteo/cas_airflow1/env/lib/python3.11/site-packages/airflow/example_dags/plugins/listener_plugin.py for tasks to queue
[2023-06-13T11:34:23.769+0200] {logging_mixin.py:149} INFO - [2023-06-13T11:34:23.769+0200] {dagbag.py:541} INFO - Filling up the DagBag from /Users/simba/Documents/Converteo/cas_airflow1/env/lib/python3.11/site-packages/airflow/example_dags/plugins/listener_plugin.py
[2023-06-13T11:34:23.771+0200] {processor.py:838} WARNING - No viable dags retrieved from /Users/simba/Documents/Converteo/cas_airflow1/env/lib/python3.11/site-packages/airflow/example_dags/plugins/listener_plugin.py
[2023-06-13T11:34:24.427+0200] {processor.py:179} INFO - Processing /Users/simba/Documents/Converteo/cas_airflow1/env/lib/python3.11/site-packages/airflow/example_dags/plugins/listener_plugin.py took 0.662 seconds
[2023-06-13T11:36:09.866+0200] {processor.py:157} INFO - Started process (PID=69389) to work on /Users/simba/Documents/Converteo/cas_airflow1/env/lib/python3.11/site-packages/airflow/example_dags/plugins/listener_plugin.py
[2023-06-13T11:36:09.870+0200] {processor.py:826} INFO - Processing file /Users/simba/Documents/Converteo/cas_airflow1/env/lib/python3.11/site-packages/airflow/example_dags/plugins/listener_plugin.py for tasks to queue
[2023-06-13T11:36:09.870+0200] {logging_mixin.py:149} INFO - [2023-06-13T11:36:09.870+0200] {dagbag.py:541} INFO - Filling up the DagBag from /Users/simba/Documents/Converteo/cas_airflow1/env/lib/python3.11/site-packages/airflow/example_dags/plugins/listener_plugin.py
[2023-06-13T11:36:09.872+0200] {processor.py:838} WARNING - No viable dags retrieved from /Users/simba/Documents/Converteo/cas_airflow1/env/lib/python3.11/site-packages/airflow/example_dags/plugins/listener_plugin.py
[2023-06-13T11:36:10.520+0200] {processor.py:179} INFO - Processing /Users/simba/Documents/Converteo/cas_airflow1/env/lib/python3.11/site-packages/airflow/example_dags/plugins/listener_plugin.py took 0.655 seconds
[2023-06-13T11:37:51.025+0200] {processor.py:157} INFO - Started process (PID=69646) to work on /Users/simba/Documents/Converteo/cas_airflow1/env/lib/python3.11/site-packages/airflow/example_dags/plugins/listener_plugin.py
[2023-06-13T11:37:51.029+0200] {processor.py:826} INFO - Processing file /Users/simba/Documents/Converteo/cas_airflow1/env/lib/python3.11/site-packages/airflow/example_dags/plugins/listener_plugin.py for tasks to queue
[2023-06-13T11:37:51.030+0200] {logging_mixin.py:149} INFO - [2023-06-13T11:37:51.030+0200] {dagbag.py:541} INFO - Filling up the DagBag from /Users/simba/Documents/Converteo/cas_airflow1/env/lib/python3.11/site-packages/airflow/example_dags/plugins/listener_plugin.py
[2023-06-13T11:37:51.032+0200] {processor.py:838} WARNING - No viable dags retrieved from /Users/simba/Documents/Converteo/cas_airflow1/env/lib/python3.11/site-packages/airflow/example_dags/plugins/listener_plugin.py
[2023-06-13T11:37:51.826+0200] {processor.py:179} INFO - Processing /Users/simba/Documents/Converteo/cas_airflow1/env/lib/python3.11/site-packages/airflow/example_dags/plugins/listener_plugin.py took 0.802 seconds
[2023-06-13T11:39:35.715+0200] {processor.py:157} INFO - Started process (PID=69931) to work on /Users/simba/Documents/Converteo/cas_airflow1/env/lib/python3.11/site-packages/airflow/example_dags/plugins/listener_plugin.py
[2023-06-13T11:39:35.718+0200] {processor.py:826} INFO - Processing file /Users/simba/Documents/Converteo/cas_airflow1/env/lib/python3.11/site-packages/airflow/example_dags/plugins/listener_plugin.py for tasks to queue
[2023-06-13T11:39:35.719+0200] {logging_mixin.py:149} INFO - [2023-06-13T11:39:35.719+0200] {dagbag.py:541} INFO - Filling up the DagBag from /Users/simba/Documents/Converteo/cas_airflow1/env/lib/python3.11/site-packages/airflow/example_dags/plugins/listener_plugin.py
[2023-06-13T11:39:35.721+0200] {processor.py:838} WARNING - No viable dags retrieved from /Users/simba/Documents/Converteo/cas_airflow1/env/lib/python3.11/site-packages/airflow/example_dags/plugins/listener_plugin.py
[2023-06-13T11:39:36.380+0200] {processor.py:179} INFO - Processing /Users/simba/Documents/Converteo/cas_airflow1/env/lib/python3.11/site-packages/airflow/example_dags/plugins/listener_plugin.py took 0.667 seconds
[2023-06-13T11:41:18.989+0200] {processor.py:157} INFO - Started process (PID=70192) to work on /Users/simba/Documents/Converteo/cas_airflow1/env/lib/python3.11/site-packages/airflow/example_dags/plugins/listener_plugin.py
[2023-06-13T11:41:18.992+0200] {processor.py:826} INFO - Processing file /Users/simba/Documents/Converteo/cas_airflow1/env/lib/python3.11/site-packages/airflow/example_dags/plugins/listener_plugin.py for tasks to queue
[2023-06-13T11:41:18.992+0200] {logging_mixin.py:149} INFO - [2023-06-13T11:41:18.992+0200] {dagbag.py:541} INFO - Filling up the DagBag from /Users/simba/Documents/Converteo/cas_airflow1/env/lib/python3.11/site-packages/airflow/example_dags/plugins/listener_plugin.py
[2023-06-13T11:41:18.994+0200] {processor.py:838} WARNING - No viable dags retrieved from /Users/simba/Documents/Converteo/cas_airflow1/env/lib/python3.11/site-packages/airflow/example_dags/plugins/listener_plugin.py
[2023-06-13T11:41:19.679+0200] {processor.py:179} INFO - Processing /Users/simba/Documents/Converteo/cas_airflow1/env/lib/python3.11/site-packages/airflow/example_dags/plugins/listener_plugin.py took 0.691 seconds
[2023-06-13T11:42:51.883+0200] {processor.py:157} INFO - Started process (PID=70529) to work on /Users/simba/Documents/Converteo/cas_airflow1/env/lib/python3.11/site-packages/airflow/example_dags/plugins/listener_plugin.py
[2023-06-13T11:42:51.886+0200] {processor.py:826} INFO - Processing file /Users/simba/Documents/Converteo/cas_airflow1/env/lib/python3.11/site-packages/airflow/example_dags/plugins/listener_plugin.py for tasks to queue
[2023-06-13T11:42:51.886+0200] {logging_mixin.py:149} INFO - [2023-06-13T11:42:51.886+0200] {dagbag.py:541} INFO - Filling up the DagBag from /Users/simba/Documents/Converteo/cas_airflow1/env/lib/python3.11/site-packages/airflow/example_dags/plugins/listener_plugin.py
[2023-06-13T11:42:51.889+0200] {processor.py:838} WARNING - No viable dags retrieved from /Users/simba/Documents/Converteo/cas_airflow1/env/lib/python3.11/site-packages/airflow/example_dags/plugins/listener_plugin.py
[2023-06-13T11:42:52.573+0200] {processor.py:179} INFO - Processing /Users/simba/Documents/Converteo/cas_airflow1/env/lib/python3.11/site-packages/airflow/example_dags/plugins/listener_plugin.py took 0.691 seconds
[2023-06-13T11:43:53.248+0200] {processor.py:157} INFO - Started process (PID=70767) to work on /Users/simba/Documents/Converteo/cas_airflow1/env/lib/python3.11/site-packages/airflow/example_dags/plugins/listener_plugin.py
[2023-06-13T11:43:53.252+0200] {processor.py:826} INFO - Processing file /Users/simba/Documents/Converteo/cas_airflow1/env/lib/python3.11/site-packages/airflow/example_dags/plugins/listener_plugin.py for tasks to queue
[2023-06-13T11:43:53.253+0200] {logging_mixin.py:149} INFO - [2023-06-13T11:43:53.253+0200] {dagbag.py:541} INFO - Filling up the DagBag from /Users/simba/Documents/Converteo/cas_airflow1/env/lib/python3.11/site-packages/airflow/example_dags/plugins/listener_plugin.py
[2023-06-13T11:43:53.255+0200] {processor.py:838} WARNING - No viable dags retrieved from /Users/simba/Documents/Converteo/cas_airflow1/env/lib/python3.11/site-packages/airflow/example_dags/plugins/listener_plugin.py
[2023-06-13T11:43:53.985+0200] {processor.py:179} INFO - Processing /Users/simba/Documents/Converteo/cas_airflow1/env/lib/python3.11/site-packages/airflow/example_dags/plugins/listener_plugin.py took 0.738 seconds
[2023-06-13T11:44:47.735+0200] {processor.py:157} INFO - Started process (PID=70978) to work on /Users/simba/Documents/Converteo/cas_airflow1/env/lib/python3.11/site-packages/airflow/example_dags/plugins/listener_plugin.py
[2023-06-13T11:44:47.738+0200] {processor.py:826} INFO - Processing file /Users/simba/Documents/Converteo/cas_airflow1/env/lib/python3.11/site-packages/airflow/example_dags/plugins/listener_plugin.py for tasks to queue
[2023-06-13T11:44:47.739+0200] {logging_mixin.py:149} INFO - [2023-06-13T11:44:47.739+0200] {dagbag.py:541} INFO - Filling up the DagBag from /Users/simba/Documents/Converteo/cas_airflow1/env/lib/python3.11/site-packages/airflow/example_dags/plugins/listener_plugin.py
[2023-06-13T11:44:47.741+0200] {processor.py:838} WARNING - No viable dags retrieved from /Users/simba/Documents/Converteo/cas_airflow1/env/lib/python3.11/site-packages/airflow/example_dags/plugins/listener_plugin.py
[2023-06-13T11:44:48.495+0200] {processor.py:179} INFO - Processing /Users/simba/Documents/Converteo/cas_airflow1/env/lib/python3.11/site-packages/airflow/example_dags/plugins/listener_plugin.py took 0.761 seconds
[2023-06-13T11:47:28.061+0200] {processor.py:157} INFO - Started process (PID=71413) to work on /Users/simba/Documents/Converteo/cas_airflow1/env/lib/python3.11/site-packages/airflow/example_dags/plugins/listener_plugin.py
[2023-06-13T11:47:28.065+0200] {processor.py:826} INFO - Processing file /Users/simba/Documents/Converteo/cas_airflow1/env/lib/python3.11/site-packages/airflow/example_dags/plugins/listener_plugin.py for tasks to queue
[2023-06-13T11:47:28.066+0200] {logging_mixin.py:149} INFO - [2023-06-13T11:47:28.065+0200] {dagbag.py:541} INFO - Filling up the DagBag from /Users/simba/Documents/Converteo/cas_airflow1/env/lib/python3.11/site-packages/airflow/example_dags/plugins/listener_plugin.py
[2023-06-13T11:47:28.068+0200] {processor.py:838} WARNING - No viable dags retrieved from /Users/simba/Documents/Converteo/cas_airflow1/env/lib/python3.11/site-packages/airflow/example_dags/plugins/listener_plugin.py
[2023-06-13T11:47:28.745+0200] {processor.py:179} INFO - Processing /Users/simba/Documents/Converteo/cas_airflow1/env/lib/python3.11/site-packages/airflow/example_dags/plugins/listener_plugin.py took 0.685 seconds
[2023-06-13T11:49:29.916+0200] {processor.py:157} INFO - Started process (PID=71785) to work on /Users/simba/Documents/Converteo/cas_airflow1/env/lib/python3.11/site-packages/airflow/example_dags/plugins/listener_plugin.py
[2023-06-13T11:49:29.920+0200] {processor.py:826} INFO - Processing file /Users/simba/Documents/Converteo/cas_airflow1/env/lib/python3.11/site-packages/airflow/example_dags/plugins/listener_plugin.py for tasks to queue
[2023-06-13T11:49:29.920+0200] {logging_mixin.py:149} INFO - [2023-06-13T11:49:29.920+0200] {dagbag.py:541} INFO - Filling up the DagBag from /Users/simba/Documents/Converteo/cas_airflow1/env/lib/python3.11/site-packages/airflow/example_dags/plugins/listener_plugin.py
[2023-06-13T11:49:29.923+0200] {processor.py:838} WARNING - No viable dags retrieved from /Users/simba/Documents/Converteo/cas_airflow1/env/lib/python3.11/site-packages/airflow/example_dags/plugins/listener_plugin.py
[2023-06-13T11:49:30.586+0200] {processor.py:179} INFO - Processing /Users/simba/Documents/Converteo/cas_airflow1/env/lib/python3.11/site-packages/airflow/example_dags/plugins/listener_plugin.py took 0.671 seconds
