[2023-06-13T11:26:05.916+0200] {processor.py:157} INFO - Started process (PID=67583) to work on /Users/simba/Documents/Converteo/cas_airflow1/env/lib/python3.11/site-packages/airflow/example_dags/plugins/workday.py
[2023-06-13T11:26:05.920+0200] {processor.py:826} INFO - Processing file /Users/simba/Documents/Converteo/cas_airflow1/env/lib/python3.11/site-packages/airflow/example_dags/plugins/workday.py for tasks to queue
[2023-06-13T11:26:05.920+0200] {logging_mixin.py:149} INFO - [2023-06-13T11:26:05.920+0200] {dagbag.py:541} INFO - Filling up the DagBag from /Users/simba/Documents/Converteo/cas_airflow1/env/lib/python3.11/site-packages/airflow/example_dags/plugins/workday.py
[2023-06-13T11:26:05.922+0200] {logging_mixin.py:149} INFO - [2023-06-13T11:26:05.922+0200] {workday.py:36} WARNING - Could not import pandas. Holidays will not be considered.
[2023-06-13T11:26:05.922+0200] {processor.py:838} WARNING - No viable dags retrieved from /Users/simba/Documents/Converteo/cas_airflow1/env/lib/python3.11/site-packages/airflow/example_dags/plugins/workday.py
[2023-06-13T11:26:06.663+0200] {processor.py:179} INFO - Processing /Users/simba/Documents/Converteo/cas_airflow1/env/lib/python3.11/site-packages/airflow/example_dags/plugins/workday.py took 0.747 seconds
[2023-06-13T11:31:05.277+0200] {processor.py:157} INFO - Started process (PID=68498) to work on /Users/simba/Documents/Converteo/cas_airflow1/env/lib/python3.11/site-packages/airflow/example_dags/plugins/workday.py
[2023-06-13T11:31:05.281+0200] {processor.py:826} INFO - Processing file /Users/simba/Documents/Converteo/cas_airflow1/env/lib/python3.11/site-packages/airflow/example_dags/plugins/workday.py for tasks to queue
[2023-06-13T11:31:05.281+0200] {logging_mixin.py:149} INFO - [2023-06-13T11:31:05.281+0200] {dagbag.py:541} INFO - Filling up the DagBag from /Users/simba/Documents/Converteo/cas_airflow1/env/lib/python3.11/site-packages/airflow/example_dags/plugins/workday.py
[2023-06-13T11:31:05.899+0200] {processor.py:838} WARNING - No viable dags retrieved from /Users/simba/Documents/Converteo/cas_airflow1/env/lib/python3.11/site-packages/airflow/example_dags/plugins/workday.py
[2023-06-13T11:31:06.847+0200] {processor.py:179} INFO - Processing /Users/simba/Documents/Converteo/cas_airflow1/env/lib/python3.11/site-packages/airflow/example_dags/plugins/workday.py took 1.571 seconds
[2023-06-13T11:31:49.732+0200] {processor.py:157} INFO - Started process (PID=68731) to work on /Users/simba/Documents/Converteo/cas_airflow1/env/lib/python3.11/site-packages/airflow/example_dags/plugins/workday.py
[2023-06-13T11:31:49.735+0200] {processor.py:826} INFO - Processing file /Users/simba/Documents/Converteo/cas_airflow1/env/lib/python3.11/site-packages/airflow/example_dags/plugins/workday.py for tasks to queue
[2023-06-13T11:31:49.735+0200] {logging_mixin.py:149} INFO - [2023-06-13T11:31:49.735+0200] {dagbag.py:541} INFO - Filling up the DagBag from /Users/simba/Documents/Converteo/cas_airflow1/env/lib/python3.11/site-packages/airflow/example_dags/plugins/workday.py
[2023-06-13T11:31:50.827+0200] {processor.py:838} WARNING - No viable dags retrieved from /Users/simba/Documents/Converteo/cas_airflow1/env/lib/python3.11/site-packages/airflow/example_dags/plugins/workday.py
[2023-06-13T11:31:52.014+0200] {processor.py:179} INFO - Processing /Users/simba/Documents/Converteo/cas_airflow1/env/lib/python3.11/site-packages/airflow/example_dags/plugins/workday.py took 2.283 seconds
[2023-06-13T11:34:20.641+0200] {processor.py:157} INFO - Started process (PID=69124) to work on /Users/simba/Documents/Converteo/cas_airflow1/env/lib/python3.11/site-packages/airflow/example_dags/plugins/workday.py
[2023-06-13T11:34:20.644+0200] {processor.py:826} INFO - Processing file /Users/simba/Documents/Converteo/cas_airflow1/env/lib/python3.11/site-packages/airflow/example_dags/plugins/workday.py for tasks to queue
[2023-06-13T11:34:20.645+0200] {logging_mixin.py:149} INFO - [2023-06-13T11:34:20.645+0200] {dagbag.py:541} INFO - Filling up the DagBag from /Users/simba/Documents/Converteo/cas_airflow1/env/lib/python3.11/site-packages/airflow/example_dags/plugins/workday.py
[2023-06-13T11:34:21.165+0200] {processor.py:838} WARNING - No viable dags retrieved from /Users/simba/Documents/Converteo/cas_airflow1/env/lib/python3.11/site-packages/airflow/example_dags/plugins/workday.py
[2023-06-13T11:34:21.818+0200] {processor.py:179} INFO - Processing /Users/simba/Documents/Converteo/cas_airflow1/env/lib/python3.11/site-packages/airflow/example_dags/plugins/workday.py took 1.178 seconds
[2023-06-13T11:36:06.358+0200] {processor.py:157} INFO - Started process (PID=69381) to work on /Users/simba/Documents/Converteo/cas_airflow1/env/lib/python3.11/site-packages/airflow/example_dags/plugins/workday.py
[2023-06-13T11:36:06.362+0200] {processor.py:826} INFO - Processing file /Users/simba/Documents/Converteo/cas_airflow1/env/lib/python3.11/site-packages/airflow/example_dags/plugins/workday.py for tasks to queue
[2023-06-13T11:36:06.362+0200] {logging_mixin.py:149} INFO - [2023-06-13T11:36:06.362+0200] {dagbag.py:541} INFO - Filling up the DagBag from /Users/simba/Documents/Converteo/cas_airflow1/env/lib/python3.11/site-packages/airflow/example_dags/plugins/workday.py
[2023-06-13T11:36:06.769+0200] {processor.py:838} WARNING - No viable dags retrieved from /Users/simba/Documents/Converteo/cas_airflow1/env/lib/python3.11/site-packages/airflow/example_dags/plugins/workday.py
[2023-06-13T11:36:07.526+0200] {processor.py:179} INFO - Processing /Users/simba/Documents/Converteo/cas_airflow1/env/lib/python3.11/site-packages/airflow/example_dags/plugins/workday.py took 1.169 seconds
[2023-06-13T11:37:47.491+0200] {processor.py:157} INFO - Started process (PID=69634) to work on /Users/simba/Documents/Converteo/cas_airflow1/env/lib/python3.11/site-packages/airflow/example_dags/plugins/workday.py
[2023-06-13T11:37:47.494+0200] {processor.py:826} INFO - Processing file /Users/simba/Documents/Converteo/cas_airflow1/env/lib/python3.11/site-packages/airflow/example_dags/plugins/workday.py for tasks to queue
[2023-06-13T11:37:47.495+0200] {logging_mixin.py:149} INFO - [2023-06-13T11:37:47.495+0200] {dagbag.py:541} INFO - Filling up the DagBag from /Users/simba/Documents/Converteo/cas_airflow1/env/lib/python3.11/site-packages/airflow/example_dags/plugins/workday.py
[2023-06-13T11:37:47.854+0200] {processor.py:838} WARNING - No viable dags retrieved from /Users/simba/Documents/Converteo/cas_airflow1/env/lib/python3.11/site-packages/airflow/example_dags/plugins/workday.py
[2023-06-13T11:37:48.537+0200] {processor.py:179} INFO - Processing /Users/simba/Documents/Converteo/cas_airflow1/env/lib/python3.11/site-packages/airflow/example_dags/plugins/workday.py took 1.047 seconds
[2023-06-13T11:39:32.364+0200] {processor.py:157} INFO - Started process (PID=69922) to work on /Users/simba/Documents/Converteo/cas_airflow1/env/lib/python3.11/site-packages/airflow/example_dags/plugins/workday.py
[2023-06-13T11:39:32.367+0200] {processor.py:826} INFO - Processing file /Users/simba/Documents/Converteo/cas_airflow1/env/lib/python3.11/site-packages/airflow/example_dags/plugins/workday.py for tasks to queue
[2023-06-13T11:39:32.368+0200] {logging_mixin.py:149} INFO - [2023-06-13T11:39:32.367+0200] {dagbag.py:541} INFO - Filling up the DagBag from /Users/simba/Documents/Converteo/cas_airflow1/env/lib/python3.11/site-packages/airflow/example_dags/plugins/workday.py
[2023-06-13T11:39:32.753+0200] {processor.py:838} WARNING - No viable dags retrieved from /Users/simba/Documents/Converteo/cas_airflow1/env/lib/python3.11/site-packages/airflow/example_dags/plugins/workday.py
[2023-06-13T11:39:33.423+0200] {processor.py:179} INFO - Processing /Users/simba/Documents/Converteo/cas_airflow1/env/lib/python3.11/site-packages/airflow/example_dags/plugins/workday.py took 1.060 seconds
[2023-06-13T11:41:15.433+0200] {processor.py:157} INFO - Started process (PID=70175) to work on /Users/simba/Documents/Converteo/cas_airflow1/env/lib/python3.11/site-packages/airflow/example_dags/plugins/workday.py
[2023-06-13T11:41:15.436+0200] {processor.py:826} INFO - Processing file /Users/simba/Documents/Converteo/cas_airflow1/env/lib/python3.11/site-packages/airflow/example_dags/plugins/workday.py for tasks to queue
[2023-06-13T11:41:15.437+0200] {logging_mixin.py:149} INFO - [2023-06-13T11:41:15.437+0200] {dagbag.py:541} INFO - Filling up the DagBag from /Users/simba/Documents/Converteo/cas_airflow1/env/lib/python3.11/site-packages/airflow/example_dags/plugins/workday.py
[2023-06-13T11:41:15.879+0200] {processor.py:838} WARNING - No viable dags retrieved from /Users/simba/Documents/Converteo/cas_airflow1/env/lib/python3.11/site-packages/airflow/example_dags/plugins/workday.py
[2023-06-13T11:41:16.586+0200] {processor.py:179} INFO - Processing /Users/simba/Documents/Converteo/cas_airflow1/env/lib/python3.11/site-packages/airflow/example_dags/plugins/workday.py took 1.153 seconds
[2023-06-13T11:42:48.179+0200] {processor.py:157} INFO - Started process (PID=70515) to work on /Users/simba/Documents/Converteo/cas_airflow1/env/lib/python3.11/site-packages/airflow/example_dags/plugins/workday.py
[2023-06-13T11:42:48.183+0200] {processor.py:826} INFO - Processing file /Users/simba/Documents/Converteo/cas_airflow1/env/lib/python3.11/site-packages/airflow/example_dags/plugins/workday.py for tasks to queue
[2023-06-13T11:42:48.183+0200] {logging_mixin.py:149} INFO - [2023-06-13T11:42:48.183+0200] {dagbag.py:541} INFO - Filling up the DagBag from /Users/simba/Documents/Converteo/cas_airflow1/env/lib/python3.11/site-packages/airflow/example_dags/plugins/workday.py
[2023-06-13T11:42:48.590+0200] {processor.py:838} WARNING - No viable dags retrieved from /Users/simba/Documents/Converteo/cas_airflow1/env/lib/python3.11/site-packages/airflow/example_dags/plugins/workday.py
[2023-06-13T11:42:49.340+0200] {processor.py:179} INFO - Processing /Users/simba/Documents/Converteo/cas_airflow1/env/lib/python3.11/site-packages/airflow/example_dags/plugins/workday.py took 1.162 seconds
[2023-06-13T11:43:49.116+0200] {processor.py:157} INFO - Started process (PID=70749) to work on /Users/simba/Documents/Converteo/cas_airflow1/env/lib/python3.11/site-packages/airflow/example_dags/plugins/workday.py
[2023-06-13T11:43:49.120+0200] {processor.py:826} INFO - Processing file /Users/simba/Documents/Converteo/cas_airflow1/env/lib/python3.11/site-packages/airflow/example_dags/plugins/workday.py for tasks to queue
[2023-06-13T11:43:49.120+0200] {logging_mixin.py:149} INFO - [2023-06-13T11:43:49.120+0200] {dagbag.py:541} INFO - Filling up the DagBag from /Users/simba/Documents/Converteo/cas_airflow1/env/lib/python3.11/site-packages/airflow/example_dags/plugins/workday.py
[2023-06-13T11:43:49.786+0200] {processor.py:838} WARNING - No viable dags retrieved from /Users/simba/Documents/Converteo/cas_airflow1/env/lib/python3.11/site-packages/airflow/example_dags/plugins/workday.py
[2023-06-13T11:43:50.751+0200] {processor.py:179} INFO - Processing /Users/simba/Documents/Converteo/cas_airflow1/env/lib/python3.11/site-packages/airflow/example_dags/plugins/workday.py took 1.636 seconds
[2023-06-13T11:44:43.967+0200] {processor.py:157} INFO - Started process (PID=70965) to work on /Users/simba/Documents/Converteo/cas_airflow1/env/lib/python3.11/site-packages/airflow/example_dags/plugins/workday.py
[2023-06-13T11:44:43.973+0200] {processor.py:826} INFO - Processing file /Users/simba/Documents/Converteo/cas_airflow1/env/lib/python3.11/site-packages/airflow/example_dags/plugins/workday.py for tasks to queue
[2023-06-13T11:44:43.974+0200] {logging_mixin.py:149} INFO - [2023-06-13T11:44:43.973+0200] {dagbag.py:541} INFO - Filling up the DagBag from /Users/simba/Documents/Converteo/cas_airflow1/env/lib/python3.11/site-packages/airflow/example_dags/plugins/workday.py
[2023-06-13T11:44:44.457+0200] {processor.py:838} WARNING - No viable dags retrieved from /Users/simba/Documents/Converteo/cas_airflow1/env/lib/python3.11/site-packages/airflow/example_dags/plugins/workday.py
[2023-06-13T11:44:45.234+0200] {processor.py:179} INFO - Processing /Users/simba/Documents/Converteo/cas_airflow1/env/lib/python3.11/site-packages/airflow/example_dags/plugins/workday.py took 1.267 seconds
[2023-06-13T11:47:24.543+0200] {processor.py:157} INFO - Started process (PID=71406) to work on /Users/simba/Documents/Converteo/cas_airflow1/env/lib/python3.11/site-packages/airflow/example_dags/plugins/workday.py
[2023-06-13T11:47:24.547+0200] {processor.py:826} INFO - Processing file /Users/simba/Documents/Converteo/cas_airflow1/env/lib/python3.11/site-packages/airflow/example_dags/plugins/workday.py for tasks to queue
[2023-06-13T11:47:24.547+0200] {logging_mixin.py:149} INFO - [2023-06-13T11:47:24.547+0200] {dagbag.py:541} INFO - Filling up the DagBag from /Users/simba/Documents/Converteo/cas_airflow1/env/lib/python3.11/site-packages/airflow/example_dags/plugins/workday.py
[2023-06-13T11:47:25.035+0200] {processor.py:838} WARNING - No viable dags retrieved from /Users/simba/Documents/Converteo/cas_airflow1/env/lib/python3.11/site-packages/airflow/example_dags/plugins/workday.py
[2023-06-13T11:47:25.688+0200] {processor.py:179} INFO - Processing /Users/simba/Documents/Converteo/cas_airflow1/env/lib/python3.11/site-packages/airflow/example_dags/plugins/workday.py took 1.146 seconds
[2023-06-13T11:49:26.282+0200] {processor.py:157} INFO - Started process (PID=71780) to work on /Users/simba/Documents/Converteo/cas_airflow1/env/lib/python3.11/site-packages/airflow/example_dags/plugins/workday.py
[2023-06-13T11:49:26.286+0200] {processor.py:826} INFO - Processing file /Users/simba/Documents/Converteo/cas_airflow1/env/lib/python3.11/site-packages/airflow/example_dags/plugins/workday.py for tasks to queue
[2023-06-13T11:49:26.287+0200] {logging_mixin.py:149} INFO - [2023-06-13T11:49:26.287+0200] {dagbag.py:541} INFO - Filling up the DagBag from /Users/simba/Documents/Converteo/cas_airflow1/env/lib/python3.11/site-packages/airflow/example_dags/plugins/workday.py
[2023-06-13T11:49:26.826+0200] {processor.py:838} WARNING - No viable dags retrieved from /Users/simba/Documents/Converteo/cas_airflow1/env/lib/python3.11/site-packages/airflow/example_dags/plugins/workday.py
[2023-06-13T11:49:27.503+0200] {processor.py:179} INFO - Processing /Users/simba/Documents/Converteo/cas_airflow1/env/lib/python3.11/site-packages/airflow/example_dags/plugins/workday.py took 1.222 seconds
