[2023-06-13T11:33:10.497+0200] {processor.py:157} INFO - Started process (PID=68956) to work on /Users/simba/Documents/Converteo/cas_airflow1/env/lib/python3.11/site-packages/airflow/example_dags/example_python_operator.py
[2023-06-13T11:33:10.501+0200] {processor.py:826} INFO - Processing file /Users/simba/Documents/Converteo/cas_airflow1/env/lib/python3.11/site-packages/airflow/example_dags/example_python_operator.py for tasks to queue
[2023-06-13T11:33:10.501+0200] {logging_mixin.py:149} INFO - [2023-06-13T11:33:10.501+0200] {dagbag.py:541} INFO - Filling up the DagBag from /Users/simba/Documents/Converteo/cas_airflow1/env/lib/python3.11/site-packages/airflow/example_dags/example_python_operator.py
[2023-06-13T11:33:10.546+0200] {logging_mixin.py:149} INFO - [2023-06-13T11:33:10.546+0200] {taskmixin.py:211} WARNING - Dependency <Task(_PythonDecoratedOperator): print_the_context>, log_sql_query already registered for DAG: example_python_operator
[2023-06-13T11:33:10.547+0200] {logging_mixin.py:149} INFO - [2023-06-13T11:33:10.546+0200] {taskmixin.py:211} WARNING - Dependency <Task(_PythonDecoratedOperator): log_sql_query>, print_the_context already registered for DAG: example_python_operator
[2023-06-13T11:33:10.547+0200] {logging_mixin.py:149} INFO - [2023-06-13T11:33:10.547+0200] {taskmixin.py:211} WARNING - Dependency <Task(_PythonDecoratedOperator): print_the_context>, log_sql_query already registered for DAG: example_python_operator
[2023-06-13T11:33:10.547+0200] {logging_mixin.py:149} INFO - [2023-06-13T11:33:10.547+0200] {taskmixin.py:211} WARNING - Dependency <Task(_PythonDecoratedOperator): log_sql_query>, print_the_context already registered for DAG: example_python_operator
[2023-06-13T11:33:10.548+0200] {logging_mixin.py:149} INFO - [2023-06-13T11:33:10.548+0200] {taskmixin.py:211} WARNING - Dependency <Task(_PythonDecoratedOperator): print_the_context>, log_sql_query already registered for DAG: example_python_operator
[2023-06-13T11:33:10.548+0200] {logging_mixin.py:149} INFO - [2023-06-13T11:33:10.548+0200] {taskmixin.py:211} WARNING - Dependency <Task(_PythonDecoratedOperator): log_sql_query>, print_the_context already registered for DAG: example_python_operator
[2023-06-13T11:33:10.548+0200] {logging_mixin.py:149} INFO - [2023-06-13T11:33:10.548+0200] {taskmixin.py:211} WARNING - Dependency <Task(_PythonDecoratedOperator): print_the_context>, log_sql_query already registered for DAG: example_python_operator
[2023-06-13T11:33:10.548+0200] {logging_mixin.py:149} INFO - [2023-06-13T11:33:10.548+0200] {taskmixin.py:211} WARNING - Dependency <Task(_PythonDecoratedOperator): log_sql_query>, print_the_context already registered for DAG: example_python_operator
[2023-06-13T11:33:10.557+0200] {processor.py:836} INFO - DAG(s) dict_keys(['example_python_operator']) retrieved from /Users/simba/Documents/Converteo/cas_airflow1/env/lib/python3.11/site-packages/airflow/example_dags/example_python_operator.py
[2023-06-13T11:33:11.343+0200] {logging_mixin.py:149} INFO - [2023-06-13T11:33:11.343+0200] {manager.py:504} INFO - Created Permission View: can delete on DAG:example_python_operator
[2023-06-13T11:33:11.350+0200] {logging_mixin.py:149} INFO - [2023-06-13T11:33:11.349+0200] {manager.py:504} INFO - Created Permission View: can read on DAG:example_python_operator
[2023-06-13T11:33:11.356+0200] {logging_mixin.py:149} INFO - [2023-06-13T11:33:11.355+0200] {manager.py:504} INFO - Created Permission View: can edit on DAG:example_python_operator
[2023-06-13T11:33:11.356+0200] {logging_mixin.py:149} INFO - [2023-06-13T11:33:11.356+0200] {dag.py:2726} INFO - Sync 1 DAGs
[2023-06-13T11:33:11.366+0200] {logging_mixin.py:149} INFO - [2023-06-13T11:33:11.365+0200] {dag.py:2747} INFO - Creating ORM DAG for example_python_operator
[2023-06-13T11:33:11.373+0200] {logging_mixin.py:149} INFO - [2023-06-13T11:33:11.372+0200] {dag.py:3486} INFO - Setting next_dagrun for example_python_operator to None, run_after=None
[2023-06-13T11:33:11.391+0200] {processor.py:179} INFO - Processing /Users/simba/Documents/Converteo/cas_airflow1/env/lib/python3.11/site-packages/airflow/example_dags/example_python_operator.py took 0.895 seconds
[2023-06-13T11:35:25.616+0200] {processor.py:157} INFO - Started process (PID=69276) to work on /Users/simba/Documents/Converteo/cas_airflow1/env/lib/python3.11/site-packages/airflow/example_dags/example_python_operator.py
[2023-06-13T11:35:25.619+0200] {processor.py:826} INFO - Processing file /Users/simba/Documents/Converteo/cas_airflow1/env/lib/python3.11/site-packages/airflow/example_dags/example_python_operator.py for tasks to queue
[2023-06-13T11:35:25.620+0200] {logging_mixin.py:149} INFO - [2023-06-13T11:35:25.620+0200] {dagbag.py:541} INFO - Filling up the DagBag from /Users/simba/Documents/Converteo/cas_airflow1/env/lib/python3.11/site-packages/airflow/example_dags/example_python_operator.py
[2023-06-13T11:35:25.662+0200] {logging_mixin.py:149} INFO - [2023-06-13T11:35:25.662+0200] {taskmixin.py:211} WARNING - Dependency <Task(_PythonDecoratedOperator): print_the_context>, log_sql_query already registered for DAG: example_python_operator
[2023-06-13T11:35:25.662+0200] {logging_mixin.py:149} INFO - [2023-06-13T11:35:25.662+0200] {taskmixin.py:211} WARNING - Dependency <Task(_PythonDecoratedOperator): log_sql_query>, print_the_context already registered for DAG: example_python_operator
[2023-06-13T11:35:25.663+0200] {logging_mixin.py:149} INFO - [2023-06-13T11:35:25.663+0200] {taskmixin.py:211} WARNING - Dependency <Task(_PythonDecoratedOperator): print_the_context>, log_sql_query already registered for DAG: example_python_operator
[2023-06-13T11:35:25.663+0200] {logging_mixin.py:149} INFO - [2023-06-13T11:35:25.663+0200] {taskmixin.py:211} WARNING - Dependency <Task(_PythonDecoratedOperator): log_sql_query>, print_the_context already registered for DAG: example_python_operator
[2023-06-13T11:35:25.663+0200] {logging_mixin.py:149} INFO - [2023-06-13T11:35:25.663+0200] {taskmixin.py:211} WARNING - Dependency <Task(_PythonDecoratedOperator): print_the_context>, log_sql_query already registered for DAG: example_python_operator
[2023-06-13T11:35:25.663+0200] {logging_mixin.py:149} INFO - [2023-06-13T11:35:25.663+0200] {taskmixin.py:211} WARNING - Dependency <Task(_PythonDecoratedOperator): log_sql_query>, print_the_context already registered for DAG: example_python_operator
[2023-06-13T11:35:25.664+0200] {logging_mixin.py:149} INFO - [2023-06-13T11:35:25.664+0200] {taskmixin.py:211} WARNING - Dependency <Task(_PythonDecoratedOperator): print_the_context>, log_sql_query already registered for DAG: example_python_operator
[2023-06-13T11:35:25.664+0200] {logging_mixin.py:149} INFO - [2023-06-13T11:35:25.664+0200] {taskmixin.py:211} WARNING - Dependency <Task(_PythonDecoratedOperator): log_sql_query>, print_the_context already registered for DAG: example_python_operator
[2023-06-13T11:35:25.671+0200] {processor.py:836} INFO - DAG(s) dict_keys(['example_python_operator']) retrieved from /Users/simba/Documents/Converteo/cas_airflow1/env/lib/python3.11/site-packages/airflow/example_dags/example_python_operator.py
[2023-06-13T11:35:26.329+0200] {logging_mixin.py:149} INFO - [2023-06-13T11:35:26.328+0200] {dag.py:2726} INFO - Sync 1 DAGs
[2023-06-13T11:35:26.403+0200] {logging_mixin.py:149} INFO - [2023-06-13T11:35:26.403+0200] {dag.py:3486} INFO - Setting next_dagrun for example_python_operator to None, run_after=None
[2023-06-13T11:35:26.422+0200] {processor.py:179} INFO - Processing /Users/simba/Documents/Converteo/cas_airflow1/env/lib/python3.11/site-packages/airflow/example_dags/example_python_operator.py took 0.807 seconds
[2023-06-13T11:38:53.824+0200] {processor.py:157} INFO - Started process (PID=69829) to work on /Users/simba/Documents/Converteo/cas_airflow1/env/lib/python3.11/site-packages/airflow/example_dags/example_python_operator.py
[2023-06-13T11:38:53.827+0200] {processor.py:826} INFO - Processing file /Users/simba/Documents/Converteo/cas_airflow1/env/lib/python3.11/site-packages/airflow/example_dags/example_python_operator.py for tasks to queue
[2023-06-13T11:38:53.827+0200] {logging_mixin.py:149} INFO - [2023-06-13T11:38:53.827+0200] {dagbag.py:541} INFO - Filling up the DagBag from /Users/simba/Documents/Converteo/cas_airflow1/env/lib/python3.11/site-packages/airflow/example_dags/example_python_operator.py
[2023-06-13T11:38:53.895+0200] {logging_mixin.py:149} INFO - [2023-06-13T11:38:53.894+0200] {taskmixin.py:211} WARNING - Dependency <Task(_PythonDecoratedOperator): print_the_context>, log_sql_query already registered for DAG: example_python_operator
[2023-06-13T11:38:53.895+0200] {logging_mixin.py:149} INFO - [2023-06-13T11:38:53.895+0200] {taskmixin.py:211} WARNING - Dependency <Task(_PythonDecoratedOperator): log_sql_query>, print_the_context already registered for DAG: example_python_operator
[2023-06-13T11:38:53.896+0200] {logging_mixin.py:149} INFO - [2023-06-13T11:38:53.896+0200] {taskmixin.py:211} WARNING - Dependency <Task(_PythonDecoratedOperator): print_the_context>, log_sql_query already registered for DAG: example_python_operator
[2023-06-13T11:38:53.896+0200] {logging_mixin.py:149} INFO - [2023-06-13T11:38:53.896+0200] {taskmixin.py:211} WARNING - Dependency <Task(_PythonDecoratedOperator): log_sql_query>, print_the_context already registered for DAG: example_python_operator
[2023-06-13T11:38:53.897+0200] {logging_mixin.py:149} INFO - [2023-06-13T11:38:53.897+0200] {taskmixin.py:211} WARNING - Dependency <Task(_PythonDecoratedOperator): print_the_context>, log_sql_query already registered for DAG: example_python_operator
[2023-06-13T11:38:53.898+0200] {logging_mixin.py:149} INFO - [2023-06-13T11:38:53.898+0200] {taskmixin.py:211} WARNING - Dependency <Task(_PythonDecoratedOperator): log_sql_query>, print_the_context already registered for DAG: example_python_operator
[2023-06-13T11:38:53.899+0200] {logging_mixin.py:149} INFO - [2023-06-13T11:38:53.898+0200] {taskmixin.py:211} WARNING - Dependency <Task(_PythonDecoratedOperator): print_the_context>, log_sql_query already registered for DAG: example_python_operator
[2023-06-13T11:38:53.899+0200] {logging_mixin.py:149} INFO - [2023-06-13T11:38:53.899+0200] {taskmixin.py:211} WARNING - Dependency <Task(_PythonDecoratedOperator): log_sql_query>, print_the_context already registered for DAG: example_python_operator
[2023-06-13T11:38:53.909+0200] {processor.py:836} INFO - DAG(s) dict_keys(['example_python_operator']) retrieved from /Users/simba/Documents/Converteo/cas_airflow1/env/lib/python3.11/site-packages/airflow/example_dags/example_python_operator.py
[2023-06-13T11:38:54.646+0200] {logging_mixin.py:149} INFO - [2023-06-13T11:38:54.645+0200] {dag.py:2726} INFO - Sync 1 DAGs
[2023-06-13T11:38:54.718+0200] {logging_mixin.py:149} INFO - [2023-06-13T11:38:54.718+0200] {dag.py:3486} INFO - Setting next_dagrun for example_python_operator to None, run_after=None
[2023-06-13T11:38:54.736+0200] {processor.py:179} INFO - Processing /Users/simba/Documents/Converteo/cas_airflow1/env/lib/python3.11/site-packages/airflow/example_dags/example_python_operator.py took 0.913 seconds
[2023-06-13T11:40:37.537+0200] {processor.py:157} INFO - Started process (PID=70071) to work on /Users/simba/Documents/Converteo/cas_airflow1/env/lib/python3.11/site-packages/airflow/example_dags/example_python_operator.py
[2023-06-13T11:40:37.540+0200] {processor.py:826} INFO - Processing file /Users/simba/Documents/Converteo/cas_airflow1/env/lib/python3.11/site-packages/airflow/example_dags/example_python_operator.py for tasks to queue
[2023-06-13T11:40:37.540+0200] {logging_mixin.py:149} INFO - [2023-06-13T11:40:37.540+0200] {dagbag.py:541} INFO - Filling up the DagBag from /Users/simba/Documents/Converteo/cas_airflow1/env/lib/python3.11/site-packages/airflow/example_dags/example_python_operator.py
[2023-06-13T11:40:37.588+0200] {logging_mixin.py:149} INFO - [2023-06-13T11:40:37.588+0200] {taskmixin.py:211} WARNING - Dependency <Task(_PythonDecoratedOperator): print_the_context>, log_sql_query already registered for DAG: example_python_operator
[2023-06-13T11:40:37.588+0200] {logging_mixin.py:149} INFO - [2023-06-13T11:40:37.588+0200] {taskmixin.py:211} WARNING - Dependency <Task(_PythonDecoratedOperator): log_sql_query>, print_the_context already registered for DAG: example_python_operator
[2023-06-13T11:40:37.589+0200] {logging_mixin.py:149} INFO - [2023-06-13T11:40:37.589+0200] {taskmixin.py:211} WARNING - Dependency <Task(_PythonDecoratedOperator): print_the_context>, log_sql_query already registered for DAG: example_python_operator
[2023-06-13T11:40:37.589+0200] {logging_mixin.py:149} INFO - [2023-06-13T11:40:37.589+0200] {taskmixin.py:211} WARNING - Dependency <Task(_PythonDecoratedOperator): log_sql_query>, print_the_context already registered for DAG: example_python_operator
[2023-06-13T11:40:37.589+0200] {logging_mixin.py:149} INFO - [2023-06-13T11:40:37.589+0200] {taskmixin.py:211} WARNING - Dependency <Task(_PythonDecoratedOperator): print_the_context>, log_sql_query already registered for DAG: example_python_operator
[2023-06-13T11:40:37.589+0200] {logging_mixin.py:149} INFO - [2023-06-13T11:40:37.589+0200] {taskmixin.py:211} WARNING - Dependency <Task(_PythonDecoratedOperator): log_sql_query>, print_the_context already registered for DAG: example_python_operator
[2023-06-13T11:40:37.590+0200] {logging_mixin.py:149} INFO - [2023-06-13T11:40:37.590+0200] {taskmixin.py:211} WARNING - Dependency <Task(_PythonDecoratedOperator): print_the_context>, log_sql_query already registered for DAG: example_python_operator
[2023-06-13T11:40:37.590+0200] {logging_mixin.py:149} INFO - [2023-06-13T11:40:37.590+0200] {taskmixin.py:211} WARNING - Dependency <Task(_PythonDecoratedOperator): log_sql_query>, print_the_context already registered for DAG: example_python_operator
[2023-06-13T11:40:37.599+0200] {processor.py:836} INFO - DAG(s) dict_keys(['example_python_operator']) retrieved from /Users/simba/Documents/Converteo/cas_airflow1/env/lib/python3.11/site-packages/airflow/example_dags/example_python_operator.py
[2023-06-13T11:40:38.304+0200] {logging_mixin.py:149} INFO - [2023-06-13T11:40:38.304+0200] {dag.py:2726} INFO - Sync 1 DAGs
[2023-06-13T11:40:38.376+0200] {logging_mixin.py:149} INFO - [2023-06-13T11:40:38.376+0200] {dag.py:3486} INFO - Setting next_dagrun for example_python_operator to None, run_after=None
[2023-06-13T11:40:38.395+0200] {processor.py:179} INFO - Processing /Users/simba/Documents/Converteo/cas_airflow1/env/lib/python3.11/site-packages/airflow/example_dags/example_python_operator.py took 0.859 seconds
[2023-06-13T11:46:13.191+0200] {processor.py:157} INFO - Started process (PID=71232) to work on /Users/simba/Documents/Converteo/cas_airflow1/env/lib/python3.11/site-packages/airflow/example_dags/example_python_operator.py
[2023-06-13T11:46:13.194+0200] {processor.py:826} INFO - Processing file /Users/simba/Documents/Converteo/cas_airflow1/env/lib/python3.11/site-packages/airflow/example_dags/example_python_operator.py for tasks to queue
[2023-06-13T11:46:13.195+0200] {logging_mixin.py:149} INFO - [2023-06-13T11:46:13.195+0200] {dagbag.py:541} INFO - Filling up the DagBag from /Users/simba/Documents/Converteo/cas_airflow1/env/lib/python3.11/site-packages/airflow/example_dags/example_python_operator.py
[2023-06-13T11:46:13.242+0200] {logging_mixin.py:149} INFO - [2023-06-13T11:46:13.242+0200] {taskmixin.py:211} WARNING - Dependency <Task(_PythonDecoratedOperator): print_the_context>, log_sql_query already registered for DAG: example_python_operator
[2023-06-13T11:46:13.242+0200] {logging_mixin.py:149} INFO - [2023-06-13T11:46:13.242+0200] {taskmixin.py:211} WARNING - Dependency <Task(_PythonDecoratedOperator): log_sql_query>, print_the_context already registered for DAG: example_python_operator
[2023-06-13T11:46:13.243+0200] {logging_mixin.py:149} INFO - [2023-06-13T11:46:13.243+0200] {taskmixin.py:211} WARNING - Dependency <Task(_PythonDecoratedOperator): print_the_context>, log_sql_query already registered for DAG: example_python_operator
[2023-06-13T11:46:13.243+0200] {logging_mixin.py:149} INFO - [2023-06-13T11:46:13.243+0200] {taskmixin.py:211} WARNING - Dependency <Task(_PythonDecoratedOperator): log_sql_query>, print_the_context already registered for DAG: example_python_operator
[2023-06-13T11:46:13.244+0200] {logging_mixin.py:149} INFO - [2023-06-13T11:46:13.244+0200] {taskmixin.py:211} WARNING - Dependency <Task(_PythonDecoratedOperator): print_the_context>, log_sql_query already registered for DAG: example_python_operator
[2023-06-13T11:46:13.244+0200] {logging_mixin.py:149} INFO - [2023-06-13T11:46:13.244+0200] {taskmixin.py:211} WARNING - Dependency <Task(_PythonDecoratedOperator): log_sql_query>, print_the_context already registered for DAG: example_python_operator
[2023-06-13T11:46:13.244+0200] {logging_mixin.py:149} INFO - [2023-06-13T11:46:13.244+0200] {taskmixin.py:211} WARNING - Dependency <Task(_PythonDecoratedOperator): print_the_context>, log_sql_query already registered for DAG: example_python_operator
[2023-06-13T11:46:13.244+0200] {logging_mixin.py:149} INFO - [2023-06-13T11:46:13.244+0200] {taskmixin.py:211} WARNING - Dependency <Task(_PythonDecoratedOperator): log_sql_query>, print_the_context already registered for DAG: example_python_operator
[2023-06-13T11:46:13.253+0200] {processor.py:836} INFO - DAG(s) dict_keys(['example_python_operator']) retrieved from /Users/simba/Documents/Converteo/cas_airflow1/env/lib/python3.11/site-packages/airflow/example_dags/example_python_operator.py
[2023-06-13T11:46:14.172+0200] {logging_mixin.py:149} INFO - [2023-06-13T11:46:14.172+0200] {dag.py:2726} INFO - Sync 1 DAGs
[2023-06-13T11:46:14.255+0200] {logging_mixin.py:149} INFO - [2023-06-13T11:46:14.255+0200] {dag.py:3486} INFO - Setting next_dagrun for example_python_operator to None, run_after=None
[2023-06-13T11:46:14.277+0200] {processor.py:179} INFO - Processing /Users/simba/Documents/Converteo/cas_airflow1/env/lib/python3.11/site-packages/airflow/example_dags/example_python_operator.py took 1.086 seconds
[2023-06-13T11:48:38.955+0200] {processor.py:157} INFO - Started process (PID=71648) to work on /Users/simba/Documents/Converteo/cas_airflow1/env/lib/python3.11/site-packages/airflow/example_dags/example_python_operator.py
[2023-06-13T11:48:38.959+0200] {processor.py:826} INFO - Processing file /Users/simba/Documents/Converteo/cas_airflow1/env/lib/python3.11/site-packages/airflow/example_dags/example_python_operator.py for tasks to queue
[2023-06-13T11:48:38.960+0200] {logging_mixin.py:149} INFO - [2023-06-13T11:48:38.960+0200] {dagbag.py:541} INFO - Filling up the DagBag from /Users/simba/Documents/Converteo/cas_airflow1/env/lib/python3.11/site-packages/airflow/example_dags/example_python_operator.py
[2023-06-13T11:48:39.010+0200] {logging_mixin.py:149} INFO - [2023-06-13T11:48:39.010+0200] {taskmixin.py:211} WARNING - Dependency <Task(_PythonDecoratedOperator): print_the_context>, log_sql_query already registered for DAG: example_python_operator
[2023-06-13T11:48:39.011+0200] {logging_mixin.py:149} INFO - [2023-06-13T11:48:39.011+0200] {taskmixin.py:211} WARNING - Dependency <Task(_PythonDecoratedOperator): log_sql_query>, print_the_context already registered for DAG: example_python_operator
[2023-06-13T11:48:39.012+0200] {logging_mixin.py:149} INFO - [2023-06-13T11:48:39.012+0200] {taskmixin.py:211} WARNING - Dependency <Task(_PythonDecoratedOperator): print_the_context>, log_sql_query already registered for DAG: example_python_operator
[2023-06-13T11:48:39.013+0200] {logging_mixin.py:149} INFO - [2023-06-13T11:48:39.013+0200] {taskmixin.py:211} WARNING - Dependency <Task(_PythonDecoratedOperator): log_sql_query>, print_the_context already registered for DAG: example_python_operator
[2023-06-13T11:48:39.014+0200] {logging_mixin.py:149} INFO - [2023-06-13T11:48:39.014+0200] {taskmixin.py:211} WARNING - Dependency <Task(_PythonDecoratedOperator): print_the_context>, log_sql_query already registered for DAG: example_python_operator
[2023-06-13T11:48:39.014+0200] {logging_mixin.py:149} INFO - [2023-06-13T11:48:39.014+0200] {taskmixin.py:211} WARNING - Dependency <Task(_PythonDecoratedOperator): log_sql_query>, print_the_context already registered for DAG: example_python_operator
[2023-06-13T11:48:39.015+0200] {logging_mixin.py:149} INFO - [2023-06-13T11:48:39.015+0200] {taskmixin.py:211} WARNING - Dependency <Task(_PythonDecoratedOperator): print_the_context>, log_sql_query already registered for DAG: example_python_operator
[2023-06-13T11:48:39.016+0200] {logging_mixin.py:149} INFO - [2023-06-13T11:48:39.015+0200] {taskmixin.py:211} WARNING - Dependency <Task(_PythonDecoratedOperator): log_sql_query>, print_the_context already registered for DAG: example_python_operator
[2023-06-13T11:48:39.024+0200] {processor.py:836} INFO - DAG(s) dict_keys(['example_python_operator']) retrieved from /Users/simba/Documents/Converteo/cas_airflow1/env/lib/python3.11/site-packages/airflow/example_dags/example_python_operator.py
[2023-06-13T11:48:40.203+0200] {logging_mixin.py:149} INFO - [2023-06-13T11:48:40.203+0200] {dag.py:2726} INFO - Sync 1 DAGs
[2023-06-13T11:48:40.279+0200] {logging_mixin.py:149} INFO - [2023-06-13T11:48:40.279+0200] {dag.py:3486} INFO - Setting next_dagrun for example_python_operator to None, run_after=None
[2023-06-13T11:48:40.299+0200] {processor.py:179} INFO - Processing /Users/simba/Documents/Converteo/cas_airflow1/env/lib/python3.11/site-packages/airflow/example_dags/example_python_operator.py took 1.345 seconds
