[2023-06-13T11:33:56.770+0200] {processor.py:157} INFO - Started process (PID=69066) to work on /Users/simba/Documents/Converteo/cas_airflow1/env/lib/python3.11/site-packages/airflow/example_dags/example_branch_operator_decorator.py
[2023-06-13T11:33:56.773+0200] {processor.py:826} INFO - Processing file /Users/simba/Documents/Converteo/cas_airflow1/env/lib/python3.11/site-packages/airflow/example_dags/example_branch_operator_decorator.py for tasks to queue
[2023-06-13T11:33:56.774+0200] {logging_mixin.py:149} INFO - [2023-06-13T11:33:56.774+0200] {dagbag.py:541} INFO - Filling up the DagBag from /Users/simba/Documents/Converteo/cas_airflow1/env/lib/python3.11/site-packages/airflow/example_dags/example_branch_operator_decorator.py
[2023-06-13T11:33:56.841+0200] {processor.py:836} INFO - DAG(s) dict_keys(['example_branch_python_operator_decorator']) retrieved from /Users/simba/Documents/Converteo/cas_airflow1/env/lib/python3.11/site-packages/airflow/example_dags/example_branch_operator_decorator.py
[2023-06-13T11:33:57.816+0200] {logging_mixin.py:149} INFO - [2023-06-13T11:33:57.816+0200] {manager.py:504} INFO - Created Permission View: can delete on DAG:example_branch_python_operator_decorator
[2023-06-13T11:33:57.823+0200] {logging_mixin.py:149} INFO - [2023-06-13T11:33:57.823+0200] {manager.py:504} INFO - Created Permission View: can read on DAG:example_branch_python_operator_decorator
[2023-06-13T11:33:57.829+0200] {logging_mixin.py:149} INFO - [2023-06-13T11:33:57.829+0200] {manager.py:504} INFO - Created Permission View: can edit on DAG:example_branch_python_operator_decorator
[2023-06-13T11:33:57.830+0200] {logging_mixin.py:149} INFO - [2023-06-13T11:33:57.829+0200] {dag.py:2726} INFO - Sync 1 DAGs
[2023-06-13T11:33:57.844+0200] {logging_mixin.py:149} INFO - [2023-06-13T11:33:57.844+0200] {dag.py:2747} INFO - Creating ORM DAG for example_branch_python_operator_decorator
[2023-06-13T11:33:57.858+0200] {logging_mixin.py:149} INFO - [2023-06-13T11:33:57.857+0200] {dag.py:3486} INFO - Setting next_dagrun for example_branch_python_operator_decorator to 2023-06-12T00:00:00+00:00, run_after=2023-06-13T00:00:00+00:00
[2023-06-13T11:33:57.879+0200] {processor.py:179} INFO - Processing /Users/simba/Documents/Converteo/cas_airflow1/env/lib/python3.11/site-packages/airflow/example_dags/example_branch_operator_decorator.py took 1.110 seconds
[2023-06-13T11:37:25.056+0200] {processor.py:157} INFO - Started process (PID=69568) to work on /Users/simba/Documents/Converteo/cas_airflow1/env/lib/python3.11/site-packages/airflow/example_dags/example_branch_operator_decorator.py
[2023-06-13T11:37:25.060+0200] {processor.py:826} INFO - Processing file /Users/simba/Documents/Converteo/cas_airflow1/env/lib/python3.11/site-packages/airflow/example_dags/example_branch_operator_decorator.py for tasks to queue
[2023-06-13T11:37:25.060+0200] {logging_mixin.py:149} INFO - [2023-06-13T11:37:25.060+0200] {dagbag.py:541} INFO - Filling up the DagBag from /Users/simba/Documents/Converteo/cas_airflow1/env/lib/python3.11/site-packages/airflow/example_dags/example_branch_operator_decorator.py
[2023-06-13T11:37:25.110+0200] {processor.py:836} INFO - DAG(s) dict_keys(['example_branch_python_operator_decorator']) retrieved from /Users/simba/Documents/Converteo/cas_airflow1/env/lib/python3.11/site-packages/airflow/example_dags/example_branch_operator_decorator.py
[2023-06-13T11:37:25.751+0200] {logging_mixin.py:149} INFO - [2023-06-13T11:37:25.751+0200] {dag.py:2726} INFO - Sync 1 DAGs
[2023-06-13T11:37:25.767+0200] {logging_mixin.py:149} INFO - [2023-06-13T11:37:25.767+0200] {dag.py:3486} INFO - Setting next_dagrun for example_branch_python_operator_decorator to 2023-06-12T00:00:00+00:00, run_after=2023-06-13T00:00:00+00:00
[2023-06-13T11:37:25.788+0200] {processor.py:179} INFO - Processing /Users/simba/Documents/Converteo/cas_airflow1/env/lib/python3.11/site-packages/airflow/example_dags/example_branch_operator_decorator.py took 0.733 seconds
[2023-06-13T11:40:51.536+0200] {processor.py:157} INFO - Started process (PID=70105) to work on /Users/simba/Documents/Converteo/cas_airflow1/env/lib/python3.11/site-packages/airflow/example_dags/example_branch_operator_decorator.py
[2023-06-13T11:40:51.539+0200] {processor.py:826} INFO - Processing file /Users/simba/Documents/Converteo/cas_airflow1/env/lib/python3.11/site-packages/airflow/example_dags/example_branch_operator_decorator.py for tasks to queue
[2023-06-13T11:40:51.539+0200] {logging_mixin.py:149} INFO - [2023-06-13T11:40:51.539+0200] {dagbag.py:541} INFO - Filling up the DagBag from /Users/simba/Documents/Converteo/cas_airflow1/env/lib/python3.11/site-packages/airflow/example_dags/example_branch_operator_decorator.py
[2023-06-13T11:40:51.589+0200] {processor.py:836} INFO - DAG(s) dict_keys(['example_branch_python_operator_decorator']) retrieved from /Users/simba/Documents/Converteo/cas_airflow1/env/lib/python3.11/site-packages/airflow/example_dags/example_branch_operator_decorator.py
[2023-06-13T11:40:52.223+0200] {logging_mixin.py:149} INFO - [2023-06-13T11:40:52.222+0200] {dag.py:2726} INFO - Sync 1 DAGs
[2023-06-13T11:40:52.241+0200] {logging_mixin.py:149} INFO - [2023-06-13T11:40:52.241+0200] {dag.py:3486} INFO - Setting next_dagrun for example_branch_python_operator_decorator to 2023-06-12T00:00:00+00:00, run_after=2023-06-13T00:00:00+00:00
[2023-06-13T11:40:52.260+0200] {processor.py:179} INFO - Processing /Users/simba/Documents/Converteo/cas_airflow1/env/lib/python3.11/site-packages/airflow/example_dags/example_branch_operator_decorator.py took 0.725 seconds
[2023-06-13T11:46:59.662+0200] {processor.py:157} INFO - Started process (PID=71349) to work on /Users/simba/Documents/Converteo/cas_airflow1/env/lib/python3.11/site-packages/airflow/example_dags/example_branch_operator_decorator.py
[2023-06-13T11:46:59.666+0200] {processor.py:826} INFO - Processing file /Users/simba/Documents/Converteo/cas_airflow1/env/lib/python3.11/site-packages/airflow/example_dags/example_branch_operator_decorator.py for tasks to queue
[2023-06-13T11:46:59.667+0200] {logging_mixin.py:149} INFO - [2023-06-13T11:46:59.667+0200] {dagbag.py:541} INFO - Filling up the DagBag from /Users/simba/Documents/Converteo/cas_airflow1/env/lib/python3.11/site-packages/airflow/example_dags/example_branch_operator_decorator.py
[2023-06-13T11:46:59.717+0200] {processor.py:836} INFO - DAG(s) dict_keys(['example_branch_python_operator_decorator']) retrieved from /Users/simba/Documents/Converteo/cas_airflow1/env/lib/python3.11/site-packages/airflow/example_dags/example_branch_operator_decorator.py
[2023-06-13T11:47:00.410+0200] {logging_mixin.py:149} INFO - [2023-06-13T11:47:00.410+0200] {dag.py:2726} INFO - Sync 1 DAGs
[2023-06-13T11:47:00.428+0200] {logging_mixin.py:149} INFO - [2023-06-13T11:47:00.427+0200] {dag.py:3486} INFO - Setting next_dagrun for example_branch_python_operator_decorator to 2023-06-12T00:00:00+00:00, run_after=2023-06-13T00:00:00+00:00
[2023-06-13T11:47:00.446+0200] {processor.py:179} INFO - Processing /Users/simba/Documents/Converteo/cas_airflow1/env/lib/python3.11/site-packages/airflow/example_dags/example_branch_operator_decorator.py took 0.785 seconds
