[2023-06-13T11:34:05.784+0200] {processor.py:157} INFO - Started process (PID=69090) to work on /Users/simba/Documents/Converteo/cas_airflow1/env/lib/python3.11/site-packages/airflow/example_dags/example_branch_day_of_week_operator.py
[2023-06-13T11:34:05.788+0200] {processor.py:826} INFO - Processing file /Users/simba/Documents/Converteo/cas_airflow1/env/lib/python3.11/site-packages/airflow/example_dags/example_branch_day_of_week_operator.py for tasks to queue
[2023-06-13T11:34:05.789+0200] {logging_mixin.py:149} INFO - [2023-06-13T11:34:05.789+0200] {dagbag.py:541} INFO - Filling up the DagBag from /Users/simba/Documents/Converteo/cas_airflow1/env/lib/python3.11/site-packages/airflow/example_dags/example_branch_day_of_week_operator.py
[2023-06-13T11:34:05.858+0200] {processor.py:836} INFO - DAG(s) dict_keys(['example_weekday_branch_operator']) retrieved from /Users/simba/Documents/Converteo/cas_airflow1/env/lib/python3.11/site-packages/airflow/example_dags/example_branch_day_of_week_operator.py
[2023-06-13T11:34:06.647+0200] {logging_mixin.py:149} INFO - [2023-06-13T11:34:06.647+0200] {manager.py:504} INFO - Created Permission View: can delete on DAG:example_weekday_branch_operator
[2023-06-13T11:34:06.656+0200] {logging_mixin.py:149} INFO - [2023-06-13T11:34:06.656+0200] {manager.py:504} INFO - Created Permission View: can read on DAG:example_weekday_branch_operator
[2023-06-13T11:34:06.663+0200] {logging_mixin.py:149} INFO - [2023-06-13T11:34:06.663+0200] {manager.py:504} INFO - Created Permission View: can edit on DAG:example_weekday_branch_operator
[2023-06-13T11:34:06.663+0200] {logging_mixin.py:149} INFO - [2023-06-13T11:34:06.663+0200] {dag.py:2726} INFO - Sync 1 DAGs
[2023-06-13T11:34:06.729+0200] {logging_mixin.py:149} INFO - [2023-06-13T11:34:06.729+0200] {dag.py:2747} INFO - Creating ORM DAG for example_weekday_branch_operator
[2023-06-13T11:34:06.737+0200] {logging_mixin.py:149} INFO - [2023-06-13T11:34:06.737+0200] {dag.py:3486} INFO - Setting next_dagrun for example_weekday_branch_operator to 2023-06-12T00:00:00+00:00, run_after=2023-06-13T00:00:00+00:00
[2023-06-13T11:34:06.754+0200] {processor.py:179} INFO - Processing /Users/simba/Documents/Converteo/cas_airflow1/env/lib/python3.11/site-packages/airflow/example_dags/example_branch_day_of_week_operator.py took 0.972 seconds
[2023-06-13T11:37:34.529+0200] {processor.py:157} INFO - Started process (PID=69601) to work on /Users/simba/Documents/Converteo/cas_airflow1/env/lib/python3.11/site-packages/airflow/example_dags/example_branch_day_of_week_operator.py
[2023-06-13T11:37:34.532+0200] {processor.py:826} INFO - Processing file /Users/simba/Documents/Converteo/cas_airflow1/env/lib/python3.11/site-packages/airflow/example_dags/example_branch_day_of_week_operator.py for tasks to queue
[2023-06-13T11:37:34.532+0200] {logging_mixin.py:149} INFO - [2023-06-13T11:37:34.532+0200] {dagbag.py:541} INFO - Filling up the DagBag from /Users/simba/Documents/Converteo/cas_airflow1/env/lib/python3.11/site-packages/airflow/example_dags/example_branch_day_of_week_operator.py
[2023-06-13T11:37:34.553+0200] {processor.py:836} INFO - DAG(s) dict_keys(['example_weekday_branch_operator']) retrieved from /Users/simba/Documents/Converteo/cas_airflow1/env/lib/python3.11/site-packages/airflow/example_dags/example_branch_day_of_week_operator.py
[2023-06-13T11:37:35.219+0200] {logging_mixin.py:149} INFO - [2023-06-13T11:37:35.219+0200] {dag.py:2726} INFO - Sync 1 DAGs
[2023-06-13T11:37:35.239+0200] {logging_mixin.py:149} INFO - [2023-06-13T11:37:35.239+0200] {dag.py:3486} INFO - Setting next_dagrun for example_weekday_branch_operator to 2023-06-12T00:00:00+00:00, run_after=2023-06-13T00:00:00+00:00
[2023-06-13T11:37:35.259+0200] {processor.py:179} INFO - Processing /Users/simba/Documents/Converteo/cas_airflow1/env/lib/python3.11/site-packages/airflow/example_dags/example_branch_day_of_week_operator.py took 0.731 seconds
[2023-06-13T11:41:00.415+0200] {processor.py:157} INFO - Started process (PID=70125) to work on /Users/simba/Documents/Converteo/cas_airflow1/env/lib/python3.11/site-packages/airflow/example_dags/example_branch_day_of_week_operator.py
[2023-06-13T11:41:00.420+0200] {processor.py:826} INFO - Processing file /Users/simba/Documents/Converteo/cas_airflow1/env/lib/python3.11/site-packages/airflow/example_dags/example_branch_day_of_week_operator.py for tasks to queue
[2023-06-13T11:41:00.421+0200] {logging_mixin.py:149} INFO - [2023-06-13T11:41:00.421+0200] {dagbag.py:541} INFO - Filling up the DagBag from /Users/simba/Documents/Converteo/cas_airflow1/env/lib/python3.11/site-packages/airflow/example_dags/example_branch_day_of_week_operator.py
[2023-06-13T11:41:00.441+0200] {processor.py:836} INFO - DAG(s) dict_keys(['example_weekday_branch_operator']) retrieved from /Users/simba/Documents/Converteo/cas_airflow1/env/lib/python3.11/site-packages/airflow/example_dags/example_branch_day_of_week_operator.py
[2023-06-13T11:41:01.085+0200] {logging_mixin.py:149} INFO - [2023-06-13T11:41:01.085+0200] {dag.py:2726} INFO - Sync 1 DAGs
[2023-06-13T11:41:01.101+0200] {logging_mixin.py:149} INFO - [2023-06-13T11:41:01.101+0200] {dag.py:3486} INFO - Setting next_dagrun for example_weekday_branch_operator to 2023-06-12T00:00:00+00:00, run_after=2023-06-13T00:00:00+00:00
[2023-06-13T11:41:01.121+0200] {processor.py:179} INFO - Processing /Users/simba/Documents/Converteo/cas_airflow1/env/lib/python3.11/site-packages/airflow/example_dags/example_branch_day_of_week_operator.py took 0.706 seconds
[2023-06-13T11:47:08.584+0200] {processor.py:157} INFO - Started process (PID=71367) to work on /Users/simba/Documents/Converteo/cas_airflow1/env/lib/python3.11/site-packages/airflow/example_dags/example_branch_day_of_week_operator.py
[2023-06-13T11:47:08.588+0200] {processor.py:826} INFO - Processing file /Users/simba/Documents/Converteo/cas_airflow1/env/lib/python3.11/site-packages/airflow/example_dags/example_branch_day_of_week_operator.py for tasks to queue
[2023-06-13T11:47:08.588+0200] {logging_mixin.py:149} INFO - [2023-06-13T11:47:08.588+0200] {dagbag.py:541} INFO - Filling up the DagBag from /Users/simba/Documents/Converteo/cas_airflow1/env/lib/python3.11/site-packages/airflow/example_dags/example_branch_day_of_week_operator.py
[2023-06-13T11:47:08.612+0200] {processor.py:836} INFO - DAG(s) dict_keys(['example_weekday_branch_operator']) retrieved from /Users/simba/Documents/Converteo/cas_airflow1/env/lib/python3.11/site-packages/airflow/example_dags/example_branch_day_of_week_operator.py
[2023-06-13T11:47:09.264+0200] {logging_mixin.py:149} INFO - [2023-06-13T11:47:09.263+0200] {dag.py:2726} INFO - Sync 1 DAGs
[2023-06-13T11:47:09.282+0200] {logging_mixin.py:149} INFO - [2023-06-13T11:47:09.281+0200] {dag.py:3486} INFO - Setting next_dagrun for example_weekday_branch_operator to 2023-06-12T00:00:00+00:00, run_after=2023-06-13T00:00:00+00:00
[2023-06-13T11:47:09.299+0200] {processor.py:179} INFO - Processing /Users/simba/Documents/Converteo/cas_airflow1/env/lib/python3.11/site-packages/airflow/example_dags/example_branch_day_of_week_operator.py took 0.716 seconds
