[2023-06-13T11:33:07.903+0200] {processor.py:157} INFO - Started process (PID=68945) to work on /Users/simba/Documents/Converteo/cas_airflow1/env/lib/python3.11/site-packages/airflow/example_dags/example_sensor_decorator.py
[2023-06-13T11:33:07.907+0200] {processor.py:826} INFO - Processing file /Users/simba/Documents/Converteo/cas_airflow1/env/lib/python3.11/site-packages/airflow/example_dags/example_sensor_decorator.py for tasks to queue
[2023-06-13T11:33:07.907+0200] {logging_mixin.py:149} INFO - [2023-06-13T11:33:07.907+0200] {dagbag.py:541} INFO - Filling up the DagBag from /Users/simba/Documents/Converteo/cas_airflow1/env/lib/python3.11/site-packages/airflow/example_dags/example_sensor_decorator.py
[2023-06-13T11:33:07.960+0200] {processor.py:836} INFO - DAG(s) dict_keys(['example_sensor_decorator']) retrieved from /Users/simba/Documents/Converteo/cas_airflow1/env/lib/python3.11/site-packages/airflow/example_dags/example_sensor_decorator.py
[2023-06-13T11:33:08.753+0200] {logging_mixin.py:149} INFO - [2023-06-13T11:33:08.753+0200] {manager.py:504} INFO - Created Permission View: can read on DAG:example_sensor_decorator
[2023-06-13T11:33:08.761+0200] {logging_mixin.py:149} INFO - [2023-06-13T11:33:08.760+0200] {manager.py:504} INFO - Created Permission View: can edit on DAG:example_sensor_decorator
[2023-06-13T11:33:08.767+0200] {logging_mixin.py:149} INFO - [2023-06-13T11:33:08.767+0200] {manager.py:504} INFO - Created Permission View: can delete on DAG:example_sensor_decorator
[2023-06-13T11:33:08.768+0200] {logging_mixin.py:149} INFO - [2023-06-13T11:33:08.767+0200] {dag.py:2726} INFO - Sync 1 DAGs
[2023-06-13T11:33:08.777+0200] {logging_mixin.py:149} INFO - [2023-06-13T11:33:08.777+0200] {dag.py:2747} INFO - Creating ORM DAG for example_sensor_decorator
[2023-06-13T11:33:08.784+0200] {logging_mixin.py:149} INFO - [2023-06-13T11:33:08.784+0200] {dag.py:3486} INFO - Setting next_dagrun for example_sensor_decorator to None, run_after=None
[2023-06-13T11:33:08.803+0200] {processor.py:179} INFO - Processing /Users/simba/Documents/Converteo/cas_airflow1/env/lib/python3.11/site-packages/airflow/example_dags/example_sensor_decorator.py took 0.901 seconds
[2023-06-13T11:35:22.556+0200] {processor.py:157} INFO - Started process (PID=69266) to work on /Users/simba/Documents/Converteo/cas_airflow1/env/lib/python3.11/site-packages/airflow/example_dags/example_sensor_decorator.py
[2023-06-13T11:35:22.559+0200] {processor.py:826} INFO - Processing file /Users/simba/Documents/Converteo/cas_airflow1/env/lib/python3.11/site-packages/airflow/example_dags/example_sensor_decorator.py for tasks to queue
[2023-06-13T11:35:22.560+0200] {logging_mixin.py:149} INFO - [2023-06-13T11:35:22.559+0200] {dagbag.py:541} INFO - Filling up the DagBag from /Users/simba/Documents/Converteo/cas_airflow1/env/lib/python3.11/site-packages/airflow/example_dags/example_sensor_decorator.py
[2023-06-13T11:35:22.605+0200] {processor.py:836} INFO - DAG(s) dict_keys(['example_sensor_decorator']) retrieved from /Users/simba/Documents/Converteo/cas_airflow1/env/lib/python3.11/site-packages/airflow/example_dags/example_sensor_decorator.py
[2023-06-13T11:35:23.278+0200] {logging_mixin.py:149} INFO - [2023-06-13T11:35:23.278+0200] {dag.py:2726} INFO - Sync 1 DAGs
[2023-06-13T11:35:23.294+0200] {logging_mixin.py:149} INFO - [2023-06-13T11:35:23.294+0200] {dag.py:3486} INFO - Setting next_dagrun for example_sensor_decorator to None, run_after=None
[2023-06-13T11:35:23.310+0200] {processor.py:179} INFO - Processing /Users/simba/Documents/Converteo/cas_airflow1/env/lib/python3.11/site-packages/airflow/example_dags/example_sensor_decorator.py took 0.754 seconds
[2023-06-13T11:37:10.627+0200] {processor.py:157} INFO - Started process (PID=69538) to work on /Users/simba/Documents/Converteo/cas_airflow1/env/lib/python3.11/site-packages/airflow/example_dags/example_sensor_decorator.py
[2023-06-13T11:37:10.630+0200] {processor.py:826} INFO - Processing file /Users/simba/Documents/Converteo/cas_airflow1/env/lib/python3.11/site-packages/airflow/example_dags/example_sensor_decorator.py for tasks to queue
[2023-06-13T11:37:10.631+0200] {logging_mixin.py:149} INFO - [2023-06-13T11:37:10.631+0200] {dagbag.py:541} INFO - Filling up the DagBag from /Users/simba/Documents/Converteo/cas_airflow1/env/lib/python3.11/site-packages/airflow/example_dags/example_sensor_decorator.py
[2023-06-13T11:37:10.676+0200] {processor.py:836} INFO - DAG(s) dict_keys(['example_sensor_decorator']) retrieved from /Users/simba/Documents/Converteo/cas_airflow1/env/lib/python3.11/site-packages/airflow/example_dags/example_sensor_decorator.py
[2023-06-13T11:37:11.350+0200] {logging_mixin.py:149} INFO - [2023-06-13T11:37:11.350+0200] {dag.py:2726} INFO - Sync 1 DAGs
[2023-06-13T11:37:11.365+0200] {logging_mixin.py:149} INFO - [2023-06-13T11:37:11.365+0200] {dag.py:3486} INFO - Setting next_dagrun for example_sensor_decorator to None, run_after=None
[2023-06-13T11:37:11.382+0200] {processor.py:179} INFO - Processing /Users/simba/Documents/Converteo/cas_airflow1/env/lib/python3.11/site-packages/airflow/example_dags/example_sensor_decorator.py took 0.755 seconds
[2023-06-13T11:40:34.541+0200] {processor.py:157} INFO - Started process (PID=70063) to work on /Users/simba/Documents/Converteo/cas_airflow1/env/lib/python3.11/site-packages/airflow/example_dags/example_sensor_decorator.py
[2023-06-13T11:40:34.546+0200] {processor.py:826} INFO - Processing file /Users/simba/Documents/Converteo/cas_airflow1/env/lib/python3.11/site-packages/airflow/example_dags/example_sensor_decorator.py for tasks to queue
[2023-06-13T11:40:34.547+0200] {logging_mixin.py:149} INFO - [2023-06-13T11:40:34.547+0200] {dagbag.py:541} INFO - Filling up the DagBag from /Users/simba/Documents/Converteo/cas_airflow1/env/lib/python3.11/site-packages/airflow/example_dags/example_sensor_decorator.py
[2023-06-13T11:40:34.604+0200] {processor.py:836} INFO - DAG(s) dict_keys(['example_sensor_decorator']) retrieved from /Users/simba/Documents/Converteo/cas_airflow1/env/lib/python3.11/site-packages/airflow/example_dags/example_sensor_decorator.py
[2023-06-13T11:40:35.254+0200] {logging_mixin.py:149} INFO - [2023-06-13T11:40:35.254+0200] {dag.py:2726} INFO - Sync 1 DAGs
[2023-06-13T11:40:35.269+0200] {logging_mixin.py:149} INFO - [2023-06-13T11:40:35.269+0200] {dag.py:3486} INFO - Setting next_dagrun for example_sensor_decorator to None, run_after=None
[2023-06-13T11:40:35.287+0200] {processor.py:179} INFO - Processing /Users/simba/Documents/Converteo/cas_airflow1/env/lib/python3.11/site-packages/airflow/example_dags/example_sensor_decorator.py took 0.747 seconds
[2023-06-13T11:46:09.834+0200] {processor.py:157} INFO - Started process (PID=71224) to work on /Users/simba/Documents/Converteo/cas_airflow1/env/lib/python3.11/site-packages/airflow/example_dags/example_sensor_decorator.py
[2023-06-13T11:46:09.844+0200] {processor.py:826} INFO - Processing file /Users/simba/Documents/Converteo/cas_airflow1/env/lib/python3.11/site-packages/airflow/example_dags/example_sensor_decorator.py for tasks to queue
[2023-06-13T11:46:09.845+0200] {logging_mixin.py:149} INFO - [2023-06-13T11:46:09.845+0200] {dagbag.py:541} INFO - Filling up the DagBag from /Users/simba/Documents/Converteo/cas_airflow1/env/lib/python3.11/site-packages/airflow/example_dags/example_sensor_decorator.py
[2023-06-13T11:46:09.943+0200] {processor.py:836} INFO - DAG(s) dict_keys(['example_sensor_decorator']) retrieved from /Users/simba/Documents/Converteo/cas_airflow1/env/lib/python3.11/site-packages/airflow/example_dags/example_sensor_decorator.py
[2023-06-13T11:46:10.705+0200] {logging_mixin.py:149} INFO - [2023-06-13T11:46:10.704+0200] {dag.py:2726} INFO - Sync 1 DAGs
[2023-06-13T11:46:10.723+0200] {logging_mixin.py:149} INFO - [2023-06-13T11:46:10.723+0200] {dag.py:3486} INFO - Setting next_dagrun for example_sensor_decorator to None, run_after=None
[2023-06-13T11:46:10.742+0200] {processor.py:179} INFO - Processing /Users/simba/Documents/Converteo/cas_airflow1/env/lib/python3.11/site-packages/airflow/example_dags/example_sensor_decorator.py took 0.910 seconds
[2023-06-13T11:48:35.947+0200] {processor.py:157} INFO - Started process (PID=71646) to work on /Users/simba/Documents/Converteo/cas_airflow1/env/lib/python3.11/site-packages/airflow/example_dags/example_sensor_decorator.py
[2023-06-13T11:48:35.951+0200] {processor.py:826} INFO - Processing file /Users/simba/Documents/Converteo/cas_airflow1/env/lib/python3.11/site-packages/airflow/example_dags/example_sensor_decorator.py for tasks to queue
[2023-06-13T11:48:35.952+0200] {logging_mixin.py:149} INFO - [2023-06-13T11:48:35.952+0200] {dagbag.py:541} INFO - Filling up the DagBag from /Users/simba/Documents/Converteo/cas_airflow1/env/lib/python3.11/site-packages/airflow/example_dags/example_sensor_decorator.py
[2023-06-13T11:48:36.000+0200] {processor.py:836} INFO - DAG(s) dict_keys(['example_sensor_decorator']) retrieved from /Users/simba/Documents/Converteo/cas_airflow1/env/lib/python3.11/site-packages/airflow/example_dags/example_sensor_decorator.py
[2023-06-13T11:48:36.650+0200] {logging_mixin.py:149} INFO - [2023-06-13T11:48:36.650+0200] {dag.py:2726} INFO - Sync 1 DAGs
[2023-06-13T11:48:36.664+0200] {logging_mixin.py:149} INFO - [2023-06-13T11:48:36.664+0200] {dag.py:3486} INFO - Setting next_dagrun for example_sensor_decorator to None, run_after=None
[2023-06-13T11:48:36.683+0200] {processor.py:179} INFO - Processing /Users/simba/Documents/Converteo/cas_airflow1/env/lib/python3.11/site-packages/airflow/example_dags/example_sensor_decorator.py took 0.737 seconds
