[2023-06-13T11:33:20.075+0200] {processor.py:157} INFO - Started process (PID=68977) to work on /Users/simba/Documents/Converteo/cas_airflow1/env/lib/python3.11/site-packages/airflow/example_dags/example_params_trigger_ui.py
[2023-06-13T11:33:20.078+0200] {processor.py:826} INFO - Processing file /Users/simba/Documents/Converteo/cas_airflow1/env/lib/python3.11/site-packages/airflow/example_dags/example_params_trigger_ui.py for tasks to queue
[2023-06-13T11:33:20.079+0200] {logging_mixin.py:149} INFO - [2023-06-13T11:33:20.079+0200] {dagbag.py:541} INFO - Filling up the DagBag from /Users/simba/Documents/Converteo/cas_airflow1/env/lib/python3.11/site-packages/airflow/example_dags/example_params_trigger_ui.py
[2023-06-13T11:33:20.156+0200] {processor.py:836} INFO - DAG(s) dict_keys(['example_params_trigger_ui']) retrieved from /Users/simba/Documents/Converteo/cas_airflow1/env/lib/python3.11/site-packages/airflow/example_dags/example_params_trigger_ui.py
[2023-06-13T11:33:20.974+0200] {logging_mixin.py:149} INFO - [2023-06-13T11:33:20.974+0200] {manager.py:504} INFO - Created Permission View: can edit on DAG:example_params_trigger_ui
[2023-06-13T11:33:20.984+0200] {logging_mixin.py:149} INFO - [2023-06-13T11:33:20.984+0200] {manager.py:504} INFO - Created Permission View: can read on DAG:example_params_trigger_ui
[2023-06-13T11:33:20.990+0200] {logging_mixin.py:149} INFO - [2023-06-13T11:33:20.990+0200] {manager.py:504} INFO - Created Permission View: can delete on DAG:example_params_trigger_ui
[2023-06-13T11:33:20.991+0200] {logging_mixin.py:149} INFO - [2023-06-13T11:33:20.990+0200] {dag.py:2726} INFO - Sync 1 DAGs
[2023-06-13T11:33:21.000+0200] {logging_mixin.py:149} INFO - [2023-06-13T11:33:21.000+0200] {dag.py:2747} INFO - Creating ORM DAG for example_params_trigger_ui
[2023-06-13T11:33:21.008+0200] {logging_mixin.py:149} INFO - [2023-06-13T11:33:21.008+0200] {dag.py:3486} INFO - Setting next_dagrun for example_params_trigger_ui to None, run_after=None
[2023-06-13T11:33:21.025+0200] {processor.py:179} INFO - Processing /Users/simba/Documents/Converteo/cas_airflow1/env/lib/python3.11/site-packages/airflow/example_dags/example_params_trigger_ui.py took 0.951 seconds
[2023-06-13T11:35:34.718+0200] {processor.py:157} INFO - Started process (PID=69294) to work on /Users/simba/Documents/Converteo/cas_airflow1/env/lib/python3.11/site-packages/airflow/example_dags/example_params_trigger_ui.py
[2023-06-13T11:35:34.721+0200] {processor.py:826} INFO - Processing file /Users/simba/Documents/Converteo/cas_airflow1/env/lib/python3.11/site-packages/airflow/example_dags/example_params_trigger_ui.py for tasks to queue
[2023-06-13T11:35:34.721+0200] {logging_mixin.py:149} INFO - [2023-06-13T11:35:34.721+0200] {dagbag.py:541} INFO - Filling up the DagBag from /Users/simba/Documents/Converteo/cas_airflow1/env/lib/python3.11/site-packages/airflow/example_dags/example_params_trigger_ui.py
[2023-06-13T11:35:34.800+0200] {processor.py:836} INFO - DAG(s) dict_keys(['example_params_trigger_ui']) retrieved from /Users/simba/Documents/Converteo/cas_airflow1/env/lib/python3.11/site-packages/airflow/example_dags/example_params_trigger_ui.py
[2023-06-13T11:35:35.471+0200] {logging_mixin.py:149} INFO - [2023-06-13T11:35:35.470+0200] {dag.py:2726} INFO - Sync 1 DAGs
[2023-06-13T11:35:35.545+0200] {logging_mixin.py:149} INFO - [2023-06-13T11:35:35.544+0200] {dag.py:3486} INFO - Setting next_dagrun for example_params_trigger_ui to None, run_after=None
[2023-06-13T11:35:35.563+0200] {processor.py:179} INFO - Processing /Users/simba/Documents/Converteo/cas_airflow1/env/lib/python3.11/site-packages/airflow/example_dags/example_params_trigger_ui.py took 0.845 seconds
[2023-06-13T11:39:03.403+0200] {processor.py:157} INFO - Started process (PID=69854) to work on /Users/simba/Documents/Converteo/cas_airflow1/env/lib/python3.11/site-packages/airflow/example_dags/example_params_trigger_ui.py
[2023-06-13T11:39:03.407+0200] {processor.py:826} INFO - Processing file /Users/simba/Documents/Converteo/cas_airflow1/env/lib/python3.11/site-packages/airflow/example_dags/example_params_trigger_ui.py for tasks to queue
[2023-06-13T11:39:03.407+0200] {logging_mixin.py:149} INFO - [2023-06-13T11:39:03.407+0200] {dagbag.py:541} INFO - Filling up the DagBag from /Users/simba/Documents/Converteo/cas_airflow1/env/lib/python3.11/site-packages/airflow/example_dags/example_params_trigger_ui.py
[2023-06-13T11:39:03.483+0200] {processor.py:836} INFO - DAG(s) dict_keys(['example_params_trigger_ui']) retrieved from /Users/simba/Documents/Converteo/cas_airflow1/env/lib/python3.11/site-packages/airflow/example_dags/example_params_trigger_ui.py
[2023-06-13T11:39:04.137+0200] {logging_mixin.py:149} INFO - [2023-06-13T11:39:04.137+0200] {dag.py:2726} INFO - Sync 1 DAGs
[2023-06-13T11:39:04.207+0200] {logging_mixin.py:149} INFO - [2023-06-13T11:39:04.207+0200] {dag.py:3486} INFO - Setting next_dagrun for example_params_trigger_ui to None, run_after=None
[2023-06-13T11:39:04.226+0200] {processor.py:179} INFO - Processing /Users/simba/Documents/Converteo/cas_airflow1/env/lib/python3.11/site-packages/airflow/example_dags/example_params_trigger_ui.py took 0.823 seconds
[2023-06-13T11:46:23.720+0200] {processor.py:157} INFO - Started process (PID=71262) to work on /Users/simba/Documents/Converteo/cas_airflow1/env/lib/python3.11/site-packages/airflow/example_dags/example_params_trigger_ui.py
[2023-06-13T11:46:23.725+0200] {processor.py:826} INFO - Processing file /Users/simba/Documents/Converteo/cas_airflow1/env/lib/python3.11/site-packages/airflow/example_dags/example_params_trigger_ui.py for tasks to queue
[2023-06-13T11:46:23.726+0200] {logging_mixin.py:149} INFO - [2023-06-13T11:46:23.726+0200] {dagbag.py:541} INFO - Filling up the DagBag from /Users/simba/Documents/Converteo/cas_airflow1/env/lib/python3.11/site-packages/airflow/example_dags/example_params_trigger_ui.py
[2023-06-13T11:46:23.903+0200] {processor.py:836} INFO - DAG(s) dict_keys(['example_params_trigger_ui']) retrieved from /Users/simba/Documents/Converteo/cas_airflow1/env/lib/python3.11/site-packages/airflow/example_dags/example_params_trigger_ui.py
[2023-06-13T11:46:25.098+0200] {logging_mixin.py:149} INFO - [2023-06-13T11:46:25.098+0200] {dag.py:2726} INFO - Sync 1 DAGs
[2023-06-13T11:46:25.230+0200] {logging_mixin.py:149} INFO - [2023-06-13T11:46:25.230+0200] {dag.py:3486} INFO - Setting next_dagrun for example_params_trigger_ui to None, run_after=None
[2023-06-13T11:46:25.269+0200] {processor.py:179} INFO - Processing /Users/simba/Documents/Converteo/cas_airflow1/env/lib/python3.11/site-packages/airflow/example_dags/example_params_trigger_ui.py took 1.550 seconds
[2023-06-13T11:48:49.944+0200] {processor.py:157} INFO - Started process (PID=71687) to work on /Users/simba/Documents/Converteo/cas_airflow1/env/lib/python3.11/site-packages/airflow/example_dags/example_params_trigger_ui.py
[2023-06-13T11:48:49.950+0200] {processor.py:826} INFO - Processing file /Users/simba/Documents/Converteo/cas_airflow1/env/lib/python3.11/site-packages/airflow/example_dags/example_params_trigger_ui.py for tasks to queue
[2023-06-13T11:48:49.953+0200] {logging_mixin.py:149} INFO - [2023-06-13T11:48:49.951+0200] {dagbag.py:541} INFO - Filling up the DagBag from /Users/simba/Documents/Converteo/cas_airflow1/env/lib/python3.11/site-packages/airflow/example_dags/example_params_trigger_ui.py
[2023-06-13T11:48:50.053+0200] {processor.py:836} INFO - DAG(s) dict_keys(['example_params_trigger_ui']) retrieved from /Users/simba/Documents/Converteo/cas_airflow1/env/lib/python3.11/site-packages/airflow/example_dags/example_params_trigger_ui.py
[2023-06-13T11:48:50.758+0200] {logging_mixin.py:149} INFO - [2023-06-13T11:48:50.758+0200] {dag.py:2726} INFO - Sync 1 DAGs
[2023-06-13T11:48:50.835+0200] {logging_mixin.py:149} INFO - [2023-06-13T11:48:50.835+0200] {dag.py:3486} INFO - Setting next_dagrun for example_params_trigger_ui to None, run_after=None
[2023-06-13T11:48:50.853+0200] {processor.py:179} INFO - Processing /Users/simba/Documents/Converteo/cas_airflow1/env/lib/python3.11/site-packages/airflow/example_dags/example_params_trigger_ui.py took 0.910 seconds
