[2023-06-13T11:34:11.638+0200] {processor.py:157} INFO - Started process (PID=69100) to work on /Users/simba/Documents/Converteo/cas_airflow1/env/lib/python3.11/site-packages/airflow/example_dags/example_bash_operator.py
[2023-06-13T11:34:11.642+0200] {processor.py:826} INFO - Processing file /Users/simba/Documents/Converteo/cas_airflow1/env/lib/python3.11/site-packages/airflow/example_dags/example_bash_operator.py for tasks to queue
[2023-06-13T11:34:11.643+0200] {logging_mixin.py:149} INFO - [2023-06-13T11:34:11.642+0200] {dagbag.py:541} INFO - Filling up the DagBag from /Users/simba/Documents/Converteo/cas_airflow1/env/lib/python3.11/site-packages/airflow/example_dags/example_bash_operator.py
[2023-06-13T11:34:11.692+0200] {processor.py:836} INFO - DAG(s) dict_keys(['example_bash_operator']) retrieved from /Users/simba/Documents/Converteo/cas_airflow1/env/lib/python3.11/site-packages/airflow/example_dags/example_bash_operator.py
[2023-06-13T11:34:12.480+0200] {logging_mixin.py:149} INFO - [2023-06-13T11:34:12.480+0200] {manager.py:504} INFO - Created Permission View: can read on DAG:example_bash_operator
[2023-06-13T11:34:12.487+0200] {logging_mixin.py:149} INFO - [2023-06-13T11:34:12.487+0200] {manager.py:504} INFO - Created Permission View: can edit on DAG:example_bash_operator
[2023-06-13T11:34:12.493+0200] {logging_mixin.py:149} INFO - [2023-06-13T11:34:12.493+0200] {manager.py:504} INFO - Created Permission View: can delete on DAG:example_bash_operator
[2023-06-13T11:34:12.493+0200] {logging_mixin.py:149} INFO - [2023-06-13T11:34:12.493+0200] {dag.py:2726} INFO - Sync 1 DAGs
[2023-06-13T11:34:12.504+0200] {logging_mixin.py:149} INFO - [2023-06-13T11:34:12.504+0200] {dag.py:2747} INFO - Creating ORM DAG for example_bash_operator
[2023-06-13T11:34:12.511+0200] {logging_mixin.py:149} INFO - [2023-06-13T11:34:12.511+0200] {dag.py:3486} INFO - Setting next_dagrun for example_bash_operator to 2023-06-12T00:00:00+00:00, run_after=2023-06-13T00:00:00+00:00
[2023-06-13T11:34:12.530+0200] {processor.py:179} INFO - Processing /Users/simba/Documents/Converteo/cas_airflow1/env/lib/python3.11/site-packages/airflow/example_dags/example_bash_operator.py took 0.893 seconds
[2023-06-13T11:37:39.915+0200] {processor.py:157} INFO - Started process (PID=69616) to work on /Users/simba/Documents/Converteo/cas_airflow1/env/lib/python3.11/site-packages/airflow/example_dags/example_bash_operator.py
[2023-06-13T11:37:39.918+0200] {processor.py:826} INFO - Processing file /Users/simba/Documents/Converteo/cas_airflow1/env/lib/python3.11/site-packages/airflow/example_dags/example_bash_operator.py for tasks to queue
[2023-06-13T11:37:39.919+0200] {logging_mixin.py:149} INFO - [2023-06-13T11:37:39.918+0200] {dagbag.py:541} INFO - Filling up the DagBag from /Users/simba/Documents/Converteo/cas_airflow1/env/lib/python3.11/site-packages/airflow/example_dags/example_bash_operator.py
[2023-06-13T11:37:39.964+0200] {processor.py:836} INFO - DAG(s) dict_keys(['example_bash_operator']) retrieved from /Users/simba/Documents/Converteo/cas_airflow1/env/lib/python3.11/site-packages/airflow/example_dags/example_bash_operator.py
[2023-06-13T11:37:40.607+0200] {logging_mixin.py:149} INFO - [2023-06-13T11:37:40.606+0200] {dag.py:2726} INFO - Sync 1 DAGs
[2023-06-13T11:37:40.623+0200] {logging_mixin.py:149} INFO - [2023-06-13T11:37:40.623+0200] {dag.py:3486} INFO - Setting next_dagrun for example_bash_operator to 2023-06-12T00:00:00+00:00, run_after=2023-06-13T00:00:00+00:00
[2023-06-13T11:37:40.642+0200] {processor.py:179} INFO - Processing /Users/simba/Documents/Converteo/cas_airflow1/env/lib/python3.11/site-packages/airflow/example_dags/example_bash_operator.py took 0.727 seconds
[2023-06-13T11:41:06.722+0200] {processor.py:157} INFO - Started process (PID=70138) to work on /Users/simba/Documents/Converteo/cas_airflow1/env/lib/python3.11/site-packages/airflow/example_dags/example_bash_operator.py
[2023-06-13T11:41:06.726+0200] {processor.py:826} INFO - Processing file /Users/simba/Documents/Converteo/cas_airflow1/env/lib/python3.11/site-packages/airflow/example_dags/example_bash_operator.py for tasks to queue
[2023-06-13T11:41:06.727+0200] {logging_mixin.py:149} INFO - [2023-06-13T11:41:06.727+0200] {dagbag.py:541} INFO - Filling up the DagBag from /Users/simba/Documents/Converteo/cas_airflow1/env/lib/python3.11/site-packages/airflow/example_dags/example_bash_operator.py
[2023-06-13T11:41:06.787+0200] {processor.py:836} INFO - DAG(s) dict_keys(['example_bash_operator']) retrieved from /Users/simba/Documents/Converteo/cas_airflow1/env/lib/python3.11/site-packages/airflow/example_dags/example_bash_operator.py
[2023-06-13T11:41:07.487+0200] {logging_mixin.py:149} INFO - [2023-06-13T11:41:07.487+0200] {dag.py:2726} INFO - Sync 1 DAGs
[2023-06-13T11:41:07.504+0200] {logging_mixin.py:149} INFO - [2023-06-13T11:41:07.504+0200] {dag.py:3486} INFO - Setting next_dagrun for example_bash_operator to 2023-06-12T00:00:00+00:00, run_after=2023-06-13T00:00:00+00:00
[2023-06-13T11:41:07.523+0200] {processor.py:179} INFO - Processing /Users/simba/Documents/Converteo/cas_airflow1/env/lib/python3.11/site-packages/airflow/example_dags/example_bash_operator.py took 0.803 seconds
[2023-06-13T11:47:14.560+0200] {processor.py:157} INFO - Started process (PID=71384) to work on /Users/simba/Documents/Converteo/cas_airflow1/env/lib/python3.11/site-packages/airflow/example_dags/example_bash_operator.py
[2023-06-13T11:47:14.564+0200] {processor.py:826} INFO - Processing file /Users/simba/Documents/Converteo/cas_airflow1/env/lib/python3.11/site-packages/airflow/example_dags/example_bash_operator.py for tasks to queue
[2023-06-13T11:47:14.565+0200] {logging_mixin.py:149} INFO - [2023-06-13T11:47:14.565+0200] {dagbag.py:541} INFO - Filling up the DagBag from /Users/simba/Documents/Converteo/cas_airflow1/env/lib/python3.11/site-packages/airflow/example_dags/example_bash_operator.py
[2023-06-13T11:47:14.610+0200] {processor.py:836} INFO - DAG(s) dict_keys(['example_bash_operator']) retrieved from /Users/simba/Documents/Converteo/cas_airflow1/env/lib/python3.11/site-packages/airflow/example_dags/example_bash_operator.py
[2023-06-13T11:47:15.305+0200] {logging_mixin.py:149} INFO - [2023-06-13T11:47:15.305+0200] {dag.py:2726} INFO - Sync 1 DAGs
[2023-06-13T11:47:15.323+0200] {logging_mixin.py:149} INFO - [2023-06-13T11:47:15.323+0200] {dag.py:3486} INFO - Setting next_dagrun for example_bash_operator to 2023-06-12T00:00:00+00:00, run_after=2023-06-13T00:00:00+00:00
[2023-06-13T11:47:15.353+0200] {processor.py:179} INFO - Processing /Users/simba/Documents/Converteo/cas_airflow1/env/lib/python3.11/site-packages/airflow/example_dags/example_bash_operator.py took 0.794 seconds
