[2023-06-13T11:32:22.523+0200] {processor.py:157} INFO - Started process (PID=68830) to work on /Users/simba/Documents/Converteo/cas_airflow1/env/lib/python3.11/site-packages/airflow/example_dags/example_xcom.py
[2023-06-13T11:32:22.526+0200] {processor.py:826} INFO - Processing file /Users/simba/Documents/Converteo/cas_airflow1/env/lib/python3.11/site-packages/airflow/example_dags/example_xcom.py for tasks to queue
[2023-06-13T11:32:22.527+0200] {logging_mixin.py:149} INFO - [2023-06-13T11:32:22.527+0200] {dagbag.py:541} INFO - Filling up the DagBag from /Users/simba/Documents/Converteo/cas_airflow1/env/lib/python3.11/site-packages/airflow/example_dags/example_xcom.py
[2023-06-13T11:32:22.581+0200] {processor.py:836} INFO - DAG(s) dict_keys(['example_xcom']) retrieved from /Users/simba/Documents/Converteo/cas_airflow1/env/lib/python3.11/site-packages/airflow/example_dags/example_xcom.py
[2023-06-13T11:32:23.493+0200] {logging_mixin.py:149} INFO - [2023-06-13T11:32:23.493+0200] {manager.py:504} INFO - Created Permission View: can edit on DAG:example_xcom
[2023-06-13T11:32:23.501+0200] {logging_mixin.py:149} INFO - [2023-06-13T11:32:23.500+0200] {manager.py:504} INFO - Created Permission View: can read on DAG:example_xcom
[2023-06-13T11:32:23.506+0200] {logging_mixin.py:149} INFO - [2023-06-13T11:32:23.506+0200] {manager.py:504} INFO - Created Permission View: can delete on DAG:example_xcom
[2023-06-13T11:32:23.507+0200] {logging_mixin.py:149} INFO - [2023-06-13T11:32:23.506+0200] {dag.py:2726} INFO - Sync 1 DAGs
[2023-06-13T11:32:23.515+0200] {logging_mixin.py:149} INFO - [2023-06-13T11:32:23.515+0200] {dag.py:2747} INFO - Creating ORM DAG for example_xcom
[2023-06-13T11:32:23.524+0200] {logging_mixin.py:149} INFO - [2023-06-13T11:32:23.524+0200] {dag.py:3486} INFO - Setting next_dagrun for example_xcom to 2021-01-01T00:00:00+00:00, run_after=2021-01-01T00:00:00+00:00
[2023-06-13T11:32:23.543+0200] {processor.py:179} INFO - Processing /Users/simba/Documents/Converteo/cas_airflow1/env/lib/python3.11/site-packages/airflow/example_dags/example_xcom.py took 1.021 seconds
[2023-06-13T11:34:43.775+0200] {processor.py:157} INFO - Started process (PID=69178) to work on /Users/simba/Documents/Converteo/cas_airflow1/env/lib/python3.11/site-packages/airflow/example_dags/example_xcom.py
[2023-06-13T11:34:43.779+0200] {processor.py:826} INFO - Processing file /Users/simba/Documents/Converteo/cas_airflow1/env/lib/python3.11/site-packages/airflow/example_dags/example_xcom.py for tasks to queue
[2023-06-13T11:34:43.779+0200] {logging_mixin.py:149} INFO - [2023-06-13T11:34:43.779+0200] {dagbag.py:541} INFO - Filling up the DagBag from /Users/simba/Documents/Converteo/cas_airflow1/env/lib/python3.11/site-packages/airflow/example_dags/example_xcom.py
[2023-06-13T11:34:43.828+0200] {processor.py:836} INFO - DAG(s) dict_keys(['example_xcom']) retrieved from /Users/simba/Documents/Converteo/cas_airflow1/env/lib/python3.11/site-packages/airflow/example_dags/example_xcom.py
[2023-06-13T11:34:44.480+0200] {logging_mixin.py:149} INFO - [2023-06-13T11:34:44.480+0200] {dag.py:2726} INFO - Sync 1 DAGs
[2023-06-13T11:34:44.495+0200] {logging_mixin.py:149} INFO - [2023-06-13T11:34:44.495+0200] {dag.py:3486} INFO - Setting next_dagrun for example_xcom to 2021-01-01T00:00:00+00:00, run_after=2021-01-01T00:00:00+00:00
[2023-06-13T11:34:44.512+0200] {processor.py:179} INFO - Processing /Users/simba/Documents/Converteo/cas_airflow1/env/lib/python3.11/site-packages/airflow/example_dags/example_xcom.py took 0.737 seconds
[2023-06-13T11:36:30.811+0200] {processor.py:157} INFO - Started process (PID=69446) to work on /Users/simba/Documents/Converteo/cas_airflow1/env/lib/python3.11/site-packages/airflow/example_dags/example_xcom.py
[2023-06-13T11:36:30.815+0200] {processor.py:826} INFO - Processing file /Users/simba/Documents/Converteo/cas_airflow1/env/lib/python3.11/site-packages/airflow/example_dags/example_xcom.py for tasks to queue
[2023-06-13T11:36:30.816+0200] {logging_mixin.py:149} INFO - [2023-06-13T11:36:30.815+0200] {dagbag.py:541} INFO - Filling up the DagBag from /Users/simba/Documents/Converteo/cas_airflow1/env/lib/python3.11/site-packages/airflow/example_dags/example_xcom.py
[2023-06-13T11:36:30.877+0200] {processor.py:836} INFO - DAG(s) dict_keys(['example_xcom']) retrieved from /Users/simba/Documents/Converteo/cas_airflow1/env/lib/python3.11/site-packages/airflow/example_dags/example_xcom.py
[2023-06-13T11:36:31.514+0200] {logging_mixin.py:149} INFO - [2023-06-13T11:36:31.514+0200] {dag.py:2726} INFO - Sync 1 DAGs
[2023-06-13T11:36:31.529+0200] {logging_mixin.py:149} INFO - [2023-06-13T11:36:31.529+0200] {dag.py:3486} INFO - Setting next_dagrun for example_xcom to 2021-01-01T00:00:00+00:00, run_after=2021-01-01T00:00:00+00:00
[2023-06-13T11:36:31.548+0200] {processor.py:179} INFO - Processing /Users/simba/Documents/Converteo/cas_airflow1/env/lib/python3.11/site-packages/airflow/example_dags/example_xcom.py took 0.737 seconds
[2023-06-13T11:38:12.638+0200] {processor.py:157} INFO - Started process (PID=69701) to work on /Users/simba/Documents/Converteo/cas_airflow1/env/lib/python3.11/site-packages/airflow/example_dags/example_xcom.py
[2023-06-13T11:38:12.641+0200] {processor.py:826} INFO - Processing file /Users/simba/Documents/Converteo/cas_airflow1/env/lib/python3.11/site-packages/airflow/example_dags/example_xcom.py for tasks to queue
[2023-06-13T11:38:12.642+0200] {logging_mixin.py:149} INFO - [2023-06-13T11:38:12.641+0200] {dagbag.py:541} INFO - Filling up the DagBag from /Users/simba/Documents/Converteo/cas_airflow1/env/lib/python3.11/site-packages/airflow/example_dags/example_xcom.py
[2023-06-13T11:38:12.691+0200] {processor.py:836} INFO - DAG(s) dict_keys(['example_xcom']) retrieved from /Users/simba/Documents/Converteo/cas_airflow1/env/lib/python3.11/site-packages/airflow/example_dags/example_xcom.py
[2023-06-13T11:38:13.338+0200] {logging_mixin.py:149} INFO - [2023-06-13T11:38:13.338+0200] {dag.py:2726} INFO - Sync 1 DAGs
[2023-06-13T11:38:13.354+0200] {logging_mixin.py:149} INFO - [2023-06-13T11:38:13.354+0200] {dag.py:3486} INFO - Setting next_dagrun for example_xcom to 2021-01-01T00:00:00+00:00, run_after=2021-01-01T00:00:00+00:00
[2023-06-13T11:38:13.372+0200] {processor.py:179} INFO - Processing /Users/simba/Documents/Converteo/cas_airflow1/env/lib/python3.11/site-packages/airflow/example_dags/example_xcom.py took 0.735 seconds
[2023-06-13T11:39:55.242+0200] {processor.py:157} INFO - Started process (PID=69976) to work on /Users/simba/Documents/Converteo/cas_airflow1/env/lib/python3.11/site-packages/airflow/example_dags/example_xcom.py
[2023-06-13T11:39:55.246+0200] {processor.py:826} INFO - Processing file /Users/simba/Documents/Converteo/cas_airflow1/env/lib/python3.11/site-packages/airflow/example_dags/example_xcom.py for tasks to queue
[2023-06-13T11:39:55.247+0200] {logging_mixin.py:149} INFO - [2023-06-13T11:39:55.247+0200] {dagbag.py:541} INFO - Filling up the DagBag from /Users/simba/Documents/Converteo/cas_airflow1/env/lib/python3.11/site-packages/airflow/example_dags/example_xcom.py
[2023-06-13T11:39:55.296+0200] {processor.py:836} INFO - DAG(s) dict_keys(['example_xcom']) retrieved from /Users/simba/Documents/Converteo/cas_airflow1/env/lib/python3.11/site-packages/airflow/example_dags/example_xcom.py
[2023-06-13T11:39:55.952+0200] {logging_mixin.py:149} INFO - [2023-06-13T11:39:55.951+0200] {dag.py:2726} INFO - Sync 1 DAGs
[2023-06-13T11:39:55.970+0200] {logging_mixin.py:149} INFO - [2023-06-13T11:39:55.969+0200] {dag.py:3486} INFO - Setting next_dagrun for example_xcom to 2021-01-01T00:00:00+00:00, run_after=2021-01-01T00:00:00+00:00
[2023-06-13T11:39:55.989+0200] {processor.py:179} INFO - Processing /Users/simba/Documents/Converteo/cas_airflow1/env/lib/python3.11/site-packages/airflow/example_dags/example_xcom.py took 0.748 seconds
[2023-06-13T11:44:16.575+0200] {processor.py:157} INFO - Started process (PID=70861) to work on /Users/simba/Documents/Converteo/cas_airflow1/env/lib/python3.11/site-packages/airflow/example_dags/example_xcom.py
[2023-06-13T11:44:16.580+0200] {processor.py:826} INFO - Processing file /Users/simba/Documents/Converteo/cas_airflow1/env/lib/python3.11/site-packages/airflow/example_dags/example_xcom.py for tasks to queue
[2023-06-13T11:44:16.581+0200] {logging_mixin.py:149} INFO - [2023-06-13T11:44:16.581+0200] {dagbag.py:541} INFO - Filling up the DagBag from /Users/simba/Documents/Converteo/cas_airflow1/env/lib/python3.11/site-packages/airflow/example_dags/example_xcom.py
[2023-06-13T11:44:16.656+0200] {processor.py:836} INFO - DAG(s) dict_keys(['example_xcom']) retrieved from /Users/simba/Documents/Converteo/cas_airflow1/env/lib/python3.11/site-packages/airflow/example_dags/example_xcom.py
[2023-06-13T11:44:17.630+0200] {logging_mixin.py:149} INFO - [2023-06-13T11:44:17.629+0200] {dag.py:2726} INFO - Sync 1 DAGs
[2023-06-13T11:44:17.671+0200] {logging_mixin.py:149} INFO - [2023-06-13T11:44:17.671+0200] {dag.py:3486} INFO - Setting next_dagrun for example_xcom to 2021-01-01T00:00:00+00:00, run_after=2021-01-01T00:00:00+00:00
[2023-06-13T11:44:17.705+0200] {processor.py:179} INFO - Processing /Users/simba/Documents/Converteo/cas_airflow1/env/lib/python3.11/site-packages/airflow/example_dags/example_xcom.py took 1.130 seconds
[2023-06-13T11:45:11.627+0200] {processor.py:157} INFO - Started process (PID=71050) to work on /Users/simba/Documents/Converteo/cas_airflow1/env/lib/python3.11/site-packages/airflow/example_dags/example_xcom.py
[2023-06-13T11:45:11.631+0200] {processor.py:826} INFO - Processing file /Users/simba/Documents/Converteo/cas_airflow1/env/lib/python3.11/site-packages/airflow/example_dags/example_xcom.py for tasks to queue
[2023-06-13T11:45:11.632+0200] {logging_mixin.py:149} INFO - [2023-06-13T11:45:11.632+0200] {dagbag.py:541} INFO - Filling up the DagBag from /Users/simba/Documents/Converteo/cas_airflow1/env/lib/python3.11/site-packages/airflow/example_dags/example_xcom.py
[2023-06-13T11:45:11.682+0200] {processor.py:836} INFO - DAG(s) dict_keys(['example_xcom']) retrieved from /Users/simba/Documents/Converteo/cas_airflow1/env/lib/python3.11/site-packages/airflow/example_dags/example_xcom.py
[2023-06-13T11:45:12.417+0200] {logging_mixin.py:149} INFO - [2023-06-13T11:45:12.416+0200] {dag.py:2726} INFO - Sync 1 DAGs
[2023-06-13T11:45:12.434+0200] {logging_mixin.py:149} INFO - [2023-06-13T11:45:12.434+0200] {dag.py:3486} INFO - Setting next_dagrun for example_xcom to 2021-01-01T00:00:00+00:00, run_after=2021-01-01T00:00:00+00:00
[2023-06-13T11:45:12.457+0200] {processor.py:179} INFO - Processing /Users/simba/Documents/Converteo/cas_airflow1/env/lib/python3.11/site-packages/airflow/example_dags/example_xcom.py took 0.831 seconds
[2023-06-13T11:47:49.533+0200] {processor.py:157} INFO - Started process (PID=71468) to work on /Users/simba/Documents/Converteo/cas_airflow1/env/lib/python3.11/site-packages/airflow/example_dags/example_xcom.py
[2023-06-13T11:47:49.537+0200] {processor.py:826} INFO - Processing file /Users/simba/Documents/Converteo/cas_airflow1/env/lib/python3.11/site-packages/airflow/example_dags/example_xcom.py for tasks to queue
[2023-06-13T11:47:49.538+0200] {logging_mixin.py:149} INFO - [2023-06-13T11:47:49.538+0200] {dagbag.py:541} INFO - Filling up the DagBag from /Users/simba/Documents/Converteo/cas_airflow1/env/lib/python3.11/site-packages/airflow/example_dags/example_xcom.py
[2023-06-13T11:47:49.588+0200] {processor.py:836} INFO - DAG(s) dict_keys(['example_xcom']) retrieved from /Users/simba/Documents/Converteo/cas_airflow1/env/lib/python3.11/site-packages/airflow/example_dags/example_xcom.py
[2023-06-13T11:47:50.437+0200] {logging_mixin.py:149} INFO - [2023-06-13T11:47:50.437+0200] {dag.py:2726} INFO - Sync 1 DAGs
[2023-06-13T11:47:50.453+0200] {logging_mixin.py:149} INFO - [2023-06-13T11:47:50.453+0200] {dag.py:3486} INFO - Setting next_dagrun for example_xcom to 2021-01-01T00:00:00+00:00, run_after=2021-01-01T00:00:00+00:00
[2023-06-13T11:47:50.473+0200] {processor.py:179} INFO - Processing /Users/simba/Documents/Converteo/cas_airflow1/env/lib/python3.11/site-packages/airflow/example_dags/example_xcom.py took 0.941 seconds
[2023-06-13T11:49:49.608+0200] {processor.py:157} INFO - Started process (PID=71834) to work on /Users/simba/Documents/Converteo/cas_airflow1/env/lib/python3.11/site-packages/airflow/example_dags/example_xcom.py
[2023-06-13T11:49:49.612+0200] {processor.py:826} INFO - Processing file /Users/simba/Documents/Converteo/cas_airflow1/env/lib/python3.11/site-packages/airflow/example_dags/example_xcom.py for tasks to queue
[2023-06-13T11:49:49.613+0200] {logging_mixin.py:149} INFO - [2023-06-13T11:49:49.613+0200] {dagbag.py:541} INFO - Filling up the DagBag from /Users/simba/Documents/Converteo/cas_airflow1/env/lib/python3.11/site-packages/airflow/example_dags/example_xcom.py
[2023-06-13T11:49:49.664+0200] {processor.py:836} INFO - DAG(s) dict_keys(['example_xcom']) retrieved from /Users/simba/Documents/Converteo/cas_airflow1/env/lib/python3.11/site-packages/airflow/example_dags/example_xcom.py
[2023-06-13T11:49:50.338+0200] {logging_mixin.py:149} INFO - [2023-06-13T11:49:50.337+0200] {dag.py:2726} INFO - Sync 1 DAGs
[2023-06-13T11:49:50.351+0200] {logging_mixin.py:149} INFO - [2023-06-13T11:49:50.351+0200] {dag.py:3486} INFO - Setting next_dagrun for example_xcom to 2021-01-01T00:00:00+00:00, run_after=2021-01-01T00:00:00+00:00
[2023-06-13T11:49:50.370+0200] {processor.py:179} INFO - Processing /Users/simba/Documents/Converteo/cas_airflow1/env/lib/python3.11/site-packages/airflow/example_dags/example_xcom.py took 0.762 seconds
