[2023-06-13T11:33:59.323+0200] {processor.py:157} INFO - Started process (PID=69071) to work on /Users/simba/Documents/Converteo/cas_airflow1/env/lib/python3.11/site-packages/airflow/example_dags/example_branch_operator.py
[2023-06-13T11:33:59.326+0200] {processor.py:826} INFO - Processing file /Users/simba/Documents/Converteo/cas_airflow1/env/lib/python3.11/site-packages/airflow/example_dags/example_branch_operator.py for tasks to queue
[2023-06-13T11:33:59.327+0200] {logging_mixin.py:149} INFO - [2023-06-13T11:33:59.327+0200] {dagbag.py:541} INFO - Filling up the DagBag from /Users/simba/Documents/Converteo/cas_airflow1/env/lib/python3.11/site-packages/airflow/example_dags/example_branch_operator.py
[2023-06-13T11:33:59.362+0200] {processor.py:836} INFO - DAG(s) dict_keys(['example_branch_operator']) retrieved from /Users/simba/Documents/Converteo/cas_airflow1/env/lib/python3.11/site-packages/airflow/example_dags/example_branch_operator.py
[2023-06-13T11:34:00.278+0200] {logging_mixin.py:149} INFO - [2023-06-13T11:34:00.277+0200] {manager.py:504} INFO - Created Permission View: can edit on DAG:example_branch_operator
[2023-06-13T11:34:00.286+0200] {logging_mixin.py:149} INFO - [2023-06-13T11:34:00.286+0200] {manager.py:504} INFO - Created Permission View: can read on DAG:example_branch_operator
[2023-06-13T11:34:00.292+0200] {logging_mixin.py:149} INFO - [2023-06-13T11:34:00.292+0200] {manager.py:504} INFO - Created Permission View: can delete on DAG:example_branch_operator
[2023-06-13T11:34:00.292+0200] {logging_mixin.py:149} INFO - [2023-06-13T11:34:00.292+0200] {dag.py:2726} INFO - Sync 1 DAGs
[2023-06-13T11:34:00.302+0200] {logging_mixin.py:149} INFO - [2023-06-13T11:34:00.301+0200] {dag.py:2747} INFO - Creating ORM DAG for example_branch_operator
[2023-06-13T11:34:00.310+0200] {logging_mixin.py:149} INFO - [2023-06-13T11:34:00.310+0200] {dag.py:3486} INFO - Setting next_dagrun for example_branch_operator to 2023-06-12T00:00:00+00:00, run_after=2023-06-13T00:00:00+00:00
[2023-06-13T11:34:00.330+0200] {processor.py:179} INFO - Processing /Users/simba/Documents/Converteo/cas_airflow1/env/lib/python3.11/site-packages/airflow/example_dags/example_branch_operator.py took 1.007 seconds
[2023-06-13T11:37:27.944+0200] {processor.py:157} INFO - Started process (PID=69574) to work on /Users/simba/Documents/Converteo/cas_airflow1/env/lib/python3.11/site-packages/airflow/example_dags/example_branch_operator.py
[2023-06-13T11:37:27.948+0200] {processor.py:826} INFO - Processing file /Users/simba/Documents/Converteo/cas_airflow1/env/lib/python3.11/site-packages/airflow/example_dags/example_branch_operator.py for tasks to queue
[2023-06-13T11:37:27.949+0200] {logging_mixin.py:149} INFO - [2023-06-13T11:37:27.949+0200] {dagbag.py:541} INFO - Filling up the DagBag from /Users/simba/Documents/Converteo/cas_airflow1/env/lib/python3.11/site-packages/airflow/example_dags/example_branch_operator.py
[2023-06-13T11:37:27.986+0200] {processor.py:836} INFO - DAG(s) dict_keys(['example_branch_operator']) retrieved from /Users/simba/Documents/Converteo/cas_airflow1/env/lib/python3.11/site-packages/airflow/example_dags/example_branch_operator.py
[2023-06-13T11:37:28.639+0200] {logging_mixin.py:149} INFO - [2023-06-13T11:37:28.639+0200] {dag.py:2726} INFO - Sync 1 DAGs
[2023-06-13T11:37:28.655+0200] {logging_mixin.py:149} INFO - [2023-06-13T11:37:28.655+0200] {dag.py:3486} INFO - Setting next_dagrun for example_branch_operator to 2023-06-12T00:00:00+00:00, run_after=2023-06-13T00:00:00+00:00
[2023-06-13T11:37:28.673+0200] {processor.py:179} INFO - Processing /Users/simba/Documents/Converteo/cas_airflow1/env/lib/python3.11/site-packages/airflow/example_dags/example_branch_operator.py took 0.730 seconds
[2023-06-13T11:40:54.504+0200] {processor.py:157} INFO - Started process (PID=70111) to work on /Users/simba/Documents/Converteo/cas_airflow1/env/lib/python3.11/site-packages/airflow/example_dags/example_branch_operator.py
[2023-06-13T11:40:54.508+0200] {processor.py:826} INFO - Processing file /Users/simba/Documents/Converteo/cas_airflow1/env/lib/python3.11/site-packages/airflow/example_dags/example_branch_operator.py for tasks to queue
[2023-06-13T11:40:54.509+0200] {logging_mixin.py:149} INFO - [2023-06-13T11:40:54.508+0200] {dagbag.py:541} INFO - Filling up the DagBag from /Users/simba/Documents/Converteo/cas_airflow1/env/lib/python3.11/site-packages/airflow/example_dags/example_branch_operator.py
[2023-06-13T11:40:54.545+0200] {processor.py:836} INFO - DAG(s) dict_keys(['example_branch_operator']) retrieved from /Users/simba/Documents/Converteo/cas_airflow1/env/lib/python3.11/site-packages/airflow/example_dags/example_branch_operator.py
[2023-06-13T11:40:55.184+0200] {logging_mixin.py:149} INFO - [2023-06-13T11:40:55.183+0200] {dag.py:2726} INFO - Sync 1 DAGs
[2023-06-13T11:40:55.200+0200] {logging_mixin.py:149} INFO - [2023-06-13T11:40:55.200+0200] {dag.py:3486} INFO - Setting next_dagrun for example_branch_operator to 2023-06-12T00:00:00+00:00, run_after=2023-06-13T00:00:00+00:00
[2023-06-13T11:40:55.218+0200] {processor.py:179} INFO - Processing /Users/simba/Documents/Converteo/cas_airflow1/env/lib/python3.11/site-packages/airflow/example_dags/example_branch_operator.py took 0.715 seconds
[2023-06-13T11:47:02.717+0200] {processor.py:157} INFO - Started process (PID=71357) to work on /Users/simba/Documents/Converteo/cas_airflow1/env/lib/python3.11/site-packages/airflow/example_dags/example_branch_operator.py
[2023-06-13T11:47:02.721+0200] {processor.py:826} INFO - Processing file /Users/simba/Documents/Converteo/cas_airflow1/env/lib/python3.11/site-packages/airflow/example_dags/example_branch_operator.py for tasks to queue
[2023-06-13T11:47:02.722+0200] {logging_mixin.py:149} INFO - [2023-06-13T11:47:02.721+0200] {dagbag.py:541} INFO - Filling up the DagBag from /Users/simba/Documents/Converteo/cas_airflow1/env/lib/python3.11/site-packages/airflow/example_dags/example_branch_operator.py
[2023-06-13T11:47:02.757+0200] {processor.py:836} INFO - DAG(s) dict_keys(['example_branch_operator']) retrieved from /Users/simba/Documents/Converteo/cas_airflow1/env/lib/python3.11/site-packages/airflow/example_dags/example_branch_operator.py
[2023-06-13T11:47:03.459+0200] {logging_mixin.py:149} INFO - [2023-06-13T11:47:03.458+0200] {dag.py:2726} INFO - Sync 1 DAGs
[2023-06-13T11:47:03.477+0200] {logging_mixin.py:149} INFO - [2023-06-13T11:47:03.477+0200] {dag.py:3486} INFO - Setting next_dagrun for example_branch_operator to 2023-06-12T00:00:00+00:00, run_after=2023-06-13T00:00:00+00:00
[2023-06-13T11:47:03.496+0200] {processor.py:179} INFO - Processing /Users/simba/Documents/Converteo/cas_airflow1/env/lib/python3.11/site-packages/airflow/example_dags/example_branch_operator.py took 0.780 seconds
