[2023-06-13T11:32:44.795+0200] {processor.py:157} INFO - Started process (PID=68881) to work on /Users/simba/Documents/Converteo/cas_airflow1/env/lib/python3.11/site-packages/airflow/example_dags/example_sla_dag.py
[2023-06-13T11:32:44.799+0200] {processor.py:826} INFO - Processing file /Users/simba/Documents/Converteo/cas_airflow1/env/lib/python3.11/site-packages/airflow/example_dags/example_sla_dag.py for tasks to queue
[2023-06-13T11:32:44.801+0200] {logging_mixin.py:149} INFO - [2023-06-13T11:32:44.801+0200] {dagbag.py:541} INFO - Filling up the DagBag from /Users/simba/Documents/Converteo/cas_airflow1/env/lib/python3.11/site-packages/airflow/example_dags/example_sla_dag.py
[2023-06-13T11:32:44.857+0200] {processor.py:836} INFO - DAG(s) dict_keys(['example_sla_dag']) retrieved from /Users/simba/Documents/Converteo/cas_airflow1/env/lib/python3.11/site-packages/airflow/example_dags/example_sla_dag.py
[2023-06-13T11:32:45.680+0200] {logging_mixin.py:149} INFO - [2023-06-13T11:32:45.680+0200] {manager.py:504} INFO - Created Permission View: can read on DAG:example_sla_dag
[2023-06-13T11:32:45.687+0200] {logging_mixin.py:149} INFO - [2023-06-13T11:32:45.687+0200] {manager.py:504} INFO - Created Permission View: can delete on DAG:example_sla_dag
[2023-06-13T11:32:45.694+0200] {logging_mixin.py:149} INFO - [2023-06-13T11:32:45.694+0200] {manager.py:504} INFO - Created Permission View: can edit on DAG:example_sla_dag
[2023-06-13T11:32:45.695+0200] {logging_mixin.py:149} INFO - [2023-06-13T11:32:45.694+0200] {dag.py:2726} INFO - Sync 1 DAGs
[2023-06-13T11:32:45.705+0200] {logging_mixin.py:149} INFO - [2023-06-13T11:32:45.705+0200] {dag.py:2747} INFO - Creating ORM DAG for example_sla_dag
[2023-06-13T11:32:45.716+0200] {logging_mixin.py:149} INFO - [2023-06-13T11:32:45.715+0200] {dag.py:3486} INFO - Setting next_dagrun for example_sla_dag to 2023-06-13T09:30:00+00:00, run_after=2023-06-13T09:32:00+00:00
[2023-06-13T11:32:45.735+0200] {processor.py:179} INFO - Processing /Users/simba/Documents/Converteo/cas_airflow1/env/lib/python3.11/site-packages/airflow/example_dags/example_sla_dag.py took 0.941 seconds
[2023-06-13T11:35:03.833+0200] {processor.py:157} INFO - Started process (PID=69224) to work on /Users/simba/Documents/Converteo/cas_airflow1/env/lib/python3.11/site-packages/airflow/example_dags/example_sla_dag.py
[2023-06-13T11:35:03.837+0200] {processor.py:826} INFO - Processing file /Users/simba/Documents/Converteo/cas_airflow1/env/lib/python3.11/site-packages/airflow/example_dags/example_sla_dag.py for tasks to queue
[2023-06-13T11:35:03.837+0200] {logging_mixin.py:149} INFO - [2023-06-13T11:35:03.837+0200] {dagbag.py:541} INFO - Filling up the DagBag from /Users/simba/Documents/Converteo/cas_airflow1/env/lib/python3.11/site-packages/airflow/example_dags/example_sla_dag.py
[2023-06-13T11:35:03.888+0200] {processor.py:836} INFO - DAG(s) dict_keys(['example_sla_dag']) retrieved from /Users/simba/Documents/Converteo/cas_airflow1/env/lib/python3.11/site-packages/airflow/example_dags/example_sla_dag.py
[2023-06-13T11:35:04.556+0200] {logging_mixin.py:149} INFO - [2023-06-13T11:35:04.556+0200] {dag.py:2726} INFO - Sync 1 DAGs
[2023-06-13T11:35:04.575+0200] {logging_mixin.py:149} INFO - [2023-06-13T11:35:04.575+0200] {dag.py:3486} INFO - Setting next_dagrun for example_sla_dag to 2023-06-13T09:32:00+00:00, run_after=2023-06-13T09:34:00+00:00
[2023-06-13T11:35:04.596+0200] {processor.py:179} INFO - Processing /Users/simba/Documents/Converteo/cas_airflow1/env/lib/python3.11/site-packages/airflow/example_dags/example_sla_dag.py took 0.764 seconds
[2023-06-13T11:36:50.068+0200] {processor.py:157} INFO - Started process (PID=69491) to work on /Users/simba/Documents/Converteo/cas_airflow1/env/lib/python3.11/site-packages/airflow/example_dags/example_sla_dag.py
[2023-06-13T11:36:50.071+0200] {processor.py:826} INFO - Processing file /Users/simba/Documents/Converteo/cas_airflow1/env/lib/python3.11/site-packages/airflow/example_dags/example_sla_dag.py for tasks to queue
[2023-06-13T11:36:50.072+0200] {logging_mixin.py:149} INFO - [2023-06-13T11:36:50.072+0200] {dagbag.py:541} INFO - Filling up the DagBag from /Users/simba/Documents/Converteo/cas_airflow1/env/lib/python3.11/site-packages/airflow/example_dags/example_sla_dag.py
[2023-06-13T11:36:50.121+0200] {processor.py:836} INFO - DAG(s) dict_keys(['example_sla_dag']) retrieved from /Users/simba/Documents/Converteo/cas_airflow1/env/lib/python3.11/site-packages/airflow/example_dags/example_sla_dag.py
[2023-06-13T11:36:50.759+0200] {logging_mixin.py:149} INFO - [2023-06-13T11:36:50.758+0200] {dag.py:2726} INFO - Sync 1 DAGs
[2023-06-13T11:36:50.776+0200] {logging_mixin.py:149} INFO - [2023-06-13T11:36:50.776+0200] {dag.py:3486} INFO - Setting next_dagrun for example_sla_dag to 2023-06-13T09:34:00+00:00, run_after=2023-06-13T09:36:00+00:00
[2023-06-13T11:36:50.794+0200] {processor.py:179} INFO - Processing /Users/simba/Documents/Converteo/cas_airflow1/env/lib/python3.11/site-packages/airflow/example_dags/example_sla_dag.py took 0.726 seconds
[2023-06-13T11:38:33.603+0200] {processor.py:157} INFO - Started process (PID=69779) to work on /Users/simba/Documents/Converteo/cas_airflow1/env/lib/python3.11/site-packages/airflow/example_dags/example_sla_dag.py
[2023-06-13T11:38:33.606+0200] {processor.py:826} INFO - Processing file /Users/simba/Documents/Converteo/cas_airflow1/env/lib/python3.11/site-packages/airflow/example_dags/example_sla_dag.py for tasks to queue
[2023-06-13T11:38:33.607+0200] {logging_mixin.py:149} INFO - [2023-06-13T11:38:33.607+0200] {dagbag.py:541} INFO - Filling up the DagBag from /Users/simba/Documents/Converteo/cas_airflow1/env/lib/python3.11/site-packages/airflow/example_dags/example_sla_dag.py
[2023-06-13T11:38:33.662+0200] {processor.py:836} INFO - DAG(s) dict_keys(['example_sla_dag']) retrieved from /Users/simba/Documents/Converteo/cas_airflow1/env/lib/python3.11/site-packages/airflow/example_dags/example_sla_dag.py
[2023-06-13T11:38:34.461+0200] {logging_mixin.py:149} INFO - [2023-06-13T11:38:34.460+0200] {dag.py:2726} INFO - Sync 1 DAGs
[2023-06-13T11:38:34.478+0200] {logging_mixin.py:149} INFO - [2023-06-13T11:38:34.477+0200] {dag.py:3486} INFO - Setting next_dagrun for example_sla_dag to 2023-06-13T09:36:00+00:00, run_after=2023-06-13T09:38:00+00:00
[2023-06-13T11:38:34.496+0200] {processor.py:179} INFO - Processing /Users/simba/Documents/Converteo/cas_airflow1/env/lib/python3.11/site-packages/airflow/example_dags/example_sla_dag.py took 0.894 seconds
[2023-06-13T11:40:15.327+0200] {processor.py:157} INFO - Started process (PID=70021) to work on /Users/simba/Documents/Converteo/cas_airflow1/env/lib/python3.11/site-packages/airflow/example_dags/example_sla_dag.py
[2023-06-13T11:40:15.330+0200] {processor.py:826} INFO - Processing file /Users/simba/Documents/Converteo/cas_airflow1/env/lib/python3.11/site-packages/airflow/example_dags/example_sla_dag.py for tasks to queue
[2023-06-13T11:40:15.330+0200] {logging_mixin.py:149} INFO - [2023-06-13T11:40:15.330+0200] {dagbag.py:541} INFO - Filling up the DagBag from /Users/simba/Documents/Converteo/cas_airflow1/env/lib/python3.11/site-packages/airflow/example_dags/example_sla_dag.py
[2023-06-13T11:40:15.383+0200] {processor.py:836} INFO - DAG(s) dict_keys(['example_sla_dag']) retrieved from /Users/simba/Documents/Converteo/cas_airflow1/env/lib/python3.11/site-packages/airflow/example_dags/example_sla_dag.py
[2023-06-13T11:40:16.040+0200] {logging_mixin.py:149} INFO - [2023-06-13T11:40:16.039+0200] {dag.py:2726} INFO - Sync 1 DAGs
[2023-06-13T11:40:16.059+0200] {logging_mixin.py:149} INFO - [2023-06-13T11:40:16.059+0200] {dag.py:3486} INFO - Setting next_dagrun for example_sla_dag to 2023-06-13T09:38:00+00:00, run_after=2023-06-13T09:40:00+00:00
[2023-06-13T11:40:16.077+0200] {processor.py:179} INFO - Processing /Users/simba/Documents/Converteo/cas_airflow1/env/lib/python3.11/site-packages/airflow/example_dags/example_sla_dag.py took 0.751 seconds
[2023-06-13T11:45:45.007+0200] {processor.py:157} INFO - Started process (PID=71147) to work on /Users/simba/Documents/Converteo/cas_airflow1/env/lib/python3.11/site-packages/airflow/example_dags/example_sla_dag.py
[2023-06-13T11:45:45.012+0200] {processor.py:826} INFO - Processing file /Users/simba/Documents/Converteo/cas_airflow1/env/lib/python3.11/site-packages/airflow/example_dags/example_sla_dag.py for tasks to queue
[2023-06-13T11:45:45.012+0200] {logging_mixin.py:149} INFO - [2023-06-13T11:45:45.012+0200] {dagbag.py:541} INFO - Filling up the DagBag from /Users/simba/Documents/Converteo/cas_airflow1/env/lib/python3.11/site-packages/airflow/example_dags/example_sla_dag.py
[2023-06-13T11:45:45.060+0200] {processor.py:836} INFO - DAG(s) dict_keys(['example_sla_dag']) retrieved from /Users/simba/Documents/Converteo/cas_airflow1/env/lib/python3.11/site-packages/airflow/example_dags/example_sla_dag.py
[2023-06-13T11:45:45.717+0200] {logging_mixin.py:149} INFO - [2023-06-13T11:45:45.717+0200] {dag.py:2726} INFO - Sync 1 DAGs
[2023-06-13T11:45:45.734+0200] {logging_mixin.py:149} INFO - [2023-06-13T11:45:45.734+0200] {dag.py:3486} INFO - Setting next_dagrun for example_sla_dag to 2023-06-13T09:42:00+00:00, run_after=2023-06-13T09:44:00+00:00
[2023-06-13T11:45:45.753+0200] {processor.py:179} INFO - Processing /Users/simba/Documents/Converteo/cas_airflow1/env/lib/python3.11/site-packages/airflow/example_dags/example_sla_dag.py took 0.748 seconds
[2023-06-13T11:48:13.357+0200] {processor.py:157} INFO - Started process (PID=71562) to work on /Users/simba/Documents/Converteo/cas_airflow1/env/lib/python3.11/site-packages/airflow/example_dags/example_sla_dag.py
[2023-06-13T11:48:13.361+0200] {processor.py:826} INFO - Processing file /Users/simba/Documents/Converteo/cas_airflow1/env/lib/python3.11/site-packages/airflow/example_dags/example_sla_dag.py for tasks to queue
[2023-06-13T11:48:13.362+0200] {logging_mixin.py:149} INFO - [2023-06-13T11:48:13.362+0200] {dagbag.py:541} INFO - Filling up the DagBag from /Users/simba/Documents/Converteo/cas_airflow1/env/lib/python3.11/site-packages/airflow/example_dags/example_sla_dag.py
[2023-06-13T11:48:13.410+0200] {processor.py:836} INFO - DAG(s) dict_keys(['example_sla_dag']) retrieved from /Users/simba/Documents/Converteo/cas_airflow1/env/lib/python3.11/site-packages/airflow/example_dags/example_sla_dag.py
[2023-06-13T11:48:14.054+0200] {logging_mixin.py:149} INFO - [2023-06-13T11:48:14.053+0200] {dag.py:2726} INFO - Sync 1 DAGs
[2023-06-13T11:48:14.072+0200] {logging_mixin.py:149} INFO - [2023-06-13T11:48:14.072+0200] {dag.py:3486} INFO - Setting next_dagrun for example_sla_dag to 2023-06-13T09:46:00+00:00, run_after=2023-06-13T09:48:00+00:00
[2023-06-13T11:48:14.093+0200] {processor.py:179} INFO - Processing /Users/simba/Documents/Converteo/cas_airflow1/env/lib/python3.11/site-packages/airflow/example_dags/example_sla_dag.py took 0.737 seconds
