[2023-06-13T11:32:25.848+0200] {processor.py:157} INFO - Started process (PID=68841) to work on /Users/simba/Documents/Converteo/cas_airflow1/env/lib/python3.11/site-packages/airflow/example_dags/example_trigger_target_dag.py
[2023-06-13T11:32:25.852+0200] {processor.py:826} INFO - Processing file /Users/simba/Documents/Converteo/cas_airflow1/env/lib/python3.11/site-packages/airflow/example_dags/example_trigger_target_dag.py for tasks to queue
[2023-06-13T11:32:25.852+0200] {logging_mixin.py:149} INFO - [2023-06-13T11:32:25.852+0200] {dagbag.py:541} INFO - Filling up the DagBag from /Users/simba/Documents/Converteo/cas_airflow1/env/lib/python3.11/site-packages/airflow/example_dags/example_trigger_target_dag.py
[2023-06-13T11:32:25.906+0200] {processor.py:836} INFO - DAG(s) dict_keys(['example_trigger_target_dag']) retrieved from /Users/simba/Documents/Converteo/cas_airflow1/env/lib/python3.11/site-packages/airflow/example_dags/example_trigger_target_dag.py
[2023-06-13T11:32:26.746+0200] {logging_mixin.py:149} INFO - [2023-06-13T11:32:26.745+0200] {manager.py:504} INFO - Created Permission View: can read on DAG:example_trigger_target_dag
[2023-06-13T11:32:26.754+0200] {logging_mixin.py:149} INFO - [2023-06-13T11:32:26.754+0200] {manager.py:504} INFO - Created Permission View: can delete on DAG:example_trigger_target_dag
[2023-06-13T11:32:26.762+0200] {logging_mixin.py:149} INFO - [2023-06-13T11:32:26.761+0200] {manager.py:504} INFO - Created Permission View: can edit on DAG:example_trigger_target_dag
[2023-06-13T11:32:26.762+0200] {logging_mixin.py:149} INFO - [2023-06-13T11:32:26.762+0200] {dag.py:2726} INFO - Sync 1 DAGs
[2023-06-13T11:32:26.772+0200] {logging_mixin.py:149} INFO - [2023-06-13T11:32:26.771+0200] {dag.py:2747} INFO - Creating ORM DAG for example_trigger_target_dag
[2023-06-13T11:32:26.779+0200] {logging_mixin.py:149} INFO - [2023-06-13T11:32:26.779+0200] {dag.py:3486} INFO - Setting next_dagrun for example_trigger_target_dag to None, run_after=None
[2023-06-13T11:32:26.798+0200] {processor.py:179} INFO - Processing /Users/simba/Documents/Converteo/cas_airflow1/env/lib/python3.11/site-packages/airflow/example_dags/example_trigger_target_dag.py took 0.951 seconds
[2023-06-13T11:34:46.722+0200] {processor.py:157} INFO - Started process (PID=69183) to work on /Users/simba/Documents/Converteo/cas_airflow1/env/lib/python3.11/site-packages/airflow/example_dags/example_trigger_target_dag.py
[2023-06-13T11:34:46.726+0200] {processor.py:826} INFO - Processing file /Users/simba/Documents/Converteo/cas_airflow1/env/lib/python3.11/site-packages/airflow/example_dags/example_trigger_target_dag.py for tasks to queue
[2023-06-13T11:34:46.726+0200] {logging_mixin.py:149} INFO - [2023-06-13T11:34:46.726+0200] {dagbag.py:541} INFO - Filling up the DagBag from /Users/simba/Documents/Converteo/cas_airflow1/env/lib/python3.11/site-packages/airflow/example_dags/example_trigger_target_dag.py
[2023-06-13T11:34:46.775+0200] {processor.py:836} INFO - DAG(s) dict_keys(['example_trigger_target_dag']) retrieved from /Users/simba/Documents/Converteo/cas_airflow1/env/lib/python3.11/site-packages/airflow/example_dags/example_trigger_target_dag.py
[2023-06-13T11:34:47.419+0200] {logging_mixin.py:149} INFO - [2023-06-13T11:34:47.419+0200] {dag.py:2726} INFO - Sync 1 DAGs
[2023-06-13T11:34:47.434+0200] {logging_mixin.py:149} INFO - [2023-06-13T11:34:47.434+0200] {dag.py:3486} INFO - Setting next_dagrun for example_trigger_target_dag to None, run_after=None
[2023-06-13T11:34:47.452+0200] {processor.py:179} INFO - Processing /Users/simba/Documents/Converteo/cas_airflow1/env/lib/python3.11/site-packages/airflow/example_dags/example_trigger_target_dag.py took 0.731 seconds
[2023-06-13T11:36:33.891+0200] {processor.py:157} INFO - Started process (PID=69451) to work on /Users/simba/Documents/Converteo/cas_airflow1/env/lib/python3.11/site-packages/airflow/example_dags/example_trigger_target_dag.py
[2023-06-13T11:36:33.895+0200] {processor.py:826} INFO - Processing file /Users/simba/Documents/Converteo/cas_airflow1/env/lib/python3.11/site-packages/airflow/example_dags/example_trigger_target_dag.py for tasks to queue
[2023-06-13T11:36:33.895+0200] {logging_mixin.py:149} INFO - [2023-06-13T11:36:33.895+0200] {dagbag.py:541} INFO - Filling up the DagBag from /Users/simba/Documents/Converteo/cas_airflow1/env/lib/python3.11/site-packages/airflow/example_dags/example_trigger_target_dag.py
[2023-06-13T11:36:33.944+0200] {processor.py:836} INFO - DAG(s) dict_keys(['example_trigger_target_dag']) retrieved from /Users/simba/Documents/Converteo/cas_airflow1/env/lib/python3.11/site-packages/airflow/example_dags/example_trigger_target_dag.py
[2023-06-13T11:36:34.632+0200] {logging_mixin.py:149} INFO - [2023-06-13T11:36:34.632+0200] {dag.py:2726} INFO - Sync 1 DAGs
[2023-06-13T11:36:34.647+0200] {logging_mixin.py:149} INFO - [2023-06-13T11:36:34.647+0200] {dag.py:3486} INFO - Setting next_dagrun for example_trigger_target_dag to None, run_after=None
[2023-06-13T11:36:34.666+0200] {processor.py:179} INFO - Processing /Users/simba/Documents/Converteo/cas_airflow1/env/lib/python3.11/site-packages/airflow/example_dags/example_trigger_target_dag.py took 0.775 seconds
[2023-06-13T11:38:15.292+0200] {processor.py:157} INFO - Started process (PID=69710) to work on /Users/simba/Documents/Converteo/cas_airflow1/env/lib/python3.11/site-packages/airflow/example_dags/example_trigger_target_dag.py
[2023-06-13T11:38:15.295+0200] {processor.py:826} INFO - Processing file /Users/simba/Documents/Converteo/cas_airflow1/env/lib/python3.11/site-packages/airflow/example_dags/example_trigger_target_dag.py for tasks to queue
[2023-06-13T11:38:15.295+0200] {logging_mixin.py:149} INFO - [2023-06-13T11:38:15.295+0200] {dagbag.py:541} INFO - Filling up the DagBag from /Users/simba/Documents/Converteo/cas_airflow1/env/lib/python3.11/site-packages/airflow/example_dags/example_trigger_target_dag.py
[2023-06-13T11:38:15.346+0200] {processor.py:836} INFO - DAG(s) dict_keys(['example_trigger_target_dag']) retrieved from /Users/simba/Documents/Converteo/cas_airflow1/env/lib/python3.11/site-packages/airflow/example_dags/example_trigger_target_dag.py
[2023-06-13T11:38:15.977+0200] {logging_mixin.py:149} INFO - [2023-06-13T11:38:15.977+0200] {dag.py:2726} INFO - Sync 1 DAGs
[2023-06-13T11:38:15.993+0200] {logging_mixin.py:149} INFO - [2023-06-13T11:38:15.993+0200] {dag.py:3486} INFO - Setting next_dagrun for example_trigger_target_dag to None, run_after=None
[2023-06-13T11:38:16.011+0200] {processor.py:179} INFO - Processing /Users/simba/Documents/Converteo/cas_airflow1/env/lib/python3.11/site-packages/airflow/example_dags/example_trigger_target_dag.py took 0.719 seconds
[2023-06-13T11:39:58.275+0200] {processor.py:157} INFO - Started process (PID=69981) to work on /Users/simba/Documents/Converteo/cas_airflow1/env/lib/python3.11/site-packages/airflow/example_dags/example_trigger_target_dag.py
[2023-06-13T11:39:58.278+0200] {processor.py:826} INFO - Processing file /Users/simba/Documents/Converteo/cas_airflow1/env/lib/python3.11/site-packages/airflow/example_dags/example_trigger_target_dag.py for tasks to queue
[2023-06-13T11:39:58.278+0200] {logging_mixin.py:149} INFO - [2023-06-13T11:39:58.278+0200] {dagbag.py:541} INFO - Filling up the DagBag from /Users/simba/Documents/Converteo/cas_airflow1/env/lib/python3.11/site-packages/airflow/example_dags/example_trigger_target_dag.py
[2023-06-13T11:39:58.326+0200] {processor.py:836} INFO - DAG(s) dict_keys(['example_trigger_target_dag']) retrieved from /Users/simba/Documents/Converteo/cas_airflow1/env/lib/python3.11/site-packages/airflow/example_dags/example_trigger_target_dag.py
[2023-06-13T11:39:58.958+0200] {logging_mixin.py:149} INFO - [2023-06-13T11:39:58.958+0200] {dag.py:2726} INFO - Sync 1 DAGs
[2023-06-13T11:39:58.973+0200] {logging_mixin.py:149} INFO - [2023-06-13T11:39:58.973+0200] {dag.py:3486} INFO - Setting next_dagrun for example_trigger_target_dag to None, run_after=None
[2023-06-13T11:39:58.991+0200] {processor.py:179} INFO - Processing /Users/simba/Documents/Converteo/cas_airflow1/env/lib/python3.11/site-packages/airflow/example_dags/example_trigger_target_dag.py took 0.717 seconds
[2023-06-13T11:45:15.784+0200] {processor.py:157} INFO - Started process (PID=71060) to work on /Users/simba/Documents/Converteo/cas_airflow1/env/lib/python3.11/site-packages/airflow/example_dags/example_trigger_target_dag.py
[2023-06-13T11:45:15.789+0200] {processor.py:826} INFO - Processing file /Users/simba/Documents/Converteo/cas_airflow1/env/lib/python3.11/site-packages/airflow/example_dags/example_trigger_target_dag.py for tasks to queue
[2023-06-13T11:45:15.790+0200] {logging_mixin.py:149} INFO - [2023-06-13T11:45:15.790+0200] {dagbag.py:541} INFO - Filling up the DagBag from /Users/simba/Documents/Converteo/cas_airflow1/env/lib/python3.11/site-packages/airflow/example_dags/example_trigger_target_dag.py
[2023-06-13T11:45:15.912+0200] {processor.py:836} INFO - DAG(s) dict_keys(['example_trigger_target_dag']) retrieved from /Users/simba/Documents/Converteo/cas_airflow1/env/lib/python3.11/site-packages/airflow/example_dags/example_trigger_target_dag.py
[2023-06-13T11:45:16.777+0200] {logging_mixin.py:149} INFO - [2023-06-13T11:45:16.776+0200] {dag.py:2726} INFO - Sync 1 DAGs
[2023-06-13T11:45:16.795+0200] {logging_mixin.py:149} INFO - [2023-06-13T11:45:16.795+0200] {dag.py:3486} INFO - Setting next_dagrun for example_trigger_target_dag to None, run_after=None
[2023-06-13T11:45:16.816+0200] {processor.py:179} INFO - Processing /Users/simba/Documents/Converteo/cas_airflow1/env/lib/python3.11/site-packages/airflow/example_dags/example_trigger_target_dag.py took 1.033 seconds
[2023-06-13T11:47:52.947+0200] {processor.py:157} INFO - Started process (PID=71476) to work on /Users/simba/Documents/Converteo/cas_airflow1/env/lib/python3.11/site-packages/airflow/example_dags/example_trigger_target_dag.py
[2023-06-13T11:47:52.951+0200] {processor.py:826} INFO - Processing file /Users/simba/Documents/Converteo/cas_airflow1/env/lib/python3.11/site-packages/airflow/example_dags/example_trigger_target_dag.py for tasks to queue
[2023-06-13T11:47:52.952+0200] {logging_mixin.py:149} INFO - [2023-06-13T11:47:52.951+0200] {dagbag.py:541} INFO - Filling up the DagBag from /Users/simba/Documents/Converteo/cas_airflow1/env/lib/python3.11/site-packages/airflow/example_dags/example_trigger_target_dag.py
[2023-06-13T11:47:53.003+0200] {processor.py:836} INFO - DAG(s) dict_keys(['example_trigger_target_dag']) retrieved from /Users/simba/Documents/Converteo/cas_airflow1/env/lib/python3.11/site-packages/airflow/example_dags/example_trigger_target_dag.py
[2023-06-13T11:47:53.653+0200] {logging_mixin.py:149} INFO - [2023-06-13T11:47:53.653+0200] {dag.py:2726} INFO - Sync 1 DAGs
[2023-06-13T11:47:53.672+0200] {logging_mixin.py:149} INFO - [2023-06-13T11:47:53.672+0200] {dag.py:3486} INFO - Setting next_dagrun for example_trigger_target_dag to None, run_after=None
[2023-06-13T11:47:53.692+0200] {processor.py:179} INFO - Processing /Users/simba/Documents/Converteo/cas_airflow1/env/lib/python3.11/site-packages/airflow/example_dags/example_trigger_target_dag.py took 0.746 seconds
[2023-06-13T11:49:52.591+0200] {processor.py:157} INFO - Started process (PID=71839) to work on /Users/simba/Documents/Converteo/cas_airflow1/env/lib/python3.11/site-packages/airflow/example_dags/example_trigger_target_dag.py
[2023-06-13T11:49:52.595+0200] {processor.py:826} INFO - Processing file /Users/simba/Documents/Converteo/cas_airflow1/env/lib/python3.11/site-packages/airflow/example_dags/example_trigger_target_dag.py for tasks to queue
[2023-06-13T11:49:52.596+0200] {logging_mixin.py:149} INFO - [2023-06-13T11:49:52.596+0200] {dagbag.py:541} INFO - Filling up the DagBag from /Users/simba/Documents/Converteo/cas_airflow1/env/lib/python3.11/site-packages/airflow/example_dags/example_trigger_target_dag.py
[2023-06-13T11:49:52.645+0200] {processor.py:836} INFO - DAG(s) dict_keys(['example_trigger_target_dag']) retrieved from /Users/simba/Documents/Converteo/cas_airflow1/env/lib/python3.11/site-packages/airflow/example_dags/example_trigger_target_dag.py
[2023-06-13T11:49:53.311+0200] {logging_mixin.py:149} INFO - [2023-06-13T11:49:53.310+0200] {dag.py:2726} INFO - Sync 1 DAGs
[2023-06-13T11:49:53.326+0200] {logging_mixin.py:149} INFO - [2023-06-13T11:49:53.326+0200] {dag.py:3486} INFO - Setting next_dagrun for example_trigger_target_dag to None, run_after=None
[2023-06-13T11:49:53.344+0200] {processor.py:179} INFO - Processing /Users/simba/Documents/Converteo/cas_airflow1/env/lib/python3.11/site-packages/airflow/example_dags/example_trigger_target_dag.py took 0.754 seconds
