[2023-06-13T11:33:16.874+0200] {processor.py:157} INFO - Started process (PID=68967) to work on /Users/simba/Documents/Converteo/cas_airflow1/env/lib/python3.11/site-packages/airflow/example_dags/example_params_ui_tutorial.py
[2023-06-13T11:33:16.877+0200] {processor.py:826} INFO - Processing file /Users/simba/Documents/Converteo/cas_airflow1/env/lib/python3.11/site-packages/airflow/example_dags/example_params_ui_tutorial.py for tasks to queue
[2023-06-13T11:33:16.878+0200] {logging_mixin.py:149} INFO - [2023-06-13T11:33:16.878+0200] {dagbag.py:541} INFO - Filling up the DagBag from /Users/simba/Documents/Converteo/cas_airflow1/env/lib/python3.11/site-packages/airflow/example_dags/example_params_ui_tutorial.py
[2023-06-13T11:33:16.970+0200] {processor.py:836} INFO - DAG(s) dict_keys(['example_params_ui_tutorial']) retrieved from /Users/simba/Documents/Converteo/cas_airflow1/env/lib/python3.11/site-packages/airflow/example_dags/example_params_ui_tutorial.py
[2023-06-13T11:33:17.744+0200] {logging_mixin.py:149} INFO - [2023-06-13T11:33:17.743+0200] {manager.py:504} INFO - Created Permission View: can delete on DAG:example_params_ui_tutorial
[2023-06-13T11:33:17.751+0200] {logging_mixin.py:149} INFO - [2023-06-13T11:33:17.751+0200] {manager.py:504} INFO - Created Permission View: can read on DAG:example_params_ui_tutorial
[2023-06-13T11:33:17.757+0200] {logging_mixin.py:149} INFO - [2023-06-13T11:33:17.757+0200] {manager.py:504} INFO - Created Permission View: can edit on DAG:example_params_ui_tutorial
[2023-06-13T11:33:17.758+0200] {logging_mixin.py:149} INFO - [2023-06-13T11:33:17.758+0200] {dag.py:2726} INFO - Sync 1 DAGs
[2023-06-13T11:33:17.767+0200] {logging_mixin.py:149} INFO - [2023-06-13T11:33:17.767+0200] {dag.py:2747} INFO - Creating ORM DAG for example_params_ui_tutorial
[2023-06-13T11:33:17.774+0200] {logging_mixin.py:149} INFO - [2023-06-13T11:33:17.774+0200] {dag.py:3486} INFO - Setting next_dagrun for example_params_ui_tutorial to None, run_after=None
[2023-06-13T11:33:17.791+0200] {processor.py:179} INFO - Processing /Users/simba/Documents/Converteo/cas_airflow1/env/lib/python3.11/site-packages/airflow/example_dags/example_params_ui_tutorial.py took 0.918 seconds
[2023-06-13T11:35:31.606+0200] {processor.py:157} INFO - Started process (PID=69286) to work on /Users/simba/Documents/Converteo/cas_airflow1/env/lib/python3.11/site-packages/airflow/example_dags/example_params_ui_tutorial.py
[2023-06-13T11:35:31.609+0200] {processor.py:826} INFO - Processing file /Users/simba/Documents/Converteo/cas_airflow1/env/lib/python3.11/site-packages/airflow/example_dags/example_params_ui_tutorial.py for tasks to queue
[2023-06-13T11:35:31.610+0200] {logging_mixin.py:149} INFO - [2023-06-13T11:35:31.610+0200] {dagbag.py:541} INFO - Filling up the DagBag from /Users/simba/Documents/Converteo/cas_airflow1/env/lib/python3.11/site-packages/airflow/example_dags/example_params_ui_tutorial.py
[2023-06-13T11:35:31.698+0200] {processor.py:836} INFO - DAG(s) dict_keys(['example_params_ui_tutorial']) retrieved from /Users/simba/Documents/Converteo/cas_airflow1/env/lib/python3.11/site-packages/airflow/example_dags/example_params_ui_tutorial.py
[2023-06-13T11:35:32.336+0200] {logging_mixin.py:149} INFO - [2023-06-13T11:35:32.336+0200] {dag.py:2726} INFO - Sync 1 DAGs
[2023-06-13T11:35:32.407+0200] {logging_mixin.py:149} INFO - [2023-06-13T11:35:32.407+0200] {dag.py:3486} INFO - Setting next_dagrun for example_params_ui_tutorial to None, run_after=None
[2023-06-13T11:35:32.425+0200] {processor.py:179} INFO - Processing /Users/simba/Documents/Converteo/cas_airflow1/env/lib/python3.11/site-packages/airflow/example_dags/example_params_ui_tutorial.py took 0.819 seconds
[2023-06-13T11:39:00.189+0200] {processor.py:157} INFO - Started process (PID=69846) to work on /Users/simba/Documents/Converteo/cas_airflow1/env/lib/python3.11/site-packages/airflow/example_dags/example_params_ui_tutorial.py
[2023-06-13T11:39:00.192+0200] {processor.py:826} INFO - Processing file /Users/simba/Documents/Converteo/cas_airflow1/env/lib/python3.11/site-packages/airflow/example_dags/example_params_ui_tutorial.py for tasks to queue
[2023-06-13T11:39:00.193+0200] {logging_mixin.py:149} INFO - [2023-06-13T11:39:00.193+0200] {dagbag.py:541} INFO - Filling up the DagBag from /Users/simba/Documents/Converteo/cas_airflow1/env/lib/python3.11/site-packages/airflow/example_dags/example_params_ui_tutorial.py
[2023-06-13T11:39:00.281+0200] {processor.py:836} INFO - DAG(s) dict_keys(['example_params_ui_tutorial']) retrieved from /Users/simba/Documents/Converteo/cas_airflow1/env/lib/python3.11/site-packages/airflow/example_dags/example_params_ui_tutorial.py
[2023-06-13T11:39:00.928+0200] {logging_mixin.py:149} INFO - [2023-06-13T11:39:00.928+0200] {dag.py:2726} INFO - Sync 1 DAGs
[2023-06-13T11:39:01.001+0200] {logging_mixin.py:149} INFO - [2023-06-13T11:39:01.001+0200] {dag.py:3486} INFO - Setting next_dagrun for example_params_ui_tutorial to None, run_after=None
[2023-06-13T11:39:01.020+0200] {processor.py:179} INFO - Processing /Users/simba/Documents/Converteo/cas_airflow1/env/lib/python3.11/site-packages/airflow/example_dags/example_params_ui_tutorial.py took 0.831 seconds
[2023-06-13T11:46:19.567+0200] {processor.py:157} INFO - Started process (PID=71249) to work on /Users/simba/Documents/Converteo/cas_airflow1/env/lib/python3.11/site-packages/airflow/example_dags/example_params_ui_tutorial.py
[2023-06-13T11:46:19.571+0200] {processor.py:826} INFO - Processing file /Users/simba/Documents/Converteo/cas_airflow1/env/lib/python3.11/site-packages/airflow/example_dags/example_params_ui_tutorial.py for tasks to queue
[2023-06-13T11:46:19.572+0200] {logging_mixin.py:149} INFO - [2023-06-13T11:46:19.572+0200] {dagbag.py:541} INFO - Filling up the DagBag from /Users/simba/Documents/Converteo/cas_airflow1/env/lib/python3.11/site-packages/airflow/example_dags/example_params_ui_tutorial.py
[2023-06-13T11:46:19.662+0200] {processor.py:836} INFO - DAG(s) dict_keys(['example_params_ui_tutorial']) retrieved from /Users/simba/Documents/Converteo/cas_airflow1/env/lib/python3.11/site-packages/airflow/example_dags/example_params_ui_tutorial.py
[2023-06-13T11:46:20.483+0200] {logging_mixin.py:149} INFO - [2023-06-13T11:46:20.482+0200] {dag.py:2726} INFO - Sync 1 DAGs
[2023-06-13T11:46:20.573+0200] {logging_mixin.py:149} INFO - [2023-06-13T11:46:20.572+0200] {dag.py:3486} INFO - Setting next_dagrun for example_params_ui_tutorial to None, run_after=None
[2023-06-13T11:46:20.606+0200] {processor.py:179} INFO - Processing /Users/simba/Documents/Converteo/cas_airflow1/env/lib/python3.11/site-packages/airflow/example_dags/example_params_ui_tutorial.py took 1.040 seconds
[2023-06-13T11:48:46.550+0200] {processor.py:157} INFO - Started process (PID=71678) to work on /Users/simba/Documents/Converteo/cas_airflow1/env/lib/python3.11/site-packages/airflow/example_dags/example_params_ui_tutorial.py
[2023-06-13T11:48:46.555+0200] {processor.py:826} INFO - Processing file /Users/simba/Documents/Converteo/cas_airflow1/env/lib/python3.11/site-packages/airflow/example_dags/example_params_ui_tutorial.py for tasks to queue
[2023-06-13T11:48:46.556+0200] {logging_mixin.py:149} INFO - [2023-06-13T11:48:46.556+0200] {dagbag.py:541} INFO - Filling up the DagBag from /Users/simba/Documents/Converteo/cas_airflow1/env/lib/python3.11/site-packages/airflow/example_dags/example_params_ui_tutorial.py
[2023-06-13T11:48:46.673+0200] {processor.py:836} INFO - DAG(s) dict_keys(['example_params_ui_tutorial']) retrieved from /Users/simba/Documents/Converteo/cas_airflow1/env/lib/python3.11/site-packages/airflow/example_dags/example_params_ui_tutorial.py
[2023-06-13T11:48:47.443+0200] {logging_mixin.py:149} INFO - [2023-06-13T11:48:47.443+0200] {dag.py:2726} INFO - Sync 1 DAGs
[2023-06-13T11:48:47.535+0200] {logging_mixin.py:149} INFO - [2023-06-13T11:48:47.535+0200] {dag.py:3486} INFO - Setting next_dagrun for example_params_ui_tutorial to None, run_after=None
[2023-06-13T11:48:47.557+0200] {processor.py:179} INFO - Processing /Users/simba/Documents/Converteo/cas_airflow1/env/lib/python3.11/site-packages/airflow/example_dags/example_params_ui_tutorial.py took 1.008 seconds
