[2023-06-13T11:26:30.548+0200] {processor.py:157} INFO - Started process (PID=67647) to work on /Users/simba/Documents/Converteo/cas_airflow1/env/lib/python3.11/site-packages/airflow/example_dags/example_xcomargs.py
[2023-06-13T11:26:30.553+0200] {processor.py:826} INFO - Processing file /Users/simba/Documents/Converteo/cas_airflow1/env/lib/python3.11/site-packages/airflow/example_dags/example_xcomargs.py for tasks to queue
[2023-06-13T11:26:30.554+0200] {logging_mixin.py:149} INFO - [2023-06-13T11:26:30.554+0200] {dagbag.py:541} INFO - Filling up the DagBag from /Users/simba/Documents/Converteo/cas_airflow1/env/lib/python3.11/site-packages/airflow/example_dags/example_xcomargs.py
[2023-06-13T11:26:30.717+0200] {processor.py:836} INFO - DAG(s) dict_keys(['example_xcom_args_with_operators', 'example_xcom_args']) retrieved from /Users/simba/Documents/Converteo/cas_airflow1/env/lib/python3.11/site-packages/airflow/example_dags/example_xcomargs.py
[2023-06-13T11:32:17.766+0200] {processor.py:157} INFO - Started process (PID=68817) to work on /Users/simba/Documents/Converteo/cas_airflow1/env/lib/python3.11/site-packages/airflow/example_dags/example_xcomargs.py
[2023-06-13T11:32:17.771+0200] {processor.py:826} INFO - Processing file /Users/simba/Documents/Converteo/cas_airflow1/env/lib/python3.11/site-packages/airflow/example_dags/example_xcomargs.py for tasks to queue
[2023-06-13T11:32:17.771+0200] {logging_mixin.py:149} INFO - [2023-06-13T11:32:17.771+0200] {dagbag.py:541} INFO - Filling up the DagBag from /Users/simba/Documents/Converteo/cas_airflow1/env/lib/python3.11/site-packages/airflow/example_dags/example_xcomargs.py
[2023-06-13T11:32:17.834+0200] {processor.py:836} INFO - DAG(s) dict_keys(['example_xcom_args', 'example_xcom_args_with_operators']) retrieved from /Users/simba/Documents/Converteo/cas_airflow1/env/lib/python3.11/site-packages/airflow/example_dags/example_xcomargs.py
[2023-06-13T11:32:19.973+0200] {logging_mixin.py:149} INFO - [2023-06-13T11:32:19.973+0200] {manager.py:504} INFO - Created Permission View: can delete on DAG:example_xcom_args
[2023-06-13T11:32:19.981+0200] {logging_mixin.py:149} INFO - [2023-06-13T11:32:19.980+0200] {manager.py:504} INFO - Created Permission View: can edit on DAG:example_xcom_args
[2023-06-13T11:32:19.985+0200] {logging_mixin.py:149} INFO - [2023-06-13T11:32:19.985+0200] {manager.py:504} INFO - Created Permission View: can read on DAG:example_xcom_args
[2023-06-13T11:32:20.001+0200] {logging_mixin.py:149} INFO - [2023-06-13T11:32:20.001+0200] {manager.py:504} INFO - Created Permission View: can delete on DAG:example_xcom_args_with_operators
[2023-06-13T11:32:20.008+0200] {logging_mixin.py:149} INFO - [2023-06-13T11:32:20.008+0200] {manager.py:504} INFO - Created Permission View: can edit on DAG:example_xcom_args_with_operators
[2023-06-13T11:32:20.013+0200] {logging_mixin.py:149} INFO - [2023-06-13T11:32:20.013+0200] {manager.py:504} INFO - Created Permission View: can read on DAG:example_xcom_args_with_operators
[2023-06-13T11:32:20.014+0200] {logging_mixin.py:149} INFO - [2023-06-13T11:32:20.014+0200] {dag.py:2726} INFO - Sync 2 DAGs
[2023-06-13T11:32:20.024+0200] {logging_mixin.py:149} INFO - [2023-06-13T11:32:20.023+0200] {dag.py:2747} INFO - Creating ORM DAG for example_xcom_args_with_operators
[2023-06-13T11:32:20.024+0200] {logging_mixin.py:149} INFO - [2023-06-13T11:32:20.024+0200] {dag.py:2747} INFO - Creating ORM DAG for example_xcom_args
[2023-06-13T11:32:20.032+0200] {logging_mixin.py:149} INFO - [2023-06-13T11:32:20.032+0200] {dag.py:3486} INFO - Setting next_dagrun for example_xcom_args to None, run_after=None
[2023-06-13T11:32:20.032+0200] {logging_mixin.py:149} INFO - [2023-06-13T11:32:20.032+0200] {dag.py:3486} INFO - Setting next_dagrun for example_xcom_args_with_operators to None, run_after=None
[2023-06-13T11:32:20.051+0200] {processor.py:179} INFO - Processing /Users/simba/Documents/Converteo/cas_airflow1/env/lib/python3.11/site-packages/airflow/example_dags/example_xcomargs.py took 2.286 seconds
[2023-06-13T11:34:40.773+0200] {processor.py:157} INFO - Started process (PID=69170) to work on /Users/simba/Documents/Converteo/cas_airflow1/env/lib/python3.11/site-packages/airflow/example_dags/example_xcomargs.py
[2023-06-13T11:34:40.776+0200] {processor.py:826} INFO - Processing file /Users/simba/Documents/Converteo/cas_airflow1/env/lib/python3.11/site-packages/airflow/example_dags/example_xcomargs.py for tasks to queue
[2023-06-13T11:34:40.776+0200] {logging_mixin.py:149} INFO - [2023-06-13T11:34:40.776+0200] {dagbag.py:541} INFO - Filling up the DagBag from /Users/simba/Documents/Converteo/cas_airflow1/env/lib/python3.11/site-packages/airflow/example_dags/example_xcomargs.py
[2023-06-13T11:34:40.827+0200] {processor.py:836} INFO - DAG(s) dict_keys(['example_xcom_args_with_operators', 'example_xcom_args']) retrieved from /Users/simba/Documents/Converteo/cas_airflow1/env/lib/python3.11/site-packages/airflow/example_dags/example_xcomargs.py
[2023-06-13T11:34:41.473+0200] {logging_mixin.py:149} INFO - [2023-06-13T11:34:41.473+0200] {dag.py:2726} INFO - Sync 2 DAGs
[2023-06-13T11:34:41.488+0200] {logging_mixin.py:149} INFO - [2023-06-13T11:34:41.487+0200] {dag.py:3486} INFO - Setting next_dagrun for example_xcom_args to None, run_after=None
[2023-06-13T11:34:41.490+0200] {logging_mixin.py:149} INFO - [2023-06-13T11:34:41.490+0200] {dag.py:3486} INFO - Setting next_dagrun for example_xcom_args_with_operators to None, run_after=None
[2023-06-13T11:34:41.508+0200] {processor.py:179} INFO - Processing /Users/simba/Documents/Converteo/cas_airflow1/env/lib/python3.11/site-packages/airflow/example_dags/example_xcomargs.py took 0.736 seconds
[2023-06-13T11:36:27.875+0200] {processor.py:157} INFO - Started process (PID=69437) to work on /Users/simba/Documents/Converteo/cas_airflow1/env/lib/python3.11/site-packages/airflow/example_dags/example_xcomargs.py
[2023-06-13T11:36:27.879+0200] {processor.py:826} INFO - Processing file /Users/simba/Documents/Converteo/cas_airflow1/env/lib/python3.11/site-packages/airflow/example_dags/example_xcomargs.py for tasks to queue
[2023-06-13T11:36:27.880+0200] {logging_mixin.py:149} INFO - [2023-06-13T11:36:27.880+0200] {dagbag.py:541} INFO - Filling up the DagBag from /Users/simba/Documents/Converteo/cas_airflow1/env/lib/python3.11/site-packages/airflow/example_dags/example_xcomargs.py
[2023-06-13T11:36:27.938+0200] {processor.py:836} INFO - DAG(s) dict_keys(['example_xcom_args_with_operators', 'example_xcom_args']) retrieved from /Users/simba/Documents/Converteo/cas_airflow1/env/lib/python3.11/site-packages/airflow/example_dags/example_xcomargs.py
[2023-06-13T11:36:28.587+0200] {logging_mixin.py:149} INFO - [2023-06-13T11:36:28.587+0200] {dag.py:2726} INFO - Sync 2 DAGs
[2023-06-13T11:36:28.602+0200] {logging_mixin.py:149} INFO - [2023-06-13T11:36:28.602+0200] {dag.py:3486} INFO - Setting next_dagrun for example_xcom_args to None, run_after=None
[2023-06-13T11:36:28.605+0200] {logging_mixin.py:149} INFO - [2023-06-13T11:36:28.605+0200] {dag.py:3486} INFO - Setting next_dagrun for example_xcom_args_with_operators to None, run_after=None
[2023-06-13T11:36:28.622+0200] {processor.py:179} INFO - Processing /Users/simba/Documents/Converteo/cas_airflow1/env/lib/python3.11/site-packages/airflow/example_dags/example_xcomargs.py took 0.747 seconds
[2023-06-13T11:38:09.434+0200] {processor.py:157} INFO - Started process (PID=69693) to work on /Users/simba/Documents/Converteo/cas_airflow1/env/lib/python3.11/site-packages/airflow/example_dags/example_xcomargs.py
[2023-06-13T11:38:09.438+0200] {processor.py:826} INFO - Processing file /Users/simba/Documents/Converteo/cas_airflow1/env/lib/python3.11/site-packages/airflow/example_dags/example_xcomargs.py for tasks to queue
[2023-06-13T11:38:09.438+0200] {logging_mixin.py:149} INFO - [2023-06-13T11:38:09.438+0200] {dagbag.py:541} INFO - Filling up the DagBag from /Users/simba/Documents/Converteo/cas_airflow1/env/lib/python3.11/site-packages/airflow/example_dags/example_xcomargs.py
[2023-06-13T11:38:09.499+0200] {processor.py:836} INFO - DAG(s) dict_keys(['example_xcom_args_with_operators', 'example_xcom_args']) retrieved from /Users/simba/Documents/Converteo/cas_airflow1/env/lib/python3.11/site-packages/airflow/example_dags/example_xcomargs.py
[2023-06-13T11:38:10.262+0200] {logging_mixin.py:149} INFO - [2023-06-13T11:38:10.262+0200] {dag.py:2726} INFO - Sync 2 DAGs
[2023-06-13T11:38:10.283+0200] {logging_mixin.py:149} INFO - [2023-06-13T11:38:10.283+0200] {dag.py:3486} INFO - Setting next_dagrun for example_xcom_args to None, run_after=None
[2023-06-13T11:38:10.287+0200] {logging_mixin.py:149} INFO - [2023-06-13T11:38:10.286+0200] {dag.py:3486} INFO - Setting next_dagrun for example_xcom_args_with_operators to None, run_after=None
[2023-06-13T11:38:10.307+0200] {processor.py:179} INFO - Processing /Users/simba/Documents/Converteo/cas_airflow1/env/lib/python3.11/site-packages/airflow/example_dags/example_xcomargs.py took 0.873 seconds
[2023-06-13T11:39:52.288+0200] {processor.py:157} INFO - Started process (PID=69968) to work on /Users/simba/Documents/Converteo/cas_airflow1/env/lib/python3.11/site-packages/airflow/example_dags/example_xcomargs.py
[2023-06-13T11:39:52.292+0200] {processor.py:826} INFO - Processing file /Users/simba/Documents/Converteo/cas_airflow1/env/lib/python3.11/site-packages/airflow/example_dags/example_xcomargs.py for tasks to queue
[2023-06-13T11:39:52.292+0200] {logging_mixin.py:149} INFO - [2023-06-13T11:39:52.292+0200] {dagbag.py:541} INFO - Filling up the DagBag from /Users/simba/Documents/Converteo/cas_airflow1/env/lib/python3.11/site-packages/airflow/example_dags/example_xcomargs.py
[2023-06-13T11:39:52.344+0200] {processor.py:836} INFO - DAG(s) dict_keys(['example_xcom_args_with_operators', 'example_xcom_args']) retrieved from /Users/simba/Documents/Converteo/cas_airflow1/env/lib/python3.11/site-packages/airflow/example_dags/example_xcomargs.py
[2023-06-13T11:39:52.982+0200] {logging_mixin.py:149} INFO - [2023-06-13T11:39:52.982+0200] {dag.py:2726} INFO - Sync 2 DAGs
[2023-06-13T11:39:52.997+0200] {logging_mixin.py:149} INFO - [2023-06-13T11:39:52.997+0200] {dag.py:3486} INFO - Setting next_dagrun for example_xcom_args to None, run_after=None
[2023-06-13T11:39:53.001+0200] {logging_mixin.py:149} INFO - [2023-06-13T11:39:53.000+0200] {dag.py:3486} INFO - Setting next_dagrun for example_xcom_args_with_operators to None, run_after=None
[2023-06-13T11:39:53.017+0200] {processor.py:179} INFO - Processing /Users/simba/Documents/Converteo/cas_airflow1/env/lib/python3.11/site-packages/airflow/example_dags/example_xcomargs.py took 0.730 seconds
[2023-06-13T11:41:39.209+0200] {processor.py:157} INFO - Started process (PID=70306) to work on /Users/simba/Documents/Converteo/cas_airflow1/env/lib/python3.11/site-packages/airflow/example_dags/example_xcomargs.py
[2023-06-13T11:41:39.212+0200] {processor.py:826} INFO - Processing file /Users/simba/Documents/Converteo/cas_airflow1/env/lib/python3.11/site-packages/airflow/example_dags/example_xcomargs.py for tasks to queue
[2023-06-13T11:41:39.213+0200] {logging_mixin.py:149} INFO - [2023-06-13T11:41:39.213+0200] {dagbag.py:541} INFO - Filling up the DagBag from /Users/simba/Documents/Converteo/cas_airflow1/env/lib/python3.11/site-packages/airflow/example_dags/example_xcomargs.py
[2023-06-13T11:41:39.269+0200] {processor.py:836} INFO - DAG(s) dict_keys(['example_xcom_args', 'example_xcom_args_with_operators']) retrieved from /Users/simba/Documents/Converteo/cas_airflow1/env/lib/python3.11/site-packages/airflow/example_dags/example_xcomargs.py
[2023-06-13T11:41:39.949+0200] {logging_mixin.py:149} INFO - [2023-06-13T11:41:39.949+0200] {dag.py:2726} INFO - Sync 2 DAGs
[2023-06-13T11:41:39.967+0200] {logging_mixin.py:149} INFO - [2023-06-13T11:41:39.966+0200] {dag.py:3486} INFO - Setting next_dagrun for example_xcom_args to None, run_after=None
[2023-06-13T11:41:39.971+0200] {logging_mixin.py:149} INFO - [2023-06-13T11:41:39.970+0200] {dag.py:3486} INFO - Setting next_dagrun for example_xcom_args_with_operators to None, run_after=None
[2023-06-13T11:41:39.987+0200] {processor.py:179} INFO - Processing /Users/simba/Documents/Converteo/cas_airflow1/env/lib/python3.11/site-packages/airflow/example_dags/example_xcomargs.py took 0.778 seconds
[2023-06-13T11:43:12.169+0200] {processor.py:157} INFO - Started process (PID=70602) to work on /Users/simba/Documents/Converteo/cas_airflow1/env/lib/python3.11/site-packages/airflow/example_dags/example_xcomargs.py
[2023-06-13T11:43:12.173+0200] {processor.py:826} INFO - Processing file /Users/simba/Documents/Converteo/cas_airflow1/env/lib/python3.11/site-packages/airflow/example_dags/example_xcomargs.py for tasks to queue
[2023-06-13T11:43:12.173+0200] {logging_mixin.py:149} INFO - [2023-06-13T11:43:12.173+0200] {dagbag.py:541} INFO - Filling up the DagBag from /Users/simba/Documents/Converteo/cas_airflow1/env/lib/python3.11/site-packages/airflow/example_dags/example_xcomargs.py
[2023-06-13T11:43:12.225+0200] {processor.py:836} INFO - DAG(s) dict_keys(['example_xcom_args_with_operators', 'example_xcom_args']) retrieved from /Users/simba/Documents/Converteo/cas_airflow1/env/lib/python3.11/site-packages/airflow/example_dags/example_xcomargs.py
[2023-06-13T11:43:13.131+0200] {logging_mixin.py:149} INFO - [2023-06-13T11:43:13.130+0200] {dag.py:2726} INFO - Sync 2 DAGs
[2023-06-13T11:43:13.176+0200] {logging_mixin.py:149} INFO - [2023-06-13T11:43:13.175+0200] {dag.py:3486} INFO - Setting next_dagrun for example_xcom_args to None, run_after=None
[2023-06-13T11:43:13.186+0200] {logging_mixin.py:149} INFO - [2023-06-13T11:43:13.185+0200] {dag.py:3486} INFO - Setting next_dagrun for example_xcom_args_with_operators to None, run_after=None
[2023-06-13T11:43:13.235+0200] {processor.py:179} INFO - Processing /Users/simba/Documents/Converteo/cas_airflow1/env/lib/python3.11/site-packages/airflow/example_dags/example_xcomargs.py took 1.067 seconds
[2023-06-13T11:44:12.899+0200] {processor.py:157} INFO - Started process (PID=70846) to work on /Users/simba/Documents/Converteo/cas_airflow1/env/lib/python3.11/site-packages/airflow/example_dags/example_xcomargs.py
[2023-06-13T11:44:12.903+0200] {processor.py:826} INFO - Processing file /Users/simba/Documents/Converteo/cas_airflow1/env/lib/python3.11/site-packages/airflow/example_dags/example_xcomargs.py for tasks to queue
[2023-06-13T11:44:12.903+0200] {logging_mixin.py:149} INFO - [2023-06-13T11:44:12.903+0200] {dagbag.py:541} INFO - Filling up the DagBag from /Users/simba/Documents/Converteo/cas_airflow1/env/lib/python3.11/site-packages/airflow/example_dags/example_xcomargs.py
[2023-06-13T11:44:12.960+0200] {processor.py:836} INFO - DAG(s) dict_keys(['example_xcom_args', 'example_xcom_args_with_operators']) retrieved from /Users/simba/Documents/Converteo/cas_airflow1/env/lib/python3.11/site-packages/airflow/example_dags/example_xcomargs.py
[2023-06-13T11:44:13.646+0200] {logging_mixin.py:149} INFO - [2023-06-13T11:44:13.646+0200] {dag.py:2726} INFO - Sync 2 DAGs
[2023-06-13T11:44:13.666+0200] {logging_mixin.py:149} INFO - [2023-06-13T11:44:13.665+0200] {dag.py:3486} INFO - Setting next_dagrun for example_xcom_args to None, run_after=None
[2023-06-13T11:44:13.671+0200] {logging_mixin.py:149} INFO - [2023-06-13T11:44:13.670+0200] {dag.py:3486} INFO - Setting next_dagrun for example_xcom_args_with_operators to None, run_after=None
[2023-06-13T11:44:13.689+0200] {processor.py:179} INFO - Processing /Users/simba/Documents/Converteo/cas_airflow1/env/lib/python3.11/site-packages/airflow/example_dags/example_xcomargs.py took 0.791 seconds
[2023-06-13T11:45:08.421+0200] {processor.py:157} INFO - Started process (PID=71038) to work on /Users/simba/Documents/Converteo/cas_airflow1/env/lib/python3.11/site-packages/airflow/example_dags/example_xcomargs.py
[2023-06-13T11:45:08.425+0200] {processor.py:826} INFO - Processing file /Users/simba/Documents/Converteo/cas_airflow1/env/lib/python3.11/site-packages/airflow/example_dags/example_xcomargs.py for tasks to queue
[2023-06-13T11:45:08.425+0200] {logging_mixin.py:149} INFO - [2023-06-13T11:45:08.425+0200] {dagbag.py:541} INFO - Filling up the DagBag from /Users/simba/Documents/Converteo/cas_airflow1/env/lib/python3.11/site-packages/airflow/example_dags/example_xcomargs.py
[2023-06-13T11:45:08.480+0200] {processor.py:836} INFO - DAG(s) dict_keys(['example_xcom_args_with_operators', 'example_xcom_args']) retrieved from /Users/simba/Documents/Converteo/cas_airflow1/env/lib/python3.11/site-packages/airflow/example_dags/example_xcomargs.py
[2023-06-13T11:45:09.192+0200] {logging_mixin.py:149} INFO - [2023-06-13T11:45:09.191+0200] {dag.py:2726} INFO - Sync 2 DAGs
[2023-06-13T11:45:09.208+0200] {logging_mixin.py:149} INFO - [2023-06-13T11:45:09.208+0200] {dag.py:3486} INFO - Setting next_dagrun for example_xcom_args to None, run_after=None
[2023-06-13T11:45:09.212+0200] {logging_mixin.py:149} INFO - [2023-06-13T11:45:09.212+0200] {dag.py:3486} INFO - Setting next_dagrun for example_xcom_args_with_operators to None, run_after=None
[2023-06-13T11:45:09.229+0200] {processor.py:179} INFO - Processing /Users/simba/Documents/Converteo/cas_airflow1/env/lib/python3.11/site-packages/airflow/example_dags/example_xcomargs.py took 0.809 seconds
[2023-06-13T11:47:46.191+0200] {processor.py:157} INFO - Started process (PID=71461) to work on /Users/simba/Documents/Converteo/cas_airflow1/env/lib/python3.11/site-packages/airflow/example_dags/example_xcomargs.py
[2023-06-13T11:47:46.195+0200] {processor.py:826} INFO - Processing file /Users/simba/Documents/Converteo/cas_airflow1/env/lib/python3.11/site-packages/airflow/example_dags/example_xcomargs.py for tasks to queue
[2023-06-13T11:47:46.196+0200] {logging_mixin.py:149} INFO - [2023-06-13T11:47:46.196+0200] {dagbag.py:541} INFO - Filling up the DagBag from /Users/simba/Documents/Converteo/cas_airflow1/env/lib/python3.11/site-packages/airflow/example_dags/example_xcomargs.py
[2023-06-13T11:47:46.266+0200] {processor.py:836} INFO - DAG(s) dict_keys(['example_xcom_args_with_operators', 'example_xcom_args']) retrieved from /Users/simba/Documents/Converteo/cas_airflow1/env/lib/python3.11/site-packages/airflow/example_dags/example_xcomargs.py
[2023-06-13T11:47:47.154+0200] {logging_mixin.py:149} INFO - [2023-06-13T11:47:47.153+0200] {dag.py:2726} INFO - Sync 2 DAGs
[2023-06-13T11:47:47.170+0200] {logging_mixin.py:149} INFO - [2023-06-13T11:47:47.170+0200] {dag.py:3486} INFO - Setting next_dagrun for example_xcom_args to None, run_after=None
[2023-06-13T11:47:47.173+0200] {logging_mixin.py:149} INFO - [2023-06-13T11:47:47.172+0200] {dag.py:3486} INFO - Setting next_dagrun for example_xcom_args_with_operators to None, run_after=None
[2023-06-13T11:47:47.192+0200] {processor.py:179} INFO - Processing /Users/simba/Documents/Converteo/cas_airflow1/env/lib/python3.11/site-packages/airflow/example_dags/example_xcomargs.py took 1.002 seconds
[2023-06-13T11:49:46.641+0200] {processor.py:157} INFO - Started process (PID=71827) to work on /Users/simba/Documents/Converteo/cas_airflow1/env/lib/python3.11/site-packages/airflow/example_dags/example_xcomargs.py
[2023-06-13T11:49:46.645+0200] {processor.py:826} INFO - Processing file /Users/simba/Documents/Converteo/cas_airflow1/env/lib/python3.11/site-packages/airflow/example_dags/example_xcomargs.py for tasks to queue
[2023-06-13T11:49:46.645+0200] {logging_mixin.py:149} INFO - [2023-06-13T11:49:46.645+0200] {dagbag.py:541} INFO - Filling up the DagBag from /Users/simba/Documents/Converteo/cas_airflow1/env/lib/python3.11/site-packages/airflow/example_dags/example_xcomargs.py
[2023-06-13T11:49:46.696+0200] {processor.py:836} INFO - DAG(s) dict_keys(['example_xcom_args', 'example_xcom_args_with_operators']) retrieved from /Users/simba/Documents/Converteo/cas_airflow1/env/lib/python3.11/site-packages/airflow/example_dags/example_xcomargs.py
[2023-06-13T11:49:47.345+0200] {logging_mixin.py:149} INFO - [2023-06-13T11:49:47.345+0200] {dag.py:2726} INFO - Sync 2 DAGs
[2023-06-13T11:49:47.361+0200] {logging_mixin.py:149} INFO - [2023-06-13T11:49:47.361+0200] {dag.py:3486} INFO - Setting next_dagrun for example_xcom_args to None, run_after=None
[2023-06-13T11:49:47.364+0200] {logging_mixin.py:149} INFO - [2023-06-13T11:49:47.364+0200] {dag.py:3486} INFO - Setting next_dagrun for example_xcom_args_with_operators to None, run_after=None
[2023-06-13T11:49:47.381+0200] {processor.py:179} INFO - Processing /Users/simba/Documents/Converteo/cas_airflow1/env/lib/python3.11/site-packages/airflow/example_dags/example_xcomargs.py took 0.740 seconds
