[2023-06-13T11:32:29.115+0200] {processor.py:157} INFO - Started process (PID=68846) to work on /Users/simba/Documents/Converteo/cas_airflow1/env/lib/python3.11/site-packages/airflow/example_dags/example_trigger_controller_dag.py
[2023-06-13T11:32:29.118+0200] {processor.py:826} INFO - Processing file /Users/simba/Documents/Converteo/cas_airflow1/env/lib/python3.11/site-packages/airflow/example_dags/example_trigger_controller_dag.py for tasks to queue
[2023-06-13T11:32:29.118+0200] {logging_mixin.py:149} INFO - [2023-06-13T11:32:29.118+0200] {dagbag.py:541} INFO - Filling up the DagBag from /Users/simba/Documents/Converteo/cas_airflow1/env/lib/python3.11/site-packages/airflow/example_dags/example_trigger_controller_dag.py
[2023-06-13T11:32:29.138+0200] {processor.py:836} INFO - DAG(s) dict_keys(['example_trigger_controller_dag']) retrieved from /Users/simba/Documents/Converteo/cas_airflow1/env/lib/python3.11/site-packages/airflow/example_dags/example_trigger_controller_dag.py
[2023-06-13T11:32:29.897+0200] {logging_mixin.py:149} INFO - [2023-06-13T11:32:29.897+0200] {manager.py:504} INFO - Created Permission View: can delete on DAG:example_trigger_controller_dag
[2023-06-13T11:32:29.905+0200] {logging_mixin.py:149} INFO - [2023-06-13T11:32:29.905+0200] {manager.py:504} INFO - Created Permission View: can edit on DAG:example_trigger_controller_dag
[2023-06-13T11:32:29.912+0200] {logging_mixin.py:149} INFO - [2023-06-13T11:32:29.911+0200] {manager.py:504} INFO - Created Permission View: can read on DAG:example_trigger_controller_dag
[2023-06-13T11:32:29.912+0200] {logging_mixin.py:149} INFO - [2023-06-13T11:32:29.912+0200] {dag.py:2726} INFO - Sync 1 DAGs
[2023-06-13T11:32:29.983+0200] {logging_mixin.py:149} INFO - [2023-06-13T11:32:29.983+0200] {dag.py:2747} INFO - Creating ORM DAG for example_trigger_controller_dag
[2023-06-13T11:32:29.990+0200] {logging_mixin.py:149} INFO - [2023-06-13T11:32:29.990+0200] {dag.py:3486} INFO - Setting next_dagrun for example_trigger_controller_dag to 2021-01-01T00:00:00+00:00, run_after=2021-01-01T00:00:00+00:00
[2023-06-13T11:32:30.008+0200] {processor.py:179} INFO - Processing /Users/simba/Documents/Converteo/cas_airflow1/env/lib/python3.11/site-packages/airflow/example_dags/example_trigger_controller_dag.py took 0.894 seconds
[2023-06-13T11:34:48.862+0200] {processor.py:157} INFO - Started process (PID=69188) to work on /Users/simba/Documents/Converteo/cas_airflow1/env/lib/python3.11/site-packages/airflow/example_dags/example_trigger_controller_dag.py
[2023-06-13T11:34:48.865+0200] {processor.py:826} INFO - Processing file /Users/simba/Documents/Converteo/cas_airflow1/env/lib/python3.11/site-packages/airflow/example_dags/example_trigger_controller_dag.py for tasks to queue
[2023-06-13T11:34:48.865+0200] {logging_mixin.py:149} INFO - [2023-06-13T11:34:48.865+0200] {dagbag.py:541} INFO - Filling up the DagBag from /Users/simba/Documents/Converteo/cas_airflow1/env/lib/python3.11/site-packages/airflow/example_dags/example_trigger_controller_dag.py
[2023-06-13T11:34:48.883+0200] {processor.py:836} INFO - DAG(s) dict_keys(['example_trigger_controller_dag']) retrieved from /Users/simba/Documents/Converteo/cas_airflow1/env/lib/python3.11/site-packages/airflow/example_dags/example_trigger_controller_dag.py
[2023-06-13T11:34:49.601+0200] {logging_mixin.py:149} INFO - [2023-06-13T11:34:49.601+0200] {dag.py:2726} INFO - Sync 1 DAGs
[2023-06-13T11:34:49.617+0200] {logging_mixin.py:149} INFO - [2023-06-13T11:34:49.617+0200] {dag.py:3486} INFO - Setting next_dagrun for example_trigger_controller_dag to 2021-01-01T00:00:00+00:00, run_after=2021-01-01T00:00:00+00:00
[2023-06-13T11:34:49.634+0200] {processor.py:179} INFO - Processing /Users/simba/Documents/Converteo/cas_airflow1/env/lib/python3.11/site-packages/airflow/example_dags/example_trigger_controller_dag.py took 0.774 seconds
[2023-06-13T11:36:36.930+0200] {processor.py:157} INFO - Started process (PID=69459) to work on /Users/simba/Documents/Converteo/cas_airflow1/env/lib/python3.11/site-packages/airflow/example_dags/example_trigger_controller_dag.py
[2023-06-13T11:36:36.933+0200] {processor.py:826} INFO - Processing file /Users/simba/Documents/Converteo/cas_airflow1/env/lib/python3.11/site-packages/airflow/example_dags/example_trigger_controller_dag.py for tasks to queue
[2023-06-13T11:36:36.934+0200] {logging_mixin.py:149} INFO - [2023-06-13T11:36:36.933+0200] {dagbag.py:541} INFO - Filling up the DagBag from /Users/simba/Documents/Converteo/cas_airflow1/env/lib/python3.11/site-packages/airflow/example_dags/example_trigger_controller_dag.py
[2023-06-13T11:36:36.957+0200] {processor.py:836} INFO - DAG(s) dict_keys(['example_trigger_controller_dag']) retrieved from /Users/simba/Documents/Converteo/cas_airflow1/env/lib/python3.11/site-packages/airflow/example_dags/example_trigger_controller_dag.py
[2023-06-13T11:36:37.615+0200] {logging_mixin.py:149} INFO - [2023-06-13T11:36:37.614+0200] {dag.py:2726} INFO - Sync 1 DAGs
[2023-06-13T11:36:37.631+0200] {logging_mixin.py:149} INFO - [2023-06-13T11:36:37.631+0200] {dag.py:3486} INFO - Setting next_dagrun for example_trigger_controller_dag to 2021-01-01T00:00:00+00:00, run_after=2021-01-01T00:00:00+00:00
[2023-06-13T11:36:37.648+0200] {processor.py:179} INFO - Processing /Users/simba/Documents/Converteo/cas_airflow1/env/lib/python3.11/site-packages/airflow/example_dags/example_trigger_controller_dag.py took 0.720 seconds
[2023-06-13T11:38:18.259+0200] {processor.py:157} INFO - Started process (PID=69712) to work on /Users/simba/Documents/Converteo/cas_airflow1/env/lib/python3.11/site-packages/airflow/example_dags/example_trigger_controller_dag.py
[2023-06-13T11:38:18.263+0200] {processor.py:826} INFO - Processing file /Users/simba/Documents/Converteo/cas_airflow1/env/lib/python3.11/site-packages/airflow/example_dags/example_trigger_controller_dag.py for tasks to queue
[2023-06-13T11:38:18.263+0200] {logging_mixin.py:149} INFO - [2023-06-13T11:38:18.263+0200] {dagbag.py:541} INFO - Filling up the DagBag from /Users/simba/Documents/Converteo/cas_airflow1/env/lib/python3.11/site-packages/airflow/example_dags/example_trigger_controller_dag.py
[2023-06-13T11:38:18.281+0200] {processor.py:836} INFO - DAG(s) dict_keys(['example_trigger_controller_dag']) retrieved from /Users/simba/Documents/Converteo/cas_airflow1/env/lib/python3.11/site-packages/airflow/example_dags/example_trigger_controller_dag.py
[2023-06-13T11:38:18.962+0200] {logging_mixin.py:149} INFO - [2023-06-13T11:38:18.962+0200] {dag.py:2726} INFO - Sync 1 DAGs
[2023-06-13T11:38:18.979+0200] {logging_mixin.py:149} INFO - [2023-06-13T11:38:18.979+0200] {dag.py:3486} INFO - Setting next_dagrun for example_trigger_controller_dag to 2021-01-01T00:00:00+00:00, run_after=2021-01-01T00:00:00+00:00
[2023-06-13T11:38:18.998+0200] {processor.py:179} INFO - Processing /Users/simba/Documents/Converteo/cas_airflow1/env/lib/python3.11/site-packages/airflow/example_dags/example_trigger_controller_dag.py took 0.739 seconds
[2023-06-13T11:40:00.471+0200] {processor.py:157} INFO - Started process (PID=69990) to work on /Users/simba/Documents/Converteo/cas_airflow1/env/lib/python3.11/site-packages/airflow/example_dags/example_trigger_controller_dag.py
[2023-06-13T11:40:00.474+0200] {processor.py:826} INFO - Processing file /Users/simba/Documents/Converteo/cas_airflow1/env/lib/python3.11/site-packages/airflow/example_dags/example_trigger_controller_dag.py for tasks to queue
[2023-06-13T11:40:00.474+0200] {logging_mixin.py:149} INFO - [2023-06-13T11:40:00.474+0200] {dagbag.py:541} INFO - Filling up the DagBag from /Users/simba/Documents/Converteo/cas_airflow1/env/lib/python3.11/site-packages/airflow/example_dags/example_trigger_controller_dag.py
[2023-06-13T11:40:00.493+0200] {processor.py:836} INFO - DAG(s) dict_keys(['example_trigger_controller_dag']) retrieved from /Users/simba/Documents/Converteo/cas_airflow1/env/lib/python3.11/site-packages/airflow/example_dags/example_trigger_controller_dag.py
[2023-06-13T11:40:01.131+0200] {logging_mixin.py:149} INFO - [2023-06-13T11:40:01.131+0200] {dag.py:2726} INFO - Sync 1 DAGs
[2023-06-13T11:40:01.148+0200] {logging_mixin.py:149} INFO - [2023-06-13T11:40:01.147+0200] {dag.py:3486} INFO - Setting next_dagrun for example_trigger_controller_dag to 2021-01-01T00:00:00+00:00, run_after=2021-01-01T00:00:00+00:00
[2023-06-13T11:40:01.168+0200] {processor.py:179} INFO - Processing /Users/simba/Documents/Converteo/cas_airflow1/env/lib/python3.11/site-packages/airflow/example_dags/example_trigger_controller_dag.py took 0.697 seconds
[2023-06-13T11:45:18.896+0200] {processor.py:157} INFO - Started process (PID=71067) to work on /Users/simba/Documents/Converteo/cas_airflow1/env/lib/python3.11/site-packages/airflow/example_dags/example_trigger_controller_dag.py
[2023-06-13T11:45:18.901+0200] {processor.py:826} INFO - Processing file /Users/simba/Documents/Converteo/cas_airflow1/env/lib/python3.11/site-packages/airflow/example_dags/example_trigger_controller_dag.py for tasks to queue
[2023-06-13T11:45:18.901+0200] {logging_mixin.py:149} INFO - [2023-06-13T11:45:18.901+0200] {dagbag.py:541} INFO - Filling up the DagBag from /Users/simba/Documents/Converteo/cas_airflow1/env/lib/python3.11/site-packages/airflow/example_dags/example_trigger_controller_dag.py
[2023-06-13T11:45:18.922+0200] {processor.py:836} INFO - DAG(s) dict_keys(['example_trigger_controller_dag']) retrieved from /Users/simba/Documents/Converteo/cas_airflow1/env/lib/python3.11/site-packages/airflow/example_dags/example_trigger_controller_dag.py
[2023-06-13T11:45:19.624+0200] {logging_mixin.py:149} INFO - [2023-06-13T11:45:19.623+0200] {dag.py:2726} INFO - Sync 1 DAGs
[2023-06-13T11:45:19.641+0200] {logging_mixin.py:149} INFO - [2023-06-13T11:45:19.640+0200] {dag.py:3486} INFO - Setting next_dagrun for example_trigger_controller_dag to 2021-01-01T00:00:00+00:00, run_after=2021-01-01T00:00:00+00:00
[2023-06-13T11:45:19.658+0200] {processor.py:179} INFO - Processing /Users/simba/Documents/Converteo/cas_airflow1/env/lib/python3.11/site-packages/airflow/example_dags/example_trigger_controller_dag.py took 0.763 seconds
[2023-06-13T11:47:56.188+0200] {processor.py:157} INFO - Started process (PID=71488) to work on /Users/simba/Documents/Converteo/cas_airflow1/env/lib/python3.11/site-packages/airflow/example_dags/example_trigger_controller_dag.py
[2023-06-13T11:47:56.194+0200] {processor.py:826} INFO - Processing file /Users/simba/Documents/Converteo/cas_airflow1/env/lib/python3.11/site-packages/airflow/example_dags/example_trigger_controller_dag.py for tasks to queue
[2023-06-13T11:47:56.195+0200] {logging_mixin.py:149} INFO - [2023-06-13T11:47:56.194+0200] {dagbag.py:541} INFO - Filling up the DagBag from /Users/simba/Documents/Converteo/cas_airflow1/env/lib/python3.11/site-packages/airflow/example_dags/example_trigger_controller_dag.py
[2023-06-13T11:47:56.233+0200] {processor.py:836} INFO - DAG(s) dict_keys(['example_trigger_controller_dag']) retrieved from /Users/simba/Documents/Converteo/cas_airflow1/env/lib/python3.11/site-packages/airflow/example_dags/example_trigger_controller_dag.py
[2023-06-13T11:47:57.043+0200] {logging_mixin.py:149} INFO - [2023-06-13T11:47:57.042+0200] {dag.py:2726} INFO - Sync 1 DAGs
[2023-06-13T11:47:57.059+0200] {logging_mixin.py:149} INFO - [2023-06-13T11:47:57.059+0200] {dag.py:3486} INFO - Setting next_dagrun for example_trigger_controller_dag to 2021-01-01T00:00:00+00:00, run_after=2021-01-01T00:00:00+00:00
[2023-06-13T11:47:57.078+0200] {processor.py:179} INFO - Processing /Users/simba/Documents/Converteo/cas_airflow1/env/lib/python3.11/site-packages/airflow/example_dags/example_trigger_controller_dag.py took 0.891 seconds
[2023-06-13T11:49:54.759+0200] {processor.py:157} INFO - Started process (PID=71845) to work on /Users/simba/Documents/Converteo/cas_airflow1/env/lib/python3.11/site-packages/airflow/example_dags/example_trigger_controller_dag.py
[2023-06-13T11:49:54.763+0200] {processor.py:826} INFO - Processing file /Users/simba/Documents/Converteo/cas_airflow1/env/lib/python3.11/site-packages/airflow/example_dags/example_trigger_controller_dag.py for tasks to queue
[2023-06-13T11:49:54.763+0200] {logging_mixin.py:149} INFO - [2023-06-13T11:49:54.763+0200] {dagbag.py:541} INFO - Filling up the DagBag from /Users/simba/Documents/Converteo/cas_airflow1/env/lib/python3.11/site-packages/airflow/example_dags/example_trigger_controller_dag.py
[2023-06-13T11:49:54.782+0200] {processor.py:836} INFO - DAG(s) dict_keys(['example_trigger_controller_dag']) retrieved from /Users/simba/Documents/Converteo/cas_airflow1/env/lib/python3.11/site-packages/airflow/example_dags/example_trigger_controller_dag.py
[2023-06-13T11:49:55.428+0200] {logging_mixin.py:149} INFO - [2023-06-13T11:49:55.428+0200] {dag.py:2726} INFO - Sync 1 DAGs
[2023-06-13T11:49:55.445+0200] {logging_mixin.py:149} INFO - [2023-06-13T11:49:55.444+0200] {dag.py:3486} INFO - Setting next_dagrun for example_trigger_controller_dag to 2021-01-01T00:00:00+00:00, run_after=2021-01-01T00:00:00+00:00
[2023-06-13T11:49:55.463+0200] {processor.py:179} INFO - Processing /Users/simba/Documents/Converteo/cas_airflow1/env/lib/python3.11/site-packages/airflow/example_dags/example_trigger_controller_dag.py took 0.705 seconds
