[2023-06-13T11:32:48.071+0200] {processor.py:157} INFO - Started process (PID=68886) to work on /Users/simba/Documents/Converteo/cas_airflow1/env/lib/python3.11/site-packages/airflow/example_dags/example_skip_dag.py
[2023-06-13T11:32:48.074+0200] {processor.py:826} INFO - Processing file /Users/simba/Documents/Converteo/cas_airflow1/env/lib/python3.11/site-packages/airflow/example_dags/example_skip_dag.py for tasks to queue
[2023-06-13T11:32:48.075+0200] {logging_mixin.py:149} INFO - [2023-06-13T11:32:48.074+0200] {dagbag.py:541} INFO - Filling up the DagBag from /Users/simba/Documents/Converteo/cas_airflow1/env/lib/python3.11/site-packages/airflow/example_dags/example_skip_dag.py
[2023-06-13T11:32:48.092+0200] {processor.py:836} INFO - DAG(s) dict_keys(['example_skip_dag']) retrieved from /Users/simba/Documents/Converteo/cas_airflow1/env/lib/python3.11/site-packages/airflow/example_dags/example_skip_dag.py
[2023-06-13T11:32:48.865+0200] {logging_mixin.py:149} INFO - [2023-06-13T11:32:48.864+0200] {manager.py:504} INFO - Created Permission View: can edit on DAG:example_skip_dag
[2023-06-13T11:32:48.932+0200] {logging_mixin.py:149} INFO - [2023-06-13T11:32:48.932+0200] {manager.py:504} INFO - Created Permission View: can read on DAG:example_skip_dag
[2023-06-13T11:32:48.957+0200] {logging_mixin.py:149} INFO - [2023-06-13T11:32:48.957+0200] {manager.py:504} INFO - Created Permission View: can delete on DAG:example_skip_dag
[2023-06-13T11:32:48.957+0200] {logging_mixin.py:149} INFO - [2023-06-13T11:32:48.957+0200] {dag.py:2726} INFO - Sync 1 DAGs
[2023-06-13T11:32:49.036+0200] {logging_mixin.py:149} INFO - [2023-06-13T11:32:49.036+0200] {dag.py:2747} INFO - Creating ORM DAG for example_skip_dag
[2023-06-13T11:32:49.045+0200] {logging_mixin.py:149} INFO - [2023-06-13T11:32:49.045+0200] {dag.py:3486} INFO - Setting next_dagrun for example_skip_dag to 2023-06-12T09:32:49.045434+00:00, run_after=2023-06-13T09:32:49.045434+00:00
[2023-06-13T11:32:49.064+0200] {processor.py:179} INFO - Processing /Users/simba/Documents/Converteo/cas_airflow1/env/lib/python3.11/site-packages/airflow/example_dags/example_skip_dag.py took 0.995 seconds
[2023-06-13T11:35:05.840+0200] {processor.py:157} INFO - Started process (PID=69230) to work on /Users/simba/Documents/Converteo/cas_airflow1/env/lib/python3.11/site-packages/airflow/example_dags/example_skip_dag.py
[2023-06-13T11:35:05.843+0200] {processor.py:826} INFO - Processing file /Users/simba/Documents/Converteo/cas_airflow1/env/lib/python3.11/site-packages/airflow/example_dags/example_skip_dag.py for tasks to queue
[2023-06-13T11:35:05.844+0200] {logging_mixin.py:149} INFO - [2023-06-13T11:35:05.844+0200] {dagbag.py:541} INFO - Filling up the DagBag from /Users/simba/Documents/Converteo/cas_airflow1/env/lib/python3.11/site-packages/airflow/example_dags/example_skip_dag.py
[2023-06-13T11:35:05.863+0200] {processor.py:836} INFO - DAG(s) dict_keys(['example_skip_dag']) retrieved from /Users/simba/Documents/Converteo/cas_airflow1/env/lib/python3.11/site-packages/airflow/example_dags/example_skip_dag.py
[2023-06-13T11:35:06.508+0200] {logging_mixin.py:149} INFO - [2023-06-13T11:35:06.507+0200] {dag.py:2726} INFO - Sync 1 DAGs
[2023-06-13T11:35:06.523+0200] {logging_mixin.py:149} INFO - [2023-06-13T11:35:06.523+0200] {dag.py:3486} INFO - Setting next_dagrun for example_skip_dag to 2023-06-12T09:35:06.523702+00:00, run_after=2023-06-13T09:35:06.523702+00:00
[2023-06-13T11:35:06.543+0200] {processor.py:179} INFO - Processing /Users/simba/Documents/Converteo/cas_airflow1/env/lib/python3.11/site-packages/airflow/example_dags/example_skip_dag.py took 0.705 seconds
[2023-06-13T11:36:53.083+0200] {processor.py:157} INFO - Started process (PID=69496) to work on /Users/simba/Documents/Converteo/cas_airflow1/env/lib/python3.11/site-packages/airflow/example_dags/example_skip_dag.py
[2023-06-13T11:36:53.086+0200] {processor.py:826} INFO - Processing file /Users/simba/Documents/Converteo/cas_airflow1/env/lib/python3.11/site-packages/airflow/example_dags/example_skip_dag.py for tasks to queue
[2023-06-13T11:36:53.087+0200] {logging_mixin.py:149} INFO - [2023-06-13T11:36:53.087+0200] {dagbag.py:541} INFO - Filling up the DagBag from /Users/simba/Documents/Converteo/cas_airflow1/env/lib/python3.11/site-packages/airflow/example_dags/example_skip_dag.py
[2023-06-13T11:36:53.105+0200] {processor.py:836} INFO - DAG(s) dict_keys(['example_skip_dag']) retrieved from /Users/simba/Documents/Converteo/cas_airflow1/env/lib/python3.11/site-packages/airflow/example_dags/example_skip_dag.py
[2023-06-13T11:36:53.760+0200] {logging_mixin.py:149} INFO - [2023-06-13T11:36:53.760+0200] {dag.py:2726} INFO - Sync 1 DAGs
[2023-06-13T11:36:53.776+0200] {logging_mixin.py:149} INFO - [2023-06-13T11:36:53.776+0200] {dag.py:3486} INFO - Setting next_dagrun for example_skip_dag to 2023-06-12T09:36:53.776425+00:00, run_after=2023-06-13T09:36:53.776425+00:00
[2023-06-13T11:36:53.795+0200] {processor.py:179} INFO - Processing /Users/simba/Documents/Converteo/cas_airflow1/env/lib/python3.11/site-packages/airflow/example_dags/example_skip_dag.py took 0.712 seconds
[2023-06-13T11:38:36.804+0200] {processor.py:157} INFO - Started process (PID=69791) to work on /Users/simba/Documents/Converteo/cas_airflow1/env/lib/python3.11/site-packages/airflow/example_dags/example_skip_dag.py
[2023-06-13T11:38:36.807+0200] {processor.py:826} INFO - Processing file /Users/simba/Documents/Converteo/cas_airflow1/env/lib/python3.11/site-packages/airflow/example_dags/example_skip_dag.py for tasks to queue
[2023-06-13T11:38:36.808+0200] {logging_mixin.py:149} INFO - [2023-06-13T11:38:36.807+0200] {dagbag.py:541} INFO - Filling up the DagBag from /Users/simba/Documents/Converteo/cas_airflow1/env/lib/python3.11/site-packages/airflow/example_dags/example_skip_dag.py
[2023-06-13T11:38:36.826+0200] {processor.py:836} INFO - DAG(s) dict_keys(['example_skip_dag']) retrieved from /Users/simba/Documents/Converteo/cas_airflow1/env/lib/python3.11/site-packages/airflow/example_dags/example_skip_dag.py
[2023-06-13T11:38:37.464+0200] {logging_mixin.py:149} INFO - [2023-06-13T11:38:37.464+0200] {dag.py:2726} INFO - Sync 1 DAGs
[2023-06-13T11:38:37.480+0200] {logging_mixin.py:149} INFO - [2023-06-13T11:38:37.480+0200] {dag.py:3486} INFO - Setting next_dagrun for example_skip_dag to 2023-06-12T09:38:37.480589+00:00, run_after=2023-06-13T09:38:37.480589+00:00
[2023-06-13T11:38:37.499+0200] {processor.py:179} INFO - Processing /Users/simba/Documents/Converteo/cas_airflow1/env/lib/python3.11/site-packages/airflow/example_dags/example_skip_dag.py took 0.696 seconds
[2023-06-13T11:40:17.469+0200] {processor.py:157} INFO - Started process (PID=70024) to work on /Users/simba/Documents/Converteo/cas_airflow1/env/lib/python3.11/site-packages/airflow/example_dags/example_skip_dag.py
[2023-06-13T11:40:17.472+0200] {processor.py:826} INFO - Processing file /Users/simba/Documents/Converteo/cas_airflow1/env/lib/python3.11/site-packages/airflow/example_dags/example_skip_dag.py for tasks to queue
[2023-06-13T11:40:17.472+0200] {logging_mixin.py:149} INFO - [2023-06-13T11:40:17.472+0200] {dagbag.py:541} INFO - Filling up the DagBag from /Users/simba/Documents/Converteo/cas_airflow1/env/lib/python3.11/site-packages/airflow/example_dags/example_skip_dag.py
[2023-06-13T11:40:17.489+0200] {processor.py:836} INFO - DAG(s) dict_keys(['example_skip_dag']) retrieved from /Users/simba/Documents/Converteo/cas_airflow1/env/lib/python3.11/site-packages/airflow/example_dags/example_skip_dag.py
[2023-06-13T11:40:18.211+0200] {logging_mixin.py:149} INFO - [2023-06-13T11:40:18.211+0200] {dag.py:2726} INFO - Sync 1 DAGs
[2023-06-13T11:40:18.234+0200] {logging_mixin.py:149} INFO - [2023-06-13T11:40:18.234+0200] {dag.py:3486} INFO - Setting next_dagrun for example_skip_dag to 2023-06-12T09:40:18.233891+00:00, run_after=2023-06-13T09:40:18.233891+00:00
[2023-06-13T11:40:18.252+0200] {processor.py:179} INFO - Processing /Users/simba/Documents/Converteo/cas_airflow1/env/lib/python3.11/site-packages/airflow/example_dags/example_skip_dag.py took 0.785 seconds
[2023-06-13T11:45:48.064+0200] {processor.py:157} INFO - Started process (PID=71156) to work on /Users/simba/Documents/Converteo/cas_airflow1/env/lib/python3.11/site-packages/airflow/example_dags/example_skip_dag.py
[2023-06-13T11:45:48.068+0200] {processor.py:826} INFO - Processing file /Users/simba/Documents/Converteo/cas_airflow1/env/lib/python3.11/site-packages/airflow/example_dags/example_skip_dag.py for tasks to queue
[2023-06-13T11:45:48.068+0200] {logging_mixin.py:149} INFO - [2023-06-13T11:45:48.068+0200] {dagbag.py:541} INFO - Filling up the DagBag from /Users/simba/Documents/Converteo/cas_airflow1/env/lib/python3.11/site-packages/airflow/example_dags/example_skip_dag.py
[2023-06-13T11:45:48.087+0200] {processor.py:836} INFO - DAG(s) dict_keys(['example_skip_dag']) retrieved from /Users/simba/Documents/Converteo/cas_airflow1/env/lib/python3.11/site-packages/airflow/example_dags/example_skip_dag.py
[2023-06-13T11:45:48.801+0200] {logging_mixin.py:149} INFO - [2023-06-13T11:45:48.801+0200] {dag.py:2726} INFO - Sync 1 DAGs
[2023-06-13T11:45:48.821+0200] {logging_mixin.py:149} INFO - [2023-06-13T11:45:48.821+0200] {dag.py:3486} INFO - Setting next_dagrun for example_skip_dag to 2023-06-12T09:45:48.820959+00:00, run_after=2023-06-13T09:45:48.820959+00:00
[2023-06-13T11:45:48.844+0200] {processor.py:179} INFO - Processing /Users/simba/Documents/Converteo/cas_airflow1/env/lib/python3.11/site-packages/airflow/example_dags/example_skip_dag.py took 0.781 seconds
[2023-06-13T11:48:16.348+0200] {processor.py:157} INFO - Started process (PID=71571) to work on /Users/simba/Documents/Converteo/cas_airflow1/env/lib/python3.11/site-packages/airflow/example_dags/example_skip_dag.py
[2023-06-13T11:48:16.353+0200] {processor.py:826} INFO - Processing file /Users/simba/Documents/Converteo/cas_airflow1/env/lib/python3.11/site-packages/airflow/example_dags/example_skip_dag.py for tasks to queue
[2023-06-13T11:48:16.354+0200] {logging_mixin.py:149} INFO - [2023-06-13T11:48:16.354+0200] {dagbag.py:541} INFO - Filling up the DagBag from /Users/simba/Documents/Converteo/cas_airflow1/env/lib/python3.11/site-packages/airflow/example_dags/example_skip_dag.py
[2023-06-13T11:48:16.373+0200] {processor.py:836} INFO - DAG(s) dict_keys(['example_skip_dag']) retrieved from /Users/simba/Documents/Converteo/cas_airflow1/env/lib/python3.11/site-packages/airflow/example_dags/example_skip_dag.py
[2023-06-13T11:48:17.133+0200] {logging_mixin.py:149} INFO - [2023-06-13T11:48:17.132+0200] {dag.py:2726} INFO - Sync 1 DAGs
[2023-06-13T11:48:17.153+0200] {logging_mixin.py:149} INFO - [2023-06-13T11:48:17.153+0200] {dag.py:3486} INFO - Setting next_dagrun for example_skip_dag to 2023-06-12T09:48:17.153710+00:00, run_after=2023-06-13T09:48:17.153710+00:00
[2023-06-13T11:48:17.175+0200] {processor.py:179} INFO - Processing /Users/simba/Documents/Converteo/cas_airflow1/env/lib/python3.11/site-packages/airflow/example_dags/example_skip_dag.py took 0.827 seconds
