[2023-06-13T11:32:35.626+0200] {processor.py:157} INFO - Started process (PID=68861) to work on /Users/simba/Documents/Converteo/cas_airflow1/env/lib/python3.11/site-packages/airflow/example_dags/example_task_group_decorator.py
[2023-06-13T11:32:35.629+0200] {processor.py:826} INFO - Processing file /Users/simba/Documents/Converteo/cas_airflow1/env/lib/python3.11/site-packages/airflow/example_dags/example_task_group_decorator.py for tasks to queue
[2023-06-13T11:32:35.629+0200] {logging_mixin.py:149} INFO - [2023-06-13T11:32:35.629+0200] {dagbag.py:541} INFO - Filling up the DagBag from /Users/simba/Documents/Converteo/cas_airflow1/env/lib/python3.11/site-packages/airflow/example_dags/example_task_group_decorator.py
[2023-06-13T11:32:35.688+0200] {processor.py:836} INFO - DAG(s) dict_keys(['example_task_group_decorator']) retrieved from /Users/simba/Documents/Converteo/cas_airflow1/env/lib/python3.11/site-packages/airflow/example_dags/example_task_group_decorator.py
[2023-06-13T11:32:36.485+0200] {logging_mixin.py:149} INFO - [2023-06-13T11:32:36.485+0200] {manager.py:504} INFO - Created Permission View: can delete on DAG:example_task_group_decorator
[2023-06-13T11:32:36.493+0200] {logging_mixin.py:149} INFO - [2023-06-13T11:32:36.493+0200] {manager.py:504} INFO - Created Permission View: can edit on DAG:example_task_group_decorator
[2023-06-13T11:32:36.499+0200] {logging_mixin.py:149} INFO - [2023-06-13T11:32:36.499+0200] {manager.py:504} INFO - Created Permission View: can read on DAG:example_task_group_decorator
[2023-06-13T11:32:36.499+0200] {logging_mixin.py:149} INFO - [2023-06-13T11:32:36.499+0200] {dag.py:2726} INFO - Sync 1 DAGs
[2023-06-13T11:32:36.511+0200] {logging_mixin.py:149} INFO - [2023-06-13T11:32:36.511+0200] {dag.py:2747} INFO - Creating ORM DAG for example_task_group_decorator
[2023-06-13T11:32:36.520+0200] {logging_mixin.py:149} INFO - [2023-06-13T11:32:36.520+0200] {dag.py:3486} INFO - Setting next_dagrun for example_task_group_decorator to 2023-06-12T09:32:36.520158+00:00, run_after=2023-06-13T09:32:36.520158+00:00
[2023-06-13T11:32:36.540+0200] {processor.py:179} INFO - Processing /Users/simba/Documents/Converteo/cas_airflow1/env/lib/python3.11/site-packages/airflow/example_dags/example_task_group_decorator.py took 0.915 seconds
[2023-06-13T11:34:54.862+0200] {processor.py:157} INFO - Started process (PID=69199) to work on /Users/simba/Documents/Converteo/cas_airflow1/env/lib/python3.11/site-packages/airflow/example_dags/example_task_group_decorator.py
[2023-06-13T11:34:54.865+0200] {processor.py:826} INFO - Processing file /Users/simba/Documents/Converteo/cas_airflow1/env/lib/python3.11/site-packages/airflow/example_dags/example_task_group_decorator.py for tasks to queue
[2023-06-13T11:34:54.865+0200] {logging_mixin.py:149} INFO - [2023-06-13T11:34:54.865+0200] {dagbag.py:541} INFO - Filling up the DagBag from /Users/simba/Documents/Converteo/cas_airflow1/env/lib/python3.11/site-packages/airflow/example_dags/example_task_group_decorator.py
[2023-06-13T11:34:54.915+0200] {processor.py:836} INFO - DAG(s) dict_keys(['example_task_group_decorator']) retrieved from /Users/simba/Documents/Converteo/cas_airflow1/env/lib/python3.11/site-packages/airflow/example_dags/example_task_group_decorator.py
[2023-06-13T11:34:55.549+0200] {logging_mixin.py:149} INFO - [2023-06-13T11:34:55.548+0200] {dag.py:2726} INFO - Sync 1 DAGs
[2023-06-13T11:34:55.563+0200] {logging_mixin.py:149} INFO - [2023-06-13T11:34:55.563+0200] {dag.py:3486} INFO - Setting next_dagrun for example_task_group_decorator to 2023-06-12T09:34:55.563261+00:00, run_after=2023-06-13T09:34:55.563261+00:00
[2023-06-13T11:34:55.581+0200] {processor.py:179} INFO - Processing /Users/simba/Documents/Converteo/cas_airflow1/env/lib/python3.11/site-packages/airflow/example_dags/example_task_group_decorator.py took 0.720 seconds
[2023-06-13T11:36:41.912+0200] {processor.py:157} INFO - Started process (PID=69471) to work on /Users/simba/Documents/Converteo/cas_airflow1/env/lib/python3.11/site-packages/airflow/example_dags/example_task_group_decorator.py
[2023-06-13T11:36:41.916+0200] {processor.py:826} INFO - Processing file /Users/simba/Documents/Converteo/cas_airflow1/env/lib/python3.11/site-packages/airflow/example_dags/example_task_group_decorator.py for tasks to queue
[2023-06-13T11:36:41.916+0200] {logging_mixin.py:149} INFO - [2023-06-13T11:36:41.916+0200] {dagbag.py:541} INFO - Filling up the DagBag from /Users/simba/Documents/Converteo/cas_airflow1/env/lib/python3.11/site-packages/airflow/example_dags/example_task_group_decorator.py
[2023-06-13T11:36:41.967+0200] {processor.py:836} INFO - DAG(s) dict_keys(['example_task_group_decorator']) retrieved from /Users/simba/Documents/Converteo/cas_airflow1/env/lib/python3.11/site-packages/airflow/example_dags/example_task_group_decorator.py
[2023-06-13T11:36:42.609+0200] {logging_mixin.py:149} INFO - [2023-06-13T11:36:42.609+0200] {dag.py:2726} INFO - Sync 1 DAGs
[2023-06-13T11:36:42.625+0200] {logging_mixin.py:149} INFO - [2023-06-13T11:36:42.625+0200] {dag.py:3486} INFO - Setting next_dagrun for example_task_group_decorator to 2023-06-12T09:36:42.624930+00:00, run_after=2023-06-13T09:36:42.624930+00:00
[2023-06-13T11:36:42.643+0200] {processor.py:179} INFO - Processing /Users/simba/Documents/Converteo/cas_airflow1/env/lib/python3.11/site-packages/airflow/example_dags/example_task_group_decorator.py took 0.732 seconds
[2023-06-13T11:38:23.630+0200] {processor.py:157} INFO - Started process (PID=69735) to work on /Users/simba/Documents/Converteo/cas_airflow1/env/lib/python3.11/site-packages/airflow/example_dags/example_task_group_decorator.py
[2023-06-13T11:38:23.634+0200] {processor.py:826} INFO - Processing file /Users/simba/Documents/Converteo/cas_airflow1/env/lib/python3.11/site-packages/airflow/example_dags/example_task_group_decorator.py for tasks to queue
[2023-06-13T11:38:23.634+0200] {logging_mixin.py:149} INFO - [2023-06-13T11:38:23.634+0200] {dagbag.py:541} INFO - Filling up the DagBag from /Users/simba/Documents/Converteo/cas_airflow1/env/lib/python3.11/site-packages/airflow/example_dags/example_task_group_decorator.py
[2023-06-13T11:38:23.698+0200] {processor.py:836} INFO - DAG(s) dict_keys(['example_task_group_decorator']) retrieved from /Users/simba/Documents/Converteo/cas_airflow1/env/lib/python3.11/site-packages/airflow/example_dags/example_task_group_decorator.py
[2023-06-13T11:38:24.477+0200] {logging_mixin.py:149} INFO - [2023-06-13T11:38:24.476+0200] {dag.py:2726} INFO - Sync 1 DAGs
[2023-06-13T11:38:24.496+0200] {logging_mixin.py:149} INFO - [2023-06-13T11:38:24.495+0200] {dag.py:3486} INFO - Setting next_dagrun for example_task_group_decorator to 2023-06-12T09:38:24.495599+00:00, run_after=2023-06-13T09:38:24.495599+00:00
[2023-06-13T11:38:24.515+0200] {processor.py:179} INFO - Processing /Users/simba/Documents/Converteo/cas_airflow1/env/lib/python3.11/site-packages/airflow/example_dags/example_task_group_decorator.py took 0.885 seconds
[2023-06-13T11:40:06.380+0200] {processor.py:157} INFO - Started process (PID=70000) to work on /Users/simba/Documents/Converteo/cas_airflow1/env/lib/python3.11/site-packages/airflow/example_dags/example_task_group_decorator.py
[2023-06-13T11:40:06.383+0200] {processor.py:826} INFO - Processing file /Users/simba/Documents/Converteo/cas_airflow1/env/lib/python3.11/site-packages/airflow/example_dags/example_task_group_decorator.py for tasks to queue
[2023-06-13T11:40:06.384+0200] {logging_mixin.py:149} INFO - [2023-06-13T11:40:06.384+0200] {dagbag.py:541} INFO - Filling up the DagBag from /Users/simba/Documents/Converteo/cas_airflow1/env/lib/python3.11/site-packages/airflow/example_dags/example_task_group_decorator.py
[2023-06-13T11:40:06.435+0200] {processor.py:836} INFO - DAG(s) dict_keys(['example_task_group_decorator']) retrieved from /Users/simba/Documents/Converteo/cas_airflow1/env/lib/python3.11/site-packages/airflow/example_dags/example_task_group_decorator.py
[2023-06-13T11:40:07.074+0200] {logging_mixin.py:149} INFO - [2023-06-13T11:40:07.074+0200] {dag.py:2726} INFO - Sync 1 DAGs
[2023-06-13T11:40:07.089+0200] {logging_mixin.py:149} INFO - [2023-06-13T11:40:07.089+0200] {dag.py:3486} INFO - Setting next_dagrun for example_task_group_decorator to 2023-06-12T09:40:07.089210+00:00, run_after=2023-06-13T09:40:07.089210+00:00
[2023-06-13T11:40:07.109+0200] {processor.py:179} INFO - Processing /Users/simba/Documents/Converteo/cas_airflow1/env/lib/python3.11/site-packages/airflow/example_dags/example_task_group_decorator.py took 0.730 seconds
[2023-06-13T11:45:25.502+0200] {processor.py:157} INFO - Started process (PID=71088) to work on /Users/simba/Documents/Converteo/cas_airflow1/env/lib/python3.11/site-packages/airflow/example_dags/example_task_group_decorator.py
[2023-06-13T11:45:25.507+0200] {processor.py:826} INFO - Processing file /Users/simba/Documents/Converteo/cas_airflow1/env/lib/python3.11/site-packages/airflow/example_dags/example_task_group_decorator.py for tasks to queue
[2023-06-13T11:45:25.508+0200] {logging_mixin.py:149} INFO - [2023-06-13T11:45:25.508+0200] {dagbag.py:541} INFO - Filling up the DagBag from /Users/simba/Documents/Converteo/cas_airflow1/env/lib/python3.11/site-packages/airflow/example_dags/example_task_group_decorator.py
[2023-06-13T11:45:25.605+0200] {processor.py:836} INFO - DAG(s) dict_keys(['example_task_group_decorator']) retrieved from /Users/simba/Documents/Converteo/cas_airflow1/env/lib/python3.11/site-packages/airflow/example_dags/example_task_group_decorator.py
[2023-06-13T11:45:26.352+0200] {logging_mixin.py:149} INFO - [2023-06-13T11:45:26.351+0200] {dag.py:2726} INFO - Sync 1 DAGs
[2023-06-13T11:45:26.381+0200] {logging_mixin.py:149} INFO - [2023-06-13T11:45:26.380+0200] {dag.py:3486} INFO - Setting next_dagrun for example_task_group_decorator to 2023-06-12T09:45:26.380782+00:00, run_after=2023-06-13T09:45:26.380782+00:00
[2023-06-13T11:45:26.403+0200] {processor.py:179} INFO - Processing /Users/simba/Documents/Converteo/cas_airflow1/env/lib/python3.11/site-packages/airflow/example_dags/example_task_group_decorator.py took 0.901 seconds
[2023-06-13T11:48:03.272+0200] {processor.py:157} INFO - Started process (PID=71508) to work on /Users/simba/Documents/Converteo/cas_airflow1/env/lib/python3.11/site-packages/airflow/example_dags/example_task_group_decorator.py
[2023-06-13T11:48:03.277+0200] {processor.py:826} INFO - Processing file /Users/simba/Documents/Converteo/cas_airflow1/env/lib/python3.11/site-packages/airflow/example_dags/example_task_group_decorator.py for tasks to queue
[2023-06-13T11:48:03.277+0200] {logging_mixin.py:149} INFO - [2023-06-13T11:48:03.277+0200] {dagbag.py:541} INFO - Filling up the DagBag from /Users/simba/Documents/Converteo/cas_airflow1/env/lib/python3.11/site-packages/airflow/example_dags/example_task_group_decorator.py
[2023-06-13T11:48:03.333+0200] {processor.py:836} INFO - DAG(s) dict_keys(['example_task_group_decorator']) retrieved from /Users/simba/Documents/Converteo/cas_airflow1/env/lib/python3.11/site-packages/airflow/example_dags/example_task_group_decorator.py
[2023-06-13T11:48:04.153+0200] {logging_mixin.py:149} INFO - [2023-06-13T11:48:04.153+0200] {dag.py:2726} INFO - Sync 1 DAGs
[2023-06-13T11:48:04.168+0200] {logging_mixin.py:149} INFO - [2023-06-13T11:48:04.168+0200] {dag.py:3486} INFO - Setting next_dagrun for example_task_group_decorator to 2023-06-12T09:48:04.168589+00:00, run_after=2023-06-13T09:48:04.168589+00:00
[2023-06-13T11:48:04.187+0200] {processor.py:179} INFO - Processing /Users/simba/Documents/Converteo/cas_airflow1/env/lib/python3.11/site-packages/airflow/example_dags/example_task_group_decorator.py took 0.916 seconds
[2023-06-13T11:50:00.709+0200] {processor.py:157} INFO - Started process (PID=71855) to work on /Users/simba/Documents/Converteo/cas_airflow1/env/lib/python3.11/site-packages/airflow/example_dags/example_task_group_decorator.py
[2023-06-13T11:50:00.713+0200] {processor.py:826} INFO - Processing file /Users/simba/Documents/Converteo/cas_airflow1/env/lib/python3.11/site-packages/airflow/example_dags/example_task_group_decorator.py for tasks to queue
[2023-06-13T11:50:00.714+0200] {logging_mixin.py:149} INFO - [2023-06-13T11:50:00.714+0200] {dagbag.py:541} INFO - Filling up the DagBag from /Users/simba/Documents/Converteo/cas_airflow1/env/lib/python3.11/site-packages/airflow/example_dags/example_task_group_decorator.py
[2023-06-13T11:50:00.770+0200] {processor.py:836} INFO - DAG(s) dict_keys(['example_task_group_decorator']) retrieved from /Users/simba/Documents/Converteo/cas_airflow1/env/lib/python3.11/site-packages/airflow/example_dags/example_task_group_decorator.py
[2023-06-13T11:50:01.434+0200] {logging_mixin.py:149} INFO - [2023-06-13T11:50:01.433+0200] {dag.py:2726} INFO - Sync 1 DAGs
[2023-06-13T11:50:01.448+0200] {logging_mixin.py:149} INFO - [2023-06-13T11:50:01.447+0200] {dag.py:3486} INFO - Setting next_dagrun for example_task_group_decorator to 2023-06-12T09:50:01.447702+00:00, run_after=2023-06-13T09:50:01.447702+00:00
[2023-06-13T11:50:01.466+0200] {processor.py:179} INFO - Processing /Users/simba/Documents/Converteo/cas_airflow1/env/lib/python3.11/site-packages/airflow/example_dags/example_task_group_decorator.py took 0.757 seconds
