[2023-06-13T11:33:01.609+0200] {processor.py:157} INFO - Started process (PID=68930) to work on /Users/simba/Documents/Converteo/cas_airflow1/env/lib/python3.11/site-packages/airflow/example_dags/example_setup_teardown.py
[2023-06-13T11:33:01.612+0200] {processor.py:826} INFO - Processing file /Users/simba/Documents/Converteo/cas_airflow1/env/lib/python3.11/site-packages/airflow/example_dags/example_setup_teardown.py for tasks to queue
[2023-06-13T11:33:01.613+0200] {logging_mixin.py:149} INFO - [2023-06-13T11:33:01.613+0200] {dagbag.py:541} INFO - Filling up the DagBag from /Users/simba/Documents/Converteo/cas_airflow1/env/lib/python3.11/site-packages/airflow/example_dags/example_setup_teardown.py
[2023-06-13T11:33:01.617+0200] {processor.py:838} WARNING - No viable dags retrieved from /Users/simba/Documents/Converteo/cas_airflow1/env/lib/python3.11/site-packages/airflow/example_dags/example_setup_teardown.py
[2023-06-13T11:33:02.308+0200] {processor.py:179} INFO - Processing /Users/simba/Documents/Converteo/cas_airflow1/env/lib/python3.11/site-packages/airflow/example_dags/example_setup_teardown.py took 0.700 seconds
[2023-06-13T11:35:16.655+0200] {processor.py:157} INFO - Started process (PID=69253) to work on /Users/simba/Documents/Converteo/cas_airflow1/env/lib/python3.11/site-packages/airflow/example_dags/example_setup_teardown.py
[2023-06-13T11:35:16.658+0200] {processor.py:826} INFO - Processing file /Users/simba/Documents/Converteo/cas_airflow1/env/lib/python3.11/site-packages/airflow/example_dags/example_setup_teardown.py for tasks to queue
[2023-06-13T11:35:16.659+0200] {logging_mixin.py:149} INFO - [2023-06-13T11:35:16.659+0200] {dagbag.py:541} INFO - Filling up the DagBag from /Users/simba/Documents/Converteo/cas_airflow1/env/lib/python3.11/site-packages/airflow/example_dags/example_setup_teardown.py
[2023-06-13T11:35:16.662+0200] {processor.py:838} WARNING - No viable dags retrieved from /Users/simba/Documents/Converteo/cas_airflow1/env/lib/python3.11/site-packages/airflow/example_dags/example_setup_teardown.py
[2023-06-13T11:35:17.295+0200] {processor.py:179} INFO - Processing /Users/simba/Documents/Converteo/cas_airflow1/env/lib/python3.11/site-packages/airflow/example_dags/example_setup_teardown.py took 0.640 seconds
[2023-06-13T11:37:04.800+0200] {processor.py:157} INFO - Started process (PID=69523) to work on /Users/simba/Documents/Converteo/cas_airflow1/env/lib/python3.11/site-packages/airflow/example_dags/example_setup_teardown.py
[2023-06-13T11:37:04.803+0200] {processor.py:826} INFO - Processing file /Users/simba/Documents/Converteo/cas_airflow1/env/lib/python3.11/site-packages/airflow/example_dags/example_setup_teardown.py for tasks to queue
[2023-06-13T11:37:04.804+0200] {logging_mixin.py:149} INFO - [2023-06-13T11:37:04.803+0200] {dagbag.py:541} INFO - Filling up the DagBag from /Users/simba/Documents/Converteo/cas_airflow1/env/lib/python3.11/site-packages/airflow/example_dags/example_setup_teardown.py
[2023-06-13T11:37:04.806+0200] {processor.py:838} WARNING - No viable dags retrieved from /Users/simba/Documents/Converteo/cas_airflow1/env/lib/python3.11/site-packages/airflow/example_dags/example_setup_teardown.py
[2023-06-13T11:37:05.454+0200] {processor.py:179} INFO - Processing /Users/simba/Documents/Converteo/cas_airflow1/env/lib/python3.11/site-packages/airflow/example_dags/example_setup_teardown.py took 0.655 seconds
[2023-06-13T11:38:48.159+0200] {processor.py:157} INFO - Started process (PID=69816) to work on /Users/simba/Documents/Converteo/cas_airflow1/env/lib/python3.11/site-packages/airflow/example_dags/example_setup_teardown.py
[2023-06-13T11:38:48.162+0200] {processor.py:826} INFO - Processing file /Users/simba/Documents/Converteo/cas_airflow1/env/lib/python3.11/site-packages/airflow/example_dags/example_setup_teardown.py for tasks to queue
[2023-06-13T11:38:48.163+0200] {logging_mixin.py:149} INFO - [2023-06-13T11:38:48.162+0200] {dagbag.py:541} INFO - Filling up the DagBag from /Users/simba/Documents/Converteo/cas_airflow1/env/lib/python3.11/site-packages/airflow/example_dags/example_setup_teardown.py
[2023-06-13T11:38:48.166+0200] {processor.py:838} WARNING - No viable dags retrieved from /Users/simba/Documents/Converteo/cas_airflow1/env/lib/python3.11/site-packages/airflow/example_dags/example_setup_teardown.py
[2023-06-13T11:38:48.841+0200] {processor.py:179} INFO - Processing /Users/simba/Documents/Converteo/cas_airflow1/env/lib/python3.11/site-packages/airflow/example_dags/example_setup_teardown.py took 0.684 seconds
[2023-06-13T11:40:29.381+0200] {processor.py:157} INFO - Started process (PID=70053) to work on /Users/simba/Documents/Converteo/cas_airflow1/env/lib/python3.11/site-packages/airflow/example_dags/example_setup_teardown.py
[2023-06-13T11:40:29.384+0200] {processor.py:826} INFO - Processing file /Users/simba/Documents/Converteo/cas_airflow1/env/lib/python3.11/site-packages/airflow/example_dags/example_setup_teardown.py for tasks to queue
[2023-06-13T11:40:29.384+0200] {logging_mixin.py:149} INFO - [2023-06-13T11:40:29.384+0200] {dagbag.py:541} INFO - Filling up the DagBag from /Users/simba/Documents/Converteo/cas_airflow1/env/lib/python3.11/site-packages/airflow/example_dags/example_setup_teardown.py
[2023-06-13T11:40:29.387+0200] {processor.py:838} WARNING - No viable dags retrieved from /Users/simba/Documents/Converteo/cas_airflow1/env/lib/python3.11/site-packages/airflow/example_dags/example_setup_teardown.py
[2023-06-13T11:40:30.076+0200] {processor.py:179} INFO - Processing /Users/simba/Documents/Converteo/cas_airflow1/env/lib/python3.11/site-packages/airflow/example_dags/example_setup_teardown.py took 0.696 seconds
[2023-06-13T11:46:02.411+0200] {processor.py:157} INFO - Started process (PID=71200) to work on /Users/simba/Documents/Converteo/cas_airflow1/env/lib/python3.11/site-packages/airflow/example_dags/example_setup_teardown.py
[2023-06-13T11:46:02.415+0200] {processor.py:826} INFO - Processing file /Users/simba/Documents/Converteo/cas_airflow1/env/lib/python3.11/site-packages/airflow/example_dags/example_setup_teardown.py for tasks to queue
[2023-06-13T11:46:02.415+0200] {logging_mixin.py:149} INFO - [2023-06-13T11:46:02.415+0200] {dagbag.py:541} INFO - Filling up the DagBag from /Users/simba/Documents/Converteo/cas_airflow1/env/lib/python3.11/site-packages/airflow/example_dags/example_setup_teardown.py
[2023-06-13T11:46:02.418+0200] {processor.py:838} WARNING - No viable dags retrieved from /Users/simba/Documents/Converteo/cas_airflow1/env/lib/python3.11/site-packages/airflow/example_dags/example_setup_teardown.py
[2023-06-13T11:46:03.137+0200] {processor.py:179} INFO - Processing /Users/simba/Documents/Converteo/cas_airflow1/env/lib/python3.11/site-packages/airflow/example_dags/example_setup_teardown.py took 0.727 seconds
[2023-06-13T11:48:28.919+0200] {processor.py:157} INFO - Started process (PID=71616) to work on /Users/simba/Documents/Converteo/cas_airflow1/env/lib/python3.11/site-packages/airflow/example_dags/example_setup_teardown.py
[2023-06-13T11:48:28.923+0200] {processor.py:826} INFO - Processing file /Users/simba/Documents/Converteo/cas_airflow1/env/lib/python3.11/site-packages/airflow/example_dags/example_setup_teardown.py for tasks to queue
[2023-06-13T11:48:28.923+0200] {logging_mixin.py:149} INFO - [2023-06-13T11:48:28.923+0200] {dagbag.py:541} INFO - Filling up the DagBag from /Users/simba/Documents/Converteo/cas_airflow1/env/lib/python3.11/site-packages/airflow/example_dags/example_setup_teardown.py
[2023-06-13T11:48:28.927+0200] {processor.py:838} WARNING - No viable dags retrieved from /Users/simba/Documents/Converteo/cas_airflow1/env/lib/python3.11/site-packages/airflow/example_dags/example_setup_teardown.py
[2023-06-13T11:48:29.656+0200] {processor.py:179} INFO - Processing /Users/simba/Documents/Converteo/cas_airflow1/env/lib/python3.11/site-packages/airflow/example_dags/example_setup_teardown.py took 0.737 seconds
