[2023-06-13T11:34:02.600+0200] {processor.py:157} INFO - Started process (PID=69078) to work on /Users/simba/Documents/Converteo/cas_airflow1/env/lib/python3.11/site-packages/airflow/example_dags/example_branch_labels.py
[2023-06-13T11:34:02.604+0200] {processor.py:826} INFO - Processing file /Users/simba/Documents/Converteo/cas_airflow1/env/lib/python3.11/site-packages/airflow/example_dags/example_branch_labels.py for tasks to queue
[2023-06-13T11:34:02.604+0200] {logging_mixin.py:149} INFO - [2023-06-13T11:34:02.604+0200] {dagbag.py:541} INFO - Filling up the DagBag from /Users/simba/Documents/Converteo/cas_airflow1/env/lib/python3.11/site-packages/airflow/example_dags/example_branch_labels.py
[2023-06-13T11:34:02.626+0200] {processor.py:836} INFO - DAG(s) dict_keys(['example_branch_labels']) retrieved from /Users/simba/Documents/Converteo/cas_airflow1/env/lib/python3.11/site-packages/airflow/example_dags/example_branch_labels.py
[2023-06-13T11:34:03.407+0200] {logging_mixin.py:149} INFO - [2023-06-13T11:34:03.407+0200] {manager.py:504} INFO - Created Permission View: can edit on DAG:example_branch_labels
[2023-06-13T11:34:03.416+0200] {logging_mixin.py:149} INFO - [2023-06-13T11:34:03.415+0200] {manager.py:504} INFO - Created Permission View: can read on DAG:example_branch_labels
[2023-06-13T11:34:03.422+0200] {logging_mixin.py:149} INFO - [2023-06-13T11:34:03.422+0200] {manager.py:504} INFO - Created Permission View: can delete on DAG:example_branch_labels
[2023-06-13T11:34:03.422+0200] {logging_mixin.py:149} INFO - [2023-06-13T11:34:03.422+0200] {dag.py:2726} INFO - Sync 1 DAGs
[2023-06-13T11:34:03.489+0200] {logging_mixin.py:149} INFO - [2023-06-13T11:34:03.488+0200] {dag.py:2747} INFO - Creating ORM DAG for example_branch_labels
[2023-06-13T11:34:03.498+0200] {logging_mixin.py:149} INFO - [2023-06-13T11:34:03.498+0200] {dag.py:3486} INFO - Setting next_dagrun for example_branch_labels to 2023-06-12T00:00:00+00:00, run_after=2023-06-13T00:00:00+00:00
[2023-06-13T11:34:03.512+0200] {processor.py:179} INFO - Processing /Users/simba/Documents/Converteo/cas_airflow1/env/lib/python3.11/site-packages/airflow/example_dags/example_branch_labels.py took 0.913 seconds
[2023-06-13T11:37:30.948+0200] {processor.py:157} INFO - Started process (PID=69586) to work on /Users/simba/Documents/Converteo/cas_airflow1/env/lib/python3.11/site-packages/airflow/example_dags/example_branch_labels.py
[2023-06-13T11:37:30.952+0200] {processor.py:826} INFO - Processing file /Users/simba/Documents/Converteo/cas_airflow1/env/lib/python3.11/site-packages/airflow/example_dags/example_branch_labels.py for tasks to queue
[2023-06-13T11:37:30.952+0200] {logging_mixin.py:149} INFO - [2023-06-13T11:37:30.952+0200] {dagbag.py:541} INFO - Filling up the DagBag from /Users/simba/Documents/Converteo/cas_airflow1/env/lib/python3.11/site-packages/airflow/example_dags/example_branch_labels.py
[2023-06-13T11:37:30.973+0200] {processor.py:836} INFO - DAG(s) dict_keys(['example_branch_labels']) retrieved from /Users/simba/Documents/Converteo/cas_airflow1/env/lib/python3.11/site-packages/airflow/example_dags/example_branch_labels.py
[2023-06-13T11:37:31.834+0200] {logging_mixin.py:149} INFO - [2023-06-13T11:37:31.833+0200] {dag.py:2726} INFO - Sync 1 DAGs
[2023-06-13T11:37:31.862+0200] {logging_mixin.py:149} INFO - [2023-06-13T11:37:31.862+0200] {dag.py:3486} INFO - Setting next_dagrun for example_branch_labels to 2023-06-12T00:00:00+00:00, run_after=2023-06-13T00:00:00+00:00
[2023-06-13T11:37:31.886+0200] {processor.py:179} INFO - Processing /Users/simba/Documents/Converteo/cas_airflow1/env/lib/python3.11/site-packages/airflow/example_dags/example_branch_labels.py took 0.938 seconds
[2023-06-13T11:40:57.446+0200] {processor.py:157} INFO - Started process (PID=70117) to work on /Users/simba/Documents/Converteo/cas_airflow1/env/lib/python3.11/site-packages/airflow/example_dags/example_branch_labels.py
[2023-06-13T11:40:57.450+0200] {processor.py:826} INFO - Processing file /Users/simba/Documents/Converteo/cas_airflow1/env/lib/python3.11/site-packages/airflow/example_dags/example_branch_labels.py for tasks to queue
[2023-06-13T11:40:57.450+0200] {logging_mixin.py:149} INFO - [2023-06-13T11:40:57.450+0200] {dagbag.py:541} INFO - Filling up the DagBag from /Users/simba/Documents/Converteo/cas_airflow1/env/lib/python3.11/site-packages/airflow/example_dags/example_branch_labels.py
[2023-06-13T11:40:57.469+0200] {processor.py:836} INFO - DAG(s) dict_keys(['example_branch_labels']) retrieved from /Users/simba/Documents/Converteo/cas_airflow1/env/lib/python3.11/site-packages/airflow/example_dags/example_branch_labels.py
[2023-06-13T11:40:58.118+0200] {logging_mixin.py:149} INFO - [2023-06-13T11:40:58.118+0200] {dag.py:2726} INFO - Sync 1 DAGs
[2023-06-13T11:40:58.136+0200] {logging_mixin.py:149} INFO - [2023-06-13T11:40:58.136+0200] {dag.py:3486} INFO - Setting next_dagrun for example_branch_labels to 2023-06-12T00:00:00+00:00, run_after=2023-06-13T00:00:00+00:00
[2023-06-13T11:40:58.154+0200] {processor.py:179} INFO - Processing /Users/simba/Documents/Converteo/cas_airflow1/env/lib/python3.11/site-packages/airflow/example_dags/example_branch_labels.py took 0.708 seconds
[2023-06-13T11:47:05.627+0200] {processor.py:157} INFO - Started process (PID=71362) to work on /Users/simba/Documents/Converteo/cas_airflow1/env/lib/python3.11/site-packages/airflow/example_dags/example_branch_labels.py
[2023-06-13T11:47:05.632+0200] {processor.py:826} INFO - Processing file /Users/simba/Documents/Converteo/cas_airflow1/env/lib/python3.11/site-packages/airflow/example_dags/example_branch_labels.py for tasks to queue
[2023-06-13T11:47:05.632+0200] {logging_mixin.py:149} INFO - [2023-06-13T11:47:05.632+0200] {dagbag.py:541} INFO - Filling up the DagBag from /Users/simba/Documents/Converteo/cas_airflow1/env/lib/python3.11/site-packages/airflow/example_dags/example_branch_labels.py
[2023-06-13T11:47:05.651+0200] {processor.py:836} INFO - DAG(s) dict_keys(['example_branch_labels']) retrieved from /Users/simba/Documents/Converteo/cas_airflow1/env/lib/python3.11/site-packages/airflow/example_dags/example_branch_labels.py
[2023-06-13T11:47:06.297+0200] {logging_mixin.py:149} INFO - [2023-06-13T11:47:06.297+0200] {dag.py:2726} INFO - Sync 1 DAGs
[2023-06-13T11:47:06.314+0200] {logging_mixin.py:149} INFO - [2023-06-13T11:47:06.314+0200] {dag.py:3486} INFO - Setting next_dagrun for example_branch_labels to 2023-06-12T00:00:00+00:00, run_after=2023-06-13T00:00:00+00:00
[2023-06-13T11:47:06.333+0200] {processor.py:179} INFO - Processing /Users/simba/Documents/Converteo/cas_airflow1/env/lib/python3.11/site-packages/airflow/example_dags/example_branch_labels.py took 0.707 seconds
