[2023-06-13T11:33:32.229+0200] {processor.py:157} INFO - Started process (PID=69004) to work on /Users/simba/Documents/Converteo/cas_airflow1/env/lib/python3.11/site-packages/airflow/example_dags/example_latest_only.py
[2023-06-13T11:33:32.233+0200] {processor.py:826} INFO - Processing file /Users/simba/Documents/Converteo/cas_airflow1/env/lib/python3.11/site-packages/airflow/example_dags/example_latest_only.py for tasks to queue
[2023-06-13T11:33:32.233+0200] {logging_mixin.py:149} INFO - [2023-06-13T11:33:32.233+0200] {dagbag.py:541} INFO - Filling up the DagBag from /Users/simba/Documents/Converteo/cas_airflow1/env/lib/python3.11/site-packages/airflow/example_dags/example_latest_only.py
[2023-06-13T11:33:32.254+0200] {processor.py:836} INFO - DAG(s) dict_keys(['latest_only']) retrieved from /Users/simba/Documents/Converteo/cas_airflow1/env/lib/python3.11/site-packages/airflow/example_dags/example_latest_only.py
[2023-06-13T11:33:32.984+0200] {logging_mixin.py:149} INFO - [2023-06-13T11:33:32.984+0200] {manager.py:504} INFO - Created Permission View: can delete on DAG:latest_only
[2023-06-13T11:33:32.993+0200] {logging_mixin.py:149} INFO - [2023-06-13T11:33:32.993+0200] {manager.py:504} INFO - Created Permission View: can edit on DAG:latest_only
[2023-06-13T11:33:32.999+0200] {logging_mixin.py:149} INFO - [2023-06-13T11:33:32.999+0200] {manager.py:504} INFO - Created Permission View: can read on DAG:latest_only
[2023-06-13T11:33:32.999+0200] {logging_mixin.py:149} INFO - [2023-06-13T11:33:32.999+0200] {dag.py:2726} INFO - Sync 1 DAGs
[2023-06-13T11:33:33.067+0200] {logging_mixin.py:149} INFO - [2023-06-13T11:33:33.067+0200] {dag.py:2747} INFO - Creating ORM DAG for latest_only
[2023-06-13T11:33:33.075+0200] {logging_mixin.py:149} INFO - [2023-06-13T11:33:33.075+0200] {dag.py:3486} INFO - Setting next_dagrun for latest_only to 2023-06-13T05:33:33.075034+00:00, run_after=2023-06-13T09:33:33.075034+00:00
[2023-06-13T11:33:33.093+0200] {processor.py:179} INFO - Processing /Users/simba/Documents/Converteo/cas_airflow1/env/lib/python3.11/site-packages/airflow/example_dags/example_latest_only.py took 0.864 seconds
[2023-06-13T11:35:45.701+0200] {processor.py:157} INFO - Started process (PID=69321) to work on /Users/simba/Documents/Converteo/cas_airflow1/env/lib/python3.11/site-packages/airflow/example_dags/example_latest_only.py
[2023-06-13T11:35:45.720+0200] {processor.py:826} INFO - Processing file /Users/simba/Documents/Converteo/cas_airflow1/env/lib/python3.11/site-packages/airflow/example_dags/example_latest_only.py for tasks to queue
[2023-06-13T11:35:45.721+0200] {logging_mixin.py:149} INFO - [2023-06-13T11:35:45.721+0200] {dagbag.py:541} INFO - Filling up the DagBag from /Users/simba/Documents/Converteo/cas_airflow1/env/lib/python3.11/site-packages/airflow/example_dags/example_latest_only.py
[2023-06-13T11:35:45.739+0200] {processor.py:836} INFO - DAG(s) dict_keys(['latest_only']) retrieved from /Users/simba/Documents/Converteo/cas_airflow1/env/lib/python3.11/site-packages/airflow/example_dags/example_latest_only.py
[2023-06-13T11:35:46.387+0200] {logging_mixin.py:149} INFO - [2023-06-13T11:35:46.387+0200] {dag.py:2726} INFO - Sync 1 DAGs
[2023-06-13T11:35:46.404+0200] {logging_mixin.py:149} INFO - [2023-06-13T11:35:46.404+0200] {dag.py:3486} INFO - Setting next_dagrun for latest_only to 2023-06-13T05:35:46.404681+00:00, run_after=2023-06-13T09:35:46.404681+00:00
[2023-06-13T11:35:46.423+0200] {processor.py:179} INFO - Processing /Users/simba/Documents/Converteo/cas_airflow1/env/lib/python3.11/site-packages/airflow/example_dags/example_latest_only.py took 0.722 seconds
[2023-06-13T11:39:15.311+0200] {processor.py:157} INFO - Started process (PID=69885) to work on /Users/simba/Documents/Converteo/cas_airflow1/env/lib/python3.11/site-packages/airflow/example_dags/example_latest_only.py
[2023-06-13T11:39:15.315+0200] {processor.py:826} INFO - Processing file /Users/simba/Documents/Converteo/cas_airflow1/env/lib/python3.11/site-packages/airflow/example_dags/example_latest_only.py for tasks to queue
[2023-06-13T11:39:15.315+0200] {logging_mixin.py:149} INFO - [2023-06-13T11:39:15.315+0200] {dagbag.py:541} INFO - Filling up the DagBag from /Users/simba/Documents/Converteo/cas_airflow1/env/lib/python3.11/site-packages/airflow/example_dags/example_latest_only.py
[2023-06-13T11:39:15.334+0200] {processor.py:836} INFO - DAG(s) dict_keys(['latest_only']) retrieved from /Users/simba/Documents/Converteo/cas_airflow1/env/lib/python3.11/site-packages/airflow/example_dags/example_latest_only.py
[2023-06-13T11:39:16.008+0200] {logging_mixin.py:149} INFO - [2023-06-13T11:39:16.007+0200] {dag.py:2726} INFO - Sync 1 DAGs
[2023-06-13T11:39:16.024+0200] {logging_mixin.py:149} INFO - [2023-06-13T11:39:16.023+0200] {dag.py:3486} INFO - Setting next_dagrun for latest_only to 2023-06-13T05:39:16.023857+00:00, run_after=2023-06-13T09:39:16.023857+00:00
[2023-06-13T11:39:16.041+0200] {processor.py:179} INFO - Processing /Users/simba/Documents/Converteo/cas_airflow1/env/lib/python3.11/site-packages/airflow/example_dags/example_latest_only.py took 0.732 seconds
[2023-06-13T11:46:36.352+0200] {processor.py:157} INFO - Started process (PID=71300) to work on /Users/simba/Documents/Converteo/cas_airflow1/env/lib/python3.11/site-packages/airflow/example_dags/example_latest_only.py
[2023-06-13T11:46:36.356+0200] {processor.py:826} INFO - Processing file /Users/simba/Documents/Converteo/cas_airflow1/env/lib/python3.11/site-packages/airflow/example_dags/example_latest_only.py for tasks to queue
[2023-06-13T11:46:36.356+0200] {logging_mixin.py:149} INFO - [2023-06-13T11:46:36.356+0200] {dagbag.py:541} INFO - Filling up the DagBag from /Users/simba/Documents/Converteo/cas_airflow1/env/lib/python3.11/site-packages/airflow/example_dags/example_latest_only.py
[2023-06-13T11:46:36.374+0200] {processor.py:836} INFO - DAG(s) dict_keys(['latest_only']) retrieved from /Users/simba/Documents/Converteo/cas_airflow1/env/lib/python3.11/site-packages/airflow/example_dags/example_latest_only.py
[2023-06-13T11:46:37.017+0200] {logging_mixin.py:149} INFO - [2023-06-13T11:46:37.016+0200] {dag.py:2726} INFO - Sync 1 DAGs
[2023-06-13T11:46:37.033+0200] {logging_mixin.py:149} INFO - [2023-06-13T11:46:37.033+0200] {dag.py:3486} INFO - Setting next_dagrun for latest_only to 2023-06-13T05:46:37.033705+00:00, run_after=2023-06-13T09:46:37.033705+00:00
[2023-06-13T11:46:37.051+0200] {processor.py:179} INFO - Processing /Users/simba/Documents/Converteo/cas_airflow1/env/lib/python3.11/site-packages/airflow/example_dags/example_latest_only.py took 0.700 seconds
[2023-06-13T11:49:03.176+0200] {processor.py:157} INFO - Started process (PID=71715) to work on /Users/simba/Documents/Converteo/cas_airflow1/env/lib/python3.11/site-packages/airflow/example_dags/example_latest_only.py
[2023-06-13T11:49:03.180+0200] {processor.py:826} INFO - Processing file /Users/simba/Documents/Converteo/cas_airflow1/env/lib/python3.11/site-packages/airflow/example_dags/example_latest_only.py for tasks to queue
[2023-06-13T11:49:03.180+0200] {logging_mixin.py:149} INFO - [2023-06-13T11:49:03.180+0200] {dagbag.py:541} INFO - Filling up the DagBag from /Users/simba/Documents/Converteo/cas_airflow1/env/lib/python3.11/site-packages/airflow/example_dags/example_latest_only.py
[2023-06-13T11:49:03.199+0200] {processor.py:836} INFO - DAG(s) dict_keys(['latest_only']) retrieved from /Users/simba/Documents/Converteo/cas_airflow1/env/lib/python3.11/site-packages/airflow/example_dags/example_latest_only.py
[2023-06-13T11:49:04.022+0200] {logging_mixin.py:149} INFO - [2023-06-13T11:49:04.022+0200] {dag.py:2726} INFO - Sync 1 DAGs
[2023-06-13T11:49:04.052+0200] {logging_mixin.py:149} INFO - [2023-06-13T11:49:04.052+0200] {dag.py:3486} INFO - Setting next_dagrun for latest_only to 2023-06-13T05:49:04.052369+00:00, run_after=2023-06-13T09:49:04.052369+00:00
[2023-06-13T11:49:04.076+0200] {processor.py:179} INFO - Processing /Users/simba/Documents/Converteo/cas_airflow1/env/lib/python3.11/site-packages/airflow/example_dags/example_latest_only.py took 0.901 seconds
