[2023-06-13T11:32:58.412+0200] {processor.py:157} INFO - Started process (PID=68914) to work on /Users/simba/Documents/Converteo/cas_airflow1/env/lib/python3.11/site-packages/airflow/example_dags/example_setup_teardown_taskflow.py
[2023-06-13T11:32:58.415+0200] {processor.py:826} INFO - Processing file /Users/simba/Documents/Converteo/cas_airflow1/env/lib/python3.11/site-packages/airflow/example_dags/example_setup_teardown_taskflow.py for tasks to queue
[2023-06-13T11:32:58.416+0200] {logging_mixin.py:149} INFO - [2023-06-13T11:32:58.415+0200] {dagbag.py:541} INFO - Filling up the DagBag from /Users/simba/Documents/Converteo/cas_airflow1/env/lib/python3.11/site-packages/airflow/example_dags/example_setup_teardown_taskflow.py
[2023-06-13T11:32:58.457+0200] {processor.py:838} WARNING - No viable dags retrieved from /Users/simba/Documents/Converteo/cas_airflow1/env/lib/python3.11/site-packages/airflow/example_dags/example_setup_teardown_taskflow.py
[2023-06-13T11:32:59.162+0200] {processor.py:179} INFO - Processing /Users/simba/Documents/Converteo/cas_airflow1/env/lib/python3.11/site-packages/airflow/example_dags/example_setup_teardown_taskflow.py took 0.751 seconds
[2023-06-13T11:35:13.768+0200] {processor.py:157} INFO - Started process (PID=69248) to work on /Users/simba/Documents/Converteo/cas_airflow1/env/lib/python3.11/site-packages/airflow/example_dags/example_setup_teardown_taskflow.py
[2023-06-13T11:35:13.771+0200] {processor.py:826} INFO - Processing file /Users/simba/Documents/Converteo/cas_airflow1/env/lib/python3.11/site-packages/airflow/example_dags/example_setup_teardown_taskflow.py for tasks to queue
[2023-06-13T11:35:13.772+0200] {logging_mixin.py:149} INFO - [2023-06-13T11:35:13.771+0200] {dagbag.py:541} INFO - Filling up the DagBag from /Users/simba/Documents/Converteo/cas_airflow1/env/lib/python3.11/site-packages/airflow/example_dags/example_setup_teardown_taskflow.py
[2023-06-13T11:35:13.813+0200] {processor.py:838} WARNING - No viable dags retrieved from /Users/simba/Documents/Converteo/cas_airflow1/env/lib/python3.11/site-packages/airflow/example_dags/example_setup_teardown_taskflow.py
[2023-06-13T11:35:14.449+0200] {processor.py:179} INFO - Processing /Users/simba/Documents/Converteo/cas_airflow1/env/lib/python3.11/site-packages/airflow/example_dags/example_setup_teardown_taskflow.py took 0.682 seconds
[2023-06-13T11:37:01.844+0200] {processor.py:157} INFO - Started process (PID=69516) to work on /Users/simba/Documents/Converteo/cas_airflow1/env/lib/python3.11/site-packages/airflow/example_dags/example_setup_teardown_taskflow.py
[2023-06-13T11:37:01.847+0200] {processor.py:826} INFO - Processing file /Users/simba/Documents/Converteo/cas_airflow1/env/lib/python3.11/site-packages/airflow/example_dags/example_setup_teardown_taskflow.py for tasks to queue
[2023-06-13T11:37:01.848+0200] {logging_mixin.py:149} INFO - [2023-06-13T11:37:01.848+0200] {dagbag.py:541} INFO - Filling up the DagBag from /Users/simba/Documents/Converteo/cas_airflow1/env/lib/python3.11/site-packages/airflow/example_dags/example_setup_teardown_taskflow.py
[2023-06-13T11:37:01.888+0200] {processor.py:838} WARNING - No viable dags retrieved from /Users/simba/Documents/Converteo/cas_airflow1/env/lib/python3.11/site-packages/airflow/example_dags/example_setup_teardown_taskflow.py
[2023-06-13T11:37:02.509+0200] {processor.py:179} INFO - Processing /Users/simba/Documents/Converteo/cas_airflow1/env/lib/python3.11/site-packages/airflow/example_dags/example_setup_teardown_taskflow.py took 0.666 seconds
[2023-06-13T11:38:45.244+0200] {processor.py:157} INFO - Started process (PID=69811) to work on /Users/simba/Documents/Converteo/cas_airflow1/env/lib/python3.11/site-packages/airflow/example_dags/example_setup_teardown_taskflow.py
[2023-06-13T11:38:45.248+0200] {processor.py:826} INFO - Processing file /Users/simba/Documents/Converteo/cas_airflow1/env/lib/python3.11/site-packages/airflow/example_dags/example_setup_teardown_taskflow.py for tasks to queue
[2023-06-13T11:38:45.249+0200] {logging_mixin.py:149} INFO - [2023-06-13T11:38:45.249+0200] {dagbag.py:541} INFO - Filling up the DagBag from /Users/simba/Documents/Converteo/cas_airflow1/env/lib/python3.11/site-packages/airflow/example_dags/example_setup_teardown_taskflow.py
[2023-06-13T11:38:45.293+0200] {processor.py:838} WARNING - No viable dags retrieved from /Users/simba/Documents/Converteo/cas_airflow1/env/lib/python3.11/site-packages/airflow/example_dags/example_setup_teardown_taskflow.py
[2023-06-13T11:38:45.909+0200] {processor.py:179} INFO - Processing /Users/simba/Documents/Converteo/cas_airflow1/env/lib/python3.11/site-packages/airflow/example_dags/example_setup_teardown_taskflow.py took 0.665 seconds
[2023-06-13T11:40:26.491+0200] {processor.py:157} INFO - Started process (PID=70047) to work on /Users/simba/Documents/Converteo/cas_airflow1/env/lib/python3.11/site-packages/airflow/example_dags/example_setup_teardown_taskflow.py
[2023-06-13T11:40:26.494+0200] {processor.py:826} INFO - Processing file /Users/simba/Documents/Converteo/cas_airflow1/env/lib/python3.11/site-packages/airflow/example_dags/example_setup_teardown_taskflow.py for tasks to queue
[2023-06-13T11:40:26.494+0200] {logging_mixin.py:149} INFO - [2023-06-13T11:40:26.494+0200] {dagbag.py:541} INFO - Filling up the DagBag from /Users/simba/Documents/Converteo/cas_airflow1/env/lib/python3.11/site-packages/airflow/example_dags/example_setup_teardown_taskflow.py
[2023-06-13T11:40:26.532+0200] {processor.py:838} WARNING - No viable dags retrieved from /Users/simba/Documents/Converteo/cas_airflow1/env/lib/python3.11/site-packages/airflow/example_dags/example_setup_teardown_taskflow.py
[2023-06-13T11:40:27.154+0200] {processor.py:179} INFO - Processing /Users/simba/Documents/Converteo/cas_airflow1/env/lib/python3.11/site-packages/airflow/example_dags/example_setup_teardown_taskflow.py took 0.664 seconds
[2023-06-13T11:45:58.149+0200] {processor.py:157} INFO - Started process (PID=71186) to work on /Users/simba/Documents/Converteo/cas_airflow1/env/lib/python3.11/site-packages/airflow/example_dags/example_setup_teardown_taskflow.py
[2023-06-13T11:45:58.153+0200] {processor.py:826} INFO - Processing file /Users/simba/Documents/Converteo/cas_airflow1/env/lib/python3.11/site-packages/airflow/example_dags/example_setup_teardown_taskflow.py for tasks to queue
[2023-06-13T11:45:58.154+0200] {logging_mixin.py:149} INFO - [2023-06-13T11:45:58.154+0200] {dagbag.py:541} INFO - Filling up the DagBag from /Users/simba/Documents/Converteo/cas_airflow1/env/lib/python3.11/site-packages/airflow/example_dags/example_setup_teardown_taskflow.py
[2023-06-13T11:45:58.198+0200] {processor.py:838} WARNING - No viable dags retrieved from /Users/simba/Documents/Converteo/cas_airflow1/env/lib/python3.11/site-packages/airflow/example_dags/example_setup_teardown_taskflow.py
[2023-06-13T11:45:59.458+0200] {processor.py:179} INFO - Processing /Users/simba/Documents/Converteo/cas_airflow1/env/lib/python3.11/site-packages/airflow/example_dags/example_setup_teardown_taskflow.py took 1.310 seconds
[2023-06-13T11:48:25.939+0200] {processor.py:157} INFO - Started process (PID=71598) to work on /Users/simba/Documents/Converteo/cas_airflow1/env/lib/python3.11/site-packages/airflow/example_dags/example_setup_teardown_taskflow.py
[2023-06-13T11:48:25.944+0200] {processor.py:826} INFO - Processing file /Users/simba/Documents/Converteo/cas_airflow1/env/lib/python3.11/site-packages/airflow/example_dags/example_setup_teardown_taskflow.py for tasks to queue
[2023-06-13T11:48:25.944+0200] {logging_mixin.py:149} INFO - [2023-06-13T11:48:25.944+0200] {dagbag.py:541} INFO - Filling up the DagBag from /Users/simba/Documents/Converteo/cas_airflow1/env/lib/python3.11/site-packages/airflow/example_dags/example_setup_teardown_taskflow.py
[2023-06-13T11:48:25.989+0200] {processor.py:838} WARNING - No viable dags retrieved from /Users/simba/Documents/Converteo/cas_airflow1/env/lib/python3.11/site-packages/airflow/example_dags/example_setup_teardown_taskflow.py
[2023-06-13T11:48:26.610+0200] {processor.py:179} INFO - Processing /Users/simba/Documents/Converteo/cas_airflow1/env/lib/python3.11/site-packages/airflow/example_dags/example_setup_teardown_taskflow.py took 0.671 seconds
