[2023-06-13T11:34:08.998+0200] {processor.py:157} INFO - Started process (PID=69095) to work on /Users/simba/Documents/Converteo/cas_airflow1/env/lib/python3.11/site-packages/airflow/example_dags/example_branch_datetime_operator.py
[2023-06-13T11:34:09.001+0200] {processor.py:826} INFO - Processing file /Users/simba/Documents/Converteo/cas_airflow1/env/lib/python3.11/site-packages/airflow/example_dags/example_branch_datetime_operator.py for tasks to queue
[2023-06-13T11:34:09.001+0200] {logging_mixin.py:149} INFO - [2023-06-13T11:34:09.001+0200] {dagbag.py:541} INFO - Filling up the DagBag from /Users/simba/Documents/Converteo/cas_airflow1/env/lib/python3.11/site-packages/airflow/example_dags/example_branch_datetime_operator.py
[2023-06-13T11:34:09.026+0200] {processor.py:836} INFO - DAG(s) dict_keys(['example_branch_datetime_operator_3', 'example_branch_datetime_operator_2', 'example_branch_datetime_operator']) retrieved from /Users/simba/Documents/Converteo/cas_airflow1/env/lib/python3.11/site-packages/airflow/example_dags/example_branch_datetime_operator.py
[2023-06-13T11:34:09.893+0200] {logging_mixin.py:149} INFO - [2023-06-13T11:34:09.893+0200] {manager.py:504} INFO - Created Permission View: can read on DAG:example_branch_datetime_operator_3
[2023-06-13T11:34:09.902+0200] {logging_mixin.py:149} INFO - [2023-06-13T11:34:09.902+0200] {manager.py:504} INFO - Created Permission View: can edit on DAG:example_branch_datetime_operator_3
[2023-06-13T11:34:09.908+0200] {logging_mixin.py:149} INFO - [2023-06-13T11:34:09.908+0200] {manager.py:504} INFO - Created Permission View: can delete on DAG:example_branch_datetime_operator_3
[2023-06-13T11:34:09.922+0200] {logging_mixin.py:149} INFO - [2023-06-13T11:34:09.922+0200] {manager.py:504} INFO - Created Permission View: can read on DAG:example_branch_datetime_operator_2
[2023-06-13T11:34:09.928+0200] {logging_mixin.py:149} INFO - [2023-06-13T11:34:09.928+0200] {manager.py:504} INFO - Created Permission View: can edit on DAG:example_branch_datetime_operator_2
[2023-06-13T11:34:09.934+0200] {logging_mixin.py:149} INFO - [2023-06-13T11:34:09.933+0200] {manager.py:504} INFO - Created Permission View: can delete on DAG:example_branch_datetime_operator_2
[2023-06-13T11:34:09.947+0200] {logging_mixin.py:149} INFO - [2023-06-13T11:34:09.947+0200] {manager.py:504} INFO - Created Permission View: can read on DAG:example_branch_datetime_operator
[2023-06-13T11:34:09.952+0200] {logging_mixin.py:149} INFO - [2023-06-13T11:34:09.952+0200] {manager.py:504} INFO - Created Permission View: can edit on DAG:example_branch_datetime_operator
[2023-06-13T11:34:09.957+0200] {logging_mixin.py:149} INFO - [2023-06-13T11:34:09.957+0200] {manager.py:504} INFO - Created Permission View: can delete on DAG:example_branch_datetime_operator
[2023-06-13T11:34:09.958+0200] {logging_mixin.py:149} INFO - [2023-06-13T11:34:09.957+0200] {dag.py:2726} INFO - Sync 3 DAGs
[2023-06-13T11:34:10.024+0200] {logging_mixin.py:149} INFO - [2023-06-13T11:34:10.023+0200] {dag.py:2747} INFO - Creating ORM DAG for example_branch_datetime_operator_2
[2023-06-13T11:34:10.024+0200] {logging_mixin.py:149} INFO - [2023-06-13T11:34:10.024+0200] {dag.py:2747} INFO - Creating ORM DAG for example_branch_datetime_operator_3
[2023-06-13T11:34:10.024+0200] {logging_mixin.py:149} INFO - [2023-06-13T11:34:10.024+0200] {dag.py:2747} INFO - Creating ORM DAG for example_branch_datetime_operator
[2023-06-13T11:34:10.032+0200] {logging_mixin.py:149} INFO - [2023-06-13T11:34:10.032+0200] {dag.py:3486} INFO - Setting next_dagrun for example_branch_datetime_operator to 2023-06-12T00:00:00+00:00, run_after=2023-06-13T00:00:00+00:00
[2023-06-13T11:34:10.034+0200] {logging_mixin.py:149} INFO - [2023-06-13T11:34:10.033+0200] {dag.py:3486} INFO - Setting next_dagrun for example_branch_datetime_operator_2 to 2023-06-12T00:00:00+00:00, run_after=2023-06-13T00:00:00+00:00
[2023-06-13T11:34:10.035+0200] {logging_mixin.py:149} INFO - [2023-06-13T11:34:10.035+0200] {dag.py:3486} INFO - Setting next_dagrun for example_branch_datetime_operator_3 to 2023-06-12T00:00:00+00:00, run_after=2023-06-13T00:00:00+00:00
[2023-06-13T11:34:10.053+0200] {processor.py:179} INFO - Processing /Users/simba/Documents/Converteo/cas_airflow1/env/lib/python3.11/site-packages/airflow/example_dags/example_branch_datetime_operator.py took 1.056 seconds
[2023-06-13T11:37:37.539+0200] {processor.py:157} INFO - Started process (PID=69609) to work on /Users/simba/Documents/Converteo/cas_airflow1/env/lib/python3.11/site-packages/airflow/example_dags/example_branch_datetime_operator.py
[2023-06-13T11:37:37.542+0200] {processor.py:826} INFO - Processing file /Users/simba/Documents/Converteo/cas_airflow1/env/lib/python3.11/site-packages/airflow/example_dags/example_branch_datetime_operator.py for tasks to queue
[2023-06-13T11:37:37.542+0200] {logging_mixin.py:149} INFO - [2023-06-13T11:37:37.542+0200] {dagbag.py:541} INFO - Filling up the DagBag from /Users/simba/Documents/Converteo/cas_airflow1/env/lib/python3.11/site-packages/airflow/example_dags/example_branch_datetime_operator.py
[2023-06-13T11:37:37.562+0200] {processor.py:836} INFO - DAG(s) dict_keys(['example_branch_datetime_operator_3', 'example_branch_datetime_operator', 'example_branch_datetime_operator_2']) retrieved from /Users/simba/Documents/Converteo/cas_airflow1/env/lib/python3.11/site-packages/airflow/example_dags/example_branch_datetime_operator.py
[2023-06-13T11:37:38.229+0200] {logging_mixin.py:149} INFO - [2023-06-13T11:37:38.229+0200] {dag.py:2726} INFO - Sync 3 DAGs
[2023-06-13T11:37:38.248+0200] {logging_mixin.py:149} INFO - [2023-06-13T11:37:38.248+0200] {dag.py:3486} INFO - Setting next_dagrun for example_branch_datetime_operator to 2023-06-12T00:00:00+00:00, run_after=2023-06-13T00:00:00+00:00
[2023-06-13T11:37:38.252+0200] {logging_mixin.py:149} INFO - [2023-06-13T11:37:38.252+0200] {dag.py:3486} INFO - Setting next_dagrun for example_branch_datetime_operator_2 to 2023-06-12T00:00:00+00:00, run_after=2023-06-13T00:00:00+00:00
[2023-06-13T11:37:38.254+0200] {logging_mixin.py:149} INFO - [2023-06-13T11:37:38.254+0200] {dag.py:3486} INFO - Setting next_dagrun for example_branch_datetime_operator_3 to 2023-06-12T00:00:00+00:00, run_after=2023-06-13T00:00:00+00:00
[2023-06-13T11:37:38.271+0200] {processor.py:179} INFO - Processing /Users/simba/Documents/Converteo/cas_airflow1/env/lib/python3.11/site-packages/airflow/example_dags/example_branch_datetime_operator.py took 0.733 seconds
[2023-06-13T11:41:03.339+0200] {processor.py:157} INFO - Started process (PID=70129) to work on /Users/simba/Documents/Converteo/cas_airflow1/env/lib/python3.11/site-packages/airflow/example_dags/example_branch_datetime_operator.py
[2023-06-13T11:41:03.342+0200] {processor.py:826} INFO - Processing file /Users/simba/Documents/Converteo/cas_airflow1/env/lib/python3.11/site-packages/airflow/example_dags/example_branch_datetime_operator.py for tasks to queue
[2023-06-13T11:41:03.342+0200] {logging_mixin.py:149} INFO - [2023-06-13T11:41:03.342+0200] {dagbag.py:541} INFO - Filling up the DagBag from /Users/simba/Documents/Converteo/cas_airflow1/env/lib/python3.11/site-packages/airflow/example_dags/example_branch_datetime_operator.py
[2023-06-13T11:41:03.363+0200] {processor.py:836} INFO - DAG(s) dict_keys(['example_branch_datetime_operator_2', 'example_branch_datetime_operator_3', 'example_branch_datetime_operator']) retrieved from /Users/simba/Documents/Converteo/cas_airflow1/env/lib/python3.11/site-packages/airflow/example_dags/example_branch_datetime_operator.py
[2023-06-13T11:41:04.015+0200] {logging_mixin.py:149} INFO - [2023-06-13T11:41:04.015+0200] {dag.py:2726} INFO - Sync 3 DAGs
[2023-06-13T11:41:04.032+0200] {logging_mixin.py:149} INFO - [2023-06-13T11:41:04.032+0200] {dag.py:3486} INFO - Setting next_dagrun for example_branch_datetime_operator to 2023-06-12T00:00:00+00:00, run_after=2023-06-13T00:00:00+00:00
[2023-06-13T11:41:04.036+0200] {logging_mixin.py:149} INFO - [2023-06-13T11:41:04.036+0200] {dag.py:3486} INFO - Setting next_dagrun for example_branch_datetime_operator_2 to 2023-06-12T00:00:00+00:00, run_after=2023-06-13T00:00:00+00:00
[2023-06-13T11:41:04.038+0200] {logging_mixin.py:149} INFO - [2023-06-13T11:41:04.037+0200] {dag.py:3486} INFO - Setting next_dagrun for example_branch_datetime_operator_3 to 2023-06-12T00:00:00+00:00, run_after=2023-06-13T00:00:00+00:00
[2023-06-13T11:41:04.055+0200] {processor.py:179} INFO - Processing /Users/simba/Documents/Converteo/cas_airflow1/env/lib/python3.11/site-packages/airflow/example_dags/example_branch_datetime_operator.py took 0.717 seconds
[2023-06-13T11:47:11.606+0200] {processor.py:157} INFO - Started process (PID=71376) to work on /Users/simba/Documents/Converteo/cas_airflow1/env/lib/python3.11/site-packages/airflow/example_dags/example_branch_datetime_operator.py
[2023-06-13T11:47:11.611+0200] {processor.py:826} INFO - Processing file /Users/simba/Documents/Converteo/cas_airflow1/env/lib/python3.11/site-packages/airflow/example_dags/example_branch_datetime_operator.py for tasks to queue
[2023-06-13T11:47:11.612+0200] {logging_mixin.py:149} INFO - [2023-06-13T11:47:11.611+0200] {dagbag.py:541} INFO - Filling up the DagBag from /Users/simba/Documents/Converteo/cas_airflow1/env/lib/python3.11/site-packages/airflow/example_dags/example_branch_datetime_operator.py
[2023-06-13T11:47:11.633+0200] {processor.py:836} INFO - DAG(s) dict_keys(['example_branch_datetime_operator', 'example_branch_datetime_operator_2', 'example_branch_datetime_operator_3']) retrieved from /Users/simba/Documents/Converteo/cas_airflow1/env/lib/python3.11/site-packages/airflow/example_dags/example_branch_datetime_operator.py
[2023-06-13T11:47:12.289+0200] {logging_mixin.py:149} INFO - [2023-06-13T11:47:12.289+0200] {dag.py:2726} INFO - Sync 3 DAGs
[2023-06-13T11:47:12.308+0200] {logging_mixin.py:149} INFO - [2023-06-13T11:47:12.307+0200] {dag.py:3486} INFO - Setting next_dagrun for example_branch_datetime_operator to 2023-06-12T00:00:00+00:00, run_after=2023-06-13T00:00:00+00:00
[2023-06-13T11:47:12.311+0200] {logging_mixin.py:149} INFO - [2023-06-13T11:47:12.311+0200] {dag.py:3486} INFO - Setting next_dagrun for example_branch_datetime_operator_2 to 2023-06-12T00:00:00+00:00, run_after=2023-06-13T00:00:00+00:00
[2023-06-13T11:47:12.314+0200] {logging_mixin.py:149} INFO - [2023-06-13T11:47:12.313+0200] {dag.py:3486} INFO - Setting next_dagrun for example_branch_datetime_operator_3 to 2023-06-12T00:00:00+00:00, run_after=2023-06-13T00:00:00+00:00
[2023-06-13T11:47:12.329+0200] {processor.py:179} INFO - Processing /Users/simba/Documents/Converteo/cas_airflow1/env/lib/python3.11/site-packages/airflow/example_dags/example_branch_datetime_operator.py took 0.724 seconds
