[2023-06-13T11:33:43.823+0200] {processor.py:157} INFO - Started process (PID=69031) to work on /Users/simba/Documents/Converteo/cas_airflow1/env/lib/python3.11/site-packages/airflow/example_dags/example_datasets.py
[2023-06-13T11:33:43.826+0200] {processor.py:826} INFO - Processing file /Users/simba/Documents/Converteo/cas_airflow1/env/lib/python3.11/site-packages/airflow/example_dags/example_datasets.py for tasks to queue
[2023-06-13T11:33:43.826+0200] {logging_mixin.py:149} INFO - [2023-06-13T11:33:43.826+0200] {dagbag.py:541} INFO - Filling up the DagBag from /Users/simba/Documents/Converteo/cas_airflow1/env/lib/python3.11/site-packages/airflow/example_dags/example_datasets.py
[2023-06-13T11:33:43.858+0200] {processor.py:836} INFO - DAG(s) dict_keys(['dataset_consumes_1_and_2', 'dataset_consumes_1', 'dataset_produces_1', 'dataset_consumes_1_never_scheduled', 'dataset_consumes_unknown_never_scheduled', 'dataset_produces_2']) retrieved from /Users/simba/Documents/Converteo/cas_airflow1/env/lib/python3.11/site-packages/airflow/example_dags/example_datasets.py
[2023-06-13T11:33:44.789+0200] {logging_mixin.py:149} INFO - [2023-06-13T11:33:44.789+0200] {manager.py:504} INFO - Created Permission View: can read on DAG:dataset_consumes_1_and_2
[2023-06-13T11:33:44.796+0200] {logging_mixin.py:149} INFO - [2023-06-13T11:33:44.796+0200] {manager.py:504} INFO - Created Permission View: can edit on DAG:dataset_consumes_1_and_2
[2023-06-13T11:33:44.860+0200] {logging_mixin.py:149} INFO - [2023-06-13T11:33:44.860+0200] {manager.py:504} INFO - Created Permission View: can delete on DAG:dataset_consumes_1_and_2
[2023-06-13T11:33:44.873+0200] {logging_mixin.py:149} INFO - [2023-06-13T11:33:44.872+0200] {manager.py:504} INFO - Created Permission View: can read on DAG:dataset_consumes_1
[2023-06-13T11:33:44.879+0200] {logging_mixin.py:149} INFO - [2023-06-13T11:33:44.879+0200] {manager.py:504} INFO - Created Permission View: can edit on DAG:dataset_consumes_1
[2023-06-13T11:33:44.884+0200] {logging_mixin.py:149} INFO - [2023-06-13T11:33:44.884+0200] {manager.py:504} INFO - Created Permission View: can delete on DAG:dataset_consumes_1
[2023-06-13T11:33:44.896+0200] {logging_mixin.py:149} INFO - [2023-06-13T11:33:44.896+0200] {manager.py:504} INFO - Created Permission View: can read on DAG:dataset_produces_1
[2023-06-13T11:33:44.902+0200] {logging_mixin.py:149} INFO - [2023-06-13T11:33:44.902+0200] {manager.py:504} INFO - Created Permission View: can edit on DAG:dataset_produces_1
[2023-06-13T11:33:44.908+0200] {logging_mixin.py:149} INFO - [2023-06-13T11:33:44.908+0200] {manager.py:504} INFO - Created Permission View: can delete on DAG:dataset_produces_1
[2023-06-13T11:33:44.921+0200] {logging_mixin.py:149} INFO - [2023-06-13T11:33:44.921+0200] {manager.py:504} INFO - Created Permission View: can read on DAG:dataset_consumes_1_never_scheduled
[2023-06-13T11:33:44.926+0200] {logging_mixin.py:149} INFO - [2023-06-13T11:33:44.926+0200] {manager.py:504} INFO - Created Permission View: can edit on DAG:dataset_consumes_1_never_scheduled
[2023-06-13T11:33:44.932+0200] {logging_mixin.py:149} INFO - [2023-06-13T11:33:44.932+0200] {manager.py:504} INFO - Created Permission View: can delete on DAG:dataset_consumes_1_never_scheduled
[2023-06-13T11:33:44.945+0200] {logging_mixin.py:149} INFO - [2023-06-13T11:33:44.944+0200] {manager.py:504} INFO - Created Permission View: can read on DAG:dataset_consumes_unknown_never_scheduled
[2023-06-13T11:33:44.950+0200] {logging_mixin.py:149} INFO - [2023-06-13T11:33:44.950+0200] {manager.py:504} INFO - Created Permission View: can edit on DAG:dataset_consumes_unknown_never_scheduled
[2023-06-13T11:33:44.957+0200] {logging_mixin.py:149} INFO - [2023-06-13T11:33:44.956+0200] {manager.py:504} INFO - Created Permission View: can delete on DAG:dataset_consumes_unknown_never_scheduled
[2023-06-13T11:33:44.967+0200] {logging_mixin.py:149} INFO - [2023-06-13T11:33:44.967+0200] {manager.py:504} INFO - Created Permission View: can read on DAG:dataset_produces_2
[2023-06-13T11:33:44.974+0200] {logging_mixin.py:149} INFO - [2023-06-13T11:33:44.973+0200] {manager.py:504} INFO - Created Permission View: can edit on DAG:dataset_produces_2
[2023-06-13T11:33:44.980+0200] {logging_mixin.py:149} INFO - [2023-06-13T11:33:44.980+0200] {manager.py:504} INFO - Created Permission View: can delete on DAG:dataset_produces_2
[2023-06-13T11:33:44.981+0200] {logging_mixin.py:149} INFO - [2023-06-13T11:33:44.980+0200] {dag.py:2726} INFO - Sync 6 DAGs
[2023-06-13T11:33:44.989+0200] {logging_mixin.py:149} INFO - [2023-06-13T11:33:44.989+0200] {dag.py:2747} INFO - Creating ORM DAG for dataset_produces_2
[2023-06-13T11:33:44.990+0200] {logging_mixin.py:149} INFO - [2023-06-13T11:33:44.990+0200] {dag.py:2747} INFO - Creating ORM DAG for dataset_consumes_1_never_scheduled
[2023-06-13T11:33:44.990+0200] {logging_mixin.py:149} INFO - [2023-06-13T11:33:44.990+0200] {dag.py:2747} INFO - Creating ORM DAG for dataset_consumes_1_and_2
[2023-06-13T11:33:44.991+0200] {logging_mixin.py:149} INFO - [2023-06-13T11:33:44.991+0200] {dag.py:2747} INFO - Creating ORM DAG for dataset_consumes_unknown_never_scheduled
[2023-06-13T11:33:44.991+0200] {logging_mixin.py:149} INFO - [2023-06-13T11:33:44.991+0200] {dag.py:2747} INFO - Creating ORM DAG for dataset_consumes_1
[2023-06-13T11:33:44.991+0200] {logging_mixin.py:149} INFO - [2023-06-13T11:33:44.991+0200] {dag.py:2747} INFO - Creating ORM DAG for dataset_produces_1
[2023-06-13T11:33:44.998+0200] {logging_mixin.py:149} INFO - [2023-06-13T11:33:44.998+0200] {dag.py:3486} INFO - Setting next_dagrun for dataset_consumes_1 to None, run_after=None
[2023-06-13T11:33:44.998+0200] {logging_mixin.py:149} INFO - [2023-06-13T11:33:44.998+0200] {dag.py:3486} INFO - Setting next_dagrun for dataset_consumes_1_and_2 to None, run_after=None
[2023-06-13T11:33:44.999+0200] {logging_mixin.py:149} INFO - [2023-06-13T11:33:44.999+0200] {dag.py:3486} INFO - Setting next_dagrun for dataset_consumes_1_never_scheduled to None, run_after=None
[2023-06-13T11:33:44.999+0200] {logging_mixin.py:149} INFO - [2023-06-13T11:33:44.999+0200] {dag.py:3486} INFO - Setting next_dagrun for dataset_consumes_unknown_never_scheduled to None, run_after=None
[2023-06-13T11:33:45.001+0200] {logging_mixin.py:149} INFO - [2023-06-13T11:33:45.001+0200] {dag.py:3486} INFO - Setting next_dagrun for dataset_produces_1 to 2023-06-12T00:00:00+00:00, run_after=2023-06-13T00:00:00+00:00
[2023-06-13T11:33:45.001+0200] {logging_mixin.py:149} INFO - [2023-06-13T11:33:45.001+0200] {dag.py:3486} INFO - Setting next_dagrun for dataset_produces_2 to None, run_after=None
[2023-06-13T11:33:45.030+0200] {processor.py:179} INFO - Processing /Users/simba/Documents/Converteo/cas_airflow1/env/lib/python3.11/site-packages/airflow/example_dags/example_datasets.py took 1.208 seconds
[2023-06-13T11:37:13.665+0200] {processor.py:157} INFO - Started process (PID=69539) to work on /Users/simba/Documents/Converteo/cas_airflow1/env/lib/python3.11/site-packages/airflow/example_dags/example_datasets.py
[2023-06-13T11:37:13.668+0200] {processor.py:826} INFO - Processing file /Users/simba/Documents/Converteo/cas_airflow1/env/lib/python3.11/site-packages/airflow/example_dags/example_datasets.py for tasks to queue
[2023-06-13T11:37:13.668+0200] {logging_mixin.py:149} INFO - [2023-06-13T11:37:13.668+0200] {dagbag.py:541} INFO - Filling up the DagBag from /Users/simba/Documents/Converteo/cas_airflow1/env/lib/python3.11/site-packages/airflow/example_dags/example_datasets.py
[2023-06-13T11:37:13.689+0200] {processor.py:836} INFO - DAG(s) dict_keys(['dataset_consumes_1', 'dataset_consumes_unknown_never_scheduled', 'dataset_consumes_1_never_scheduled', 'dataset_consumes_1_and_2', 'dataset_produces_1', 'dataset_produces_2']) retrieved from /Users/simba/Documents/Converteo/cas_airflow1/env/lib/python3.11/site-packages/airflow/example_dags/example_datasets.py
[2023-06-13T11:37:14.427+0200] {logging_mixin.py:149} INFO - [2023-06-13T11:37:14.427+0200] {dag.py:2726} INFO - Sync 6 DAGs
[2023-06-13T11:37:14.444+0200] {logging_mixin.py:149} INFO - [2023-06-13T11:37:14.443+0200] {dag.py:3486} INFO - Setting next_dagrun for dataset_consumes_1 to None, run_after=None
[2023-06-13T11:37:14.446+0200] {logging_mixin.py:149} INFO - [2023-06-13T11:37:14.446+0200] {dag.py:3486} INFO - Setting next_dagrun for dataset_consumes_1_and_2 to None, run_after=None
[2023-06-13T11:37:14.447+0200] {logging_mixin.py:149} INFO - [2023-06-13T11:37:14.447+0200] {dag.py:3486} INFO - Setting next_dagrun for dataset_consumes_1_never_scheduled to None, run_after=None
[2023-06-13T11:37:14.448+0200] {logging_mixin.py:149} INFO - [2023-06-13T11:37:14.448+0200] {dag.py:3486} INFO - Setting next_dagrun for dataset_consumes_unknown_never_scheduled to None, run_after=None
[2023-06-13T11:37:14.450+0200] {logging_mixin.py:149} INFO - [2023-06-13T11:37:14.450+0200] {dag.py:3486} INFO - Setting next_dagrun for dataset_produces_1 to 2023-06-12T00:00:00+00:00, run_after=2023-06-13T00:00:00+00:00
[2023-06-13T11:37:14.451+0200] {logging_mixin.py:149} INFO - [2023-06-13T11:37:14.451+0200] {dag.py:3486} INFO - Setting next_dagrun for dataset_produces_2 to None, run_after=None
[2023-06-13T11:37:14.482+0200] {processor.py:179} INFO - Processing /Users/simba/Documents/Converteo/cas_airflow1/env/lib/python3.11/site-packages/airflow/example_dags/example_datasets.py took 0.818 seconds
[2023-06-13T11:40:40.626+0200] {processor.py:157} INFO - Started process (PID=70080) to work on /Users/simba/Documents/Converteo/cas_airflow1/env/lib/python3.11/site-packages/airflow/example_dags/example_datasets.py
[2023-06-13T11:40:40.629+0200] {processor.py:826} INFO - Processing file /Users/simba/Documents/Converteo/cas_airflow1/env/lib/python3.11/site-packages/airflow/example_dags/example_datasets.py for tasks to queue
[2023-06-13T11:40:40.630+0200] {logging_mixin.py:149} INFO - [2023-06-13T11:40:40.630+0200] {dagbag.py:541} INFO - Filling up the DagBag from /Users/simba/Documents/Converteo/cas_airflow1/env/lib/python3.11/site-packages/airflow/example_dags/example_datasets.py
[2023-06-13T11:40:40.651+0200] {processor.py:836} INFO - DAG(s) dict_keys(['dataset_consumes_unknown_never_scheduled', 'dataset_produces_2', 'dataset_consumes_1_never_scheduled', 'dataset_produces_1', 'dataset_consumes_1', 'dataset_consumes_1_and_2']) retrieved from /Users/simba/Documents/Converteo/cas_airflow1/env/lib/python3.11/site-packages/airflow/example_dags/example_datasets.py
[2023-06-13T11:40:41.337+0200] {logging_mixin.py:149} INFO - [2023-06-13T11:40:41.336+0200] {dag.py:2726} INFO - Sync 6 DAGs
[2023-06-13T11:40:41.352+0200] {logging_mixin.py:149} INFO - [2023-06-13T11:40:41.352+0200] {dag.py:3486} INFO - Setting next_dagrun for dataset_consumes_1 to None, run_after=None
[2023-06-13T11:40:41.354+0200] {logging_mixin.py:149} INFO - [2023-06-13T11:40:41.354+0200] {dag.py:3486} INFO - Setting next_dagrun for dataset_consumes_1_and_2 to None, run_after=None
[2023-06-13T11:40:41.355+0200] {logging_mixin.py:149} INFO - [2023-06-13T11:40:41.355+0200] {dag.py:3486} INFO - Setting next_dagrun for dataset_consumes_1_never_scheduled to None, run_after=None
[2023-06-13T11:40:41.356+0200] {logging_mixin.py:149} INFO - [2023-06-13T11:40:41.356+0200] {dag.py:3486} INFO - Setting next_dagrun for dataset_consumes_unknown_never_scheduled to None, run_after=None
[2023-06-13T11:40:41.358+0200] {logging_mixin.py:149} INFO - [2023-06-13T11:40:41.358+0200] {dag.py:3486} INFO - Setting next_dagrun for dataset_produces_1 to 2023-06-12T00:00:00+00:00, run_after=2023-06-13T00:00:00+00:00
[2023-06-13T11:40:41.359+0200] {logging_mixin.py:149} INFO - [2023-06-13T11:40:41.359+0200] {dag.py:3486} INFO - Setting next_dagrun for dataset_produces_2 to None, run_after=None
[2023-06-13T11:40:41.387+0200] {processor.py:179} INFO - Processing /Users/simba/Documents/Converteo/cas_airflow1/env/lib/python3.11/site-packages/airflow/example_dags/example_datasets.py took 0.762 seconds
[2023-06-13T11:46:48.278+0200] {processor.py:157} INFO - Started process (PID=71324) to work on /Users/simba/Documents/Converteo/cas_airflow1/env/lib/python3.11/site-packages/airflow/example_dags/example_datasets.py
[2023-06-13T11:46:48.282+0200] {processor.py:826} INFO - Processing file /Users/simba/Documents/Converteo/cas_airflow1/env/lib/python3.11/site-packages/airflow/example_dags/example_datasets.py for tasks to queue
[2023-06-13T11:46:48.283+0200] {logging_mixin.py:149} INFO - [2023-06-13T11:46:48.282+0200] {dagbag.py:541} INFO - Filling up the DagBag from /Users/simba/Documents/Converteo/cas_airflow1/env/lib/python3.11/site-packages/airflow/example_dags/example_datasets.py
[2023-06-13T11:46:48.304+0200] {processor.py:836} INFO - DAG(s) dict_keys(['dataset_consumes_unknown_never_scheduled', 'dataset_consumes_1_and_2', 'dataset_produces_1', 'dataset_consumes_1_never_scheduled', 'dataset_consumes_1', 'dataset_produces_2']) retrieved from /Users/simba/Documents/Converteo/cas_airflow1/env/lib/python3.11/site-packages/airflow/example_dags/example_datasets.py
[2023-06-13T11:46:48.985+0200] {logging_mixin.py:149} INFO - [2023-06-13T11:46:48.984+0200] {dag.py:2726} INFO - Sync 6 DAGs
[2023-06-13T11:46:49.002+0200] {logging_mixin.py:149} INFO - [2023-06-13T11:46:49.001+0200] {dag.py:3486} INFO - Setting next_dagrun for dataset_consumes_1 to None, run_after=None
[2023-06-13T11:46:49.004+0200] {logging_mixin.py:149} INFO - [2023-06-13T11:46:49.004+0200] {dag.py:3486} INFO - Setting next_dagrun for dataset_consumes_1_and_2 to None, run_after=None
[2023-06-13T11:46:49.005+0200] {logging_mixin.py:149} INFO - [2023-06-13T11:46:49.005+0200] {dag.py:3486} INFO - Setting next_dagrun for dataset_consumes_1_never_scheduled to None, run_after=None
[2023-06-13T11:46:49.005+0200] {logging_mixin.py:149} INFO - [2023-06-13T11:46:49.005+0200] {dag.py:3486} INFO - Setting next_dagrun for dataset_consumes_unknown_never_scheduled to None, run_after=None
[2023-06-13T11:46:49.007+0200] {logging_mixin.py:149} INFO - [2023-06-13T11:46:49.007+0200] {dag.py:3486} INFO - Setting next_dagrun for dataset_produces_1 to 2023-06-12T00:00:00+00:00, run_after=2023-06-13T00:00:00+00:00
[2023-06-13T11:46:49.008+0200] {logging_mixin.py:149} INFO - [2023-06-13T11:46:49.008+0200] {dag.py:3486} INFO - Setting next_dagrun for dataset_produces_2 to None, run_after=None
[2023-06-13T11:46:49.035+0200] {processor.py:179} INFO - Processing /Users/simba/Documents/Converteo/cas_airflow1/env/lib/python3.11/site-packages/airflow/example_dags/example_datasets.py took 0.758 seconds
