[2023-06-13T11:32:55.106+0200] {processor.py:157} INFO - Started process (PID=68905) to work on /Users/simba/Documents/Converteo/cas_airflow1/env/lib/python3.11/site-packages/airflow/example_dags/example_short_circuit_decorator.py
[2023-06-13T11:32:55.109+0200] {processor.py:826} INFO - Processing file /Users/simba/Documents/Converteo/cas_airflow1/env/lib/python3.11/site-packages/airflow/example_dags/example_short_circuit_decorator.py for tasks to queue
[2023-06-13T11:32:55.110+0200] {logging_mixin.py:149} INFO - [2023-06-13T11:32:55.110+0200] {dagbag.py:541} INFO - Filling up the DagBag from /Users/simba/Documents/Converteo/cas_airflow1/env/lib/python3.11/site-packages/airflow/example_dags/example_short_circuit_decorator.py
[2023-06-13T11:32:55.166+0200] {processor.py:836} INFO - DAG(s) dict_keys(['example_short_circuit_decorator']) retrieved from /Users/simba/Documents/Converteo/cas_airflow1/env/lib/python3.11/site-packages/airflow/example_dags/example_short_circuit_decorator.py
[2023-06-13T11:32:56.007+0200] {logging_mixin.py:149} INFO - [2023-06-13T11:32:56.006+0200] {manager.py:504} INFO - Created Permission View: can edit on DAG:example_short_circuit_decorator
[2023-06-13T11:32:56.015+0200] {logging_mixin.py:149} INFO - [2023-06-13T11:32:56.014+0200] {manager.py:504} INFO - Created Permission View: can delete on DAG:example_short_circuit_decorator
[2023-06-13T11:32:56.020+0200] {logging_mixin.py:149} INFO - [2023-06-13T11:32:56.020+0200] {manager.py:504} INFO - Created Permission View: can read on DAG:example_short_circuit_decorator
[2023-06-13T11:32:56.021+0200] {logging_mixin.py:149} INFO - [2023-06-13T11:32:56.021+0200] {dag.py:2726} INFO - Sync 1 DAGs
[2023-06-13T11:32:56.030+0200] {logging_mixin.py:149} INFO - [2023-06-13T11:32:56.030+0200] {dag.py:2747} INFO - Creating ORM DAG for example_short_circuit_decorator
[2023-06-13T11:32:56.038+0200] {logging_mixin.py:149} INFO - [2023-06-13T11:32:56.037+0200] {dag.py:3486} INFO - Setting next_dagrun for example_short_circuit_decorator to 2023-06-12T09:32:56.037825+00:00, run_after=2023-06-13T09:32:56.037825+00:00
[2023-06-13T11:32:56.057+0200] {processor.py:179} INFO - Processing /Users/simba/Documents/Converteo/cas_airflow1/env/lib/python3.11/site-packages/airflow/example_dags/example_short_circuit_decorator.py took 0.952 seconds
[2023-06-13T11:35:10.820+0200] {processor.py:157} INFO - Started process (PID=69242) to work on /Users/simba/Documents/Converteo/cas_airflow1/env/lib/python3.11/site-packages/airflow/example_dags/example_short_circuit_decorator.py
[2023-06-13T11:35:10.823+0200] {processor.py:826} INFO - Processing file /Users/simba/Documents/Converteo/cas_airflow1/env/lib/python3.11/site-packages/airflow/example_dags/example_short_circuit_decorator.py for tasks to queue
[2023-06-13T11:35:10.824+0200] {logging_mixin.py:149} INFO - [2023-06-13T11:35:10.823+0200] {dagbag.py:541} INFO - Filling up the DagBag from /Users/simba/Documents/Converteo/cas_airflow1/env/lib/python3.11/site-packages/airflow/example_dags/example_short_circuit_decorator.py
[2023-06-13T11:35:10.877+0200] {processor.py:836} INFO - DAG(s) dict_keys(['example_short_circuit_decorator']) retrieved from /Users/simba/Documents/Converteo/cas_airflow1/env/lib/python3.11/site-packages/airflow/example_dags/example_short_circuit_decorator.py
[2023-06-13T11:35:11.510+0200] {logging_mixin.py:149} INFO - [2023-06-13T11:35:11.509+0200] {dag.py:2726} INFO - Sync 1 DAGs
[2023-06-13T11:35:11.525+0200] {logging_mixin.py:149} INFO - [2023-06-13T11:35:11.525+0200] {dag.py:3486} INFO - Setting next_dagrun for example_short_circuit_decorator to 2023-06-12T09:35:11.524981+00:00, run_after=2023-06-13T09:35:11.524981+00:00
[2023-06-13T11:35:11.542+0200] {processor.py:179} INFO - Processing /Users/simba/Documents/Converteo/cas_airflow1/env/lib/python3.11/site-packages/airflow/example_dags/example_short_circuit_decorator.py took 0.723 seconds
[2023-06-13T11:36:58.871+0200] {processor.py:157} INFO - Started process (PID=69511) to work on /Users/simba/Documents/Converteo/cas_airflow1/env/lib/python3.11/site-packages/airflow/example_dags/example_short_circuit_decorator.py
[2023-06-13T11:36:58.874+0200] {processor.py:826} INFO - Processing file /Users/simba/Documents/Converteo/cas_airflow1/env/lib/python3.11/site-packages/airflow/example_dags/example_short_circuit_decorator.py for tasks to queue
[2023-06-13T11:36:58.875+0200] {logging_mixin.py:149} INFO - [2023-06-13T11:36:58.875+0200] {dagbag.py:541} INFO - Filling up the DagBag from /Users/simba/Documents/Converteo/cas_airflow1/env/lib/python3.11/site-packages/airflow/example_dags/example_short_circuit_decorator.py
[2023-06-13T11:36:58.922+0200] {processor.py:836} INFO - DAG(s) dict_keys(['example_short_circuit_decorator']) retrieved from /Users/simba/Documents/Converteo/cas_airflow1/env/lib/python3.11/site-packages/airflow/example_dags/example_short_circuit_decorator.py
[2023-06-13T11:36:59.566+0200] {logging_mixin.py:149} INFO - [2023-06-13T11:36:59.566+0200] {dag.py:2726} INFO - Sync 1 DAGs
[2023-06-13T11:36:59.582+0200] {logging_mixin.py:149} INFO - [2023-06-13T11:36:59.581+0200] {dag.py:3486} INFO - Setting next_dagrun for example_short_circuit_decorator to 2023-06-12T09:36:59.581853+00:00, run_after=2023-06-13T09:36:59.581853+00:00
[2023-06-13T11:36:59.600+0200] {processor.py:179} INFO - Processing /Users/simba/Documents/Converteo/cas_airflow1/env/lib/python3.11/site-packages/airflow/example_dags/example_short_circuit_decorator.py took 0.729 seconds
[2023-06-13T11:38:42.234+0200] {processor.py:157} INFO - Started process (PID=69803) to work on /Users/simba/Documents/Converteo/cas_airflow1/env/lib/python3.11/site-packages/airflow/example_dags/example_short_circuit_decorator.py
[2023-06-13T11:38:42.238+0200] {processor.py:826} INFO - Processing file /Users/simba/Documents/Converteo/cas_airflow1/env/lib/python3.11/site-packages/airflow/example_dags/example_short_circuit_decorator.py for tasks to queue
[2023-06-13T11:38:42.239+0200] {logging_mixin.py:149} INFO - [2023-06-13T11:38:42.238+0200] {dagbag.py:541} INFO - Filling up the DagBag from /Users/simba/Documents/Converteo/cas_airflow1/env/lib/python3.11/site-packages/airflow/example_dags/example_short_circuit_decorator.py
[2023-06-13T11:38:42.291+0200] {processor.py:836} INFO - DAG(s) dict_keys(['example_short_circuit_decorator']) retrieved from /Users/simba/Documents/Converteo/cas_airflow1/env/lib/python3.11/site-packages/airflow/example_dags/example_short_circuit_decorator.py
[2023-06-13T11:38:42.946+0200] {logging_mixin.py:149} INFO - [2023-06-13T11:38:42.946+0200] {dag.py:2726} INFO - Sync 1 DAGs
[2023-06-13T11:38:42.963+0200] {logging_mixin.py:149} INFO - [2023-06-13T11:38:42.963+0200] {dag.py:3486} INFO - Setting next_dagrun for example_short_circuit_decorator to 2023-06-12T09:38:42.963250+00:00, run_after=2023-06-13T09:38:42.963250+00:00
[2023-06-13T11:38:42.985+0200] {processor.py:179} INFO - Processing /Users/simba/Documents/Converteo/cas_airflow1/env/lib/python3.11/site-packages/airflow/example_dags/example_short_circuit_decorator.py took 0.751 seconds
[2023-06-13T11:40:23.497+0200] {processor.py:157} INFO - Started process (PID=70037) to work on /Users/simba/Documents/Converteo/cas_airflow1/env/lib/python3.11/site-packages/airflow/example_dags/example_short_circuit_decorator.py
[2023-06-13T11:40:23.500+0200] {processor.py:826} INFO - Processing file /Users/simba/Documents/Converteo/cas_airflow1/env/lib/python3.11/site-packages/airflow/example_dags/example_short_circuit_decorator.py for tasks to queue
[2023-06-13T11:40:23.501+0200] {logging_mixin.py:149} INFO - [2023-06-13T11:40:23.500+0200] {dagbag.py:541} INFO - Filling up the DagBag from /Users/simba/Documents/Converteo/cas_airflow1/env/lib/python3.11/site-packages/airflow/example_dags/example_short_circuit_decorator.py
[2023-06-13T11:40:23.548+0200] {processor.py:836} INFO - DAG(s) dict_keys(['example_short_circuit_decorator']) retrieved from /Users/simba/Documents/Converteo/cas_airflow1/env/lib/python3.11/site-packages/airflow/example_dags/example_short_circuit_decorator.py
[2023-06-13T11:40:24.206+0200] {logging_mixin.py:149} INFO - [2023-06-13T11:40:24.206+0200] {dag.py:2726} INFO - Sync 1 DAGs
[2023-06-13T11:40:24.221+0200] {logging_mixin.py:149} INFO - [2023-06-13T11:40:24.221+0200] {dag.py:3486} INFO - Setting next_dagrun for example_short_circuit_decorator to 2023-06-12T09:40:24.221238+00:00, run_after=2023-06-13T09:40:24.221238+00:00
[2023-06-13T11:40:24.239+0200] {processor.py:179} INFO - Processing /Users/simba/Documents/Converteo/cas_airflow1/env/lib/python3.11/site-packages/airflow/example_dags/example_short_circuit_decorator.py took 0.743 seconds
[2023-06-13T11:45:54.591+0200] {processor.py:157} INFO - Started process (PID=71177) to work on /Users/simba/Documents/Converteo/cas_airflow1/env/lib/python3.11/site-packages/airflow/example_dags/example_short_circuit_decorator.py
[2023-06-13T11:45:54.597+0200] {processor.py:826} INFO - Processing file /Users/simba/Documents/Converteo/cas_airflow1/env/lib/python3.11/site-packages/airflow/example_dags/example_short_circuit_decorator.py for tasks to queue
[2023-06-13T11:45:54.597+0200] {logging_mixin.py:149} INFO - [2023-06-13T11:45:54.597+0200] {dagbag.py:541} INFO - Filling up the DagBag from /Users/simba/Documents/Converteo/cas_airflow1/env/lib/python3.11/site-packages/airflow/example_dags/example_short_circuit_decorator.py
[2023-06-13T11:45:54.669+0200] {processor.py:836} INFO - DAG(s) dict_keys(['example_short_circuit_decorator']) retrieved from /Users/simba/Documents/Converteo/cas_airflow1/env/lib/python3.11/site-packages/airflow/example_dags/example_short_circuit_decorator.py
[2023-06-13T11:45:55.631+0200] {logging_mixin.py:149} INFO - [2023-06-13T11:45:55.631+0200] {dag.py:2726} INFO - Sync 1 DAGs
[2023-06-13T11:45:55.648+0200] {logging_mixin.py:149} INFO - [2023-06-13T11:45:55.647+0200] {dag.py:3486} INFO - Setting next_dagrun for example_short_circuit_decorator to 2023-06-12T09:45:55.647749+00:00, run_after=2023-06-13T09:45:55.647749+00:00
[2023-06-13T11:45:55.667+0200] {processor.py:179} INFO - Processing /Users/simba/Documents/Converteo/cas_airflow1/env/lib/python3.11/site-packages/airflow/example_dags/example_short_circuit_decorator.py took 1.077 seconds
[2023-06-13T11:48:22.541+0200] {processor.py:157} INFO - Started process (PID=71589) to work on /Users/simba/Documents/Converteo/cas_airflow1/env/lib/python3.11/site-packages/airflow/example_dags/example_short_circuit_decorator.py
[2023-06-13T11:48:22.545+0200] {processor.py:826} INFO - Processing file /Users/simba/Documents/Converteo/cas_airflow1/env/lib/python3.11/site-packages/airflow/example_dags/example_short_circuit_decorator.py for tasks to queue
[2023-06-13T11:48:22.546+0200] {logging_mixin.py:149} INFO - [2023-06-13T11:48:22.546+0200] {dagbag.py:541} INFO - Filling up the DagBag from /Users/simba/Documents/Converteo/cas_airflow1/env/lib/python3.11/site-packages/airflow/example_dags/example_short_circuit_decorator.py
[2023-06-13T11:48:22.595+0200] {processor.py:836} INFO - DAG(s) dict_keys(['example_short_circuit_decorator']) retrieved from /Users/simba/Documents/Converteo/cas_airflow1/env/lib/python3.11/site-packages/airflow/example_dags/example_short_circuit_decorator.py
[2023-06-13T11:48:23.277+0200] {logging_mixin.py:149} INFO - [2023-06-13T11:48:23.277+0200] {dag.py:2726} INFO - Sync 1 DAGs
[2023-06-13T11:48:23.294+0200] {logging_mixin.py:149} INFO - [2023-06-13T11:48:23.294+0200] {dag.py:3486} INFO - Setting next_dagrun for example_short_circuit_decorator to 2023-06-12T09:48:23.293974+00:00, run_after=2023-06-13T09:48:23.293974+00:00
[2023-06-13T11:48:23.314+0200] {processor.py:179} INFO - Processing /Users/simba/Documents/Converteo/cas_airflow1/env/lib/python3.11/site-packages/airflow/example_dags/example_short_circuit_decorator.py took 0.774 seconds
