[2023-06-13T11:33:53.452+0200] {processor.py:157} INFO - Started process (PID=69054) to work on /Users/simba/Documents/Converteo/cas_airflow1/env/lib/python3.11/site-packages/airflow/example_dags/example_branch_python_dop_operator_3.py
[2023-06-13T11:33:53.455+0200] {processor.py:826} INFO - Processing file /Users/simba/Documents/Converteo/cas_airflow1/env/lib/python3.11/site-packages/airflow/example_dags/example_branch_python_dop_operator_3.py for tasks to queue
[2023-06-13T11:33:53.455+0200] {logging_mixin.py:149} INFO - [2023-06-13T11:33:53.455+0200] {dagbag.py:541} INFO - Filling up the DagBag from /Users/simba/Documents/Converteo/cas_airflow1/env/lib/python3.11/site-packages/airflow/example_dags/example_branch_python_dop_operator_3.py
[2023-06-13T11:33:53.507+0200] {processor.py:836} INFO - DAG(s) dict_keys(['example_branch_dop_operator_v3']) retrieved from /Users/simba/Documents/Converteo/cas_airflow1/env/lib/python3.11/site-packages/airflow/example_dags/example_branch_python_dop_operator_3.py
[2023-06-13T11:33:54.302+0200] {logging_mixin.py:149} INFO - [2023-06-13T11:33:54.301+0200] {manager.py:504} INFO - Created Permission View: can edit on DAG:example_branch_dop_operator_v3
[2023-06-13T11:33:54.309+0200] {logging_mixin.py:149} INFO - [2023-06-13T11:33:54.309+0200] {manager.py:504} INFO - Created Permission View: can read on DAG:example_branch_dop_operator_v3
[2023-06-13T11:33:54.317+0200] {logging_mixin.py:149} INFO - [2023-06-13T11:33:54.317+0200] {manager.py:504} INFO - Created Permission View: can delete on DAG:example_branch_dop_operator_v3
[2023-06-13T11:33:54.318+0200] {logging_mixin.py:149} INFO - [2023-06-13T11:33:54.317+0200] {dag.py:2726} INFO - Sync 1 DAGs
[2023-06-13T11:33:54.326+0200] {logging_mixin.py:149} INFO - [2023-06-13T11:33:54.326+0200] {dag.py:2747} INFO - Creating ORM DAG for example_branch_dop_operator_v3
[2023-06-13T11:33:54.336+0200] {logging_mixin.py:149} INFO - [2023-06-13T11:33:54.336+0200] {dag.py:3486} INFO - Setting next_dagrun for example_branch_dop_operator_v3 to 2023-06-13T09:32:00+00:00, run_after=2023-06-13T09:33:00+00:00
[2023-06-13T11:33:54.354+0200] {processor.py:179} INFO - Processing /Users/simba/Documents/Converteo/cas_airflow1/env/lib/python3.11/site-packages/airflow/example_dags/example_branch_python_dop_operator_3.py took 0.903 seconds
[2023-06-13T11:37:21.971+0200] {processor.py:157} INFO - Started process (PID=69563) to work on /Users/simba/Documents/Converteo/cas_airflow1/env/lib/python3.11/site-packages/airflow/example_dags/example_branch_python_dop_operator_3.py
[2023-06-13T11:37:21.974+0200] {processor.py:826} INFO - Processing file /Users/simba/Documents/Converteo/cas_airflow1/env/lib/python3.11/site-packages/airflow/example_dags/example_branch_python_dop_operator_3.py for tasks to queue
[2023-06-13T11:37:21.974+0200] {logging_mixin.py:149} INFO - [2023-06-13T11:37:21.974+0200] {dagbag.py:541} INFO - Filling up the DagBag from /Users/simba/Documents/Converteo/cas_airflow1/env/lib/python3.11/site-packages/airflow/example_dags/example_branch_python_dop_operator_3.py
[2023-06-13T11:37:22.022+0200] {processor.py:836} INFO - DAG(s) dict_keys(['example_branch_dop_operator_v3']) retrieved from /Users/simba/Documents/Converteo/cas_airflow1/env/lib/python3.11/site-packages/airflow/example_dags/example_branch_python_dop_operator_3.py
[2023-06-13T11:37:22.669+0200] {logging_mixin.py:149} INFO - [2023-06-13T11:37:22.669+0200] {dag.py:2726} INFO - Sync 1 DAGs
[2023-06-13T11:37:22.688+0200] {logging_mixin.py:149} INFO - [2023-06-13T11:37:22.687+0200] {dag.py:3486} INFO - Setting next_dagrun for example_branch_dop_operator_v3 to 2023-06-13T09:36:00+00:00, run_after=2023-06-13T09:37:00+00:00
[2023-06-13T11:37:22.706+0200] {processor.py:179} INFO - Processing /Users/simba/Documents/Converteo/cas_airflow1/env/lib/python3.11/site-packages/airflow/example_dags/example_branch_python_dop_operator_3.py took 0.736 seconds
[2023-06-13T11:40:49.505+0200] {processor.py:157} INFO - Started process (PID=70098) to work on /Users/simba/Documents/Converteo/cas_airflow1/env/lib/python3.11/site-packages/airflow/example_dags/example_branch_python_dop_operator_3.py
[2023-06-13T11:40:49.509+0200] {processor.py:826} INFO - Processing file /Users/simba/Documents/Converteo/cas_airflow1/env/lib/python3.11/site-packages/airflow/example_dags/example_branch_python_dop_operator_3.py for tasks to queue
[2023-06-13T11:40:49.509+0200] {logging_mixin.py:149} INFO - [2023-06-13T11:40:49.509+0200] {dagbag.py:541} INFO - Filling up the DagBag from /Users/simba/Documents/Converteo/cas_airflow1/env/lib/python3.11/site-packages/airflow/example_dags/example_branch_python_dop_operator_3.py
[2023-06-13T11:40:49.561+0200] {processor.py:836} INFO - DAG(s) dict_keys(['example_branch_dop_operator_v3']) retrieved from /Users/simba/Documents/Converteo/cas_airflow1/env/lib/python3.11/site-packages/airflow/example_dags/example_branch_python_dop_operator_3.py
[2023-06-13T11:40:50.204+0200] {logging_mixin.py:149} INFO - [2023-06-13T11:40:50.204+0200] {dag.py:2726} INFO - Sync 1 DAGs
[2023-06-13T11:40:50.222+0200] {logging_mixin.py:149} INFO - [2023-06-13T11:40:50.222+0200] {dag.py:3486} INFO - Setting next_dagrun for example_branch_dop_operator_v3 to 2023-06-13T09:39:00+00:00, run_after=2023-06-13T09:40:00+00:00
[2023-06-13T11:40:50.242+0200] {processor.py:179} INFO - Processing /Users/simba/Documents/Converteo/cas_airflow1/env/lib/python3.11/site-packages/airflow/example_dags/example_branch_python_dop_operator_3.py took 0.738 seconds
[2023-06-13T11:46:56.688+0200] {processor.py:157} INFO - Started process (PID=71344) to work on /Users/simba/Documents/Converteo/cas_airflow1/env/lib/python3.11/site-packages/airflow/example_dags/example_branch_python_dop_operator_3.py
[2023-06-13T11:46:56.693+0200] {processor.py:826} INFO - Processing file /Users/simba/Documents/Converteo/cas_airflow1/env/lib/python3.11/site-packages/airflow/example_dags/example_branch_python_dop_operator_3.py for tasks to queue
[2023-06-13T11:46:56.693+0200] {logging_mixin.py:149} INFO - [2023-06-13T11:46:56.693+0200] {dagbag.py:541} INFO - Filling up the DagBag from /Users/simba/Documents/Converteo/cas_airflow1/env/lib/python3.11/site-packages/airflow/example_dags/example_branch_python_dop_operator_3.py
[2023-06-13T11:46:56.748+0200] {processor.py:836} INFO - DAG(s) dict_keys(['example_branch_dop_operator_v3']) retrieved from /Users/simba/Documents/Converteo/cas_airflow1/env/lib/python3.11/site-packages/airflow/example_dags/example_branch_python_dop_operator_3.py
[2023-06-13T11:46:57.377+0200] {logging_mixin.py:149} INFO - [2023-06-13T11:46:57.377+0200] {dag.py:2726} INFO - Sync 1 DAGs
[2023-06-13T11:46:57.396+0200] {logging_mixin.py:149} INFO - [2023-06-13T11:46:57.396+0200] {dag.py:3486} INFO - Setting next_dagrun for example_branch_dop_operator_v3 to 2023-06-13T09:45:00+00:00, run_after=2023-06-13T09:46:00+00:00
[2023-06-13T11:46:57.414+0200] {processor.py:179} INFO - Processing /Users/simba/Documents/Converteo/cas_airflow1/env/lib/python3.11/site-packages/airflow/example_dags/example_branch_python_dop_operator_3.py took 0.727 seconds
