[2023-06-13T11:33:50.295+0200] {processor.py:157} INFO - Started process (PID=69052) to work on /Users/simba/Documents/Converteo/cas_airflow1/env/lib/python3.11/site-packages/airflow/example_dags/example_complex.py
[2023-06-13T11:33:50.298+0200] {processor.py:826} INFO - Processing file /Users/simba/Documents/Converteo/cas_airflow1/env/lib/python3.11/site-packages/airflow/example_dags/example_complex.py for tasks to queue
[2023-06-13T11:33:50.299+0200] {logging_mixin.py:149} INFO - [2023-06-13T11:33:50.299+0200] {dagbag.py:541} INFO - Filling up the DagBag from /Users/simba/Documents/Converteo/cas_airflow1/env/lib/python3.11/site-packages/airflow/example_dags/example_complex.py
[2023-06-13T11:33:50.310+0200] {logging_mixin.py:149} INFO - [2023-06-13T11:33:50.310+0200] {taskmixin.py:211} WARNING - Dependency <Task(BashOperator): create_entry_group>, delete_entry_group already registered for DAG: example_complex
[2023-06-13T11:33:50.310+0200] {logging_mixin.py:149} INFO - [2023-06-13T11:33:50.310+0200] {taskmixin.py:211} WARNING - Dependency <Task(BashOperator): delete_entry_group>, create_entry_group already registered for DAG: example_complex
[2023-06-13T11:33:50.311+0200] {logging_mixin.py:149} INFO - [2023-06-13T11:33:50.311+0200] {taskmixin.py:211} WARNING - Dependency <Task(BashOperator): create_entry_gcs>, delete_entry already registered for DAG: example_complex
[2023-06-13T11:33:50.311+0200] {logging_mixin.py:149} INFO - [2023-06-13T11:33:50.311+0200] {taskmixin.py:211} WARNING - Dependency <Task(BashOperator): delete_entry>, create_entry_gcs already registered for DAG: example_complex
[2023-06-13T11:33:50.311+0200] {logging_mixin.py:149} INFO - [2023-06-13T11:33:50.311+0200] {taskmixin.py:211} WARNING - Dependency <Task(BashOperator): create_tag>, delete_tag already registered for DAG: example_complex
[2023-06-13T11:33:50.312+0200] {logging_mixin.py:149} INFO - [2023-06-13T11:33:50.312+0200] {taskmixin.py:211} WARNING - Dependency <Task(BashOperator): delete_tag>, create_tag already registered for DAG: example_complex
[2023-06-13T11:33:50.325+0200] {processor.py:836} INFO - DAG(s) dict_keys(['example_complex']) retrieved from /Users/simba/Documents/Converteo/cas_airflow1/env/lib/python3.11/site-packages/airflow/example_dags/example_complex.py
[2023-06-13T11:33:51.043+0200] {logging_mixin.py:149} INFO - [2023-06-13T11:33:51.043+0200] {manager.py:504} INFO - Created Permission View: can delete on DAG:example_complex
[2023-06-13T11:33:51.050+0200] {logging_mixin.py:149} INFO - [2023-06-13T11:33:51.050+0200] {manager.py:504} INFO - Created Permission View: can edit on DAG:example_complex
[2023-06-13T11:33:51.119+0200] {logging_mixin.py:149} INFO - [2023-06-13T11:33:51.119+0200] {manager.py:504} INFO - Created Permission View: can read on DAG:example_complex
[2023-06-13T11:33:51.120+0200] {logging_mixin.py:149} INFO - [2023-06-13T11:33:51.119+0200] {dag.py:2726} INFO - Sync 1 DAGs
[2023-06-13T11:33:51.133+0200] {logging_mixin.py:149} INFO - [2023-06-13T11:33:51.133+0200] {dag.py:2747} INFO - Creating ORM DAG for example_complex
[2023-06-13T11:33:51.164+0200] {logging_mixin.py:149} INFO - [2023-06-13T11:33:51.163+0200] {dag.py:3486} INFO - Setting next_dagrun for example_complex to None, run_after=None
[2023-06-13T11:33:51.181+0200] {processor.py:179} INFO - Processing /Users/simba/Documents/Converteo/cas_airflow1/env/lib/python3.11/site-packages/airflow/example_dags/example_complex.py took 0.887 seconds
[2023-06-13T11:37:18.978+0200] {processor.py:157} INFO - Started process (PID=69557) to work on /Users/simba/Documents/Converteo/cas_airflow1/env/lib/python3.11/site-packages/airflow/example_dags/example_complex.py
[2023-06-13T11:37:18.981+0200] {processor.py:826} INFO - Processing file /Users/simba/Documents/Converteo/cas_airflow1/env/lib/python3.11/site-packages/airflow/example_dags/example_complex.py for tasks to queue
[2023-06-13T11:37:18.981+0200] {logging_mixin.py:149} INFO - [2023-06-13T11:37:18.981+0200] {dagbag.py:541} INFO - Filling up the DagBag from /Users/simba/Documents/Converteo/cas_airflow1/env/lib/python3.11/site-packages/airflow/example_dags/example_complex.py
[2023-06-13T11:37:18.991+0200] {logging_mixin.py:149} INFO - [2023-06-13T11:37:18.990+0200] {taskmixin.py:211} WARNING - Dependency <Task(BashOperator): create_entry_group>, delete_entry_group already registered for DAG: example_complex
[2023-06-13T11:37:18.991+0200] {logging_mixin.py:149} INFO - [2023-06-13T11:37:18.991+0200] {taskmixin.py:211} WARNING - Dependency <Task(BashOperator): delete_entry_group>, create_entry_group already registered for DAG: example_complex
[2023-06-13T11:37:18.991+0200] {logging_mixin.py:149} INFO - [2023-06-13T11:37:18.991+0200] {taskmixin.py:211} WARNING - Dependency <Task(BashOperator): create_entry_gcs>, delete_entry already registered for DAG: example_complex
[2023-06-13T11:37:18.991+0200] {logging_mixin.py:149} INFO - [2023-06-13T11:37:18.991+0200] {taskmixin.py:211} WARNING - Dependency <Task(BashOperator): delete_entry>, create_entry_gcs already registered for DAG: example_complex
[2023-06-13T11:37:18.992+0200] {logging_mixin.py:149} INFO - [2023-06-13T11:37:18.992+0200] {taskmixin.py:211} WARNING - Dependency <Task(BashOperator): create_tag>, delete_tag already registered for DAG: example_complex
[2023-06-13T11:37:18.992+0200] {logging_mixin.py:149} INFO - [2023-06-13T11:37:18.992+0200] {taskmixin.py:211} WARNING - Dependency <Task(BashOperator): delete_tag>, create_tag already registered for DAG: example_complex
[2023-06-13T11:37:19.006+0200] {processor.py:836} INFO - DAG(s) dict_keys(['example_complex']) retrieved from /Users/simba/Documents/Converteo/cas_airflow1/env/lib/python3.11/site-packages/airflow/example_dags/example_complex.py
[2023-06-13T11:37:19.700+0200] {logging_mixin.py:149} INFO - [2023-06-13T11:37:19.699+0200] {dag.py:2726} INFO - Sync 1 DAGs
[2023-06-13T11:37:19.716+0200] {logging_mixin.py:149} INFO - [2023-06-13T11:37:19.716+0200] {dag.py:3486} INFO - Setting next_dagrun for example_complex to None, run_after=None
[2023-06-13T11:37:19.736+0200] {processor.py:179} INFO - Processing /Users/simba/Documents/Converteo/cas_airflow1/env/lib/python3.11/site-packages/airflow/example_dags/example_complex.py took 0.759 seconds
[2023-06-13T11:40:46.546+0200] {processor.py:157} INFO - Started process (PID=70092) to work on /Users/simba/Documents/Converteo/cas_airflow1/env/lib/python3.11/site-packages/airflow/example_dags/example_complex.py
[2023-06-13T11:40:46.549+0200] {processor.py:826} INFO - Processing file /Users/simba/Documents/Converteo/cas_airflow1/env/lib/python3.11/site-packages/airflow/example_dags/example_complex.py for tasks to queue
[2023-06-13T11:40:46.550+0200] {logging_mixin.py:149} INFO - [2023-06-13T11:40:46.549+0200] {dagbag.py:541} INFO - Filling up the DagBag from /Users/simba/Documents/Converteo/cas_airflow1/env/lib/python3.11/site-packages/airflow/example_dags/example_complex.py
[2023-06-13T11:40:46.559+0200] {logging_mixin.py:149} INFO - [2023-06-13T11:40:46.559+0200] {taskmixin.py:211} WARNING - Dependency <Task(BashOperator): create_entry_group>, delete_entry_group already registered for DAG: example_complex
[2023-06-13T11:40:46.559+0200] {logging_mixin.py:149} INFO - [2023-06-13T11:40:46.559+0200] {taskmixin.py:211} WARNING - Dependency <Task(BashOperator): delete_entry_group>, create_entry_group already registered for DAG: example_complex
[2023-06-13T11:40:46.560+0200] {logging_mixin.py:149} INFO - [2023-06-13T11:40:46.559+0200] {taskmixin.py:211} WARNING - Dependency <Task(BashOperator): create_entry_gcs>, delete_entry already registered for DAG: example_complex
[2023-06-13T11:40:46.560+0200] {logging_mixin.py:149} INFO - [2023-06-13T11:40:46.560+0200] {taskmixin.py:211} WARNING - Dependency <Task(BashOperator): delete_entry>, create_entry_gcs already registered for DAG: example_complex
[2023-06-13T11:40:46.560+0200] {logging_mixin.py:149} INFO - [2023-06-13T11:40:46.560+0200] {taskmixin.py:211} WARNING - Dependency <Task(BashOperator): create_tag>, delete_tag already registered for DAG: example_complex
[2023-06-13T11:40:46.560+0200] {logging_mixin.py:149} INFO - [2023-06-13T11:40:46.560+0200] {taskmixin.py:211} WARNING - Dependency <Task(BashOperator): delete_tag>, create_tag already registered for DAG: example_complex
[2023-06-13T11:40:46.574+0200] {processor.py:836} INFO - DAG(s) dict_keys(['example_complex']) retrieved from /Users/simba/Documents/Converteo/cas_airflow1/env/lib/python3.11/site-packages/airflow/example_dags/example_complex.py
[2023-06-13T11:40:47.226+0200] {logging_mixin.py:149} INFO - [2023-06-13T11:40:47.225+0200] {dag.py:2726} INFO - Sync 1 DAGs
[2023-06-13T11:40:47.242+0200] {logging_mixin.py:149} INFO - [2023-06-13T11:40:47.241+0200] {dag.py:3486} INFO - Setting next_dagrun for example_complex to None, run_after=None
[2023-06-13T11:40:47.259+0200] {processor.py:179} INFO - Processing /Users/simba/Documents/Converteo/cas_airflow1/env/lib/python3.11/site-packages/airflow/example_dags/example_complex.py took 0.714 seconds
[2023-06-13T11:46:53.534+0200] {processor.py:157} INFO - Started process (PID=71335) to work on /Users/simba/Documents/Converteo/cas_airflow1/env/lib/python3.11/site-packages/airflow/example_dags/example_complex.py
[2023-06-13T11:46:53.537+0200] {processor.py:826} INFO - Processing file /Users/simba/Documents/Converteo/cas_airflow1/env/lib/python3.11/site-packages/airflow/example_dags/example_complex.py for tasks to queue
[2023-06-13T11:46:53.538+0200] {logging_mixin.py:149} INFO - [2023-06-13T11:46:53.538+0200] {dagbag.py:541} INFO - Filling up the DagBag from /Users/simba/Documents/Converteo/cas_airflow1/env/lib/python3.11/site-packages/airflow/example_dags/example_complex.py
[2023-06-13T11:46:53.548+0200] {logging_mixin.py:149} INFO - [2023-06-13T11:46:53.548+0200] {taskmixin.py:211} WARNING - Dependency <Task(BashOperator): create_entry_group>, delete_entry_group already registered for DAG: example_complex
[2023-06-13T11:46:53.548+0200] {logging_mixin.py:149} INFO - [2023-06-13T11:46:53.548+0200] {taskmixin.py:211} WARNING - Dependency <Task(BashOperator): delete_entry_group>, create_entry_group already registered for DAG: example_complex
[2023-06-13T11:46:53.548+0200] {logging_mixin.py:149} INFO - [2023-06-13T11:46:53.548+0200] {taskmixin.py:211} WARNING - Dependency <Task(BashOperator): create_entry_gcs>, delete_entry already registered for DAG: example_complex
[2023-06-13T11:46:53.548+0200] {logging_mixin.py:149} INFO - [2023-06-13T11:46:53.548+0200] {taskmixin.py:211} WARNING - Dependency <Task(BashOperator): delete_entry>, create_entry_gcs already registered for DAG: example_complex
[2023-06-13T11:46:53.549+0200] {logging_mixin.py:149} INFO - [2023-06-13T11:46:53.549+0200] {taskmixin.py:211} WARNING - Dependency <Task(BashOperator): create_tag>, delete_tag already registered for DAG: example_complex
[2023-06-13T11:46:53.549+0200] {logging_mixin.py:149} INFO - [2023-06-13T11:46:53.549+0200] {taskmixin.py:211} WARNING - Dependency <Task(BashOperator): delete_tag>, create_tag already registered for DAG: example_complex
[2023-06-13T11:46:53.562+0200] {processor.py:836} INFO - DAG(s) dict_keys(['example_complex']) retrieved from /Users/simba/Documents/Converteo/cas_airflow1/env/lib/python3.11/site-packages/airflow/example_dags/example_complex.py
[2023-06-13T11:46:54.280+0200] {logging_mixin.py:149} INFO - [2023-06-13T11:46:54.280+0200] {dag.py:2726} INFO - Sync 1 DAGs
[2023-06-13T11:46:54.295+0200] {logging_mixin.py:149} INFO - [2023-06-13T11:46:54.295+0200] {dag.py:3486} INFO - Setting next_dagrun for example_complex to None, run_after=None
[2023-06-13T11:46:54.314+0200] {processor.py:179} INFO - Processing /Users/simba/Documents/Converteo/cas_airflow1/env/lib/python3.11/site-packages/airflow/example_dags/example_complex.py took 0.781 seconds
