[2023-06-13T11:33:40.284+0200] {processor.py:157} INFO - Started process (PID=69024) to work on /Users/simba/Documents/Converteo/cas_airflow1/env/lib/python3.11/site-packages/airflow/example_dags/example_dynamic_task_mapping.py
[2023-06-13T11:33:40.288+0200] {processor.py:826} INFO - Processing file /Users/simba/Documents/Converteo/cas_airflow1/env/lib/python3.11/site-packages/airflow/example_dags/example_dynamic_task_mapping.py for tasks to queue
[2023-06-13T11:33:40.288+0200] {logging_mixin.py:149} INFO - [2023-06-13T11:33:40.288+0200] {dagbag.py:541} INFO - Filling up the DagBag from /Users/simba/Documents/Converteo/cas_airflow1/env/lib/python3.11/site-packages/airflow/example_dags/example_dynamic_task_mapping.py
[2023-06-13T11:33:40.336+0200] {processor.py:836} INFO - DAG(s) dict_keys(['example_dynamic_task_mapping']) retrieved from /Users/simba/Documents/Converteo/cas_airflow1/env/lib/python3.11/site-packages/airflow/example_dags/example_dynamic_task_mapping.py
[2023-06-13T11:33:41.135+0200] {logging_mixin.py:149} INFO - [2023-06-13T11:33:41.134+0200] {manager.py:504} INFO - Created Permission View: can delete on DAG:example_dynamic_task_mapping
[2023-06-13T11:33:41.143+0200] {logging_mixin.py:149} INFO - [2023-06-13T11:33:41.143+0200] {manager.py:504} INFO - Created Permission View: can edit on DAG:example_dynamic_task_mapping
[2023-06-13T11:33:41.148+0200] {logging_mixin.py:149} INFO - [2023-06-13T11:33:41.148+0200] {manager.py:504} INFO - Created Permission View: can read on DAG:example_dynamic_task_mapping
[2023-06-13T11:33:41.148+0200] {logging_mixin.py:149} INFO - [2023-06-13T11:33:41.148+0200] {dag.py:2726} INFO - Sync 1 DAGs
[2023-06-13T11:33:41.159+0200] {logging_mixin.py:149} INFO - [2023-06-13T11:33:41.159+0200] {dag.py:2747} INFO - Creating ORM DAG for example_dynamic_task_mapping
[2023-06-13T11:33:41.167+0200] {logging_mixin.py:149} INFO - [2023-06-13T11:33:41.167+0200] {dag.py:3486} INFO - Setting next_dagrun for example_dynamic_task_mapping to 2022-03-04T00:00:00+00:00, run_after=2022-03-05T00:00:00+00:00
[2023-06-13T11:33:41.184+0200] {processor.py:179} INFO - Processing /Users/simba/Documents/Converteo/cas_airflow1/env/lib/python3.11/site-packages/airflow/example_dags/example_dynamic_task_mapping.py took 0.901 seconds
[2023-06-13T11:35:54.549+0200] {processor.py:157} INFO - Started process (PID=69339) to work on /Users/simba/Documents/Converteo/cas_airflow1/env/lib/python3.11/site-packages/airflow/example_dags/example_dynamic_task_mapping.py
[2023-06-13T11:35:54.553+0200] {processor.py:826} INFO - Processing file /Users/simba/Documents/Converteo/cas_airflow1/env/lib/python3.11/site-packages/airflow/example_dags/example_dynamic_task_mapping.py for tasks to queue
[2023-06-13T11:35:54.553+0200] {logging_mixin.py:149} INFO - [2023-06-13T11:35:54.553+0200] {dagbag.py:541} INFO - Filling up the DagBag from /Users/simba/Documents/Converteo/cas_airflow1/env/lib/python3.11/site-packages/airflow/example_dags/example_dynamic_task_mapping.py
[2023-06-13T11:35:54.602+0200] {processor.py:836} INFO - DAG(s) dict_keys(['example_dynamic_task_mapping']) retrieved from /Users/simba/Documents/Converteo/cas_airflow1/env/lib/python3.11/site-packages/airflow/example_dags/example_dynamic_task_mapping.py
[2023-06-13T11:35:55.234+0200] {logging_mixin.py:149} INFO - [2023-06-13T11:35:55.234+0200] {dag.py:2726} INFO - Sync 1 DAGs
[2023-06-13T11:35:55.251+0200] {logging_mixin.py:149} INFO - [2023-06-13T11:35:55.251+0200] {dag.py:3486} INFO - Setting next_dagrun for example_dynamic_task_mapping to 2022-03-04T00:00:00+00:00, run_after=2022-03-05T00:00:00+00:00
[2023-06-13T11:35:55.270+0200] {processor.py:179} INFO - Processing /Users/simba/Documents/Converteo/cas_airflow1/env/lib/python3.11/site-packages/airflow/example_dags/example_dynamic_task_mapping.py took 0.721 seconds
[2023-06-13T11:39:24.188+0200] {processor.py:157} INFO - Started process (PID=69904) to work on /Users/simba/Documents/Converteo/cas_airflow1/env/lib/python3.11/site-packages/airflow/example_dags/example_dynamic_task_mapping.py
[2023-06-13T11:39:24.191+0200] {processor.py:826} INFO - Processing file /Users/simba/Documents/Converteo/cas_airflow1/env/lib/python3.11/site-packages/airflow/example_dags/example_dynamic_task_mapping.py for tasks to queue
[2023-06-13T11:39:24.191+0200] {logging_mixin.py:149} INFO - [2023-06-13T11:39:24.191+0200] {dagbag.py:541} INFO - Filling up the DagBag from /Users/simba/Documents/Converteo/cas_airflow1/env/lib/python3.11/site-packages/airflow/example_dags/example_dynamic_task_mapping.py
[2023-06-13T11:39:24.241+0200] {processor.py:836} INFO - DAG(s) dict_keys(['example_dynamic_task_mapping']) retrieved from /Users/simba/Documents/Converteo/cas_airflow1/env/lib/python3.11/site-packages/airflow/example_dags/example_dynamic_task_mapping.py
[2023-06-13T11:39:24.918+0200] {logging_mixin.py:149} INFO - [2023-06-13T11:39:24.918+0200] {dag.py:2726} INFO - Sync 1 DAGs
[2023-06-13T11:39:24.933+0200] {logging_mixin.py:149} INFO - [2023-06-13T11:39:24.933+0200] {dag.py:3486} INFO - Setting next_dagrun for example_dynamic_task_mapping to 2022-03-04T00:00:00+00:00, run_after=2022-03-05T00:00:00+00:00
[2023-06-13T11:39:24.951+0200] {processor.py:179} INFO - Processing /Users/simba/Documents/Converteo/cas_airflow1/env/lib/python3.11/site-packages/airflow/example_dags/example_dynamic_task_mapping.py took 0.764 seconds
[2023-06-13T11:46:45.286+0200] {processor.py:157} INFO - Started process (PID=71317) to work on /Users/simba/Documents/Converteo/cas_airflow1/env/lib/python3.11/site-packages/airflow/example_dags/example_dynamic_task_mapping.py
[2023-06-13T11:46:45.290+0200] {processor.py:826} INFO - Processing file /Users/simba/Documents/Converteo/cas_airflow1/env/lib/python3.11/site-packages/airflow/example_dags/example_dynamic_task_mapping.py for tasks to queue
[2023-06-13T11:46:45.290+0200] {logging_mixin.py:149} INFO - [2023-06-13T11:46:45.290+0200] {dagbag.py:541} INFO - Filling up the DagBag from /Users/simba/Documents/Converteo/cas_airflow1/env/lib/python3.11/site-packages/airflow/example_dags/example_dynamic_task_mapping.py
[2023-06-13T11:46:45.343+0200] {processor.py:836} INFO - DAG(s) dict_keys(['example_dynamic_task_mapping']) retrieved from /Users/simba/Documents/Converteo/cas_airflow1/env/lib/python3.11/site-packages/airflow/example_dags/example_dynamic_task_mapping.py
[2023-06-13T11:46:46.012+0200] {logging_mixin.py:149} INFO - [2023-06-13T11:46:46.011+0200] {dag.py:2726} INFO - Sync 1 DAGs
[2023-06-13T11:46:46.027+0200] {logging_mixin.py:149} INFO - [2023-06-13T11:46:46.027+0200] {dag.py:3486} INFO - Setting next_dagrun for example_dynamic_task_mapping to 2022-03-04T00:00:00+00:00, run_after=2022-03-05T00:00:00+00:00
[2023-06-13T11:46:46.045+0200] {processor.py:179} INFO - Processing /Users/simba/Documents/Converteo/cas_airflow1/env/lib/python3.11/site-packages/airflow/example_dags/example_dynamic_task_mapping.py took 0.760 seconds
[2023-06-13T11:49:13.953+0200] {processor.py:157} INFO - Started process (PID=71742) to work on /Users/simba/Documents/Converteo/cas_airflow1/env/lib/python3.11/site-packages/airflow/example_dags/example_dynamic_task_mapping.py
[2023-06-13T11:49:13.962+0200] {processor.py:826} INFO - Processing file /Users/simba/Documents/Converteo/cas_airflow1/env/lib/python3.11/site-packages/airflow/example_dags/example_dynamic_task_mapping.py for tasks to queue
[2023-06-13T11:49:13.963+0200] {logging_mixin.py:149} INFO - [2023-06-13T11:49:13.962+0200] {dagbag.py:541} INFO - Filling up the DagBag from /Users/simba/Documents/Converteo/cas_airflow1/env/lib/python3.11/site-packages/airflow/example_dags/example_dynamic_task_mapping.py
[2023-06-13T11:49:14.098+0200] {processor.py:836} INFO - DAG(s) dict_keys(['example_dynamic_task_mapping']) retrieved from /Users/simba/Documents/Converteo/cas_airflow1/env/lib/python3.11/site-packages/airflow/example_dags/example_dynamic_task_mapping.py
[2023-06-13T11:49:14.908+0200] {logging_mixin.py:149} INFO - [2023-06-13T11:49:14.907+0200] {dag.py:2726} INFO - Sync 1 DAGs
[2023-06-13T11:49:14.924+0200] {logging_mixin.py:149} INFO - [2023-06-13T11:49:14.923+0200] {dag.py:3486} INFO - Setting next_dagrun for example_dynamic_task_mapping to 2022-03-04T00:00:00+00:00, run_after=2022-03-05T00:00:00+00:00
[2023-06-13T11:49:14.941+0200] {processor.py:179} INFO - Processing /Users/simba/Documents/Converteo/cas_airflow1/env/lib/python3.11/site-packages/airflow/example_dags/example_dynamic_task_mapping.py took 0.991 seconds
