[2023-06-13T11:33:47.010+0200] {processor.py:157} INFO - Started process (PID=69043) to work on /Users/simba/Documents/Converteo/cas_airflow1/env/lib/python3.11/site-packages/airflow/example_dags/example_dag_decorator.py
[2023-06-13T11:33:47.019+0200] {processor.py:826} INFO - Processing file /Users/simba/Documents/Converteo/cas_airflow1/env/lib/python3.11/site-packages/airflow/example_dags/example_dag_decorator.py for tasks to queue
[2023-06-13T11:33:47.020+0200] {logging_mixin.py:149} INFO - [2023-06-13T11:33:47.020+0200] {dagbag.py:541} INFO - Filling up the DagBag from /Users/simba/Documents/Converteo/cas_airflow1/env/lib/python3.11/site-packages/airflow/example_dags/example_dag_decorator.py
[2023-06-13T11:33:47.280+0200] {logging_mixin.py:149} INFO - [2023-06-13T11:33:47.280+0200] {taskmixin.py:211} WARNING - Dependency <Task(_PythonDecoratedOperator): prepare_email>, send_email already registered for DAG: example_dag_decorator
[2023-06-13T11:33:47.280+0200] {logging_mixin.py:149} INFO - [2023-06-13T11:33:47.280+0200] {taskmixin.py:211} WARNING - Dependency <Task(EmailOperator): send_email>, prepare_email already registered for DAG: example_dag_decorator
[2023-06-13T11:33:47.318+0200] {processor.py:836} INFO - DAG(s) dict_keys(['example_dag_decorator']) retrieved from /Users/simba/Documents/Converteo/cas_airflow1/env/lib/python3.11/site-packages/airflow/example_dags/example_dag_decorator.py
[2023-06-13T11:33:47.955+0200] {logging_mixin.py:149} INFO - [2023-06-13T11:33:47.955+0200] {manager.py:504} INFO - Created Permission View: can delete on DAG:example_dag_decorator
[2023-06-13T11:33:47.962+0200] {logging_mixin.py:149} INFO - [2023-06-13T11:33:47.962+0200] {manager.py:504} INFO - Created Permission View: can edit on DAG:example_dag_decorator
[2023-06-13T11:33:47.968+0200] {logging_mixin.py:149} INFO - [2023-06-13T11:33:47.968+0200] {manager.py:504} INFO - Created Permission View: can read on DAG:example_dag_decorator
[2023-06-13T11:33:47.968+0200] {logging_mixin.py:149} INFO - [2023-06-13T11:33:47.968+0200] {dag.py:2726} INFO - Sync 1 DAGs
[2023-06-13T11:33:47.978+0200] {logging_mixin.py:149} INFO - [2023-06-13T11:33:47.977+0200] {dag.py:2747} INFO - Creating ORM DAG for example_dag_decorator
[2023-06-13T11:33:47.984+0200] {logging_mixin.py:149} INFO - [2023-06-13T11:33:47.984+0200] {dag.py:3486} INFO - Setting next_dagrun for example_dag_decorator to None, run_after=None
[2023-06-13T11:33:48.004+0200] {processor.py:179} INFO - Processing /Users/simba/Documents/Converteo/cas_airflow1/env/lib/python3.11/site-packages/airflow/example_dags/example_dag_decorator.py took 0.995 seconds
[2023-06-13T11:37:15.839+0200] {processor.py:157} INFO - Started process (PID=69552) to work on /Users/simba/Documents/Converteo/cas_airflow1/env/lib/python3.11/site-packages/airflow/example_dags/example_dag_decorator.py
[2023-06-13T11:37:15.842+0200] {processor.py:826} INFO - Processing file /Users/simba/Documents/Converteo/cas_airflow1/env/lib/python3.11/site-packages/airflow/example_dags/example_dag_decorator.py for tasks to queue
[2023-06-13T11:37:15.843+0200] {logging_mixin.py:149} INFO - [2023-06-13T11:37:15.843+0200] {dagbag.py:541} INFO - Filling up the DagBag from /Users/simba/Documents/Converteo/cas_airflow1/env/lib/python3.11/site-packages/airflow/example_dags/example_dag_decorator.py
[2023-06-13T11:37:16.084+0200] {logging_mixin.py:149} INFO - [2023-06-13T11:37:16.083+0200] {taskmixin.py:211} WARNING - Dependency <Task(_PythonDecoratedOperator): prepare_email>, send_email already registered for DAG: example_dag_decorator
[2023-06-13T11:37:16.084+0200] {logging_mixin.py:149} INFO - [2023-06-13T11:37:16.084+0200] {taskmixin.py:211} WARNING - Dependency <Task(EmailOperator): send_email>, prepare_email already registered for DAG: example_dag_decorator
[2023-06-13T11:37:16.116+0200] {processor.py:836} INFO - DAG(s) dict_keys(['example_dag_decorator']) retrieved from /Users/simba/Documents/Converteo/cas_airflow1/env/lib/python3.11/site-packages/airflow/example_dags/example_dag_decorator.py
[2023-06-13T11:37:16.616+0200] {logging_mixin.py:149} INFO - [2023-06-13T11:37:16.616+0200] {dag.py:2726} INFO - Sync 1 DAGs
[2023-06-13T11:37:16.687+0200] {logging_mixin.py:149} INFO - [2023-06-13T11:37:16.687+0200] {dag.py:3486} INFO - Setting next_dagrun for example_dag_decorator to None, run_after=None
[2023-06-13T11:37:16.708+0200] {processor.py:179} INFO - Processing /Users/simba/Documents/Converteo/cas_airflow1/env/lib/python3.11/site-packages/airflow/example_dags/example_dag_decorator.py took 0.869 seconds
[2023-06-13T11:40:43.618+0200] {processor.py:157} INFO - Started process (PID=70083) to work on /Users/simba/Documents/Converteo/cas_airflow1/env/lib/python3.11/site-packages/airflow/example_dags/example_dag_decorator.py
[2023-06-13T11:40:43.621+0200] {processor.py:826} INFO - Processing file /Users/simba/Documents/Converteo/cas_airflow1/env/lib/python3.11/site-packages/airflow/example_dags/example_dag_decorator.py for tasks to queue
[2023-06-13T11:40:43.622+0200] {logging_mixin.py:149} INFO - [2023-06-13T11:40:43.622+0200] {dagbag.py:541} INFO - Filling up the DagBag from /Users/simba/Documents/Converteo/cas_airflow1/env/lib/python3.11/site-packages/airflow/example_dags/example_dag_decorator.py
[2023-06-13T11:40:43.856+0200] {logging_mixin.py:149} INFO - [2023-06-13T11:40:43.856+0200] {taskmixin.py:211} WARNING - Dependency <Task(_PythonDecoratedOperator): prepare_email>, send_email already registered for DAG: example_dag_decorator
[2023-06-13T11:40:43.856+0200] {logging_mixin.py:149} INFO - [2023-06-13T11:40:43.856+0200] {taskmixin.py:211} WARNING - Dependency <Task(EmailOperator): send_email>, prepare_email already registered for DAG: example_dag_decorator
[2023-06-13T11:40:43.886+0200] {processor.py:836} INFO - DAG(s) dict_keys(['example_dag_decorator']) retrieved from /Users/simba/Documents/Converteo/cas_airflow1/env/lib/python3.11/site-packages/airflow/example_dags/example_dag_decorator.py
[2023-06-13T11:40:44.386+0200] {logging_mixin.py:149} INFO - [2023-06-13T11:40:44.386+0200] {dag.py:2726} INFO - Sync 1 DAGs
[2023-06-13T11:40:44.459+0200] {logging_mixin.py:149} INFO - [2023-06-13T11:40:44.459+0200] {dag.py:3486} INFO - Setting next_dagrun for example_dag_decorator to None, run_after=None
[2023-06-13T11:40:44.481+0200] {processor.py:179} INFO - Processing /Users/simba/Documents/Converteo/cas_airflow1/env/lib/python3.11/site-packages/airflow/example_dags/example_dag_decorator.py took 0.863 seconds
[2023-06-13T11:46:50.365+0200] {processor.py:157} INFO - Started process (PID=71329) to work on /Users/simba/Documents/Converteo/cas_airflow1/env/lib/python3.11/site-packages/airflow/example_dags/example_dag_decorator.py
[2023-06-13T11:46:50.369+0200] {processor.py:826} INFO - Processing file /Users/simba/Documents/Converteo/cas_airflow1/env/lib/python3.11/site-packages/airflow/example_dags/example_dag_decorator.py for tasks to queue
[2023-06-13T11:46:50.369+0200] {logging_mixin.py:149} INFO - [2023-06-13T11:46:50.369+0200] {dagbag.py:541} INFO - Filling up the DagBag from /Users/simba/Documents/Converteo/cas_airflow1/env/lib/python3.11/site-packages/airflow/example_dags/example_dag_decorator.py
[2023-06-13T11:46:50.608+0200] {logging_mixin.py:149} INFO - [2023-06-13T11:46:50.608+0200] {taskmixin.py:211} WARNING - Dependency <Task(_PythonDecoratedOperator): prepare_email>, send_email already registered for DAG: example_dag_decorator
[2023-06-13T11:46:50.608+0200] {logging_mixin.py:149} INFO - [2023-06-13T11:46:50.608+0200] {taskmixin.py:211} WARNING - Dependency <Task(EmailOperator): send_email>, prepare_email already registered for DAG: example_dag_decorator
[2023-06-13T11:46:50.638+0200] {processor.py:836} INFO - DAG(s) dict_keys(['example_dag_decorator']) retrieved from /Users/simba/Documents/Converteo/cas_airflow1/env/lib/python3.11/site-packages/airflow/example_dags/example_dag_decorator.py
[2023-06-13T11:46:51.177+0200] {logging_mixin.py:149} INFO - [2023-06-13T11:46:51.177+0200] {dag.py:2726} INFO - Sync 1 DAGs
[2023-06-13T11:46:51.252+0200] {logging_mixin.py:149} INFO - [2023-06-13T11:46:51.252+0200] {dag.py:3486} INFO - Setting next_dagrun for example_dag_decorator to None, run_after=None
[2023-06-13T11:46:51.273+0200] {processor.py:179} INFO - Processing /Users/simba/Documents/Converteo/cas_airflow1/env/lib/python3.11/site-packages/airflow/example_dags/example_dag_decorator.py took 0.909 seconds
