[2023-06-13T11:33:35.022+0200] {processor.py:157} INFO - Started process (PID=69014) to work on /Users/simba/Documents/Converteo/cas_airflow1/env/lib/python3.11/site-packages/airflow/example_dags/example_kubernetes_executor.py
[2023-06-13T11:33:35.025+0200] {processor.py:826} INFO - Processing file /Users/simba/Documents/Converteo/cas_airflow1/env/lib/python3.11/site-packages/airflow/example_dags/example_kubernetes_executor.py for tasks to queue
[2023-06-13T11:33:35.026+0200] {logging_mixin.py:149} INFO - [2023-06-13T11:33:35.026+0200] {dagbag.py:541} INFO - Filling up the DagBag from /Users/simba/Documents/Converteo/cas_airflow1/env/lib/python3.11/site-packages/airflow/example_dags/example_kubernetes_executor.py
[2023-06-13T11:33:35.068+0200] {logging_mixin.py:149} INFO - [2023-06-13T11:33:35.068+0200] {example_kubernetes_executor.py:41} WARNING - The example_kubernetes_executor example DAG requires the kubernetes provider. Please install it with: pip install apache-airflow[cncf.kubernetes]
[2023-06-13T11:33:35.068+0200] {processor.py:838} WARNING - No viable dags retrieved from /Users/simba/Documents/Converteo/cas_airflow1/env/lib/python3.11/site-packages/airflow/example_dags/example_kubernetes_executor.py
[2023-06-13T11:33:35.714+0200] {processor.py:179} INFO - Processing /Users/simba/Documents/Converteo/cas_airflow1/env/lib/python3.11/site-packages/airflow/example_dags/example_kubernetes_executor.py took 0.693 seconds
[2023-06-13T11:35:48.635+0200] {processor.py:157} INFO - Started process (PID=69327) to work on /Users/simba/Documents/Converteo/cas_airflow1/env/lib/python3.11/site-packages/airflow/example_dags/example_kubernetes_executor.py
[2023-06-13T11:35:48.638+0200] {processor.py:826} INFO - Processing file /Users/simba/Documents/Converteo/cas_airflow1/env/lib/python3.11/site-packages/airflow/example_dags/example_kubernetes_executor.py for tasks to queue
[2023-06-13T11:35:48.639+0200] {logging_mixin.py:149} INFO - [2023-06-13T11:35:48.639+0200] {dagbag.py:541} INFO - Filling up the DagBag from /Users/simba/Documents/Converteo/cas_airflow1/env/lib/python3.11/site-packages/airflow/example_dags/example_kubernetes_executor.py
[2023-06-13T11:35:48.680+0200] {logging_mixin.py:149} INFO - [2023-06-13T11:35:48.680+0200] {example_kubernetes_executor.py:41} WARNING - The example_kubernetes_executor example DAG requires the kubernetes provider. Please install it with: pip install apache-airflow[cncf.kubernetes]
[2023-06-13T11:35:48.680+0200] {processor.py:838} WARNING - No viable dags retrieved from /Users/simba/Documents/Converteo/cas_airflow1/env/lib/python3.11/site-packages/airflow/example_dags/example_kubernetes_executor.py
[2023-06-13T11:35:49.310+0200] {processor.py:179} INFO - Processing /Users/simba/Documents/Converteo/cas_airflow1/env/lib/python3.11/site-packages/airflow/example_dags/example_kubernetes_executor.py took 0.675 seconds
[2023-06-13T11:39:18.289+0200] {processor.py:157} INFO - Started process (PID=69889) to work on /Users/simba/Documents/Converteo/cas_airflow1/env/lib/python3.11/site-packages/airflow/example_dags/example_kubernetes_executor.py
[2023-06-13T11:39:18.292+0200] {processor.py:826} INFO - Processing file /Users/simba/Documents/Converteo/cas_airflow1/env/lib/python3.11/site-packages/airflow/example_dags/example_kubernetes_executor.py for tasks to queue
[2023-06-13T11:39:18.293+0200] {logging_mixin.py:149} INFO - [2023-06-13T11:39:18.293+0200] {dagbag.py:541} INFO - Filling up the DagBag from /Users/simba/Documents/Converteo/cas_airflow1/env/lib/python3.11/site-packages/airflow/example_dags/example_kubernetes_executor.py
[2023-06-13T11:39:18.333+0200] {logging_mixin.py:149} INFO - [2023-06-13T11:39:18.333+0200] {example_kubernetes_executor.py:41} WARNING - The example_kubernetes_executor example DAG requires the kubernetes provider. Please install it with: pip install apache-airflow[cncf.kubernetes]
[2023-06-13T11:39:18.334+0200] {processor.py:838} WARNING - No viable dags retrieved from /Users/simba/Documents/Converteo/cas_airflow1/env/lib/python3.11/site-packages/airflow/example_dags/example_kubernetes_executor.py
[2023-06-13T11:39:19.007+0200] {processor.py:179} INFO - Processing /Users/simba/Documents/Converteo/cas_airflow1/env/lib/python3.11/site-packages/airflow/example_dags/example_kubernetes_executor.py took 0.719 seconds
[2023-06-13T11:46:39.336+0200] {processor.py:157} INFO - Started process (PID=71304) to work on /Users/simba/Documents/Converteo/cas_airflow1/env/lib/python3.11/site-packages/airflow/example_dags/example_kubernetes_executor.py
[2023-06-13T11:46:39.340+0200] {processor.py:826} INFO - Processing file /Users/simba/Documents/Converteo/cas_airflow1/env/lib/python3.11/site-packages/airflow/example_dags/example_kubernetes_executor.py for tasks to queue
[2023-06-13T11:46:39.340+0200] {logging_mixin.py:149} INFO - [2023-06-13T11:46:39.340+0200] {dagbag.py:541} INFO - Filling up the DagBag from /Users/simba/Documents/Converteo/cas_airflow1/env/lib/python3.11/site-packages/airflow/example_dags/example_kubernetes_executor.py
[2023-06-13T11:46:39.384+0200] {logging_mixin.py:149} INFO - [2023-06-13T11:46:39.383+0200] {example_kubernetes_executor.py:41} WARNING - The example_kubernetes_executor example DAG requires the kubernetes provider. Please install it with: pip install apache-airflow[cncf.kubernetes]
[2023-06-13T11:46:39.384+0200] {processor.py:838} WARNING - No viable dags retrieved from /Users/simba/Documents/Converteo/cas_airflow1/env/lib/python3.11/site-packages/airflow/example_dags/example_kubernetes_executor.py
[2023-06-13T11:46:40.053+0200] {processor.py:179} INFO - Processing /Users/simba/Documents/Converteo/cas_airflow1/env/lib/python3.11/site-packages/airflow/example_dags/example_kubernetes_executor.py took 0.718 seconds
[2023-06-13T11:49:06.845+0200] {processor.py:157} INFO - Started process (PID=71727) to work on /Users/simba/Documents/Converteo/cas_airflow1/env/lib/python3.11/site-packages/airflow/example_dags/example_kubernetes_executor.py
[2023-06-13T11:49:06.850+0200] {processor.py:826} INFO - Processing file /Users/simba/Documents/Converteo/cas_airflow1/env/lib/python3.11/site-packages/airflow/example_dags/example_kubernetes_executor.py for tasks to queue
[2023-06-13T11:49:06.850+0200] {logging_mixin.py:149} INFO - [2023-06-13T11:49:06.850+0200] {dagbag.py:541} INFO - Filling up the DagBag from /Users/simba/Documents/Converteo/cas_airflow1/env/lib/python3.11/site-packages/airflow/example_dags/example_kubernetes_executor.py
[2023-06-13T11:49:06.919+0200] {logging_mixin.py:149} INFO - [2023-06-13T11:49:06.919+0200] {example_kubernetes_executor.py:41} WARNING - The example_kubernetes_executor example DAG requires the kubernetes provider. Please install it with: pip install apache-airflow[cncf.kubernetes]
[2023-06-13T11:49:06.919+0200] {processor.py:838} WARNING - No viable dags retrieved from /Users/simba/Documents/Converteo/cas_airflow1/env/lib/python3.11/site-packages/airflow/example_dags/example_kubernetes_executor.py
[2023-06-13T11:49:08.024+0200] {processor.py:179} INFO - Processing /Users/simba/Documents/Converteo/cas_airflow1/env/lib/python3.11/site-packages/airflow/example_dags/example_kubernetes_executor.py took 1.179 seconds
