[2023-06-13T11:32:51.438+0200] {processor.py:157} INFO - Started process (PID=68897) to work on /Users/simba/Documents/Converteo/cas_airflow1/env/lib/python3.11/site-packages/airflow/example_dags/example_short_circuit_operator.py
[2023-06-13T11:32:51.442+0200] {processor.py:826} INFO - Processing file /Users/simba/Documents/Converteo/cas_airflow1/env/lib/python3.11/site-packages/airflow/example_dags/example_short_circuit_operator.py for tasks to queue
[2023-06-13T11:32:51.443+0200] {logging_mixin.py:149} INFO - [2023-06-13T11:32:51.442+0200] {dagbag.py:541} INFO - Filling up the DagBag from /Users/simba/Documents/Converteo/cas_airflow1/env/lib/python3.11/site-packages/airflow/example_dags/example_short_circuit_operator.py
[2023-06-13T11:32:51.477+0200] {processor.py:836} INFO - DAG(s) dict_keys(['example_short_circuit_operator']) retrieved from /Users/simba/Documents/Converteo/cas_airflow1/env/lib/python3.11/site-packages/airflow/example_dags/example_short_circuit_operator.py
[2023-06-13T11:32:52.324+0200] {logging_mixin.py:149} INFO - [2023-06-13T11:32:52.324+0200] {manager.py:504} INFO - Created Permission View: can edit on DAG:example_short_circuit_operator
[2023-06-13T11:32:52.333+0200] {logging_mixin.py:149} INFO - [2023-06-13T11:32:52.333+0200] {manager.py:504} INFO - Created Permission View: can delete on DAG:example_short_circuit_operator
[2023-06-13T11:32:52.339+0200] {logging_mixin.py:149} INFO - [2023-06-13T11:32:52.339+0200] {manager.py:504} INFO - Created Permission View: can read on DAG:example_short_circuit_operator
[2023-06-13T11:32:52.340+0200] {logging_mixin.py:149} INFO - [2023-06-13T11:32:52.339+0200] {dag.py:2726} INFO - Sync 1 DAGs
[2023-06-13T11:32:52.349+0200] {logging_mixin.py:149} INFO - [2023-06-13T11:32:52.348+0200] {dag.py:2747} INFO - Creating ORM DAG for example_short_circuit_operator
[2023-06-13T11:32:52.356+0200] {logging_mixin.py:149} INFO - [2023-06-13T11:32:52.356+0200] {dag.py:3486} INFO - Setting next_dagrun for example_short_circuit_operator to 2023-06-12T09:32:52.355918+00:00, run_after=2023-06-13T09:32:52.355918+00:00
[2023-06-13T11:32:52.377+0200] {processor.py:179} INFO - Processing /Users/simba/Documents/Converteo/cas_airflow1/env/lib/python3.11/site-packages/airflow/example_dags/example_short_circuit_operator.py took 0.939 seconds
[2023-06-13T11:35:08.823+0200] {processor.py:157} INFO - Started process (PID=69237) to work on /Users/simba/Documents/Converteo/cas_airflow1/env/lib/python3.11/site-packages/airflow/example_dags/example_short_circuit_operator.py
[2023-06-13T11:35:08.826+0200] {processor.py:826} INFO - Processing file /Users/simba/Documents/Converteo/cas_airflow1/env/lib/python3.11/site-packages/airflow/example_dags/example_short_circuit_operator.py for tasks to queue
[2023-06-13T11:35:08.826+0200] {logging_mixin.py:149} INFO - [2023-06-13T11:35:08.826+0200] {dagbag.py:541} INFO - Filling up the DagBag from /Users/simba/Documents/Converteo/cas_airflow1/env/lib/python3.11/site-packages/airflow/example_dags/example_short_circuit_operator.py
[2023-06-13T11:35:08.864+0200] {processor.py:836} INFO - DAG(s) dict_keys(['example_short_circuit_operator']) retrieved from /Users/simba/Documents/Converteo/cas_airflow1/env/lib/python3.11/site-packages/airflow/example_dags/example_short_circuit_operator.py
[2023-06-13T11:35:09.515+0200] {logging_mixin.py:149} INFO - [2023-06-13T11:35:09.515+0200] {dag.py:2726} INFO - Sync 1 DAGs
[2023-06-13T11:35:09.531+0200] {logging_mixin.py:149} INFO - [2023-06-13T11:35:09.531+0200] {dag.py:3486} INFO - Setting next_dagrun for example_short_circuit_operator to 2023-06-12T09:35:09.531210+00:00, run_after=2023-06-13T09:35:09.531210+00:00
[2023-06-13T11:35:09.550+0200] {processor.py:179} INFO - Processing /Users/simba/Documents/Converteo/cas_airflow1/env/lib/python3.11/site-packages/airflow/example_dags/example_short_circuit_operator.py took 0.727 seconds
[2023-06-13T11:36:56.025+0200] {processor.py:157} INFO - Started process (PID=69506) to work on /Users/simba/Documents/Converteo/cas_airflow1/env/lib/python3.11/site-packages/airflow/example_dags/example_short_circuit_operator.py
[2023-06-13T11:36:56.028+0200] {processor.py:826} INFO - Processing file /Users/simba/Documents/Converteo/cas_airflow1/env/lib/python3.11/site-packages/airflow/example_dags/example_short_circuit_operator.py for tasks to queue
[2023-06-13T11:36:56.028+0200] {logging_mixin.py:149} INFO - [2023-06-13T11:36:56.028+0200] {dagbag.py:541} INFO - Filling up the DagBag from /Users/simba/Documents/Converteo/cas_airflow1/env/lib/python3.11/site-packages/airflow/example_dags/example_short_circuit_operator.py
[2023-06-13T11:36:56.060+0200] {processor.py:836} INFO - DAG(s) dict_keys(['example_short_circuit_operator']) retrieved from /Users/simba/Documents/Converteo/cas_airflow1/env/lib/python3.11/site-packages/airflow/example_dags/example_short_circuit_operator.py
[2023-06-13T11:36:56.711+0200] {logging_mixin.py:149} INFO - [2023-06-13T11:36:56.711+0200] {dag.py:2726} INFO - Sync 1 DAGs
[2023-06-13T11:36:56.727+0200] {logging_mixin.py:149} INFO - [2023-06-13T11:36:56.726+0200] {dag.py:3486} INFO - Setting next_dagrun for example_short_circuit_operator to 2023-06-12T09:36:56.726741+00:00, run_after=2023-06-13T09:36:56.726741+00:00
[2023-06-13T11:36:56.746+0200] {processor.py:179} INFO - Processing /Users/simba/Documents/Converteo/cas_airflow1/env/lib/python3.11/site-packages/airflow/example_dags/example_short_circuit_operator.py took 0.722 seconds
[2023-06-13T11:38:39.295+0200] {processor.py:157} INFO - Started process (PID=69796) to work on /Users/simba/Documents/Converteo/cas_airflow1/env/lib/python3.11/site-packages/airflow/example_dags/example_short_circuit_operator.py
[2023-06-13T11:38:39.298+0200] {processor.py:826} INFO - Processing file /Users/simba/Documents/Converteo/cas_airflow1/env/lib/python3.11/site-packages/airflow/example_dags/example_short_circuit_operator.py for tasks to queue
[2023-06-13T11:38:39.299+0200] {logging_mixin.py:149} INFO - [2023-06-13T11:38:39.299+0200] {dagbag.py:541} INFO - Filling up the DagBag from /Users/simba/Documents/Converteo/cas_airflow1/env/lib/python3.11/site-packages/airflow/example_dags/example_short_circuit_operator.py
[2023-06-13T11:38:39.335+0200] {processor.py:836} INFO - DAG(s) dict_keys(['example_short_circuit_operator']) retrieved from /Users/simba/Documents/Converteo/cas_airflow1/env/lib/python3.11/site-packages/airflow/example_dags/example_short_circuit_operator.py
[2023-06-13T11:38:39.978+0200] {logging_mixin.py:149} INFO - [2023-06-13T11:38:39.978+0200] {dag.py:2726} INFO - Sync 1 DAGs
[2023-06-13T11:38:39.993+0200] {logging_mixin.py:149} INFO - [2023-06-13T11:38:39.993+0200] {dag.py:3486} INFO - Setting next_dagrun for example_short_circuit_operator to 2023-06-12T09:38:39.993120+00:00, run_after=2023-06-13T09:38:39.993120+00:00
[2023-06-13T11:38:40.010+0200] {processor.py:179} INFO - Processing /Users/simba/Documents/Converteo/cas_airflow1/env/lib/python3.11/site-packages/airflow/example_dags/example_short_circuit_operator.py took 0.716 seconds
[2023-06-13T11:40:20.491+0200] {processor.py:157} INFO - Started process (PID=70035) to work on /Users/simba/Documents/Converteo/cas_airflow1/env/lib/python3.11/site-packages/airflow/example_dags/example_short_circuit_operator.py
[2023-06-13T11:40:20.494+0200] {processor.py:826} INFO - Processing file /Users/simba/Documents/Converteo/cas_airflow1/env/lib/python3.11/site-packages/airflow/example_dags/example_short_circuit_operator.py for tasks to queue
[2023-06-13T11:40:20.494+0200] {logging_mixin.py:149} INFO - [2023-06-13T11:40:20.494+0200] {dagbag.py:541} INFO - Filling up the DagBag from /Users/simba/Documents/Converteo/cas_airflow1/env/lib/python3.11/site-packages/airflow/example_dags/example_short_circuit_operator.py
[2023-06-13T11:40:20.527+0200] {processor.py:836} INFO - DAG(s) dict_keys(['example_short_circuit_operator']) retrieved from /Users/simba/Documents/Converteo/cas_airflow1/env/lib/python3.11/site-packages/airflow/example_dags/example_short_circuit_operator.py
[2023-06-13T11:40:21.211+0200] {logging_mixin.py:149} INFO - [2023-06-13T11:40:21.211+0200] {dag.py:2726} INFO - Sync 1 DAGs
[2023-06-13T11:40:21.230+0200] {logging_mixin.py:149} INFO - [2023-06-13T11:40:21.230+0200] {dag.py:3486} INFO - Setting next_dagrun for example_short_circuit_operator to 2023-06-12T09:40:21.230510+00:00, run_after=2023-06-13T09:40:21.230510+00:00
[2023-06-13T11:40:21.249+0200] {processor.py:179} INFO - Processing /Users/simba/Documents/Converteo/cas_airflow1/env/lib/python3.11/site-packages/airflow/example_dags/example_short_circuit_operator.py took 0.759 seconds
[2023-06-13T11:45:51.256+0200] {processor.py:157} INFO - Started process (PID=71168) to work on /Users/simba/Documents/Converteo/cas_airflow1/env/lib/python3.11/site-packages/airflow/example_dags/example_short_circuit_operator.py
[2023-06-13T11:45:51.261+0200] {processor.py:826} INFO - Processing file /Users/simba/Documents/Converteo/cas_airflow1/env/lib/python3.11/site-packages/airflow/example_dags/example_short_circuit_operator.py for tasks to queue
[2023-06-13T11:45:51.261+0200] {logging_mixin.py:149} INFO - [2023-06-13T11:45:51.261+0200] {dagbag.py:541} INFO - Filling up the DagBag from /Users/simba/Documents/Converteo/cas_airflow1/env/lib/python3.11/site-packages/airflow/example_dags/example_short_circuit_operator.py
[2023-06-13T11:45:51.296+0200] {processor.py:836} INFO - DAG(s) dict_keys(['example_short_circuit_operator']) retrieved from /Users/simba/Documents/Converteo/cas_airflow1/env/lib/python3.11/site-packages/airflow/example_dags/example_short_circuit_operator.py
[2023-06-13T11:45:52.047+0200] {logging_mixin.py:149} INFO - [2023-06-13T11:45:52.047+0200] {dag.py:2726} INFO - Sync 1 DAGs
[2023-06-13T11:45:52.065+0200] {logging_mixin.py:149} INFO - [2023-06-13T11:45:52.065+0200] {dag.py:3486} INFO - Setting next_dagrun for example_short_circuit_operator to 2023-06-12T09:45:52.065329+00:00, run_after=2023-06-13T09:45:52.065329+00:00
[2023-06-13T11:45:52.087+0200] {processor.py:179} INFO - Processing /Users/simba/Documents/Converteo/cas_airflow1/env/lib/python3.11/site-packages/airflow/example_dags/example_short_circuit_operator.py took 0.831 seconds
[2023-06-13T11:48:19.715+0200] {processor.py:157} INFO - Started process (PID=71576) to work on /Users/simba/Documents/Converteo/cas_airflow1/env/lib/python3.11/site-packages/airflow/example_dags/example_short_circuit_operator.py
[2023-06-13T11:48:19.719+0200] {processor.py:826} INFO - Processing file /Users/simba/Documents/Converteo/cas_airflow1/env/lib/python3.11/site-packages/airflow/example_dags/example_short_circuit_operator.py for tasks to queue
[2023-06-13T11:48:19.719+0200] {logging_mixin.py:149} INFO - [2023-06-13T11:48:19.719+0200] {dagbag.py:541} INFO - Filling up the DagBag from /Users/simba/Documents/Converteo/cas_airflow1/env/lib/python3.11/site-packages/airflow/example_dags/example_short_circuit_operator.py
[2023-06-13T11:48:19.759+0200] {processor.py:836} INFO - DAG(s) dict_keys(['example_short_circuit_operator']) retrieved from /Users/simba/Documents/Converteo/cas_airflow1/env/lib/python3.11/site-packages/airflow/example_dags/example_short_circuit_operator.py
[2023-06-13T11:48:20.865+0200] {logging_mixin.py:149} INFO - [2023-06-13T11:48:20.864+0200] {dag.py:2726} INFO - Sync 1 DAGs
[2023-06-13T11:48:20.882+0200] {logging_mixin.py:149} INFO - [2023-06-13T11:48:20.881+0200] {dag.py:3486} INFO - Setting next_dagrun for example_short_circuit_operator to 2023-06-12T09:48:20.881604+00:00, run_after=2023-06-13T09:48:20.881604+00:00
[2023-06-13T11:48:20.902+0200] {processor.py:179} INFO - Processing /Users/simba/Documents/Converteo/cas_airflow1/env/lib/python3.11/site-packages/airflow/example_dags/example_short_circuit_operator.py took 1.188 seconds
