[2023-06-13T11:32:38.134+0200] {processor.py:157} INFO - Started process (PID=68864) to work on /Users/simba/Documents/Converteo/cas_airflow1/env/lib/python3.11/site-packages/airflow/example_dags/example_task_group.py
[2023-06-13T11:32:38.138+0200] {processor.py:826} INFO - Processing file /Users/simba/Documents/Converteo/cas_airflow1/env/lib/python3.11/site-packages/airflow/example_dags/example_task_group.py for tasks to queue
[2023-06-13T11:32:38.138+0200] {logging_mixin.py:149} INFO - [2023-06-13T11:32:38.138+0200] {dagbag.py:541} INFO - Filling up the DagBag from /Users/simba/Documents/Converteo/cas_airflow1/env/lib/python3.11/site-packages/airflow/example_dags/example_task_group.py
[2023-06-13T11:32:38.159+0200] {processor.py:836} INFO - DAG(s) dict_keys(['example_task_group']) retrieved from /Users/simba/Documents/Converteo/cas_airflow1/env/lib/python3.11/site-packages/airflow/example_dags/example_task_group.py
[2023-06-13T11:32:38.903+0200] {logging_mixin.py:149} INFO - [2023-06-13T11:32:38.903+0200] {manager.py:504} INFO - Created Permission View: can delete on DAG:example_task_group
[2023-06-13T11:32:38.910+0200] {logging_mixin.py:149} INFO - [2023-06-13T11:32:38.910+0200] {manager.py:504} INFO - Created Permission View: can read on DAG:example_task_group
[2023-06-13T11:32:38.915+0200] {logging_mixin.py:149} INFO - [2023-06-13T11:32:38.915+0200] {manager.py:504} INFO - Created Permission View: can edit on DAG:example_task_group
[2023-06-13T11:32:38.916+0200] {logging_mixin.py:149} INFO - [2023-06-13T11:32:38.915+0200] {dag.py:2726} INFO - Sync 1 DAGs
[2023-06-13T11:32:38.984+0200] {logging_mixin.py:149} INFO - [2023-06-13T11:32:38.984+0200] {dag.py:2747} INFO - Creating ORM DAG for example_task_group
[2023-06-13T11:32:38.992+0200] {logging_mixin.py:149} INFO - [2023-06-13T11:32:38.992+0200] {dag.py:3486} INFO - Setting next_dagrun for example_task_group to 2023-06-12T09:32:38.992384+00:00, run_after=2023-06-13T09:32:38.992384+00:00
[2023-06-13T11:32:39.010+0200] {processor.py:179} INFO - Processing /Users/simba/Documents/Converteo/cas_airflow1/env/lib/python3.11/site-packages/airflow/example_dags/example_task_group.py took 0.877 seconds
[2023-06-13T11:34:57.877+0200] {processor.py:157} INFO - Started process (PID=69206) to work on /Users/simba/Documents/Converteo/cas_airflow1/env/lib/python3.11/site-packages/airflow/example_dags/example_task_group.py
[2023-06-13T11:34:57.880+0200] {processor.py:826} INFO - Processing file /Users/simba/Documents/Converteo/cas_airflow1/env/lib/python3.11/site-packages/airflow/example_dags/example_task_group.py for tasks to queue
[2023-06-13T11:34:57.881+0200] {logging_mixin.py:149} INFO - [2023-06-13T11:34:57.881+0200] {dagbag.py:541} INFO - Filling up the DagBag from /Users/simba/Documents/Converteo/cas_airflow1/env/lib/python3.11/site-packages/airflow/example_dags/example_task_group.py
[2023-06-13T11:34:57.904+0200] {processor.py:836} INFO - DAG(s) dict_keys(['example_task_group']) retrieved from /Users/simba/Documents/Converteo/cas_airflow1/env/lib/python3.11/site-packages/airflow/example_dags/example_task_group.py
[2023-06-13T11:34:58.560+0200] {logging_mixin.py:149} INFO - [2023-06-13T11:34:58.560+0200] {dag.py:2726} INFO - Sync 1 DAGs
[2023-06-13T11:34:58.576+0200] {logging_mixin.py:149} INFO - [2023-06-13T11:34:58.576+0200] {dag.py:3486} INFO - Setting next_dagrun for example_task_group to 2023-06-12T09:34:58.576582+00:00, run_after=2023-06-13T09:34:58.576582+00:00
[2023-06-13T11:34:58.595+0200] {processor.py:179} INFO - Processing /Users/simba/Documents/Converteo/cas_airflow1/env/lib/python3.11/site-packages/airflow/example_dags/example_task_group.py took 0.719 seconds
[2023-06-13T11:36:43.925+0200] {processor.py:157} INFO - Started process (PID=69476) to work on /Users/simba/Documents/Converteo/cas_airflow1/env/lib/python3.11/site-packages/airflow/example_dags/example_task_group.py
[2023-06-13T11:36:43.928+0200] {processor.py:826} INFO - Processing file /Users/simba/Documents/Converteo/cas_airflow1/env/lib/python3.11/site-packages/airflow/example_dags/example_task_group.py for tasks to queue
[2023-06-13T11:36:43.929+0200] {logging_mixin.py:149} INFO - [2023-06-13T11:36:43.928+0200] {dagbag.py:541} INFO - Filling up the DagBag from /Users/simba/Documents/Converteo/cas_airflow1/env/lib/python3.11/site-packages/airflow/example_dags/example_task_group.py
[2023-06-13T11:36:43.948+0200] {processor.py:836} INFO - DAG(s) dict_keys(['example_task_group']) retrieved from /Users/simba/Documents/Converteo/cas_airflow1/env/lib/python3.11/site-packages/airflow/example_dags/example_task_group.py
[2023-06-13T11:36:44.642+0200] {logging_mixin.py:149} INFO - [2023-06-13T11:36:44.641+0200] {dag.py:2726} INFO - Sync 1 DAGs
[2023-06-13T11:36:44.661+0200] {logging_mixin.py:149} INFO - [2023-06-13T11:36:44.661+0200] {dag.py:3486} INFO - Setting next_dagrun for example_task_group to 2023-06-12T09:36:44.661627+00:00, run_after=2023-06-13T09:36:44.661627+00:00
[2023-06-13T11:36:44.679+0200] {processor.py:179} INFO - Processing /Users/simba/Documents/Converteo/cas_airflow1/env/lib/python3.11/site-packages/airflow/example_dags/example_task_group.py took 0.755 seconds
[2023-06-13T11:38:27.193+0200] {processor.py:157} INFO - Started process (PID=69756) to work on /Users/simba/Documents/Converteo/cas_airflow1/env/lib/python3.11/site-packages/airflow/example_dags/example_task_group.py
[2023-06-13T11:38:27.197+0200] {processor.py:826} INFO - Processing file /Users/simba/Documents/Converteo/cas_airflow1/env/lib/python3.11/site-packages/airflow/example_dags/example_task_group.py for tasks to queue
[2023-06-13T11:38:27.197+0200] {logging_mixin.py:149} INFO - [2023-06-13T11:38:27.197+0200] {dagbag.py:541} INFO - Filling up the DagBag from /Users/simba/Documents/Converteo/cas_airflow1/env/lib/python3.11/site-packages/airflow/example_dags/example_task_group.py
[2023-06-13T11:38:27.221+0200] {processor.py:836} INFO - DAG(s) dict_keys(['example_task_group']) retrieved from /Users/simba/Documents/Converteo/cas_airflow1/env/lib/python3.11/site-packages/airflow/example_dags/example_task_group.py
[2023-06-13T11:38:27.985+0200] {logging_mixin.py:149} INFO - [2023-06-13T11:38:27.985+0200] {dag.py:2726} INFO - Sync 1 DAGs
[2023-06-13T11:38:28.010+0200] {logging_mixin.py:149} INFO - [2023-06-13T11:38:28.010+0200] {dag.py:3486} INFO - Setting next_dagrun for example_task_group to 2023-06-12T09:38:28.010342+00:00, run_after=2023-06-13T09:38:28.010342+00:00
[2023-06-13T11:38:28.036+0200] {processor.py:179} INFO - Processing /Users/simba/Documents/Converteo/cas_airflow1/env/lib/python3.11/site-packages/airflow/example_dags/example_task_group.py took 0.844 seconds
[2023-06-13T11:40:09.332+0200] {processor.py:157} INFO - Started process (PID=70006) to work on /Users/simba/Documents/Converteo/cas_airflow1/env/lib/python3.11/site-packages/airflow/example_dags/example_task_group.py
[2023-06-13T11:40:09.336+0200] {processor.py:826} INFO - Processing file /Users/simba/Documents/Converteo/cas_airflow1/env/lib/python3.11/site-packages/airflow/example_dags/example_task_group.py for tasks to queue
[2023-06-13T11:40:09.336+0200] {logging_mixin.py:149} INFO - [2023-06-13T11:40:09.336+0200] {dagbag.py:541} INFO - Filling up the DagBag from /Users/simba/Documents/Converteo/cas_airflow1/env/lib/python3.11/site-packages/airflow/example_dags/example_task_group.py
[2023-06-13T11:40:09.355+0200] {processor.py:836} INFO - DAG(s) dict_keys(['example_task_group']) retrieved from /Users/simba/Documents/Converteo/cas_airflow1/env/lib/python3.11/site-packages/airflow/example_dags/example_task_group.py
[2023-06-13T11:40:10.045+0200] {logging_mixin.py:149} INFO - [2023-06-13T11:40:10.044+0200] {dag.py:2726} INFO - Sync 1 DAGs
[2023-06-13T11:40:10.060+0200] {logging_mixin.py:149} INFO - [2023-06-13T11:40:10.060+0200] {dag.py:3486} INFO - Setting next_dagrun for example_task_group to 2023-06-12T09:40:10.060532+00:00, run_after=2023-06-13T09:40:10.060532+00:00
[2023-06-13T11:40:10.080+0200] {processor.py:179} INFO - Processing /Users/simba/Documents/Converteo/cas_airflow1/env/lib/python3.11/site-packages/airflow/example_dags/example_task_group.py took 0.749 seconds
[2023-06-13T11:45:32.444+0200] {processor.py:157} INFO - Started process (PID=71108) to work on /Users/simba/Documents/Converteo/cas_airflow1/env/lib/python3.11/site-packages/airflow/example_dags/example_task_group.py
[2023-06-13T11:45:32.452+0200] {processor.py:826} INFO - Processing file /Users/simba/Documents/Converteo/cas_airflow1/env/lib/python3.11/site-packages/airflow/example_dags/example_task_group.py for tasks to queue
[2023-06-13T11:45:32.454+0200] {logging_mixin.py:149} INFO - [2023-06-13T11:45:32.454+0200] {dagbag.py:541} INFO - Filling up the DagBag from /Users/simba/Documents/Converteo/cas_airflow1/env/lib/python3.11/site-packages/airflow/example_dags/example_task_group.py
[2023-06-13T11:45:32.483+0200] {processor.py:836} INFO - DAG(s) dict_keys(['example_task_group']) retrieved from /Users/simba/Documents/Converteo/cas_airflow1/env/lib/python3.11/site-packages/airflow/example_dags/example_task_group.py
[2023-06-13T11:45:33.224+0200] {logging_mixin.py:149} INFO - [2023-06-13T11:45:33.223+0200] {dag.py:2726} INFO - Sync 1 DAGs
[2023-06-13T11:45:33.242+0200] {logging_mixin.py:149} INFO - [2023-06-13T11:45:33.242+0200] {dag.py:3486} INFO - Setting next_dagrun for example_task_group to 2023-06-12T09:45:33.242624+00:00, run_after=2023-06-13T09:45:33.242624+00:00
[2023-06-13T11:45:33.269+0200] {processor.py:179} INFO - Processing /Users/simba/Documents/Converteo/cas_airflow1/env/lib/python3.11/site-packages/airflow/example_dags/example_task_group.py took 0.833 seconds
[2023-06-13T11:48:06.524+0200] {processor.py:157} INFO - Started process (PID=71519) to work on /Users/simba/Documents/Converteo/cas_airflow1/env/lib/python3.11/site-packages/airflow/example_dags/example_task_group.py
[2023-06-13T11:48:06.528+0200] {processor.py:826} INFO - Processing file /Users/simba/Documents/Converteo/cas_airflow1/env/lib/python3.11/site-packages/airflow/example_dags/example_task_group.py for tasks to queue
[2023-06-13T11:48:06.528+0200] {logging_mixin.py:149} INFO - [2023-06-13T11:48:06.528+0200] {dagbag.py:541} INFO - Filling up the DagBag from /Users/simba/Documents/Converteo/cas_airflow1/env/lib/python3.11/site-packages/airflow/example_dags/example_task_group.py
[2023-06-13T11:48:06.549+0200] {processor.py:836} INFO - DAG(s) dict_keys(['example_task_group']) retrieved from /Users/simba/Documents/Converteo/cas_airflow1/env/lib/python3.11/site-packages/airflow/example_dags/example_task_group.py
[2023-06-13T11:48:07.345+0200] {logging_mixin.py:149} INFO - [2023-06-13T11:48:07.345+0200] {dag.py:2726} INFO - Sync 1 DAGs
[2023-06-13T11:48:07.365+0200] {logging_mixin.py:149} INFO - [2023-06-13T11:48:07.365+0200] {dag.py:3486} INFO - Setting next_dagrun for example_task_group to 2023-06-12T09:48:07.364919+00:00, run_after=2023-06-13T09:48:07.364919+00:00
[2023-06-13T11:48:07.384+0200] {processor.py:179} INFO - Processing /Users/simba/Documents/Converteo/cas_airflow1/env/lib/python3.11/site-packages/airflow/example_dags/example_task_group.py took 0.861 seconds
[2023-06-13T11:50:04.153+0200] {processor.py:157} INFO - Started process (PID=71862) to work on /Users/simba/Documents/Converteo/cas_airflow1/env/lib/python3.11/site-packages/airflow/example_dags/example_task_group.py
[2023-06-13T11:50:04.157+0200] {processor.py:826} INFO - Processing file /Users/simba/Documents/Converteo/cas_airflow1/env/lib/python3.11/site-packages/airflow/example_dags/example_task_group.py for tasks to queue
[2023-06-13T11:50:04.158+0200] {logging_mixin.py:149} INFO - [2023-06-13T11:50:04.158+0200] {dagbag.py:541} INFO - Filling up the DagBag from /Users/simba/Documents/Converteo/cas_airflow1/env/lib/python3.11/site-packages/airflow/example_dags/example_task_group.py
[2023-06-13T11:50:04.184+0200] {processor.py:836} INFO - DAG(s) dict_keys(['example_task_group']) retrieved from /Users/simba/Documents/Converteo/cas_airflow1/env/lib/python3.11/site-packages/airflow/example_dags/example_task_group.py
[2023-06-13T11:50:04.896+0200] {logging_mixin.py:149} INFO - [2023-06-13T11:50:04.896+0200] {dag.py:2726} INFO - Sync 1 DAGs
[2023-06-13T11:50:04.926+0200] {logging_mixin.py:149} INFO - [2023-06-13T11:50:04.925+0200] {dag.py:3486} INFO - Setting next_dagrun for example_task_group to 2023-06-12T09:50:04.925524+00:00, run_after=2023-06-13T09:50:04.925524+00:00
[2023-06-13T11:50:05.223+0200] {processor.py:179} INFO - Processing /Users/simba/Documents/Converteo/cas_airflow1/env/lib/python3.11/site-packages/airflow/example_dags/example_task_group.py took 1.071 seconds
