[2023-06-13T11:32:32.320+0200] {processor.py:157} INFO - Started process (PID=68852) to work on /Users/simba/Documents/Converteo/cas_airflow1/env/lib/python3.11/site-packages/airflow/example_dags/example_time_delta_sensor_async.py
[2023-06-13T11:32:32.323+0200] {processor.py:826} INFO - Processing file /Users/simba/Documents/Converteo/cas_airflow1/env/lib/python3.11/site-packages/airflow/example_dags/example_time_delta_sensor_async.py for tasks to queue
[2023-06-13T11:32:32.324+0200] {logging_mixin.py:149} INFO - [2023-06-13T11:32:32.324+0200] {dagbag.py:541} INFO - Filling up the DagBag from /Users/simba/Documents/Converteo/cas_airflow1/env/lib/python3.11/site-packages/airflow/example_dags/example_time_delta_sensor_async.py
[2023-06-13T11:32:32.342+0200] {processor.py:836} INFO - DAG(s) dict_keys(['example_time_delta_sensor_async']) retrieved from /Users/simba/Documents/Converteo/cas_airflow1/env/lib/python3.11/site-packages/airflow/example_dags/example_time_delta_sensor_async.py
[2023-06-13T11:32:33.122+0200] {logging_mixin.py:149} INFO - [2023-06-13T11:32:33.121+0200] {manager.py:504} INFO - Created Permission View: can edit on DAG:example_time_delta_sensor_async
[2023-06-13T11:32:33.130+0200] {logging_mixin.py:149} INFO - [2023-06-13T11:32:33.130+0200] {manager.py:504} INFO - Created Permission View: can read on DAG:example_time_delta_sensor_async
[2023-06-13T11:32:33.198+0200] {logging_mixin.py:149} INFO - [2023-06-13T11:32:33.198+0200] {manager.py:504} INFO - Created Permission View: can delete on DAG:example_time_delta_sensor_async
[2023-06-13T11:32:33.198+0200] {logging_mixin.py:149} INFO - [2023-06-13T11:32:33.198+0200] {dag.py:2726} INFO - Sync 1 DAGs
[2023-06-13T11:32:33.212+0200] {logging_mixin.py:149} INFO - [2023-06-13T11:32:33.211+0200] {dag.py:2747} INFO - Creating ORM DAG for example_time_delta_sensor_async
[2023-06-13T11:32:33.226+0200] {logging_mixin.py:149} INFO - [2023-06-13T11:32:33.226+0200] {dag.py:3486} INFO - Setting next_dagrun for example_time_delta_sensor_async to None, run_after=None
[2023-06-13T11:32:33.277+0200] {processor.py:179} INFO - Processing /Users/simba/Documents/Converteo/cas_airflow1/env/lib/python3.11/site-packages/airflow/example_dags/example_time_delta_sensor_async.py took 0.959 seconds
[2023-06-13T11:34:51.879+0200] {processor.py:157} INFO - Started process (PID=69193) to work on /Users/simba/Documents/Converteo/cas_airflow1/env/lib/python3.11/site-packages/airflow/example_dags/example_time_delta_sensor_async.py
[2023-06-13T11:34:51.882+0200] {processor.py:826} INFO - Processing file /Users/simba/Documents/Converteo/cas_airflow1/env/lib/python3.11/site-packages/airflow/example_dags/example_time_delta_sensor_async.py for tasks to queue
[2023-06-13T11:34:51.883+0200] {logging_mixin.py:149} INFO - [2023-06-13T11:34:51.882+0200] {dagbag.py:541} INFO - Filling up the DagBag from /Users/simba/Documents/Converteo/cas_airflow1/env/lib/python3.11/site-packages/airflow/example_dags/example_time_delta_sensor_async.py
[2023-06-13T11:34:51.900+0200] {processor.py:836} INFO - DAG(s) dict_keys(['example_time_delta_sensor_async']) retrieved from /Users/simba/Documents/Converteo/cas_airflow1/env/lib/python3.11/site-packages/airflow/example_dags/example_time_delta_sensor_async.py
[2023-06-13T11:34:52.542+0200] {logging_mixin.py:149} INFO - [2023-06-13T11:34:52.542+0200] {dag.py:2726} INFO - Sync 1 DAGs
[2023-06-13T11:34:52.558+0200] {logging_mixin.py:149} INFO - [2023-06-13T11:34:52.558+0200] {dag.py:3486} INFO - Setting next_dagrun for example_time_delta_sensor_async to None, run_after=None
[2023-06-13T11:34:52.577+0200] {processor.py:179} INFO - Processing /Users/simba/Documents/Converteo/cas_airflow1/env/lib/python3.11/site-packages/airflow/example_dags/example_time_delta_sensor_async.py took 0.698 seconds
[2023-06-13T11:36:39.608+0200] {processor.py:157} INFO - Started process (PID=69464) to work on /Users/simba/Documents/Converteo/cas_airflow1/env/lib/python3.11/site-packages/airflow/example_dags/example_time_delta_sensor_async.py
[2023-06-13T11:36:39.611+0200] {processor.py:826} INFO - Processing file /Users/simba/Documents/Converteo/cas_airflow1/env/lib/python3.11/site-packages/airflow/example_dags/example_time_delta_sensor_async.py for tasks to queue
[2023-06-13T11:36:39.611+0200] {logging_mixin.py:149} INFO - [2023-06-13T11:36:39.611+0200] {dagbag.py:541} INFO - Filling up the DagBag from /Users/simba/Documents/Converteo/cas_airflow1/env/lib/python3.11/site-packages/airflow/example_dags/example_time_delta_sensor_async.py
[2023-06-13T11:36:39.633+0200] {processor.py:836} INFO - DAG(s) dict_keys(['example_time_delta_sensor_async']) retrieved from /Users/simba/Documents/Converteo/cas_airflow1/env/lib/python3.11/site-packages/airflow/example_dags/example_time_delta_sensor_async.py
[2023-06-13T11:36:40.313+0200] {logging_mixin.py:149} INFO - [2023-06-13T11:36:40.313+0200] {dag.py:2726} INFO - Sync 1 DAGs
[2023-06-13T11:36:40.331+0200] {logging_mixin.py:149} INFO - [2023-06-13T11:36:40.331+0200] {dag.py:3486} INFO - Setting next_dagrun for example_time_delta_sensor_async to None, run_after=None
[2023-06-13T11:36:40.348+0200] {processor.py:179} INFO - Processing /Users/simba/Documents/Converteo/cas_airflow1/env/lib/python3.11/site-packages/airflow/example_dags/example_time_delta_sensor_async.py took 0.741 seconds
[2023-06-13T11:38:20.310+0200] {processor.py:157} INFO - Started process (PID=69722) to work on /Users/simba/Documents/Converteo/cas_airflow1/env/lib/python3.11/site-packages/airflow/example_dags/example_time_delta_sensor_async.py
[2023-06-13T11:38:20.313+0200] {processor.py:826} INFO - Processing file /Users/simba/Documents/Converteo/cas_airflow1/env/lib/python3.11/site-packages/airflow/example_dags/example_time_delta_sensor_async.py for tasks to queue
[2023-06-13T11:38:20.314+0200] {logging_mixin.py:149} INFO - [2023-06-13T11:38:20.314+0200] {dagbag.py:541} INFO - Filling up the DagBag from /Users/simba/Documents/Converteo/cas_airflow1/env/lib/python3.11/site-packages/airflow/example_dags/example_time_delta_sensor_async.py
[2023-06-13T11:38:20.332+0200] {processor.py:836} INFO - DAG(s) dict_keys(['example_time_delta_sensor_async']) retrieved from /Users/simba/Documents/Converteo/cas_airflow1/env/lib/python3.11/site-packages/airflow/example_dags/example_time_delta_sensor_async.py
[2023-06-13T11:38:21.054+0200] {logging_mixin.py:149} INFO - [2023-06-13T11:38:21.054+0200] {dag.py:2726} INFO - Sync 1 DAGs
[2023-06-13T11:38:21.075+0200] {logging_mixin.py:149} INFO - [2023-06-13T11:38:21.075+0200] {dag.py:3486} INFO - Setting next_dagrun for example_time_delta_sensor_async to None, run_after=None
[2023-06-13T11:38:21.096+0200] {processor.py:179} INFO - Processing /Users/simba/Documents/Converteo/cas_airflow1/env/lib/python3.11/site-packages/airflow/example_dags/example_time_delta_sensor_async.py took 0.787 seconds
[2023-06-13T11:40:03.407+0200] {processor.py:157} INFO - Started process (PID=69991) to work on /Users/simba/Documents/Converteo/cas_airflow1/env/lib/python3.11/site-packages/airflow/example_dags/example_time_delta_sensor_async.py
[2023-06-13T11:40:03.411+0200] {processor.py:826} INFO - Processing file /Users/simba/Documents/Converteo/cas_airflow1/env/lib/python3.11/site-packages/airflow/example_dags/example_time_delta_sensor_async.py for tasks to queue
[2023-06-13T11:40:03.411+0200] {logging_mixin.py:149} INFO - [2023-06-13T11:40:03.411+0200] {dagbag.py:541} INFO - Filling up the DagBag from /Users/simba/Documents/Converteo/cas_airflow1/env/lib/python3.11/site-packages/airflow/example_dags/example_time_delta_sensor_async.py
[2023-06-13T11:40:03.429+0200] {processor.py:836} INFO - DAG(s) dict_keys(['example_time_delta_sensor_async']) retrieved from /Users/simba/Documents/Converteo/cas_airflow1/env/lib/python3.11/site-packages/airflow/example_dags/example_time_delta_sensor_async.py
[2023-06-13T11:40:04.116+0200] {logging_mixin.py:149} INFO - [2023-06-13T11:40:04.115+0200] {dag.py:2726} INFO - Sync 1 DAGs
[2023-06-13T11:40:04.132+0200] {logging_mixin.py:149} INFO - [2023-06-13T11:40:04.131+0200] {dag.py:3486} INFO - Setting next_dagrun for example_time_delta_sensor_async to None, run_after=None
[2023-06-13T11:40:04.150+0200] {processor.py:179} INFO - Processing /Users/simba/Documents/Converteo/cas_airflow1/env/lib/python3.11/site-packages/airflow/example_dags/example_time_delta_sensor_async.py took 0.744 seconds
[2023-06-13T11:45:21.746+0200] {processor.py:157} INFO - Started process (PID=71078) to work on /Users/simba/Documents/Converteo/cas_airflow1/env/lib/python3.11/site-packages/airflow/example_dags/example_time_delta_sensor_async.py
[2023-06-13T11:45:21.751+0200] {processor.py:826} INFO - Processing file /Users/simba/Documents/Converteo/cas_airflow1/env/lib/python3.11/site-packages/airflow/example_dags/example_time_delta_sensor_async.py for tasks to queue
[2023-06-13T11:45:21.751+0200] {logging_mixin.py:149} INFO - [2023-06-13T11:45:21.751+0200] {dagbag.py:541} INFO - Filling up the DagBag from /Users/simba/Documents/Converteo/cas_airflow1/env/lib/python3.11/site-packages/airflow/example_dags/example_time_delta_sensor_async.py
[2023-06-13T11:45:21.770+0200] {processor.py:836} INFO - DAG(s) dict_keys(['example_time_delta_sensor_async']) retrieved from /Users/simba/Documents/Converteo/cas_airflow1/env/lib/python3.11/site-packages/airflow/example_dags/example_time_delta_sensor_async.py
[2023-06-13T11:45:22.518+0200] {logging_mixin.py:149} INFO - [2023-06-13T11:45:22.518+0200] {dag.py:2726} INFO - Sync 1 DAGs
[2023-06-13T11:45:22.537+0200] {logging_mixin.py:149} INFO - [2023-06-13T11:45:22.537+0200] {dag.py:3486} INFO - Setting next_dagrun for example_time_delta_sensor_async to None, run_after=None
[2023-06-13T11:45:22.559+0200] {processor.py:179} INFO - Processing /Users/simba/Documents/Converteo/cas_airflow1/env/lib/python3.11/site-packages/airflow/example_dags/example_time_delta_sensor_async.py took 0.814 seconds
[2023-06-13T11:47:59.421+0200] {processor.py:157} INFO - Started process (PID=71492) to work on /Users/simba/Documents/Converteo/cas_airflow1/env/lib/python3.11/site-packages/airflow/example_dags/example_time_delta_sensor_async.py
[2023-06-13T11:47:59.425+0200] {processor.py:826} INFO - Processing file /Users/simba/Documents/Converteo/cas_airflow1/env/lib/python3.11/site-packages/airflow/example_dags/example_time_delta_sensor_async.py for tasks to queue
[2023-06-13T11:47:59.426+0200] {logging_mixin.py:149} INFO - [2023-06-13T11:47:59.426+0200] {dagbag.py:541} INFO - Filling up the DagBag from /Users/simba/Documents/Converteo/cas_airflow1/env/lib/python3.11/site-packages/airflow/example_dags/example_time_delta_sensor_async.py
[2023-06-13T11:47:59.457+0200] {processor.py:836} INFO - DAG(s) dict_keys(['example_time_delta_sensor_async']) retrieved from /Users/simba/Documents/Converteo/cas_airflow1/env/lib/python3.11/site-packages/airflow/example_dags/example_time_delta_sensor_async.py
[2023-06-13T11:48:00.779+0200] {logging_mixin.py:149} INFO - [2023-06-13T11:48:00.779+0200] {dag.py:2726} INFO - Sync 1 DAGs
[2023-06-13T11:48:00.804+0200] {logging_mixin.py:149} INFO - [2023-06-13T11:48:00.803+0200] {dag.py:3486} INFO - Setting next_dagrun for example_time_delta_sensor_async to None, run_after=None
[2023-06-13T11:48:00.829+0200] {processor.py:179} INFO - Processing /Users/simba/Documents/Converteo/cas_airflow1/env/lib/python3.11/site-packages/airflow/example_dags/example_time_delta_sensor_async.py took 1.410 seconds
[2023-06-13T11:49:57.688+0200] {processor.py:157} INFO - Started process (PID=71850) to work on /Users/simba/Documents/Converteo/cas_airflow1/env/lib/python3.11/site-packages/airflow/example_dags/example_time_delta_sensor_async.py
[2023-06-13T11:49:57.692+0200] {processor.py:826} INFO - Processing file /Users/simba/Documents/Converteo/cas_airflow1/env/lib/python3.11/site-packages/airflow/example_dags/example_time_delta_sensor_async.py for tasks to queue
[2023-06-13T11:49:57.693+0200] {logging_mixin.py:149} INFO - [2023-06-13T11:49:57.692+0200] {dagbag.py:541} INFO - Filling up the DagBag from /Users/simba/Documents/Converteo/cas_airflow1/env/lib/python3.11/site-packages/airflow/example_dags/example_time_delta_sensor_async.py
[2023-06-13T11:49:57.711+0200] {processor.py:836} INFO - DAG(s) dict_keys(['example_time_delta_sensor_async']) retrieved from /Users/simba/Documents/Converteo/cas_airflow1/env/lib/python3.11/site-packages/airflow/example_dags/example_time_delta_sensor_async.py
[2023-06-13T11:49:58.373+0200] {logging_mixin.py:149} INFO - [2023-06-13T11:49:58.372+0200] {dag.py:2726} INFO - Sync 1 DAGs
[2023-06-13T11:49:58.389+0200] {logging_mixin.py:149} INFO - [2023-06-13T11:49:58.388+0200] {dag.py:3486} INFO - Setting next_dagrun for example_time_delta_sensor_async to None, run_after=None
[2023-06-13T11:49:58.408+0200] {processor.py:179} INFO - Processing /Users/simba/Documents/Converteo/cas_airflow1/env/lib/python3.11/site-packages/airflow/example_dags/example_time_delta_sensor_async.py took 0.721 seconds
