[2023-06-13T11:32:41.402+0200] {processor.py:157} INFO - Started process (PID=68875) to work on /Users/simba/Documents/Converteo/cas_airflow1/env/lib/python3.11/site-packages/airflow/example_dags/example_subdag_operator.py
[2023-06-13T11:32:41.405+0200] {processor.py:826} INFO - Processing file /Users/simba/Documents/Converteo/cas_airflow1/env/lib/python3.11/site-packages/airflow/example_dags/example_subdag_operator.py for tasks to queue
[2023-06-13T11:32:41.406+0200] {logging_mixin.py:149} INFO - [2023-06-13T11:32:41.406+0200] {dagbag.py:541} INFO - Filling up the DagBag from /Users/simba/Documents/Converteo/cas_airflow1/env/lib/python3.11/site-packages/airflow/example_dags/example_subdag_operator.py
[2023-06-13T11:32:42.091+0200] {processor.py:836} INFO - DAG(s) dict_keys(['example_subdag_operator.section-1', 'example_subdag_operator.section-2', 'example_subdag_operator']) retrieved from /Users/simba/Documents/Converteo/cas_airflow1/env/lib/python3.11/site-packages/airflow/example_dags/example_subdag_operator.py
[2023-06-13T11:32:42.194+0200] {logging_mixin.py:149} INFO - [2023-06-13T11:32:42.194+0200] {manager.py:504} INFO - Created Permission View: can delete on DAG:example_subdag_operator
[2023-06-13T11:32:42.265+0200] {logging_mixin.py:149} INFO - [2023-06-13T11:32:42.265+0200] {manager.py:504} INFO - Created Permission View: can edit on DAG:example_subdag_operator
[2023-06-13T11:32:42.271+0200] {logging_mixin.py:149} INFO - [2023-06-13T11:32:42.271+0200] {manager.py:504} INFO - Created Permission View: can read on DAG:example_subdag_operator
[2023-06-13T11:32:42.271+0200] {logging_mixin.py:149} INFO - [2023-06-13T11:32:42.271+0200] {dag.py:2726} INFO - Sync 3 DAGs
[2023-06-13T11:32:42.281+0200] {logging_mixin.py:149} INFO - [2023-06-13T11:32:42.280+0200] {dag.py:2747} INFO - Creating ORM DAG for example_subdag_operator.section-1
[2023-06-13T11:32:42.282+0200] {logging_mixin.py:149} INFO - [2023-06-13T11:32:42.281+0200] {dag.py:2747} INFO - Creating ORM DAG for example_subdag_operator.section-2
[2023-06-13T11:32:42.282+0200] {logging_mixin.py:149} INFO - [2023-06-13T11:32:42.282+0200] {dag.py:2747} INFO - Creating ORM DAG for example_subdag_operator
[2023-06-13T11:32:42.289+0200] {logging_mixin.py:149} INFO - [2023-06-13T11:32:42.289+0200] {dag.py:3486} INFO - Setting next_dagrun for example_subdag_operator to 2022-01-01T00:00:00+00:00, run_after=2022-01-01T00:00:00+00:00
[2023-06-13T11:32:42.290+0200] {logging_mixin.py:149} INFO - [2023-06-13T11:32:42.290+0200] {dag.py:3486} INFO - Setting next_dagrun for example_subdag_operator.section-1 to None, run_after=None
[2023-06-13T11:32:42.290+0200] {logging_mixin.py:149} INFO - [2023-06-13T11:32:42.290+0200] {dag.py:3486} INFO - Setting next_dagrun for example_subdag_operator.section-2 to None, run_after=None
[2023-06-13T11:32:42.296+0200] {logging_mixin.py:149} INFO - [2023-06-13T11:32:42.296+0200] {dag.py:2726} INFO - Sync 2 DAGs
[2023-06-13T11:32:42.302+0200] {logging_mixin.py:149} INFO - [2023-06-13T11:32:42.302+0200] {dag.py:3486} INFO - Setting next_dagrun for example_subdag_operator.section-1 to None, run_after=None
[2023-06-13T11:32:42.305+0200] {logging_mixin.py:149} INFO - [2023-06-13T11:32:42.304+0200] {dag.py:3486} INFO - Setting next_dagrun for example_subdag_operator.section-2 to None, run_after=None
[2023-06-13T11:32:42.318+0200] {processor.py:179} INFO - Processing /Users/simba/Documents/Converteo/cas_airflow1/env/lib/python3.11/site-packages/airflow/example_dags/example_subdag_operator.py took 0.917 seconds
[2023-06-13T11:35:00.866+0200] {processor.py:157} INFO - Started process (PID=69215) to work on /Users/simba/Documents/Converteo/cas_airflow1/env/lib/python3.11/site-packages/airflow/example_dags/example_subdag_operator.py
[2023-06-13T11:35:00.869+0200] {processor.py:826} INFO - Processing file /Users/simba/Documents/Converteo/cas_airflow1/env/lib/python3.11/site-packages/airflow/example_dags/example_subdag_operator.py for tasks to queue
[2023-06-13T11:35:00.870+0200] {logging_mixin.py:149} INFO - [2023-06-13T11:35:00.870+0200] {dagbag.py:541} INFO - Filling up the DagBag from /Users/simba/Documents/Converteo/cas_airflow1/env/lib/python3.11/site-packages/airflow/example_dags/example_subdag_operator.py
[2023-06-13T11:35:01.534+0200] {processor.py:836} INFO - DAG(s) dict_keys(['example_subdag_operator.section-1', 'example_subdag_operator.section-2', 'example_subdag_operator']) retrieved from /Users/simba/Documents/Converteo/cas_airflow1/env/lib/python3.11/site-packages/airflow/example_dags/example_subdag_operator.py
[2023-06-13T11:35:01.567+0200] {logging_mixin.py:149} INFO - [2023-06-13T11:35:01.566+0200] {dag.py:2726} INFO - Sync 3 DAGs
[2023-06-13T11:35:01.585+0200] {logging_mixin.py:149} INFO - [2023-06-13T11:35:01.584+0200] {dag.py:3486} INFO - Setting next_dagrun for example_subdag_operator to 2022-01-01T00:00:00+00:00, run_after=2022-01-01T00:00:00+00:00
[2023-06-13T11:35:01.587+0200] {logging_mixin.py:149} INFO - [2023-06-13T11:35:01.587+0200] {dag.py:3486} INFO - Setting next_dagrun for example_subdag_operator.section-1 to None, run_after=None
[2023-06-13T11:35:01.588+0200] {logging_mixin.py:149} INFO - [2023-06-13T11:35:01.588+0200] {dag.py:3486} INFO - Setting next_dagrun for example_subdag_operator.section-2 to None, run_after=None
[2023-06-13T11:35:01.593+0200] {logging_mixin.py:149} INFO - [2023-06-13T11:35:01.593+0200] {dag.py:2726} INFO - Sync 2 DAGs
[2023-06-13T11:35:01.597+0200] {logging_mixin.py:149} INFO - [2023-06-13T11:35:01.597+0200] {dag.py:3486} INFO - Setting next_dagrun for example_subdag_operator.section-1 to None, run_after=None
[2023-06-13T11:35:01.597+0200] {logging_mixin.py:149} INFO - [2023-06-13T11:35:01.597+0200] {dag.py:3486} INFO - Setting next_dagrun for example_subdag_operator.section-2 to None, run_after=None
[2023-06-13T11:35:01.611+0200] {processor.py:179} INFO - Processing /Users/simba/Documents/Converteo/cas_airflow1/env/lib/python3.11/site-packages/airflow/example_dags/example_subdag_operator.py took 0.746 seconds
[2023-06-13T11:36:46.977+0200] {processor.py:157} INFO - Started process (PID=69484) to work on /Users/simba/Documents/Converteo/cas_airflow1/env/lib/python3.11/site-packages/airflow/example_dags/example_subdag_operator.py
[2023-06-13T11:36:46.980+0200] {processor.py:826} INFO - Processing file /Users/simba/Documents/Converteo/cas_airflow1/env/lib/python3.11/site-packages/airflow/example_dags/example_subdag_operator.py for tasks to queue
[2023-06-13T11:36:46.981+0200] {logging_mixin.py:149} INFO - [2023-06-13T11:36:46.981+0200] {dagbag.py:541} INFO - Filling up the DagBag from /Users/simba/Documents/Converteo/cas_airflow1/env/lib/python3.11/site-packages/airflow/example_dags/example_subdag_operator.py
[2023-06-13T11:36:47.638+0200] {processor.py:836} INFO - DAG(s) dict_keys(['example_subdag_operator.section-1', 'example_subdag_operator.section-2', 'example_subdag_operator']) retrieved from /Users/simba/Documents/Converteo/cas_airflow1/env/lib/python3.11/site-packages/airflow/example_dags/example_subdag_operator.py
[2023-06-13T11:36:47.672+0200] {logging_mixin.py:149} INFO - [2023-06-13T11:36:47.671+0200] {dag.py:2726} INFO - Sync 3 DAGs
[2023-06-13T11:36:47.696+0200] {logging_mixin.py:149} INFO - [2023-06-13T11:36:47.696+0200] {dag.py:3486} INFO - Setting next_dagrun for example_subdag_operator to 2022-01-01T00:00:00+00:00, run_after=2022-01-01T00:00:00+00:00
[2023-06-13T11:36:47.703+0200] {logging_mixin.py:149} INFO - [2023-06-13T11:36:47.702+0200] {dag.py:3486} INFO - Setting next_dagrun for example_subdag_operator.section-1 to None, run_after=None
[2023-06-13T11:36:47.704+0200] {logging_mixin.py:149} INFO - [2023-06-13T11:36:47.704+0200] {dag.py:3486} INFO - Setting next_dagrun for example_subdag_operator.section-2 to None, run_after=None
[2023-06-13T11:36:47.710+0200] {logging_mixin.py:149} INFO - [2023-06-13T11:36:47.710+0200] {dag.py:2726} INFO - Sync 2 DAGs
[2023-06-13T11:36:47.716+0200] {logging_mixin.py:149} INFO - [2023-06-13T11:36:47.716+0200] {dag.py:3486} INFO - Setting next_dagrun for example_subdag_operator.section-1 to None, run_after=None
[2023-06-13T11:36:47.717+0200] {logging_mixin.py:149} INFO - [2023-06-13T11:36:47.717+0200] {dag.py:3486} INFO - Setting next_dagrun for example_subdag_operator.section-2 to None, run_after=None
[2023-06-13T11:36:47.762+0200] {processor.py:179} INFO - Processing /Users/simba/Documents/Converteo/cas_airflow1/env/lib/python3.11/site-packages/airflow/example_dags/example_subdag_operator.py took 0.785 seconds
[2023-06-13T11:38:30.407+0200] {processor.py:157} INFO - Started process (PID=69767) to work on /Users/simba/Documents/Converteo/cas_airflow1/env/lib/python3.11/site-packages/airflow/example_dags/example_subdag_operator.py
[2023-06-13T11:38:30.411+0200] {processor.py:826} INFO - Processing file /Users/simba/Documents/Converteo/cas_airflow1/env/lib/python3.11/site-packages/airflow/example_dags/example_subdag_operator.py for tasks to queue
[2023-06-13T11:38:30.411+0200] {logging_mixin.py:149} INFO - [2023-06-13T11:38:30.411+0200] {dagbag.py:541} INFO - Filling up the DagBag from /Users/simba/Documents/Converteo/cas_airflow1/env/lib/python3.11/site-packages/airflow/example_dags/example_subdag_operator.py
[2023-06-13T11:38:31.099+0200] {processor.py:836} INFO - DAG(s) dict_keys(['example_subdag_operator.section-1', 'example_subdag_operator.section-2', 'example_subdag_operator']) retrieved from /Users/simba/Documents/Converteo/cas_airflow1/env/lib/python3.11/site-packages/airflow/example_dags/example_subdag_operator.py
[2023-06-13T11:38:31.128+0200] {logging_mixin.py:149} INFO - [2023-06-13T11:38:31.128+0200] {dag.py:2726} INFO - Sync 3 DAGs
[2023-06-13T11:38:31.145+0200] {logging_mixin.py:149} INFO - [2023-06-13T11:38:31.145+0200] {dag.py:3486} INFO - Setting next_dagrun for example_subdag_operator to 2022-01-01T00:00:00+00:00, run_after=2022-01-01T00:00:00+00:00
[2023-06-13T11:38:31.148+0200] {logging_mixin.py:149} INFO - [2023-06-13T11:38:31.147+0200] {dag.py:3486} INFO - Setting next_dagrun for example_subdag_operator.section-1 to None, run_after=None
[2023-06-13T11:38:31.148+0200] {logging_mixin.py:149} INFO - [2023-06-13T11:38:31.148+0200] {dag.py:3486} INFO - Setting next_dagrun for example_subdag_operator.section-2 to None, run_after=None
[2023-06-13T11:38:31.154+0200] {logging_mixin.py:149} INFO - [2023-06-13T11:38:31.154+0200] {dag.py:2726} INFO - Sync 2 DAGs
[2023-06-13T11:38:31.157+0200] {logging_mixin.py:149} INFO - [2023-06-13T11:38:31.157+0200] {dag.py:3486} INFO - Setting next_dagrun for example_subdag_operator.section-1 to None, run_after=None
[2023-06-13T11:38:31.157+0200] {logging_mixin.py:149} INFO - [2023-06-13T11:38:31.157+0200] {dag.py:3486} INFO - Setting next_dagrun for example_subdag_operator.section-2 to None, run_after=None
[2023-06-13T11:38:31.170+0200] {processor.py:179} INFO - Processing /Users/simba/Documents/Converteo/cas_airflow1/env/lib/python3.11/site-packages/airflow/example_dags/example_subdag_operator.py took 0.763 seconds
[2023-06-13T11:40:12.315+0200] {processor.py:157} INFO - Started process (PID=70013) to work on /Users/simba/Documents/Converteo/cas_airflow1/env/lib/python3.11/site-packages/airflow/example_dags/example_subdag_operator.py
[2023-06-13T11:40:12.318+0200] {processor.py:826} INFO - Processing file /Users/simba/Documents/Converteo/cas_airflow1/env/lib/python3.11/site-packages/airflow/example_dags/example_subdag_operator.py for tasks to queue
[2023-06-13T11:40:12.319+0200] {logging_mixin.py:149} INFO - [2023-06-13T11:40:12.319+0200] {dagbag.py:541} INFO - Filling up the DagBag from /Users/simba/Documents/Converteo/cas_airflow1/env/lib/python3.11/site-packages/airflow/example_dags/example_subdag_operator.py
[2023-06-13T11:40:13.000+0200] {processor.py:836} INFO - DAG(s) dict_keys(['example_subdag_operator.section-1', 'example_subdag_operator.section-2', 'example_subdag_operator']) retrieved from /Users/simba/Documents/Converteo/cas_airflow1/env/lib/python3.11/site-packages/airflow/example_dags/example_subdag_operator.py
[2023-06-13T11:40:13.030+0200] {logging_mixin.py:149} INFO - [2023-06-13T11:40:13.029+0200] {dag.py:2726} INFO - Sync 3 DAGs
[2023-06-13T11:40:13.047+0200] {logging_mixin.py:149} INFO - [2023-06-13T11:40:13.047+0200] {dag.py:3486} INFO - Setting next_dagrun for example_subdag_operator to 2022-01-01T00:00:00+00:00, run_after=2022-01-01T00:00:00+00:00
[2023-06-13T11:40:13.050+0200] {logging_mixin.py:149} INFO - [2023-06-13T11:40:13.050+0200] {dag.py:3486} INFO - Setting next_dagrun for example_subdag_operator.section-1 to None, run_after=None
[2023-06-13T11:40:13.051+0200] {logging_mixin.py:149} INFO - [2023-06-13T11:40:13.051+0200] {dag.py:3486} INFO - Setting next_dagrun for example_subdag_operator.section-2 to None, run_after=None
[2023-06-13T11:40:13.056+0200] {logging_mixin.py:149} INFO - [2023-06-13T11:40:13.056+0200] {dag.py:2726} INFO - Sync 2 DAGs
[2023-06-13T11:40:13.059+0200] {logging_mixin.py:149} INFO - [2023-06-13T11:40:13.059+0200] {dag.py:3486} INFO - Setting next_dagrun for example_subdag_operator.section-1 to None, run_after=None
[2023-06-13T11:40:13.060+0200] {logging_mixin.py:149} INFO - [2023-06-13T11:40:13.060+0200] {dag.py:3486} INFO - Setting next_dagrun for example_subdag_operator.section-2 to None, run_after=None
[2023-06-13T11:40:13.074+0200] {processor.py:179} INFO - Processing /Users/simba/Documents/Converteo/cas_airflow1/env/lib/python3.11/site-packages/airflow/example_dags/example_subdag_operator.py took 0.760 seconds
[2023-06-13T11:45:38.154+0200] {processor.py:157} INFO - Started process (PID=71123) to work on /Users/simba/Documents/Converteo/cas_airflow1/env/lib/python3.11/site-packages/airflow/example_dags/example_subdag_operator.py
[2023-06-13T11:45:38.158+0200] {processor.py:826} INFO - Processing file /Users/simba/Documents/Converteo/cas_airflow1/env/lib/python3.11/site-packages/airflow/example_dags/example_subdag_operator.py for tasks to queue
[2023-06-13T11:45:38.159+0200] {logging_mixin.py:149} INFO - [2023-06-13T11:45:38.159+0200] {dagbag.py:541} INFO - Filling up the DagBag from /Users/simba/Documents/Converteo/cas_airflow1/env/lib/python3.11/site-packages/airflow/example_dags/example_subdag_operator.py
[2023-06-13T11:45:38.990+0200] {processor.py:836} INFO - DAG(s) dict_keys(['example_subdag_operator.section-1', 'example_subdag_operator.section-2', 'example_subdag_operator']) retrieved from /Users/simba/Documents/Converteo/cas_airflow1/env/lib/python3.11/site-packages/airflow/example_dags/example_subdag_operator.py
[2023-06-13T11:45:39.019+0200] {logging_mixin.py:149} INFO - [2023-06-13T11:45:39.019+0200] {dag.py:2726} INFO - Sync 3 DAGs
[2023-06-13T11:45:39.046+0200] {logging_mixin.py:149} INFO - [2023-06-13T11:45:39.046+0200] {dag.py:3486} INFO - Setting next_dagrun for example_subdag_operator to 2022-01-01T00:00:00+00:00, run_after=2022-01-01T00:00:00+00:00
[2023-06-13T11:45:39.050+0200] {logging_mixin.py:149} INFO - [2023-06-13T11:45:39.049+0200] {dag.py:3486} INFO - Setting next_dagrun for example_subdag_operator.section-1 to None, run_after=None
[2023-06-13T11:45:39.052+0200] {logging_mixin.py:149} INFO - [2023-06-13T11:45:39.052+0200] {dag.py:3486} INFO - Setting next_dagrun for example_subdag_operator.section-2 to None, run_after=None
[2023-06-13T11:45:39.057+0200] {logging_mixin.py:149} INFO - [2023-06-13T11:45:39.057+0200] {dag.py:2726} INFO - Sync 2 DAGs
[2023-06-13T11:45:39.060+0200] {logging_mixin.py:149} INFO - [2023-06-13T11:45:39.060+0200] {dag.py:3486} INFO - Setting next_dagrun for example_subdag_operator.section-1 to None, run_after=None
[2023-06-13T11:45:39.061+0200] {logging_mixin.py:149} INFO - [2023-06-13T11:45:39.060+0200] {dag.py:3486} INFO - Setting next_dagrun for example_subdag_operator.section-2 to None, run_after=None
[2023-06-13T11:45:39.077+0200] {processor.py:179} INFO - Processing /Users/simba/Documents/Converteo/cas_airflow1/env/lib/python3.11/site-packages/airflow/example_dags/example_subdag_operator.py took 0.924 seconds
[2023-06-13T11:48:10.227+0200] {processor.py:157} INFO - Started process (PID=71530) to work on /Users/simba/Documents/Converteo/cas_airflow1/env/lib/python3.11/site-packages/airflow/example_dags/example_subdag_operator.py
[2023-06-13T11:48:10.233+0200] {processor.py:826} INFO - Processing file /Users/simba/Documents/Converteo/cas_airflow1/env/lib/python3.11/site-packages/airflow/example_dags/example_subdag_operator.py for tasks to queue
[2023-06-13T11:48:10.234+0200] {logging_mixin.py:149} INFO - [2023-06-13T11:48:10.234+0200] {dagbag.py:541} INFO - Filling up the DagBag from /Users/simba/Documents/Converteo/cas_airflow1/env/lib/python3.11/site-packages/airflow/example_dags/example_subdag_operator.py
[2023-06-13T11:48:10.997+0200] {processor.py:836} INFO - DAG(s) dict_keys(['example_subdag_operator.section-1', 'example_subdag_operator.section-2', 'example_subdag_operator']) retrieved from /Users/simba/Documents/Converteo/cas_airflow1/env/lib/python3.11/site-packages/airflow/example_dags/example_subdag_operator.py
[2023-06-13T11:48:11.026+0200] {logging_mixin.py:149} INFO - [2023-06-13T11:48:11.026+0200] {dag.py:2726} INFO - Sync 3 DAGs
[2023-06-13T11:48:11.042+0200] {logging_mixin.py:149} INFO - [2023-06-13T11:48:11.042+0200] {dag.py:3486} INFO - Setting next_dagrun for example_subdag_operator to 2022-01-01T00:00:00+00:00, run_after=2022-01-01T00:00:00+00:00
[2023-06-13T11:48:11.045+0200] {logging_mixin.py:149} INFO - [2023-06-13T11:48:11.044+0200] {dag.py:3486} INFO - Setting next_dagrun for example_subdag_operator.section-1 to None, run_after=None
[2023-06-13T11:48:11.046+0200] {logging_mixin.py:149} INFO - [2023-06-13T11:48:11.045+0200] {dag.py:3486} INFO - Setting next_dagrun for example_subdag_operator.section-2 to None, run_after=None
[2023-06-13T11:48:11.050+0200] {logging_mixin.py:149} INFO - [2023-06-13T11:48:11.050+0200] {dag.py:2726} INFO - Sync 2 DAGs
[2023-06-13T11:48:11.054+0200] {logging_mixin.py:149} INFO - [2023-06-13T11:48:11.053+0200] {dag.py:3486} INFO - Setting next_dagrun for example_subdag_operator.section-1 to None, run_after=None
[2023-06-13T11:48:11.054+0200] {logging_mixin.py:149} INFO - [2023-06-13T11:48:11.054+0200] {dag.py:3486} INFO - Setting next_dagrun for example_subdag_operator.section-2 to None, run_after=None
[2023-06-13T11:48:11.066+0200] {processor.py:179} INFO - Processing /Users/simba/Documents/Converteo/cas_airflow1/env/lib/python3.11/site-packages/airflow/example_dags/example_subdag_operator.py took 0.840 seconds
[2023-06-13T11:50:08.878+0200] {processor.py:157} INFO - Started process (PID=71881) to work on /Users/simba/Documents/Converteo/cas_airflow1/env/lib/python3.11/site-packages/airflow/example_dags/example_subdag_operator.py
[2023-06-13T11:50:08.883+0200] {processor.py:826} INFO - Processing file /Users/simba/Documents/Converteo/cas_airflow1/env/lib/python3.11/site-packages/airflow/example_dags/example_subdag_operator.py for tasks to queue
[2023-06-13T11:50:08.884+0200] {logging_mixin.py:149} INFO - [2023-06-13T11:50:08.884+0200] {dagbag.py:541} INFO - Filling up the DagBag from /Users/simba/Documents/Converteo/cas_airflow1/env/lib/python3.11/site-packages/airflow/example_dags/example_subdag_operator.py
