[2023-06-13T11:33:37.984+0200] {processor.py:157} INFO - Started process (PID=69015) to work on /Users/simba/Documents/Converteo/cas_airflow1/env/lib/python3.11/site-packages/airflow/example_dags/example_external_task_marker_dag.py
[2023-06-13T11:33:37.987+0200] {processor.py:826} INFO - Processing file /Users/simba/Documents/Converteo/cas_airflow1/env/lib/python3.11/site-packages/airflow/example_dags/example_external_task_marker_dag.py for tasks to queue
[2023-06-13T11:33:37.988+0200] {logging_mixin.py:149} INFO - [2023-06-13T11:33:37.988+0200] {dagbag.py:541} INFO - Filling up the DagBag from /Users/simba/Documents/Converteo/cas_airflow1/env/lib/python3.11/site-packages/airflow/example_dags/example_external_task_marker_dag.py
[2023-06-13T11:33:38.008+0200] {processor.py:836} INFO - DAG(s) dict_keys(['example_external_task_marker_parent', 'example_external_task_marker_child']) retrieved from /Users/simba/Documents/Converteo/cas_airflow1/env/lib/python3.11/site-packages/airflow/example_dags/example_external_task_marker_dag.py
[2023-06-13T11:33:38.728+0200] {logging_mixin.py:149} INFO - [2023-06-13T11:33:38.728+0200] {manager.py:504} INFO - Created Permission View: can delete on DAG:example_external_task_marker_parent
[2023-06-13T11:33:38.735+0200] {logging_mixin.py:149} INFO - [2023-06-13T11:33:38.735+0200] {manager.py:504} INFO - Created Permission View: can read on DAG:example_external_task_marker_parent
[2023-06-13T11:33:38.743+0200] {logging_mixin.py:149} INFO - [2023-06-13T11:33:38.743+0200] {manager.py:504} INFO - Created Permission View: can edit on DAG:example_external_task_marker_parent
[2023-06-13T11:33:38.820+0200] {logging_mixin.py:149} INFO - [2023-06-13T11:33:38.820+0200] {manager.py:504} INFO - Created Permission View: can delete on DAG:example_external_task_marker_child
[2023-06-13T11:33:38.827+0200] {logging_mixin.py:149} INFO - [2023-06-13T11:33:38.827+0200] {manager.py:504} INFO - Created Permission View: can read on DAG:example_external_task_marker_child
[2023-06-13T11:33:38.834+0200] {logging_mixin.py:149} INFO - [2023-06-13T11:33:38.834+0200] {manager.py:504} INFO - Created Permission View: can edit on DAG:example_external_task_marker_child
[2023-06-13T11:33:38.834+0200] {logging_mixin.py:149} INFO - [2023-06-13T11:33:38.834+0200] {dag.py:2726} INFO - Sync 2 DAGs
[2023-06-13T11:33:38.845+0200] {logging_mixin.py:149} INFO - [2023-06-13T11:33:38.845+0200] {dag.py:2747} INFO - Creating ORM DAG for example_external_task_marker_parent
[2023-06-13T11:33:38.845+0200] {logging_mixin.py:149} INFO - [2023-06-13T11:33:38.845+0200] {dag.py:2747} INFO - Creating ORM DAG for example_external_task_marker_child
[2023-06-13T11:33:38.854+0200] {logging_mixin.py:149} INFO - [2023-06-13T11:33:38.854+0200] {dag.py:3486} INFO - Setting next_dagrun for example_external_task_marker_child to None, run_after=None
[2023-06-13T11:33:38.855+0200] {logging_mixin.py:149} INFO - [2023-06-13T11:33:38.855+0200] {dag.py:3486} INFO - Setting next_dagrun for example_external_task_marker_parent to None, run_after=None
[2023-06-13T11:33:38.873+0200] {processor.py:179} INFO - Processing /Users/simba/Documents/Converteo/cas_airflow1/env/lib/python3.11/site-packages/airflow/example_dags/example_external_task_marker_dag.py took 0.890 seconds
[2023-06-13T11:35:51.550+0200] {processor.py:157} INFO - Started process (PID=69333) to work on /Users/simba/Documents/Converteo/cas_airflow1/env/lib/python3.11/site-packages/airflow/example_dags/example_external_task_marker_dag.py
[2023-06-13T11:35:51.554+0200] {processor.py:826} INFO - Processing file /Users/simba/Documents/Converteo/cas_airflow1/env/lib/python3.11/site-packages/airflow/example_dags/example_external_task_marker_dag.py for tasks to queue
[2023-06-13T11:35:51.554+0200] {logging_mixin.py:149} INFO - [2023-06-13T11:35:51.554+0200] {dagbag.py:541} INFO - Filling up the DagBag from /Users/simba/Documents/Converteo/cas_airflow1/env/lib/python3.11/site-packages/airflow/example_dags/example_external_task_marker_dag.py
[2023-06-13T11:35:51.573+0200] {processor.py:836} INFO - DAG(s) dict_keys(['example_external_task_marker_child', 'example_external_task_marker_parent']) retrieved from /Users/simba/Documents/Converteo/cas_airflow1/env/lib/python3.11/site-packages/airflow/example_dags/example_external_task_marker_dag.py
[2023-06-13T11:35:52.243+0200] {logging_mixin.py:149} INFO - [2023-06-13T11:35:52.243+0200] {dag.py:2726} INFO - Sync 2 DAGs
[2023-06-13T11:35:52.258+0200] {logging_mixin.py:149} INFO - [2023-06-13T11:35:52.258+0200] {dag.py:3486} INFO - Setting next_dagrun for example_external_task_marker_child to None, run_after=None
[2023-06-13T11:35:52.261+0200] {logging_mixin.py:149} INFO - [2023-06-13T11:35:52.261+0200] {dag.py:3486} INFO - Setting next_dagrun for example_external_task_marker_parent to None, run_after=None
[2023-06-13T11:35:52.279+0200] {processor.py:179} INFO - Processing /Users/simba/Documents/Converteo/cas_airflow1/env/lib/python3.11/site-packages/airflow/example_dags/example_external_task_marker_dag.py took 0.730 seconds
[2023-06-13T11:39:21.230+0200] {processor.py:157} INFO - Started process (PID=69899) to work on /Users/simba/Documents/Converteo/cas_airflow1/env/lib/python3.11/site-packages/airflow/example_dags/example_external_task_marker_dag.py
[2023-06-13T11:39:21.233+0200] {processor.py:826} INFO - Processing file /Users/simba/Documents/Converteo/cas_airflow1/env/lib/python3.11/site-packages/airflow/example_dags/example_external_task_marker_dag.py for tasks to queue
[2023-06-13T11:39:21.233+0200] {logging_mixin.py:149} INFO - [2023-06-13T11:39:21.233+0200] {dagbag.py:541} INFO - Filling up the DagBag from /Users/simba/Documents/Converteo/cas_airflow1/env/lib/python3.11/site-packages/airflow/example_dags/example_external_task_marker_dag.py
[2023-06-13T11:39:21.253+0200] {processor.py:836} INFO - DAG(s) dict_keys(['example_external_task_marker_child', 'example_external_task_marker_parent']) retrieved from /Users/simba/Documents/Converteo/cas_airflow1/env/lib/python3.11/site-packages/airflow/example_dags/example_external_task_marker_dag.py
[2023-06-13T11:39:21.922+0200] {logging_mixin.py:149} INFO - [2023-06-13T11:39:21.922+0200] {dag.py:2726} INFO - Sync 2 DAGs
[2023-06-13T11:39:21.936+0200] {logging_mixin.py:149} INFO - [2023-06-13T11:39:21.936+0200] {dag.py:3486} INFO - Setting next_dagrun for example_external_task_marker_child to None, run_after=None
[2023-06-13T11:39:21.938+0200] {logging_mixin.py:149} INFO - [2023-06-13T11:39:21.938+0200] {dag.py:3486} INFO - Setting next_dagrun for example_external_task_marker_parent to None, run_after=None
[2023-06-13T11:39:21.956+0200] {processor.py:179} INFO - Processing /Users/simba/Documents/Converteo/cas_airflow1/env/lib/python3.11/site-packages/airflow/example_dags/example_external_task_marker_dag.py took 0.727 seconds
[2023-06-13T11:46:42.288+0200] {processor.py:157} INFO - Started process (PID=71312) to work on /Users/simba/Documents/Converteo/cas_airflow1/env/lib/python3.11/site-packages/airflow/example_dags/example_external_task_marker_dag.py
[2023-06-13T11:46:42.293+0200] {processor.py:826} INFO - Processing file /Users/simba/Documents/Converteo/cas_airflow1/env/lib/python3.11/site-packages/airflow/example_dags/example_external_task_marker_dag.py for tasks to queue
[2023-06-13T11:46:42.293+0200] {logging_mixin.py:149} INFO - [2023-06-13T11:46:42.293+0200] {dagbag.py:541} INFO - Filling up the DagBag from /Users/simba/Documents/Converteo/cas_airflow1/env/lib/python3.11/site-packages/airflow/example_dags/example_external_task_marker_dag.py
[2023-06-13T11:46:42.313+0200] {processor.py:836} INFO - DAG(s) dict_keys(['example_external_task_marker_child', 'example_external_task_marker_parent']) retrieved from /Users/simba/Documents/Converteo/cas_airflow1/env/lib/python3.11/site-packages/airflow/example_dags/example_external_task_marker_dag.py
[2023-06-13T11:46:42.984+0200] {logging_mixin.py:149} INFO - [2023-06-13T11:46:42.984+0200] {dag.py:2726} INFO - Sync 2 DAGs
[2023-06-13T11:46:43.001+0200] {logging_mixin.py:149} INFO - [2023-06-13T11:46:43.001+0200] {dag.py:3486} INFO - Setting next_dagrun for example_external_task_marker_child to None, run_after=None
[2023-06-13T11:46:43.003+0200] {logging_mixin.py:149} INFO - [2023-06-13T11:46:43.003+0200] {dag.py:3486} INFO - Setting next_dagrun for example_external_task_marker_parent to None, run_after=None
[2023-06-13T11:46:43.026+0200] {processor.py:179} INFO - Processing /Users/simba/Documents/Converteo/cas_airflow1/env/lib/python3.11/site-packages/airflow/example_dags/example_external_task_marker_dag.py took 0.739 seconds
[2023-06-13T11:49:10.342+0200] {processor.py:157} INFO - Started process (PID=71734) to work on /Users/simba/Documents/Converteo/cas_airflow1/env/lib/python3.11/site-packages/airflow/example_dags/example_external_task_marker_dag.py
[2023-06-13T11:49:10.345+0200] {processor.py:826} INFO - Processing file /Users/simba/Documents/Converteo/cas_airflow1/env/lib/python3.11/site-packages/airflow/example_dags/example_external_task_marker_dag.py for tasks to queue
[2023-06-13T11:49:10.346+0200] {logging_mixin.py:149} INFO - [2023-06-13T11:49:10.346+0200] {dagbag.py:541} INFO - Filling up the DagBag from /Users/simba/Documents/Converteo/cas_airflow1/env/lib/python3.11/site-packages/airflow/example_dags/example_external_task_marker_dag.py
[2023-06-13T11:49:10.372+0200] {processor.py:836} INFO - DAG(s) dict_keys(['example_external_task_marker_child', 'example_external_task_marker_parent']) retrieved from /Users/simba/Documents/Converteo/cas_airflow1/env/lib/python3.11/site-packages/airflow/example_dags/example_external_task_marker_dag.py
[2023-06-13T11:49:11.165+0200] {logging_mixin.py:149} INFO - [2023-06-13T11:49:11.165+0200] {dag.py:2726} INFO - Sync 2 DAGs
[2023-06-13T11:49:11.184+0200] {logging_mixin.py:149} INFO - [2023-06-13T11:49:11.184+0200] {dag.py:3486} INFO - Setting next_dagrun for example_external_task_marker_child to None, run_after=None
[2023-06-13T11:49:11.186+0200] {logging_mixin.py:149} INFO - [2023-06-13T11:49:11.186+0200] {dag.py:3486} INFO - Setting next_dagrun for example_external_task_marker_parent to None, run_after=None
[2023-06-13T11:49:11.208+0200] {processor.py:179} INFO - Processing /Users/simba/Documents/Converteo/cas_airflow1/env/lib/python3.11/site-packages/airflow/example_dags/example_external_task_marker_dag.py took 0.867 seconds
