[2023-06-13T11:33:22.668+0200] {processor.py:157} INFO - Started process (PID=68981) to work on /Users/simba/Documents/Converteo/cas_airflow1/env/lib/python3.11/site-packages/airflow/example_dags/example_nested_branch_dag.py
[2023-06-13T11:33:22.671+0200] {processor.py:826} INFO - Processing file /Users/simba/Documents/Converteo/cas_airflow1/env/lib/python3.11/site-packages/airflow/example_dags/example_nested_branch_dag.py for tasks to queue
[2023-06-13T11:33:22.672+0200] {logging_mixin.py:149} INFO - [2023-06-13T11:33:22.672+0200] {dagbag.py:541} INFO - Filling up the DagBag from /Users/simba/Documents/Converteo/cas_airflow1/env/lib/python3.11/site-packages/airflow/example_dags/example_nested_branch_dag.py
[2023-06-13T11:33:22.728+0200] {processor.py:836} INFO - DAG(s) dict_keys(['example_nested_branch_dag']) retrieved from /Users/simba/Documents/Converteo/cas_airflow1/env/lib/python3.11/site-packages/airflow/example_dags/example_nested_branch_dag.py
[2023-06-13T11:33:23.693+0200] {logging_mixin.py:149} INFO - [2023-06-13T11:33:23.692+0200] {manager.py:504} INFO - Created Permission View: can delete on DAG:example_nested_branch_dag
[2023-06-13T11:33:23.702+0200] {logging_mixin.py:149} INFO - [2023-06-13T11:33:23.702+0200] {manager.py:504} INFO - Created Permission View: can read on DAG:example_nested_branch_dag
[2023-06-13T11:33:23.710+0200] {logging_mixin.py:149} INFO - [2023-06-13T11:33:23.710+0200] {manager.py:504} INFO - Created Permission View: can edit on DAG:example_nested_branch_dag
[2023-06-13T11:33:23.711+0200] {logging_mixin.py:149} INFO - [2023-06-13T11:33:23.710+0200] {dag.py:2726} INFO - Sync 1 DAGs
[2023-06-13T11:33:23.721+0200] {logging_mixin.py:149} INFO - [2023-06-13T11:33:23.721+0200] {dag.py:2747} INFO - Creating ORM DAG for example_nested_branch_dag
[2023-06-13T11:33:23.729+0200] {logging_mixin.py:149} INFO - [2023-06-13T11:33:23.729+0200] {dag.py:3486} INFO - Setting next_dagrun for example_nested_branch_dag to 2023-06-12T00:00:00+00:00, run_after=2023-06-13T00:00:00+00:00
[2023-06-13T11:33:23.750+0200] {processor.py:179} INFO - Processing /Users/simba/Documents/Converteo/cas_airflow1/env/lib/python3.11/site-packages/airflow/example_dags/example_nested_branch_dag.py took 1.082 seconds
[2023-06-13T11:35:37.827+0200] {processor.py:157} INFO - Started process (PID=69299) to work on /Users/simba/Documents/Converteo/cas_airflow1/env/lib/python3.11/site-packages/airflow/example_dags/example_nested_branch_dag.py
[2023-06-13T11:35:37.831+0200] {processor.py:826} INFO - Processing file /Users/simba/Documents/Converteo/cas_airflow1/env/lib/python3.11/site-packages/airflow/example_dags/example_nested_branch_dag.py for tasks to queue
[2023-06-13T11:35:37.831+0200] {logging_mixin.py:149} INFO - [2023-06-13T11:35:37.831+0200] {dagbag.py:541} INFO - Filling up the DagBag from /Users/simba/Documents/Converteo/cas_airflow1/env/lib/python3.11/site-packages/airflow/example_dags/example_nested_branch_dag.py
[2023-06-13T11:35:37.898+0200] {processor.py:836} INFO - DAG(s) dict_keys(['example_nested_branch_dag']) retrieved from /Users/simba/Documents/Converteo/cas_airflow1/env/lib/python3.11/site-packages/airflow/example_dags/example_nested_branch_dag.py
[2023-06-13T11:35:38.537+0200] {logging_mixin.py:149} INFO - [2023-06-13T11:35:38.537+0200] {dag.py:2726} INFO - Sync 1 DAGs
[2023-06-13T11:35:38.554+0200] {logging_mixin.py:149} INFO - [2023-06-13T11:35:38.554+0200] {dag.py:3486} INFO - Setting next_dagrun for example_nested_branch_dag to 2023-06-12T00:00:00+00:00, run_after=2023-06-13T00:00:00+00:00
[2023-06-13T11:35:38.571+0200] {processor.py:179} INFO - Processing /Users/simba/Documents/Converteo/cas_airflow1/env/lib/python3.11/site-packages/airflow/example_dags/example_nested_branch_dag.py took 0.745 seconds
[2023-06-13T11:39:06.497+0200] {processor.py:157} INFO - Started process (PID=69866) to work on /Users/simba/Documents/Converteo/cas_airflow1/env/lib/python3.11/site-packages/airflow/example_dags/example_nested_branch_dag.py
[2023-06-13T11:39:06.500+0200] {processor.py:826} INFO - Processing file /Users/simba/Documents/Converteo/cas_airflow1/env/lib/python3.11/site-packages/airflow/example_dags/example_nested_branch_dag.py for tasks to queue
[2023-06-13T11:39:06.501+0200] {logging_mixin.py:149} INFO - [2023-06-13T11:39:06.501+0200] {dagbag.py:541} INFO - Filling up the DagBag from /Users/simba/Documents/Converteo/cas_airflow1/env/lib/python3.11/site-packages/airflow/example_dags/example_nested_branch_dag.py
[2023-06-13T11:39:06.549+0200] {processor.py:836} INFO - DAG(s) dict_keys(['example_nested_branch_dag']) retrieved from /Users/simba/Documents/Converteo/cas_airflow1/env/lib/python3.11/site-packages/airflow/example_dags/example_nested_branch_dag.py
[2023-06-13T11:39:07.192+0200] {logging_mixin.py:149} INFO - [2023-06-13T11:39:07.192+0200] {dag.py:2726} INFO - Sync 1 DAGs
[2023-06-13T11:39:07.208+0200] {logging_mixin.py:149} INFO - [2023-06-13T11:39:07.208+0200] {dag.py:3486} INFO - Setting next_dagrun for example_nested_branch_dag to 2023-06-12T00:00:00+00:00, run_after=2023-06-13T00:00:00+00:00
[2023-06-13T11:39:07.227+0200] {processor.py:179} INFO - Processing /Users/simba/Documents/Converteo/cas_airflow1/env/lib/python3.11/site-packages/airflow/example_dags/example_nested_branch_dag.py took 0.730 seconds
[2023-06-13T11:46:27.671+0200] {processor.py:157} INFO - Started process (PID=71273) to work on /Users/simba/Documents/Converteo/cas_airflow1/env/lib/python3.11/site-packages/airflow/example_dags/example_nested_branch_dag.py
[2023-06-13T11:46:27.675+0200] {processor.py:826} INFO - Processing file /Users/simba/Documents/Converteo/cas_airflow1/env/lib/python3.11/site-packages/airflow/example_dags/example_nested_branch_dag.py for tasks to queue
[2023-06-13T11:46:27.675+0200] {logging_mixin.py:149} INFO - [2023-06-13T11:46:27.675+0200] {dagbag.py:541} INFO - Filling up the DagBag from /Users/simba/Documents/Converteo/cas_airflow1/env/lib/python3.11/site-packages/airflow/example_dags/example_nested_branch_dag.py
[2023-06-13T11:46:27.726+0200] {processor.py:836} INFO - DAG(s) dict_keys(['example_nested_branch_dag']) retrieved from /Users/simba/Documents/Converteo/cas_airflow1/env/lib/python3.11/site-packages/airflow/example_dags/example_nested_branch_dag.py
[2023-06-13T11:46:28.381+0200] {logging_mixin.py:149} INFO - [2023-06-13T11:46:28.381+0200] {dag.py:2726} INFO - Sync 1 DAGs
[2023-06-13T11:46:28.399+0200] {logging_mixin.py:149} INFO - [2023-06-13T11:46:28.399+0200] {dag.py:3486} INFO - Setting next_dagrun for example_nested_branch_dag to 2023-06-12T00:00:00+00:00, run_after=2023-06-13T00:00:00+00:00
[2023-06-13T11:46:28.418+0200] {processor.py:179} INFO - Processing /Users/simba/Documents/Converteo/cas_airflow1/env/lib/python3.11/site-packages/airflow/example_dags/example_nested_branch_dag.py took 0.747 seconds
[2023-06-13T11:48:53.194+0200] {processor.py:157} INFO - Started process (PID=71693) to work on /Users/simba/Documents/Converteo/cas_airflow1/env/lib/python3.11/site-packages/airflow/example_dags/example_nested_branch_dag.py
[2023-06-13T11:48:53.199+0200] {processor.py:826} INFO - Processing file /Users/simba/Documents/Converteo/cas_airflow1/env/lib/python3.11/site-packages/airflow/example_dags/example_nested_branch_dag.py for tasks to queue
[2023-06-13T11:48:53.199+0200] {logging_mixin.py:149} INFO - [2023-06-13T11:48:53.199+0200] {dagbag.py:541} INFO - Filling up the DagBag from /Users/simba/Documents/Converteo/cas_airflow1/env/lib/python3.11/site-packages/airflow/example_dags/example_nested_branch_dag.py
[2023-06-13T11:48:53.257+0200] {processor.py:836} INFO - DAG(s) dict_keys(['example_nested_branch_dag']) retrieved from /Users/simba/Documents/Converteo/cas_airflow1/env/lib/python3.11/site-packages/airflow/example_dags/example_nested_branch_dag.py
[2023-06-13T11:48:53.950+0200] {logging_mixin.py:149} INFO - [2023-06-13T11:48:53.949+0200] {dag.py:2726} INFO - Sync 1 DAGs
[2023-06-13T11:48:53.965+0200] {logging_mixin.py:149} INFO - [2023-06-13T11:48:53.965+0200] {dag.py:3486} INFO - Setting next_dagrun for example_nested_branch_dag to 2023-06-12T00:00:00+00:00, run_after=2023-06-13T00:00:00+00:00
[2023-06-13T11:48:53.982+0200] {processor.py:179} INFO - Processing /Users/simba/Documents/Converteo/cas_airflow1/env/lib/python3.11/site-packages/airflow/example_dags/example_nested_branch_dag.py took 0.789 seconds
