[2023-06-13T11:33:29.084+0200] {processor.py:157} INFO - Started process (PID=68997) to work on /Users/simba/Documents/Converteo/cas_airflow1/env/lib/python3.11/site-packages/airflow/example_dags/example_latest_only_with_trigger.py
[2023-06-13T11:33:29.088+0200] {processor.py:826} INFO - Processing file /Users/simba/Documents/Converteo/cas_airflow1/env/lib/python3.11/site-packages/airflow/example_dags/example_latest_only_with_trigger.py for tasks to queue
[2023-06-13T11:33:29.088+0200] {logging_mixin.py:149} INFO - [2023-06-13T11:33:29.088+0200] {dagbag.py:541} INFO - Filling up the DagBag from /Users/simba/Documents/Converteo/cas_airflow1/env/lib/python3.11/site-packages/airflow/example_dags/example_latest_only_with_trigger.py
[2023-06-13T11:33:29.109+0200] {processor.py:836} INFO - DAG(s) dict_keys(['latest_only_with_trigger']) retrieved from /Users/simba/Documents/Converteo/cas_airflow1/env/lib/python3.11/site-packages/airflow/example_dags/example_latest_only_with_trigger.py
[2023-06-13T11:33:29.854+0200] {logging_mixin.py:149} INFO - [2023-06-13T11:33:29.854+0200] {manager.py:504} INFO - Created Permission View: can read on DAG:latest_only_with_trigger
[2023-06-13T11:33:29.863+0200] {logging_mixin.py:149} INFO - [2023-06-13T11:33:29.863+0200] {manager.py:504} INFO - Created Permission View: can edit on DAG:latest_only_with_trigger
[2023-06-13T11:33:29.869+0200] {logging_mixin.py:149} INFO - [2023-06-13T11:33:29.869+0200] {manager.py:504} INFO - Created Permission View: can delete on DAG:latest_only_with_trigger
[2023-06-13T11:33:29.869+0200] {logging_mixin.py:149} INFO - [2023-06-13T11:33:29.869+0200] {dag.py:2726} INFO - Sync 1 DAGs
[2023-06-13T11:33:29.936+0200] {logging_mixin.py:149} INFO - [2023-06-13T11:33:29.935+0200] {dag.py:2747} INFO - Creating ORM DAG for latest_only_with_trigger
[2023-06-13T11:33:29.942+0200] {logging_mixin.py:149} INFO - [2023-06-13T11:33:29.942+0200] {dag.py:3486} INFO - Setting next_dagrun for latest_only_with_trigger to 2023-06-13T05:33:29.942426+00:00, run_after=2023-06-13T09:33:29.942426+00:00
[2023-06-13T11:33:29.960+0200] {processor.py:179} INFO - Processing /Users/simba/Documents/Converteo/cas_airflow1/env/lib/python3.11/site-packages/airflow/example_dags/example_latest_only_with_trigger.py took 0.877 seconds
[2023-06-13T11:35:42.756+0200] {processor.py:157} INFO - Started process (PID=69311) to work on /Users/simba/Documents/Converteo/cas_airflow1/env/lib/python3.11/site-packages/airflow/example_dags/example_latest_only_with_trigger.py
[2023-06-13T11:35:42.759+0200] {processor.py:826} INFO - Processing file /Users/simba/Documents/Converteo/cas_airflow1/env/lib/python3.11/site-packages/airflow/example_dags/example_latest_only_with_trigger.py for tasks to queue
[2023-06-13T11:35:42.759+0200] {logging_mixin.py:149} INFO - [2023-06-13T11:35:42.759+0200] {dagbag.py:541} INFO - Filling up the DagBag from /Users/simba/Documents/Converteo/cas_airflow1/env/lib/python3.11/site-packages/airflow/example_dags/example_latest_only_with_trigger.py
[2023-06-13T11:35:42.777+0200] {processor.py:836} INFO - DAG(s) dict_keys(['latest_only_with_trigger']) retrieved from /Users/simba/Documents/Converteo/cas_airflow1/env/lib/python3.11/site-packages/airflow/example_dags/example_latest_only_with_trigger.py
[2023-06-13T11:35:43.451+0200] {logging_mixin.py:149} INFO - [2023-06-13T11:35:43.451+0200] {dag.py:2726} INFO - Sync 1 DAGs
[2023-06-13T11:35:43.467+0200] {logging_mixin.py:149} INFO - [2023-06-13T11:35:43.467+0200] {dag.py:3486} INFO - Setting next_dagrun for latest_only_with_trigger to 2023-06-13T05:35:43.467363+00:00, run_after=2023-06-13T09:35:43.467363+00:00
[2023-06-13T11:35:43.484+0200] {processor.py:179} INFO - Processing /Users/simba/Documents/Converteo/cas_airflow1/env/lib/python3.11/site-packages/airflow/example_dags/example_latest_only_with_trigger.py took 0.729 seconds
[2023-06-13T11:39:12.395+0200] {processor.py:157} INFO - Started process (PID=69876) to work on /Users/simba/Documents/Converteo/cas_airflow1/env/lib/python3.11/site-packages/airflow/example_dags/example_latest_only_with_trigger.py
[2023-06-13T11:39:12.399+0200] {processor.py:826} INFO - Processing file /Users/simba/Documents/Converteo/cas_airflow1/env/lib/python3.11/site-packages/airflow/example_dags/example_latest_only_with_trigger.py for tasks to queue
[2023-06-13T11:39:12.399+0200] {logging_mixin.py:149} INFO - [2023-06-13T11:39:12.399+0200] {dagbag.py:541} INFO - Filling up the DagBag from /Users/simba/Documents/Converteo/cas_airflow1/env/lib/python3.11/site-packages/airflow/example_dags/example_latest_only_with_trigger.py
[2023-06-13T11:39:12.417+0200] {processor.py:836} INFO - DAG(s) dict_keys(['latest_only_with_trigger']) retrieved from /Users/simba/Documents/Converteo/cas_airflow1/env/lib/python3.11/site-packages/airflow/example_dags/example_latest_only_with_trigger.py
[2023-06-13T11:39:13.061+0200] {logging_mixin.py:149} INFO - [2023-06-13T11:39:13.060+0200] {dag.py:2726} INFO - Sync 1 DAGs
[2023-06-13T11:39:13.077+0200] {logging_mixin.py:149} INFO - [2023-06-13T11:39:13.077+0200] {dag.py:3486} INFO - Setting next_dagrun for latest_only_with_trigger to 2023-06-13T05:39:13.077610+00:00, run_after=2023-06-13T09:39:13.077610+00:00
[2023-06-13T11:39:13.099+0200] {processor.py:179} INFO - Processing /Users/simba/Documents/Converteo/cas_airflow1/env/lib/python3.11/site-packages/airflow/example_dags/example_latest_only_with_trigger.py took 0.704 seconds
[2023-06-13T11:46:33.362+0200] {processor.py:157} INFO - Started process (PID=71287) to work on /Users/simba/Documents/Converteo/cas_airflow1/env/lib/python3.11/site-packages/airflow/example_dags/example_latest_only_with_trigger.py
[2023-06-13T11:46:33.366+0200] {processor.py:826} INFO - Processing file /Users/simba/Documents/Converteo/cas_airflow1/env/lib/python3.11/site-packages/airflow/example_dags/example_latest_only_with_trigger.py for tasks to queue
[2023-06-13T11:46:33.367+0200] {logging_mixin.py:149} INFO - [2023-06-13T11:46:33.366+0200] {dagbag.py:541} INFO - Filling up the DagBag from /Users/simba/Documents/Converteo/cas_airflow1/env/lib/python3.11/site-packages/airflow/example_dags/example_latest_only_with_trigger.py
[2023-06-13T11:46:33.387+0200] {processor.py:836} INFO - DAG(s) dict_keys(['latest_only_with_trigger']) retrieved from /Users/simba/Documents/Converteo/cas_airflow1/env/lib/python3.11/site-packages/airflow/example_dags/example_latest_only_with_trigger.py
[2023-06-13T11:46:34.068+0200] {logging_mixin.py:149} INFO - [2023-06-13T11:46:34.068+0200] {dag.py:2726} INFO - Sync 1 DAGs
[2023-06-13T11:46:34.090+0200] {logging_mixin.py:149} INFO - [2023-06-13T11:46:34.090+0200] {dag.py:3486} INFO - Setting next_dagrun for latest_only_with_trigger to 2023-06-13T05:46:34.090062+00:00, run_after=2023-06-13T09:46:34.090062+00:00
[2023-06-13T11:46:34.109+0200] {processor.py:179} INFO - Processing /Users/simba/Documents/Converteo/cas_airflow1/env/lib/python3.11/site-packages/airflow/example_dags/example_latest_only_with_trigger.py took 0.748 seconds
[2023-06-13T11:48:59.654+0200] {processor.py:157} INFO - Started process (PID=71707) to work on /Users/simba/Documents/Converteo/cas_airflow1/env/lib/python3.11/site-packages/airflow/example_dags/example_latest_only_with_trigger.py
[2023-06-13T11:48:59.658+0200] {processor.py:826} INFO - Processing file /Users/simba/Documents/Converteo/cas_airflow1/env/lib/python3.11/site-packages/airflow/example_dags/example_latest_only_with_trigger.py for tasks to queue
[2023-06-13T11:48:59.658+0200] {logging_mixin.py:149} INFO - [2023-06-13T11:48:59.658+0200] {dagbag.py:541} INFO - Filling up the DagBag from /Users/simba/Documents/Converteo/cas_airflow1/env/lib/python3.11/site-packages/airflow/example_dags/example_latest_only_with_trigger.py
[2023-06-13T11:48:59.679+0200] {processor.py:836} INFO - DAG(s) dict_keys(['latest_only_with_trigger']) retrieved from /Users/simba/Documents/Converteo/cas_airflow1/env/lib/python3.11/site-packages/airflow/example_dags/example_latest_only_with_trigger.py
[2023-06-13T11:49:00.596+0200] {logging_mixin.py:149} INFO - [2023-06-13T11:49:00.595+0200] {dag.py:2726} INFO - Sync 1 DAGs
[2023-06-13T11:49:00.612+0200] {logging_mixin.py:149} INFO - [2023-06-13T11:49:00.612+0200] {dag.py:3486} INFO - Setting next_dagrun for latest_only_with_trigger to 2023-06-13T05:49:00.612517+00:00, run_after=2023-06-13T09:49:00.612517+00:00
[2023-06-13T11:49:00.631+0200] {processor.py:179} INFO - Processing /Users/simba/Documents/Converteo/cas_airflow1/env/lib/python3.11/site-packages/airflow/example_dags/example_latest_only_with_trigger.py took 0.978 seconds
