[2023-06-13T11:26:16.547+0200] {processor.py:157} INFO - Started process (PID=67612) to work on /Users/simba/Documents/Converteo/cas_airflow1/env/lib/python3.11/site-packages/airflow/example_dags/tutorial_taskflow_api_virtualenv.py
[2023-06-13T11:26:16.551+0200] {processor.py:826} INFO - Processing file /Users/simba/Documents/Converteo/cas_airflow1/env/lib/python3.11/site-packages/airflow/example_dags/tutorial_taskflow_api_virtualenv.py for tasks to queue
[2023-06-13T11:26:16.552+0200] {logging_mixin.py:149} INFO - [2023-06-13T11:26:16.551+0200] {dagbag.py:541} INFO - Filling up the DagBag from /Users/simba/Documents/Converteo/cas_airflow1/env/lib/python3.11/site-packages/airflow/example_dags/tutorial_taskflow_api_virtualenv.py
[2023-06-13T11:26:16.655+0200] {processor.py:836} INFO - DAG(s) dict_keys(['tutorial_taskflow_api_virtualenv']) retrieved from /Users/simba/Documents/Converteo/cas_airflow1/env/lib/python3.11/site-packages/airflow/example_dags/tutorial_taskflow_api_virtualenv.py
[2023-06-13T11:26:16.704+0200] {logging_mixin.py:149} INFO - [2023-06-13T11:26:16.704+0200] {dag.py:2726} INFO - Sync 1 DAGs
[2023-06-13T11:26:17.484+0200] {logging_mixin.py:149} INFO - [2023-06-13T11:26:17.484+0200] {dag.py:3486} INFO - Setting next_dagrun for tutorial_taskflow_api_virtualenv to None, run_after=None
[2023-06-13T11:26:17.508+0200] {processor.py:179} INFO - Processing /Users/simba/Documents/Converteo/cas_airflow1/env/lib/python3.11/site-packages/airflow/example_dags/tutorial_taskflow_api_virtualenv.py took 0.962 seconds
[2023-06-13T11:31:15.407+0200] {processor.py:157} INFO - Started process (PID=68529) to work on /Users/simba/Documents/Converteo/cas_airflow1/env/lib/python3.11/site-packages/airflow/example_dags/tutorial_taskflow_api_virtualenv.py
[2023-06-13T11:31:15.411+0200] {processor.py:826} INFO - Processing file /Users/simba/Documents/Converteo/cas_airflow1/env/lib/python3.11/site-packages/airflow/example_dags/tutorial_taskflow_api_virtualenv.py for tasks to queue
[2023-06-13T11:31:15.412+0200] {logging_mixin.py:149} INFO - [2023-06-13T11:31:15.412+0200] {dagbag.py:541} INFO - Filling up the DagBag from /Users/simba/Documents/Converteo/cas_airflow1/env/lib/python3.11/site-packages/airflow/example_dags/tutorial_taskflow_api_virtualenv.py
[2023-06-13T11:31:15.471+0200] {processor.py:836} INFO - DAG(s) dict_keys(['tutorial_taskflow_api_virtualenv']) retrieved from /Users/simba/Documents/Converteo/cas_airflow1/env/lib/python3.11/site-packages/airflow/example_dags/tutorial_taskflow_api_virtualenv.py
[2023-06-13T11:31:15.509+0200] {logging_mixin.py:149} INFO - [2023-06-13T11:31:15.509+0200] {dag.py:2726} INFO - Sync 1 DAGs
[2023-06-13T11:31:16.216+0200] {logging_mixin.py:149} INFO - [2023-06-13T11:31:16.216+0200] {dag.py:3486} INFO - Setting next_dagrun for tutorial_taskflow_api_virtualenv to None, run_after=None
[2023-06-13T11:31:16.236+0200] {processor.py:179} INFO - Processing /Users/simba/Documents/Converteo/cas_airflow1/env/lib/python3.11/site-packages/airflow/example_dags/tutorial_taskflow_api_virtualenv.py took 0.829 seconds
[2023-06-13T11:32:02.563+0200] {processor.py:157} INFO - Started process (PID=68770) to work on /Users/simba/Documents/Converteo/cas_airflow1/env/lib/python3.11/site-packages/airflow/example_dags/tutorial_taskflow_api_virtualenv.py
[2023-06-13T11:32:02.569+0200] {processor.py:826} INFO - Processing file /Users/simba/Documents/Converteo/cas_airflow1/env/lib/python3.11/site-packages/airflow/example_dags/tutorial_taskflow_api_virtualenv.py for tasks to queue
[2023-06-13T11:32:02.570+0200] {logging_mixin.py:149} INFO - [2023-06-13T11:32:02.570+0200] {dagbag.py:541} INFO - Filling up the DagBag from /Users/simba/Documents/Converteo/cas_airflow1/env/lib/python3.11/site-packages/airflow/example_dags/tutorial_taskflow_api_virtualenv.py
[2023-06-13T11:32:02.652+0200] {processor.py:836} INFO - DAG(s) dict_keys(['tutorial_taskflow_api_virtualenv']) retrieved from /Users/simba/Documents/Converteo/cas_airflow1/env/lib/python3.11/site-packages/airflow/example_dags/tutorial_taskflow_api_virtualenv.py
[2023-06-13T11:32:03.704+0200] {logging_mixin.py:149} INFO - [2023-06-13T11:32:03.703+0200] {manager.py:504} INFO - Created Permission View: can read on DAG:tutorial_taskflow_api_virtualenv
[2023-06-13T11:32:03.713+0200] {logging_mixin.py:149} INFO - [2023-06-13T11:32:03.713+0200] {manager.py:504} INFO - Created Permission View: can delete on DAG:tutorial_taskflow_api_virtualenv
[2023-06-13T11:32:03.720+0200] {logging_mixin.py:149} INFO - [2023-06-13T11:32:03.720+0200] {manager.py:504} INFO - Created Permission View: can edit on DAG:tutorial_taskflow_api_virtualenv
[2023-06-13T11:32:03.721+0200] {logging_mixin.py:149} INFO - [2023-06-13T11:32:03.720+0200] {dag.py:2726} INFO - Sync 1 DAGs
[2023-06-13T11:32:03.731+0200] {logging_mixin.py:149} INFO - [2023-06-13T11:32:03.731+0200] {dag.py:2747} INFO - Creating ORM DAG for tutorial_taskflow_api_virtualenv
[2023-06-13T11:32:03.738+0200] {logging_mixin.py:149} INFO - [2023-06-13T11:32:03.738+0200] {dag.py:3486} INFO - Setting next_dagrun for tutorial_taskflow_api_virtualenv to None, run_after=None
[2023-06-13T11:32:03.757+0200] {processor.py:179} INFO - Processing /Users/simba/Documents/Converteo/cas_airflow1/env/lib/python3.11/site-packages/airflow/example_dags/tutorial_taskflow_api_virtualenv.py took 1.196 seconds
[2023-06-13T11:34:29.620+0200] {processor.py:157} INFO - Started process (PID=69142) to work on /Users/simba/Documents/Converteo/cas_airflow1/env/lib/python3.11/site-packages/airflow/example_dags/tutorial_taskflow_api_virtualenv.py
[2023-06-13T11:34:29.624+0200] {processor.py:826} INFO - Processing file /Users/simba/Documents/Converteo/cas_airflow1/env/lib/python3.11/site-packages/airflow/example_dags/tutorial_taskflow_api_virtualenv.py for tasks to queue
[2023-06-13T11:34:29.624+0200] {logging_mixin.py:149} INFO - [2023-06-13T11:34:29.624+0200] {dagbag.py:541} INFO - Filling up the DagBag from /Users/simba/Documents/Converteo/cas_airflow1/env/lib/python3.11/site-packages/airflow/example_dags/tutorial_taskflow_api_virtualenv.py
[2023-06-13T11:34:29.671+0200] {processor.py:836} INFO - DAG(s) dict_keys(['tutorial_taskflow_api_virtualenv']) retrieved from /Users/simba/Documents/Converteo/cas_airflow1/env/lib/python3.11/site-packages/airflow/example_dags/tutorial_taskflow_api_virtualenv.py
[2023-06-13T11:34:30.322+0200] {logging_mixin.py:149} INFO - [2023-06-13T11:34:30.322+0200] {dag.py:2726} INFO - Sync 1 DAGs
[2023-06-13T11:34:30.336+0200] {logging_mixin.py:149} INFO - [2023-06-13T11:34:30.336+0200] {dag.py:3486} INFO - Setting next_dagrun for tutorial_taskflow_api_virtualenv to None, run_after=None
[2023-06-13T11:34:30.356+0200] {processor.py:179} INFO - Processing /Users/simba/Documents/Converteo/cas_airflow1/env/lib/python3.11/site-packages/airflow/example_dags/tutorial_taskflow_api_virtualenv.py took 0.736 seconds
[2023-06-13T11:36:15.603+0200] {processor.py:157} INFO - Started process (PID=69406) to work on /Users/simba/Documents/Converteo/cas_airflow1/env/lib/python3.11/site-packages/airflow/example_dags/tutorial_taskflow_api_virtualenv.py
[2023-06-13T11:36:15.606+0200] {processor.py:826} INFO - Processing file /Users/simba/Documents/Converteo/cas_airflow1/env/lib/python3.11/site-packages/airflow/example_dags/tutorial_taskflow_api_virtualenv.py for tasks to queue
[2023-06-13T11:36:15.607+0200] {logging_mixin.py:149} INFO - [2023-06-13T11:36:15.607+0200] {dagbag.py:541} INFO - Filling up the DagBag from /Users/simba/Documents/Converteo/cas_airflow1/env/lib/python3.11/site-packages/airflow/example_dags/tutorial_taskflow_api_virtualenv.py
[2023-06-13T11:36:15.659+0200] {processor.py:836} INFO - DAG(s) dict_keys(['tutorial_taskflow_api_virtualenv']) retrieved from /Users/simba/Documents/Converteo/cas_airflow1/env/lib/python3.11/site-packages/airflow/example_dags/tutorial_taskflow_api_virtualenv.py
[2023-06-13T11:36:16.293+0200] {logging_mixin.py:149} INFO - [2023-06-13T11:36:16.293+0200] {dag.py:2726} INFO - Sync 1 DAGs
[2023-06-13T11:36:16.307+0200] {logging_mixin.py:149} INFO - [2023-06-13T11:36:16.307+0200] {dag.py:3486} INFO - Setting next_dagrun for tutorial_taskflow_api_virtualenv to None, run_after=None
[2023-06-13T11:36:16.325+0200] {processor.py:179} INFO - Processing /Users/simba/Documents/Converteo/cas_airflow1/env/lib/python3.11/site-packages/airflow/example_dags/tutorial_taskflow_api_virtualenv.py took 0.723 seconds
[2023-06-13T11:37:57.014+0200] {processor.py:157} INFO - Started process (PID=69661) to work on /Users/simba/Documents/Converteo/cas_airflow1/env/lib/python3.11/site-packages/airflow/example_dags/tutorial_taskflow_api_virtualenv.py
[2023-06-13T11:37:57.017+0200] {processor.py:826} INFO - Processing file /Users/simba/Documents/Converteo/cas_airflow1/env/lib/python3.11/site-packages/airflow/example_dags/tutorial_taskflow_api_virtualenv.py for tasks to queue
[2023-06-13T11:37:57.018+0200] {logging_mixin.py:149} INFO - [2023-06-13T11:37:57.018+0200] {dagbag.py:541} INFO - Filling up the DagBag from /Users/simba/Documents/Converteo/cas_airflow1/env/lib/python3.11/site-packages/airflow/example_dags/tutorial_taskflow_api_virtualenv.py
[2023-06-13T11:37:57.064+0200] {processor.py:836} INFO - DAG(s) dict_keys(['tutorial_taskflow_api_virtualenv']) retrieved from /Users/simba/Documents/Converteo/cas_airflow1/env/lib/python3.11/site-packages/airflow/example_dags/tutorial_taskflow_api_virtualenv.py
[2023-06-13T11:37:57.698+0200] {logging_mixin.py:149} INFO - [2023-06-13T11:37:57.698+0200] {dag.py:2726} INFO - Sync 1 DAGs
[2023-06-13T11:37:57.714+0200] {logging_mixin.py:149} INFO - [2023-06-13T11:37:57.714+0200] {dag.py:3486} INFO - Setting next_dagrun for tutorial_taskflow_api_virtualenv to None, run_after=None
[2023-06-13T11:37:57.732+0200] {processor.py:179} INFO - Processing /Users/simba/Documents/Converteo/cas_airflow1/env/lib/python3.11/site-packages/airflow/example_dags/tutorial_taskflow_api_virtualenv.py took 0.719 seconds
[2023-06-13T11:39:41.332+0200] {processor.py:157} INFO - Started process (PID=69945) to work on /Users/simba/Documents/Converteo/cas_airflow1/env/lib/python3.11/site-packages/airflow/example_dags/tutorial_taskflow_api_virtualenv.py
[2023-06-13T11:39:41.336+0200] {processor.py:826} INFO - Processing file /Users/simba/Documents/Converteo/cas_airflow1/env/lib/python3.11/site-packages/airflow/example_dags/tutorial_taskflow_api_virtualenv.py for tasks to queue
[2023-06-13T11:39:41.336+0200] {logging_mixin.py:149} INFO - [2023-06-13T11:39:41.336+0200] {dagbag.py:541} INFO - Filling up the DagBag from /Users/simba/Documents/Converteo/cas_airflow1/env/lib/python3.11/site-packages/airflow/example_dags/tutorial_taskflow_api_virtualenv.py
[2023-06-13T11:39:41.388+0200] {processor.py:836} INFO - DAG(s) dict_keys(['tutorial_taskflow_api_virtualenv']) retrieved from /Users/simba/Documents/Converteo/cas_airflow1/env/lib/python3.11/site-packages/airflow/example_dags/tutorial_taskflow_api_virtualenv.py
[2023-06-13T11:39:42.027+0200] {logging_mixin.py:149} INFO - [2023-06-13T11:39:42.027+0200] {dag.py:2726} INFO - Sync 1 DAGs
[2023-06-13T11:39:42.042+0200] {logging_mixin.py:149} INFO - [2023-06-13T11:39:42.042+0200] {dag.py:3486} INFO - Setting next_dagrun for tutorial_taskflow_api_virtualenv to None, run_after=None
[2023-06-13T11:39:42.063+0200] {processor.py:179} INFO - Processing /Users/simba/Documents/Converteo/cas_airflow1/env/lib/python3.11/site-packages/airflow/example_dags/tutorial_taskflow_api_virtualenv.py took 0.731 seconds
[2023-06-13T11:41:24.334+0200] {processor.py:157} INFO - Started process (PID=70211) to work on /Users/simba/Documents/Converteo/cas_airflow1/env/lib/python3.11/site-packages/airflow/example_dags/tutorial_taskflow_api_virtualenv.py
[2023-06-13T11:41:24.343+0200] {processor.py:826} INFO - Processing file /Users/simba/Documents/Converteo/cas_airflow1/env/lib/python3.11/site-packages/airflow/example_dags/tutorial_taskflow_api_virtualenv.py for tasks to queue
[2023-06-13T11:41:24.344+0200] {logging_mixin.py:149} INFO - [2023-06-13T11:41:24.344+0200] {dagbag.py:541} INFO - Filling up the DagBag from /Users/simba/Documents/Converteo/cas_airflow1/env/lib/python3.11/site-packages/airflow/example_dags/tutorial_taskflow_api_virtualenv.py
[2023-06-13T11:41:24.443+0200] {processor.py:836} INFO - DAG(s) dict_keys(['tutorial_taskflow_api_virtualenv']) retrieved from /Users/simba/Documents/Converteo/cas_airflow1/env/lib/python3.11/site-packages/airflow/example_dags/tutorial_taskflow_api_virtualenv.py
[2023-06-13T11:41:25.865+0200] {logging_mixin.py:149} INFO - [2023-06-13T11:41:25.864+0200] {dag.py:2726} INFO - Sync 1 DAGs
[2023-06-13T11:41:25.925+0200] {logging_mixin.py:149} INFO - [2023-06-13T11:41:25.924+0200] {dag.py:3486} INFO - Setting next_dagrun for tutorial_taskflow_api_virtualenv to None, run_after=None
[2023-06-13T11:41:25.992+0200] {processor.py:179} INFO - Processing /Users/simba/Documents/Converteo/cas_airflow1/env/lib/python3.11/site-packages/airflow/example_dags/tutorial_taskflow_api_virtualenv.py took 1.660 seconds
[2023-06-13T11:42:59.124+0200] {processor.py:157} INFO - Started process (PID=70543) to work on /Users/simba/Documents/Converteo/cas_airflow1/env/lib/python3.11/site-packages/airflow/example_dags/tutorial_taskflow_api_virtualenv.py
[2023-06-13T11:42:59.128+0200] {processor.py:826} INFO - Processing file /Users/simba/Documents/Converteo/cas_airflow1/env/lib/python3.11/site-packages/airflow/example_dags/tutorial_taskflow_api_virtualenv.py for tasks to queue
[2023-06-13T11:42:59.129+0200] {logging_mixin.py:149} INFO - [2023-06-13T11:42:59.129+0200] {dagbag.py:541} INFO - Filling up the DagBag from /Users/simba/Documents/Converteo/cas_airflow1/env/lib/python3.11/site-packages/airflow/example_dags/tutorial_taskflow_api_virtualenv.py
[2023-06-13T11:42:59.203+0200] {processor.py:836} INFO - DAG(s) dict_keys(['tutorial_taskflow_api_virtualenv']) retrieved from /Users/simba/Documents/Converteo/cas_airflow1/env/lib/python3.11/site-packages/airflow/example_dags/tutorial_taskflow_api_virtualenv.py
[2023-06-13T11:42:59.261+0200] {logging_mixin.py:149} INFO - [2023-06-13T11:42:59.261+0200] {dag.py:2726} INFO - Sync 1 DAGs
[2023-06-13T11:43:00.239+0200] {logging_mixin.py:149} INFO - [2023-06-13T11:43:00.239+0200] {dag.py:3486} INFO - Setting next_dagrun for tutorial_taskflow_api_virtualenv to None, run_after=None
[2023-06-13T11:43:00.277+0200] {processor.py:179} INFO - Processing /Users/simba/Documents/Converteo/cas_airflow1/env/lib/python3.11/site-packages/airflow/example_dags/tutorial_taskflow_api_virtualenv.py took 1.154 seconds
[2023-06-13T11:43:58.820+0200] {processor.py:157} INFO - Started process (PID=70782) to work on /Users/simba/Documents/Converteo/cas_airflow1/env/lib/python3.11/site-packages/airflow/example_dags/tutorial_taskflow_api_virtualenv.py
[2023-06-13T11:43:58.827+0200] {processor.py:826} INFO - Processing file /Users/simba/Documents/Converteo/cas_airflow1/env/lib/python3.11/site-packages/airflow/example_dags/tutorial_taskflow_api_virtualenv.py for tasks to queue
[2023-06-13T11:43:58.829+0200] {logging_mixin.py:149} INFO - [2023-06-13T11:43:58.829+0200] {dagbag.py:541} INFO - Filling up the DagBag from /Users/simba/Documents/Converteo/cas_airflow1/env/lib/python3.11/site-packages/airflow/example_dags/tutorial_taskflow_api_virtualenv.py
[2023-06-13T11:43:58.899+0200] {processor.py:836} INFO - DAG(s) dict_keys(['tutorial_taskflow_api_virtualenv']) retrieved from /Users/simba/Documents/Converteo/cas_airflow1/env/lib/python3.11/site-packages/airflow/example_dags/tutorial_taskflow_api_virtualenv.py
[2023-06-13T11:43:58.948+0200] {logging_mixin.py:149} INFO - [2023-06-13T11:43:58.947+0200] {dag.py:2726} INFO - Sync 1 DAGs
[2023-06-13T11:43:59.651+0200] {logging_mixin.py:149} INFO - [2023-06-13T11:43:59.651+0200] {dag.py:3486} INFO - Setting next_dagrun for tutorial_taskflow_api_virtualenv to None, run_after=None
[2023-06-13T11:43:59.672+0200] {processor.py:179} INFO - Processing /Users/simba/Documents/Converteo/cas_airflow1/env/lib/python3.11/site-packages/airflow/example_dags/tutorial_taskflow_api_virtualenv.py took 0.853 seconds
[2023-06-13T11:44:52.878+0200] {processor.py:157} INFO - Started process (PID=70993) to work on /Users/simba/Documents/Converteo/cas_airflow1/env/lib/python3.11/site-packages/airflow/example_dags/tutorial_taskflow_api_virtualenv.py
[2023-06-13T11:44:52.883+0200] {processor.py:826} INFO - Processing file /Users/simba/Documents/Converteo/cas_airflow1/env/lib/python3.11/site-packages/airflow/example_dags/tutorial_taskflow_api_virtualenv.py for tasks to queue
[2023-06-13T11:44:52.884+0200] {logging_mixin.py:149} INFO - [2023-06-13T11:44:52.884+0200] {dagbag.py:541} INFO - Filling up the DagBag from /Users/simba/Documents/Converteo/cas_airflow1/env/lib/python3.11/site-packages/airflow/example_dags/tutorial_taskflow_api_virtualenv.py
[2023-06-13T11:44:52.936+0200] {processor.py:836} INFO - DAG(s) dict_keys(['tutorial_taskflow_api_virtualenv']) retrieved from /Users/simba/Documents/Converteo/cas_airflow1/env/lib/python3.11/site-packages/airflow/example_dags/tutorial_taskflow_api_virtualenv.py
[2023-06-13T11:44:52.970+0200] {logging_mixin.py:149} INFO - [2023-06-13T11:44:52.970+0200] {dag.py:2726} INFO - Sync 1 DAGs
[2023-06-13T11:44:53.655+0200] {logging_mixin.py:149} INFO - [2023-06-13T11:44:53.655+0200] {dag.py:3486} INFO - Setting next_dagrun for tutorial_taskflow_api_virtualenv to None, run_after=None
[2023-06-13T11:44:53.673+0200] {processor.py:179} INFO - Processing /Users/simba/Documents/Converteo/cas_airflow1/env/lib/python3.11/site-packages/airflow/example_dags/tutorial_taskflow_api_virtualenv.py took 0.796 seconds
[2023-06-13T11:47:33.873+0200] {processor.py:157} INFO - Started process (PID=71426) to work on /Users/simba/Documents/Converteo/cas_airflow1/env/lib/python3.11/site-packages/airflow/example_dags/tutorial_taskflow_api_virtualenv.py
[2023-06-13T11:47:33.876+0200] {processor.py:826} INFO - Processing file /Users/simba/Documents/Converteo/cas_airflow1/env/lib/python3.11/site-packages/airflow/example_dags/tutorial_taskflow_api_virtualenv.py for tasks to queue
[2023-06-13T11:47:33.877+0200] {logging_mixin.py:149} INFO - [2023-06-13T11:47:33.877+0200] {dagbag.py:541} INFO - Filling up the DagBag from /Users/simba/Documents/Converteo/cas_airflow1/env/lib/python3.11/site-packages/airflow/example_dags/tutorial_taskflow_api_virtualenv.py
[2023-06-13T11:47:33.923+0200] {processor.py:836} INFO - DAG(s) dict_keys(['tutorial_taskflow_api_virtualenv']) retrieved from /Users/simba/Documents/Converteo/cas_airflow1/env/lib/python3.11/site-packages/airflow/example_dags/tutorial_taskflow_api_virtualenv.py
[2023-06-13T11:47:34.557+0200] {logging_mixin.py:149} INFO - [2023-06-13T11:47:34.556+0200] {dag.py:2726} INFO - Sync 1 DAGs
[2023-06-13T11:47:34.571+0200] {logging_mixin.py:149} INFO - [2023-06-13T11:47:34.571+0200] {dag.py:3486} INFO - Setting next_dagrun for tutorial_taskflow_api_virtualenv to None, run_after=None
[2023-06-13T11:47:34.589+0200] {processor.py:179} INFO - Processing /Users/simba/Documents/Converteo/cas_airflow1/env/lib/python3.11/site-packages/airflow/example_dags/tutorial_taskflow_api_virtualenv.py took 0.717 seconds
[2023-06-13T11:49:35.637+0200] {processor.py:157} INFO - Started process (PID=71800) to work on /Users/simba/Documents/Converteo/cas_airflow1/env/lib/python3.11/site-packages/airflow/example_dags/tutorial_taskflow_api_virtualenv.py
[2023-06-13T11:49:35.642+0200] {processor.py:826} INFO - Processing file /Users/simba/Documents/Converteo/cas_airflow1/env/lib/python3.11/site-packages/airflow/example_dags/tutorial_taskflow_api_virtualenv.py for tasks to queue
[2023-06-13T11:49:35.643+0200] {logging_mixin.py:149} INFO - [2023-06-13T11:49:35.642+0200] {dagbag.py:541} INFO - Filling up the DagBag from /Users/simba/Documents/Converteo/cas_airflow1/env/lib/python3.11/site-packages/airflow/example_dags/tutorial_taskflow_api_virtualenv.py
[2023-06-13T11:49:35.690+0200] {processor.py:836} INFO - DAG(s) dict_keys(['tutorial_taskflow_api_virtualenv']) retrieved from /Users/simba/Documents/Converteo/cas_airflow1/env/lib/python3.11/site-packages/airflow/example_dags/tutorial_taskflow_api_virtualenv.py
[2023-06-13T11:49:36.349+0200] {logging_mixin.py:149} INFO - [2023-06-13T11:49:36.348+0200] {dag.py:2726} INFO - Sync 1 DAGs
[2023-06-13T11:49:36.364+0200] {logging_mixin.py:149} INFO - [2023-06-13T11:49:36.364+0200] {dag.py:3486} INFO - Setting next_dagrun for tutorial_taskflow_api_virtualenv to None, run_after=None
[2023-06-13T11:49:36.382+0200] {processor.py:179} INFO - Processing /Users/simba/Documents/Converteo/cas_airflow1/env/lib/python3.11/site-packages/airflow/example_dags/tutorial_taskflow_api_virtualenv.py took 0.746 seconds
