[2023-06-13T11:26:27.855+0200] {processor.py:157} INFO - Started process (PID=67636) to work on /Users/simba/Documents/Converteo/cas_airflow1/env/lib/python3.11/site-packages/airflow/example_dags/tutorial.py
[2023-06-13T11:26:27.859+0200] {processor.py:826} INFO - Processing file /Users/simba/Documents/Converteo/cas_airflow1/env/lib/python3.11/site-packages/airflow/example_dags/tutorial.py for tasks to queue
[2023-06-13T11:26:27.859+0200] {logging_mixin.py:149} INFO - [2023-06-13T11:26:27.859+0200] {dagbag.py:541} INFO - Filling up the DagBag from /Users/simba/Documents/Converteo/cas_airflow1/env/lib/python3.11/site-packages/airflow/example_dags/tutorial.py
[2023-06-13T11:26:27.884+0200] {processor.py:836} INFO - DAG(s) dict_keys(['tutorial']) retrieved from /Users/simba/Documents/Converteo/cas_airflow1/env/lib/python3.11/site-packages/airflow/example_dags/tutorial.py
[2023-06-13T11:26:28.714+0200] {logging_mixin.py:149} INFO - [2023-06-13T11:26:28.713+0200] {dag.py:2726} INFO - Sync 1 DAGs
[2023-06-13T11:26:28.750+0200] {logging_mixin.py:149} INFO - [2023-06-13T11:26:28.750+0200] {dag.py:3486} INFO - Setting next_dagrun for tutorial to 2023-06-12T09:26:28.750013+00:00, run_after=2023-06-13T09:26:28.750013+00:00
[2023-06-13T11:26:28.790+0200] {processor.py:179} INFO - Processing /Users/simba/Documents/Converteo/cas_airflow1/env/lib/python3.11/site-packages/airflow/example_dags/tutorial.py took 0.935 seconds
[2023-06-13T11:32:13.786+0200] {processor.py:157} INFO - Started process (PID=68810) to work on /Users/simba/Documents/Converteo/cas_airflow1/env/lib/python3.11/site-packages/airflow/example_dags/tutorial.py
[2023-06-13T11:32:13.790+0200] {processor.py:826} INFO - Processing file /Users/simba/Documents/Converteo/cas_airflow1/env/lib/python3.11/site-packages/airflow/example_dags/tutorial.py for tasks to queue
[2023-06-13T11:32:13.790+0200] {logging_mixin.py:149} INFO - [2023-06-13T11:32:13.790+0200] {dagbag.py:541} INFO - Filling up the DagBag from /Users/simba/Documents/Converteo/cas_airflow1/env/lib/python3.11/site-packages/airflow/example_dags/tutorial.py
[2023-06-13T11:32:13.813+0200] {processor.py:836} INFO - DAG(s) dict_keys(['tutorial']) retrieved from /Users/simba/Documents/Converteo/cas_airflow1/env/lib/python3.11/site-packages/airflow/example_dags/tutorial.py
[2023-06-13T11:32:14.714+0200] {logging_mixin.py:149} INFO - [2023-06-13T11:32:14.713+0200] {manager.py:504} INFO - Created Permission View: can read on DAG:tutorial
[2023-06-13T11:32:14.722+0200] {logging_mixin.py:149} INFO - [2023-06-13T11:32:14.722+0200] {manager.py:504} INFO - Created Permission View: can edit on DAG:tutorial
[2023-06-13T11:32:14.791+0200] {logging_mixin.py:149} INFO - [2023-06-13T11:32:14.791+0200] {manager.py:504} INFO - Created Permission View: can delete on DAG:tutorial
[2023-06-13T11:32:14.792+0200] {logging_mixin.py:149} INFO - [2023-06-13T11:32:14.792+0200] {dag.py:2726} INFO - Sync 1 DAGs
[2023-06-13T11:32:14.802+0200] {logging_mixin.py:149} INFO - [2023-06-13T11:32:14.802+0200] {dag.py:2747} INFO - Creating ORM DAG for tutorial
[2023-06-13T11:32:14.812+0200] {logging_mixin.py:149} INFO - [2023-06-13T11:32:14.812+0200] {dag.py:3486} INFO - Setting next_dagrun for tutorial to 2023-06-12T09:32:14.812455+00:00, run_after=2023-06-13T09:32:14.812455+00:00
[2023-06-13T11:32:14.834+0200] {processor.py:179} INFO - Processing /Users/simba/Documents/Converteo/cas_airflow1/env/lib/python3.11/site-packages/airflow/example_dags/tutorial.py took 1.048 seconds
[2023-06-13T11:34:37.823+0200] {processor.py:157} INFO - Started process (PID=69159) to work on /Users/simba/Documents/Converteo/cas_airflow1/env/lib/python3.11/site-packages/airflow/example_dags/tutorial.py
[2023-06-13T11:34:37.826+0200] {processor.py:826} INFO - Processing file /Users/simba/Documents/Converteo/cas_airflow1/env/lib/python3.11/site-packages/airflow/example_dags/tutorial.py for tasks to queue
[2023-06-13T11:34:37.827+0200] {logging_mixin.py:149} INFO - [2023-06-13T11:34:37.827+0200] {dagbag.py:541} INFO - Filling up the DagBag from /Users/simba/Documents/Converteo/cas_airflow1/env/lib/python3.11/site-packages/airflow/example_dags/tutorial.py
[2023-06-13T11:34:37.850+0200] {processor.py:836} INFO - DAG(s) dict_keys(['tutorial']) retrieved from /Users/simba/Documents/Converteo/cas_airflow1/env/lib/python3.11/site-packages/airflow/example_dags/tutorial.py
[2023-06-13T11:34:38.492+0200] {logging_mixin.py:149} INFO - [2023-06-13T11:34:38.492+0200] {dag.py:2726} INFO - Sync 1 DAGs
[2023-06-13T11:34:38.508+0200] {logging_mixin.py:149} INFO - [2023-06-13T11:34:38.508+0200] {dag.py:3486} INFO - Setting next_dagrun for tutorial to 2023-06-12T09:34:38.508243+00:00, run_after=2023-06-13T09:34:38.508243+00:00
[2023-06-13T11:34:38.526+0200] {processor.py:179} INFO - Processing /Users/simba/Documents/Converteo/cas_airflow1/env/lib/python3.11/site-packages/airflow/example_dags/tutorial.py took 0.704 seconds
[2023-06-13T11:36:24.909+0200] {processor.py:157} INFO - Started process (PID=69432) to work on /Users/simba/Documents/Converteo/cas_airflow1/env/lib/python3.11/site-packages/airflow/example_dags/tutorial.py
[2023-06-13T11:36:24.912+0200] {processor.py:826} INFO - Processing file /Users/simba/Documents/Converteo/cas_airflow1/env/lib/python3.11/site-packages/airflow/example_dags/tutorial.py for tasks to queue
[2023-06-13T11:36:24.913+0200] {logging_mixin.py:149} INFO - [2023-06-13T11:36:24.913+0200] {dagbag.py:541} INFO - Filling up the DagBag from /Users/simba/Documents/Converteo/cas_airflow1/env/lib/python3.11/site-packages/airflow/example_dags/tutorial.py
[2023-06-13T11:36:24.932+0200] {processor.py:836} INFO - DAG(s) dict_keys(['tutorial']) retrieved from /Users/simba/Documents/Converteo/cas_airflow1/env/lib/python3.11/site-packages/airflow/example_dags/tutorial.py
[2023-06-13T11:36:25.574+0200] {logging_mixin.py:149} INFO - [2023-06-13T11:36:25.574+0200] {dag.py:2726} INFO - Sync 1 DAGs
[2023-06-13T11:36:25.591+0200] {logging_mixin.py:149} INFO - [2023-06-13T11:36:25.591+0200] {dag.py:3486} INFO - Setting next_dagrun for tutorial to 2023-06-12T09:36:25.590929+00:00, run_after=2023-06-13T09:36:25.590929+00:00
[2023-06-13T11:36:25.608+0200] {processor.py:179} INFO - Processing /Users/simba/Documents/Converteo/cas_airflow1/env/lib/python3.11/site-packages/airflow/example_dags/tutorial.py took 0.700 seconds
[2023-06-13T11:38:06.389+0200] {processor.py:157} INFO - Started process (PID=69685) to work on /Users/simba/Documents/Converteo/cas_airflow1/env/lib/python3.11/site-packages/airflow/example_dags/tutorial.py
[2023-06-13T11:38:06.392+0200] {processor.py:826} INFO - Processing file /Users/simba/Documents/Converteo/cas_airflow1/env/lib/python3.11/site-packages/airflow/example_dags/tutorial.py for tasks to queue
[2023-06-13T11:38:06.393+0200] {logging_mixin.py:149} INFO - [2023-06-13T11:38:06.393+0200] {dagbag.py:541} INFO - Filling up the DagBag from /Users/simba/Documents/Converteo/cas_airflow1/env/lib/python3.11/site-packages/airflow/example_dags/tutorial.py
[2023-06-13T11:38:06.413+0200] {processor.py:836} INFO - DAG(s) dict_keys(['tutorial']) retrieved from /Users/simba/Documents/Converteo/cas_airflow1/env/lib/python3.11/site-packages/airflow/example_dags/tutorial.py
[2023-06-13T11:38:07.120+0200] {logging_mixin.py:149} INFO - [2023-06-13T11:38:07.120+0200] {dag.py:2726} INFO - Sync 1 DAGs
[2023-06-13T11:38:07.136+0200] {logging_mixin.py:149} INFO - [2023-06-13T11:38:07.135+0200] {dag.py:3486} INFO - Setting next_dagrun for tutorial to 2023-06-12T09:38:07.135832+00:00, run_after=2023-06-13T09:38:07.135832+00:00
[2023-06-13T11:38:07.157+0200] {processor.py:179} INFO - Processing /Users/simba/Documents/Converteo/cas_airflow1/env/lib/python3.11/site-packages/airflow/example_dags/tutorial.py took 0.769 seconds
[2023-06-13T11:39:49.343+0200] {processor.py:157} INFO - Started process (PID=69963) to work on /Users/simba/Documents/Converteo/cas_airflow1/env/lib/python3.11/site-packages/airflow/example_dags/tutorial.py
[2023-06-13T11:39:49.347+0200] {processor.py:826} INFO - Processing file /Users/simba/Documents/Converteo/cas_airflow1/env/lib/python3.11/site-packages/airflow/example_dags/tutorial.py for tasks to queue
[2023-06-13T11:39:49.347+0200] {logging_mixin.py:149} INFO - [2023-06-13T11:39:49.347+0200] {dagbag.py:541} INFO - Filling up the DagBag from /Users/simba/Documents/Converteo/cas_airflow1/env/lib/python3.11/site-packages/airflow/example_dags/tutorial.py
[2023-06-13T11:39:49.364+0200] {processor.py:836} INFO - DAG(s) dict_keys(['tutorial']) retrieved from /Users/simba/Documents/Converteo/cas_airflow1/env/lib/python3.11/site-packages/airflow/example_dags/tutorial.py
[2023-06-13T11:39:50.034+0200] {logging_mixin.py:149} INFO - [2023-06-13T11:39:50.033+0200] {dag.py:2726} INFO - Sync 1 DAGs
[2023-06-13T11:39:50.051+0200] {logging_mixin.py:149} INFO - [2023-06-13T11:39:50.051+0200] {dag.py:3486} INFO - Setting next_dagrun for tutorial to 2023-06-12T09:39:50.051387+00:00, run_after=2023-06-13T09:39:50.051387+00:00
[2023-06-13T11:39:50.069+0200] {processor.py:179} INFO - Processing /Users/simba/Documents/Converteo/cas_airflow1/env/lib/python3.11/site-packages/airflow/example_dags/tutorial.py took 0.727 seconds
[2023-06-13T11:41:35.842+0200] {processor.py:157} INFO - Started process (PID=70302) to work on /Users/simba/Documents/Converteo/cas_airflow1/env/lib/python3.11/site-packages/airflow/example_dags/tutorial.py
[2023-06-13T11:41:35.845+0200] {processor.py:826} INFO - Processing file /Users/simba/Documents/Converteo/cas_airflow1/env/lib/python3.11/site-packages/airflow/example_dags/tutorial.py for tasks to queue
[2023-06-13T11:41:35.845+0200] {logging_mixin.py:149} INFO - [2023-06-13T11:41:35.845+0200] {dagbag.py:541} INFO - Filling up the DagBag from /Users/simba/Documents/Converteo/cas_airflow1/env/lib/python3.11/site-packages/airflow/example_dags/tutorial.py
[2023-06-13T11:41:35.865+0200] {processor.py:836} INFO - DAG(s) dict_keys(['tutorial']) retrieved from /Users/simba/Documents/Converteo/cas_airflow1/env/lib/python3.11/site-packages/airflow/example_dags/tutorial.py
[2023-06-13T11:41:36.630+0200] {logging_mixin.py:149} INFO - [2023-06-13T11:41:36.630+0200] {dag.py:2726} INFO - Sync 1 DAGs
[2023-06-13T11:41:36.649+0200] {logging_mixin.py:149} INFO - [2023-06-13T11:41:36.649+0200] {dag.py:3486} INFO - Setting next_dagrun for tutorial to 2023-06-12T09:41:36.649356+00:00, run_after=2023-06-13T09:41:36.649356+00:00
[2023-06-13T11:41:36.669+0200] {processor.py:179} INFO - Processing /Users/simba/Documents/Converteo/cas_airflow1/env/lib/python3.11/site-packages/airflow/example_dags/tutorial.py took 0.828 seconds
[2023-06-13T11:43:10.104+0200] {processor.py:157} INFO - Started process (PID=70597) to work on /Users/simba/Documents/Converteo/cas_airflow1/env/lib/python3.11/site-packages/airflow/example_dags/tutorial.py
[2023-06-13T11:43:10.108+0200] {processor.py:826} INFO - Processing file /Users/simba/Documents/Converteo/cas_airflow1/env/lib/python3.11/site-packages/airflow/example_dags/tutorial.py for tasks to queue
[2023-06-13T11:43:10.108+0200] {logging_mixin.py:149} INFO - [2023-06-13T11:43:10.108+0200] {dagbag.py:541} INFO - Filling up the DagBag from /Users/simba/Documents/Converteo/cas_airflow1/env/lib/python3.11/site-packages/airflow/example_dags/tutorial.py
[2023-06-13T11:43:10.130+0200] {processor.py:836} INFO - DAG(s) dict_keys(['tutorial']) retrieved from /Users/simba/Documents/Converteo/cas_airflow1/env/lib/python3.11/site-packages/airflow/example_dags/tutorial.py
[2023-06-13T11:43:10.786+0200] {logging_mixin.py:149} INFO - [2023-06-13T11:43:10.786+0200] {dag.py:2726} INFO - Sync 1 DAGs
[2023-06-13T11:43:10.805+0200] {logging_mixin.py:149} INFO - [2023-06-13T11:43:10.805+0200] {dag.py:3486} INFO - Setting next_dagrun for tutorial to 2023-06-12T09:43:10.805078+00:00, run_after=2023-06-13T09:43:10.805078+00:00
[2023-06-13T11:43:10.843+0200] {processor.py:179} INFO - Processing /Users/simba/Documents/Converteo/cas_airflow1/env/lib/python3.11/site-packages/airflow/example_dags/tutorial.py took 0.740 seconds
[2023-06-13T11:44:09.665+0200] {processor.py:157} INFO - Started process (PID=70838) to work on /Users/simba/Documents/Converteo/cas_airflow1/env/lib/python3.11/site-packages/airflow/example_dags/tutorial.py
[2023-06-13T11:44:09.669+0200] {processor.py:826} INFO - Processing file /Users/simba/Documents/Converteo/cas_airflow1/env/lib/python3.11/site-packages/airflow/example_dags/tutorial.py for tasks to queue
[2023-06-13T11:44:09.670+0200] {logging_mixin.py:149} INFO - [2023-06-13T11:44:09.670+0200] {dagbag.py:541} INFO - Filling up the DagBag from /Users/simba/Documents/Converteo/cas_airflow1/env/lib/python3.11/site-packages/airflow/example_dags/tutorial.py
[2023-06-13T11:44:09.700+0200] {processor.py:836} INFO - DAG(s) dict_keys(['tutorial']) retrieved from /Users/simba/Documents/Converteo/cas_airflow1/env/lib/python3.11/site-packages/airflow/example_dags/tutorial.py
[2023-06-13T11:44:10.479+0200] {logging_mixin.py:149} INFO - [2023-06-13T11:44:10.478+0200] {dag.py:2726} INFO - Sync 1 DAGs
[2023-06-13T11:44:10.497+0200] {logging_mixin.py:149} INFO - [2023-06-13T11:44:10.497+0200] {dag.py:3486} INFO - Setting next_dagrun for tutorial to 2023-06-12T09:44:10.497277+00:00, run_after=2023-06-13T09:44:10.497277+00:00
[2023-06-13T11:44:10.519+0200] {processor.py:179} INFO - Processing /Users/simba/Documents/Converteo/cas_airflow1/env/lib/python3.11/site-packages/airflow/example_dags/tutorial.py took 0.856 seconds
[2023-06-13T11:45:03.931+0200] {processor.py:157} INFO - Started process (PID=71025) to work on /Users/simba/Documents/Converteo/cas_airflow1/env/lib/python3.11/site-packages/airflow/example_dags/tutorial.py
[2023-06-13T11:45:03.936+0200] {processor.py:826} INFO - Processing file /Users/simba/Documents/Converteo/cas_airflow1/env/lib/python3.11/site-packages/airflow/example_dags/tutorial.py for tasks to queue
[2023-06-13T11:45:03.936+0200] {logging_mixin.py:149} INFO - [2023-06-13T11:45:03.936+0200] {dagbag.py:541} INFO - Filling up the DagBag from /Users/simba/Documents/Converteo/cas_airflow1/env/lib/python3.11/site-packages/airflow/example_dags/tutorial.py
[2023-06-13T11:45:03.960+0200] {processor.py:836} INFO - DAG(s) dict_keys(['tutorial']) retrieved from /Users/simba/Documents/Converteo/cas_airflow1/env/lib/python3.11/site-packages/airflow/example_dags/tutorial.py
[2023-06-13T11:45:04.992+0200] {logging_mixin.py:149} INFO - [2023-06-13T11:45:04.992+0200] {dag.py:2726} INFO - Sync 1 DAGs
[2023-06-13T11:45:05.017+0200] {logging_mixin.py:149} INFO - [2023-06-13T11:45:05.017+0200] {dag.py:3486} INFO - Setting next_dagrun for tutorial to 2023-06-12T09:45:05.016842+00:00, run_after=2023-06-13T09:45:05.016842+00:00
[2023-06-13T11:45:05.041+0200] {processor.py:179} INFO - Processing /Users/simba/Documents/Converteo/cas_airflow1/env/lib/python3.11/site-packages/airflow/example_dags/tutorial.py took 1.111 seconds
[2023-06-13T11:47:42.874+0200] {processor.py:157} INFO - Started process (PID=71448) to work on /Users/simba/Documents/Converteo/cas_airflow1/env/lib/python3.11/site-packages/airflow/example_dags/tutorial.py
[2023-06-13T11:47:42.880+0200] {processor.py:826} INFO - Processing file /Users/simba/Documents/Converteo/cas_airflow1/env/lib/python3.11/site-packages/airflow/example_dags/tutorial.py for tasks to queue
[2023-06-13T11:47:42.881+0200] {logging_mixin.py:149} INFO - [2023-06-13T11:47:42.880+0200] {dagbag.py:541} INFO - Filling up the DagBag from /Users/simba/Documents/Converteo/cas_airflow1/env/lib/python3.11/site-packages/airflow/example_dags/tutorial.py
[2023-06-13T11:47:42.934+0200] {processor.py:836} INFO - DAG(s) dict_keys(['tutorial']) retrieved from /Users/simba/Documents/Converteo/cas_airflow1/env/lib/python3.11/site-packages/airflow/example_dags/tutorial.py
[2023-06-13T11:47:43.755+0200] {logging_mixin.py:149} INFO - [2023-06-13T11:47:43.755+0200] {dag.py:2726} INFO - Sync 1 DAGs
[2023-06-13T11:47:43.772+0200] {logging_mixin.py:149} INFO - [2023-06-13T11:47:43.772+0200] {dag.py:3486} INFO - Setting next_dagrun for tutorial to 2023-06-12T09:47:43.772343+00:00, run_after=2023-06-13T09:47:43.772343+00:00
[2023-06-13T11:47:43.790+0200] {processor.py:179} INFO - Processing /Users/simba/Documents/Converteo/cas_airflow1/env/lib/python3.11/site-packages/airflow/example_dags/tutorial.py took 0.917 seconds
[2023-06-13T11:49:43.703+0200] {processor.py:157} INFO - Started process (PID=71817) to work on /Users/simba/Documents/Converteo/cas_airflow1/env/lib/python3.11/site-packages/airflow/example_dags/tutorial.py
[2023-06-13T11:49:43.707+0200] {processor.py:826} INFO - Processing file /Users/simba/Documents/Converteo/cas_airflow1/env/lib/python3.11/site-packages/airflow/example_dags/tutorial.py for tasks to queue
[2023-06-13T11:49:43.708+0200] {logging_mixin.py:149} INFO - [2023-06-13T11:49:43.707+0200] {dagbag.py:541} INFO - Filling up the DagBag from /Users/simba/Documents/Converteo/cas_airflow1/env/lib/python3.11/site-packages/airflow/example_dags/tutorial.py
[2023-06-13T11:49:43.727+0200] {processor.py:836} INFO - DAG(s) dict_keys(['tutorial']) retrieved from /Users/simba/Documents/Converteo/cas_airflow1/env/lib/python3.11/site-packages/airflow/example_dags/tutorial.py
[2023-06-13T11:49:44.384+0200] {logging_mixin.py:149} INFO - [2023-06-13T11:49:44.384+0200] {dag.py:2726} INFO - Sync 1 DAGs
[2023-06-13T11:49:44.400+0200] {logging_mixin.py:149} INFO - [2023-06-13T11:49:44.400+0200] {dag.py:3486} INFO - Setting next_dagrun for tutorial to 2023-06-12T09:49:44.400646+00:00, run_after=2023-06-13T09:49:44.400646+00:00
[2023-06-13T11:49:44.419+0200] {processor.py:179} INFO - Processing /Users/simba/Documents/Converteo/cas_airflow1/env/lib/python3.11/site-packages/airflow/example_dags/tutorial.py took 0.717 seconds
