[2023-06-13T11:26:24.276+0200] {processor.py:157} INFO - Started process (PID=67630) to work on /Users/simba/Documents/Converteo/cas_airflow1/env/lib/python3.11/site-packages/airflow/example_dags/tutorial_dag.py
[2023-06-13T11:26:24.280+0200] {processor.py:826} INFO - Processing file /Users/simba/Documents/Converteo/cas_airflow1/env/lib/python3.11/site-packages/airflow/example_dags/tutorial_dag.py for tasks to queue
[2023-06-13T11:26:24.281+0200] {logging_mixin.py:149} INFO - [2023-06-13T11:26:24.281+0200] {dagbag.py:541} INFO - Filling up the DagBag from /Users/simba/Documents/Converteo/cas_airflow1/env/lib/python3.11/site-packages/airflow/example_dags/tutorial_dag.py
[2023-06-13T11:26:24.330+0200] {processor.py:836} INFO - DAG(s) dict_keys(['tutorial_dag']) retrieved from /Users/simba/Documents/Converteo/cas_airflow1/env/lib/python3.11/site-packages/airflow/example_dags/tutorial_dag.py
[2023-06-13T11:26:25.299+0200] {logging_mixin.py:149} INFO - [2023-06-13T11:26:25.299+0200] {dag.py:2726} INFO - Sync 1 DAGs
[2023-06-13T11:26:25.318+0200] {logging_mixin.py:149} INFO - [2023-06-13T11:26:25.318+0200] {dag.py:3486} INFO - Setting next_dagrun for tutorial_dag to None, run_after=None
[2023-06-13T11:26:25.349+0200] {processor.py:179} INFO - Processing /Users/simba/Documents/Converteo/cas_airflow1/env/lib/python3.11/site-packages/airflow/example_dags/tutorial_dag.py took 1.073 seconds
[2023-06-13T11:31:22.608+0200] {processor.py:157} INFO - Started process (PID=68548) to work on /Users/simba/Documents/Converteo/cas_airflow1/env/lib/python3.11/site-packages/airflow/example_dags/tutorial_dag.py
[2023-06-13T11:31:22.613+0200] {processor.py:826} INFO - Processing file /Users/simba/Documents/Converteo/cas_airflow1/env/lib/python3.11/site-packages/airflow/example_dags/tutorial_dag.py for tasks to queue
[2023-06-13T11:31:22.614+0200] {logging_mixin.py:149} INFO - [2023-06-13T11:31:22.614+0200] {dagbag.py:541} INFO - Filling up the DagBag from /Users/simba/Documents/Converteo/cas_airflow1/env/lib/python3.11/site-packages/airflow/example_dags/tutorial_dag.py
[2023-06-13T11:31:22.687+0200] {processor.py:836} INFO - DAG(s) dict_keys(['tutorial_dag']) retrieved from /Users/simba/Documents/Converteo/cas_airflow1/env/lib/python3.11/site-packages/airflow/example_dags/tutorial_dag.py
[2023-06-13T11:32:10.320+0200] {processor.py:157} INFO - Started process (PID=68799) to work on /Users/simba/Documents/Converteo/cas_airflow1/env/lib/python3.11/site-packages/airflow/example_dags/tutorial_dag.py
[2023-06-13T11:32:10.324+0200] {processor.py:826} INFO - Processing file /Users/simba/Documents/Converteo/cas_airflow1/env/lib/python3.11/site-packages/airflow/example_dags/tutorial_dag.py for tasks to queue
[2023-06-13T11:32:10.325+0200] {logging_mixin.py:149} INFO - [2023-06-13T11:32:10.325+0200] {dagbag.py:541} INFO - Filling up the DagBag from /Users/simba/Documents/Converteo/cas_airflow1/env/lib/python3.11/site-packages/airflow/example_dags/tutorial_dag.py
[2023-06-13T11:32:10.358+0200] {processor.py:836} INFO - DAG(s) dict_keys(['tutorial_dag']) retrieved from /Users/simba/Documents/Converteo/cas_airflow1/env/lib/python3.11/site-packages/airflow/example_dags/tutorial_dag.py
[2023-06-13T11:32:11.257+0200] {logging_mixin.py:149} INFO - [2023-06-13T11:32:11.257+0200] {manager.py:504} INFO - Created Permission View: can delete on DAG:tutorial_dag
[2023-06-13T11:32:11.266+0200] {logging_mixin.py:149} INFO - [2023-06-13T11:32:11.266+0200] {manager.py:504} INFO - Created Permission View: can edit on DAG:tutorial_dag
[2023-06-13T11:32:11.273+0200] {logging_mixin.py:149} INFO - [2023-06-13T11:32:11.273+0200] {manager.py:504} INFO - Created Permission View: can read on DAG:tutorial_dag
[2023-06-13T11:32:11.273+0200] {logging_mixin.py:149} INFO - [2023-06-13T11:32:11.273+0200] {dag.py:2726} INFO - Sync 1 DAGs
[2023-06-13T11:32:11.283+0200] {logging_mixin.py:149} INFO - [2023-06-13T11:32:11.283+0200] {dag.py:2747} INFO - Creating ORM DAG for tutorial_dag
[2023-06-13T11:32:11.293+0200] {logging_mixin.py:149} INFO - [2023-06-13T11:32:11.292+0200] {dag.py:3486} INFO - Setting next_dagrun for tutorial_dag to None, run_after=None
[2023-06-13T11:32:11.312+0200] {processor.py:179} INFO - Processing /Users/simba/Documents/Converteo/cas_airflow1/env/lib/python3.11/site-packages/airflow/example_dags/tutorial_dag.py took 0.994 seconds
[2023-06-13T11:34:34.880+0200] {processor.py:157} INFO - Started process (PID=69154) to work on /Users/simba/Documents/Converteo/cas_airflow1/env/lib/python3.11/site-packages/airflow/example_dags/tutorial_dag.py
[2023-06-13T11:34:34.884+0200] {processor.py:826} INFO - Processing file /Users/simba/Documents/Converteo/cas_airflow1/env/lib/python3.11/site-packages/airflow/example_dags/tutorial_dag.py for tasks to queue
[2023-06-13T11:34:34.884+0200] {logging_mixin.py:149} INFO - [2023-06-13T11:34:34.884+0200] {dagbag.py:541} INFO - Filling up the DagBag from /Users/simba/Documents/Converteo/cas_airflow1/env/lib/python3.11/site-packages/airflow/example_dags/tutorial_dag.py
[2023-06-13T11:34:34.915+0200] {processor.py:836} INFO - DAG(s) dict_keys(['tutorial_dag']) retrieved from /Users/simba/Documents/Converteo/cas_airflow1/env/lib/python3.11/site-packages/airflow/example_dags/tutorial_dag.py
[2023-06-13T11:34:35.575+0200] {logging_mixin.py:149} INFO - [2023-06-13T11:34:35.574+0200] {dag.py:2726} INFO - Sync 1 DAGs
[2023-06-13T11:34:35.589+0200] {logging_mixin.py:149} INFO - [2023-06-13T11:34:35.589+0200] {dag.py:3486} INFO - Setting next_dagrun for tutorial_dag to None, run_after=None
[2023-06-13T11:34:35.608+0200] {processor.py:179} INFO - Processing /Users/simba/Documents/Converteo/cas_airflow1/env/lib/python3.11/site-packages/airflow/example_dags/tutorial_dag.py took 0.728 seconds
[2023-06-13T11:36:21.750+0200] {processor.py:157} INFO - Started process (PID=69424) to work on /Users/simba/Documents/Converteo/cas_airflow1/env/lib/python3.11/site-packages/airflow/example_dags/tutorial_dag.py
[2023-06-13T11:36:21.754+0200] {processor.py:826} INFO - Processing file /Users/simba/Documents/Converteo/cas_airflow1/env/lib/python3.11/site-packages/airflow/example_dags/tutorial_dag.py for tasks to queue
[2023-06-13T11:36:21.754+0200] {logging_mixin.py:149} INFO - [2023-06-13T11:36:21.754+0200] {dagbag.py:541} INFO - Filling up the DagBag from /Users/simba/Documents/Converteo/cas_airflow1/env/lib/python3.11/site-packages/airflow/example_dags/tutorial_dag.py
[2023-06-13T11:36:21.794+0200] {processor.py:836} INFO - DAG(s) dict_keys(['tutorial_dag']) retrieved from /Users/simba/Documents/Converteo/cas_airflow1/env/lib/python3.11/site-packages/airflow/example_dags/tutorial_dag.py
[2023-06-13T11:36:22.566+0200] {logging_mixin.py:149} INFO - [2023-06-13T11:36:22.566+0200] {dag.py:2726} INFO - Sync 1 DAGs
[2023-06-13T11:36:22.583+0200] {logging_mixin.py:149} INFO - [2023-06-13T11:36:22.582+0200] {dag.py:3486} INFO - Setting next_dagrun for tutorial_dag to None, run_after=None
[2023-06-13T11:36:22.601+0200] {processor.py:179} INFO - Processing /Users/simba/Documents/Converteo/cas_airflow1/env/lib/python3.11/site-packages/airflow/example_dags/tutorial_dag.py took 0.852 seconds
[2023-06-13T11:38:03.252+0200] {processor.py:157} INFO - Started process (PID=69673) to work on /Users/simba/Documents/Converteo/cas_airflow1/env/lib/python3.11/site-packages/airflow/example_dags/tutorial_dag.py
[2023-06-13T11:38:03.256+0200] {processor.py:826} INFO - Processing file /Users/simba/Documents/Converteo/cas_airflow1/env/lib/python3.11/site-packages/airflow/example_dags/tutorial_dag.py for tasks to queue
[2023-06-13T11:38:03.256+0200] {logging_mixin.py:149} INFO - [2023-06-13T11:38:03.256+0200] {dagbag.py:541} INFO - Filling up the DagBag from /Users/simba/Documents/Converteo/cas_airflow1/env/lib/python3.11/site-packages/airflow/example_dags/tutorial_dag.py
[2023-06-13T11:38:03.288+0200] {processor.py:836} INFO - DAG(s) dict_keys(['tutorial_dag']) retrieved from /Users/simba/Documents/Converteo/cas_airflow1/env/lib/python3.11/site-packages/airflow/example_dags/tutorial_dag.py
[2023-06-13T11:38:04.004+0200] {logging_mixin.py:149} INFO - [2023-06-13T11:38:04.004+0200] {dag.py:2726} INFO - Sync 1 DAGs
[2023-06-13T11:38:04.020+0200] {logging_mixin.py:149} INFO - [2023-06-13T11:38:04.020+0200] {dag.py:3486} INFO - Setting next_dagrun for tutorial_dag to None, run_after=None
[2023-06-13T11:38:04.038+0200] {processor.py:179} INFO - Processing /Users/simba/Documents/Converteo/cas_airflow1/env/lib/python3.11/site-packages/airflow/example_dags/tutorial_dag.py took 0.786 seconds
[2023-06-13T11:39:46.401+0200] {processor.py:157} INFO - Started process (PID=69957) to work on /Users/simba/Documents/Converteo/cas_airflow1/env/lib/python3.11/site-packages/airflow/example_dags/tutorial_dag.py
[2023-06-13T11:39:46.404+0200] {processor.py:826} INFO - Processing file /Users/simba/Documents/Converteo/cas_airflow1/env/lib/python3.11/site-packages/airflow/example_dags/tutorial_dag.py for tasks to queue
[2023-06-13T11:39:46.405+0200] {logging_mixin.py:149} INFO - [2023-06-13T11:39:46.405+0200] {dagbag.py:541} INFO - Filling up the DagBag from /Users/simba/Documents/Converteo/cas_airflow1/env/lib/python3.11/site-packages/airflow/example_dags/tutorial_dag.py
[2023-06-13T11:39:46.436+0200] {processor.py:836} INFO - DAG(s) dict_keys(['tutorial_dag']) retrieved from /Users/simba/Documents/Converteo/cas_airflow1/env/lib/python3.11/site-packages/airflow/example_dags/tutorial_dag.py
[2023-06-13T11:39:47.071+0200] {logging_mixin.py:149} INFO - [2023-06-13T11:39:47.070+0200] {dag.py:2726} INFO - Sync 1 DAGs
[2023-06-13T11:39:47.085+0200] {logging_mixin.py:149} INFO - [2023-06-13T11:39:47.085+0200] {dag.py:3486} INFO - Setting next_dagrun for tutorial_dag to None, run_after=None
[2023-06-13T11:39:47.104+0200] {processor.py:179} INFO - Processing /Users/simba/Documents/Converteo/cas_airflow1/env/lib/python3.11/site-packages/airflow/example_dags/tutorial_dag.py took 0.704 seconds
[2023-06-13T11:41:32.435+0200] {processor.py:157} INFO - Started process (PID=70267) to work on /Users/simba/Documents/Converteo/cas_airflow1/env/lib/python3.11/site-packages/airflow/example_dags/tutorial_dag.py
[2023-06-13T11:41:32.440+0200] {processor.py:826} INFO - Processing file /Users/simba/Documents/Converteo/cas_airflow1/env/lib/python3.11/site-packages/airflow/example_dags/tutorial_dag.py for tasks to queue
[2023-06-13T11:41:32.440+0200] {logging_mixin.py:149} INFO - [2023-06-13T11:41:32.440+0200] {dagbag.py:541} INFO - Filling up the DagBag from /Users/simba/Documents/Converteo/cas_airflow1/env/lib/python3.11/site-packages/airflow/example_dags/tutorial_dag.py
[2023-06-13T11:41:32.487+0200] {processor.py:836} INFO - DAG(s) dict_keys(['tutorial_dag']) retrieved from /Users/simba/Documents/Converteo/cas_airflow1/env/lib/python3.11/site-packages/airflow/example_dags/tutorial_dag.py
[2023-06-13T11:41:33.497+0200] {logging_mixin.py:149} INFO - [2023-06-13T11:41:33.496+0200] {dag.py:2726} INFO - Sync 1 DAGs
[2023-06-13T11:41:33.516+0200] {logging_mixin.py:149} INFO - [2023-06-13T11:41:33.516+0200] {dag.py:3486} INFO - Setting next_dagrun for tutorial_dag to None, run_after=None
[2023-06-13T11:41:33.538+0200] {processor.py:179} INFO - Processing /Users/simba/Documents/Converteo/cas_airflow1/env/lib/python3.11/site-packages/airflow/example_dags/tutorial_dag.py took 1.104 seconds
[2023-06-13T11:43:06.812+0200] {processor.py:157} INFO - Started process (PID=70587) to work on /Users/simba/Documents/Converteo/cas_airflow1/env/lib/python3.11/site-packages/airflow/example_dags/tutorial_dag.py
[2023-06-13T11:43:06.817+0200] {processor.py:826} INFO - Processing file /Users/simba/Documents/Converteo/cas_airflow1/env/lib/python3.11/site-packages/airflow/example_dags/tutorial_dag.py for tasks to queue
[2023-06-13T11:43:06.818+0200] {logging_mixin.py:149} INFO - [2023-06-13T11:43:06.817+0200] {dagbag.py:541} INFO - Filling up the DagBag from /Users/simba/Documents/Converteo/cas_airflow1/env/lib/python3.11/site-packages/airflow/example_dags/tutorial_dag.py
[2023-06-13T11:43:06.854+0200] {processor.py:836} INFO - DAG(s) dict_keys(['tutorial_dag']) retrieved from /Users/simba/Documents/Converteo/cas_airflow1/env/lib/python3.11/site-packages/airflow/example_dags/tutorial_dag.py
[2023-06-13T11:43:07.615+0200] {logging_mixin.py:149} INFO - [2023-06-13T11:43:07.615+0200] {dag.py:2726} INFO - Sync 1 DAGs
[2023-06-13T11:43:07.631+0200] {logging_mixin.py:149} INFO - [2023-06-13T11:43:07.631+0200] {dag.py:3486} INFO - Setting next_dagrun for tutorial_dag to None, run_after=None
[2023-06-13T11:43:07.650+0200] {processor.py:179} INFO - Processing /Users/simba/Documents/Converteo/cas_airflow1/env/lib/python3.11/site-packages/airflow/example_dags/tutorial_dag.py took 0.838 seconds
[2023-06-13T11:44:06.089+0200] {processor.py:157} INFO - Started process (PID=70810) to work on /Users/simba/Documents/Converteo/cas_airflow1/env/lib/python3.11/site-packages/airflow/example_dags/tutorial_dag.py
[2023-06-13T11:44:06.093+0200] {processor.py:826} INFO - Processing file /Users/simba/Documents/Converteo/cas_airflow1/env/lib/python3.11/site-packages/airflow/example_dags/tutorial_dag.py for tasks to queue
[2023-06-13T11:44:06.094+0200] {logging_mixin.py:149} INFO - [2023-06-13T11:44:06.094+0200] {dagbag.py:541} INFO - Filling up the DagBag from /Users/simba/Documents/Converteo/cas_airflow1/env/lib/python3.11/site-packages/airflow/example_dags/tutorial_dag.py
[2023-06-13T11:44:06.136+0200] {processor.py:836} INFO - DAG(s) dict_keys(['tutorial_dag']) retrieved from /Users/simba/Documents/Converteo/cas_airflow1/env/lib/python3.11/site-packages/airflow/example_dags/tutorial_dag.py
[2023-06-13T11:44:06.955+0200] {logging_mixin.py:149} INFO - [2023-06-13T11:44:06.954+0200] {dag.py:2726} INFO - Sync 1 DAGs
[2023-06-13T11:44:06.974+0200] {logging_mixin.py:149} INFO - [2023-06-13T11:44:06.974+0200] {dag.py:3486} INFO - Setting next_dagrun for tutorial_dag to None, run_after=None
[2023-06-13T11:44:06.996+0200] {processor.py:179} INFO - Processing /Users/simba/Documents/Converteo/cas_airflow1/env/lib/python3.11/site-packages/airflow/example_dags/tutorial_dag.py took 0.908 seconds
[2023-06-13T11:44:59.323+0200] {processor.py:157} INFO - Started process (PID=71011) to work on /Users/simba/Documents/Converteo/cas_airflow1/env/lib/python3.11/site-packages/airflow/example_dags/tutorial_dag.py
[2023-06-13T11:44:59.327+0200] {processor.py:826} INFO - Processing file /Users/simba/Documents/Converteo/cas_airflow1/env/lib/python3.11/site-packages/airflow/example_dags/tutorial_dag.py for tasks to queue
[2023-06-13T11:44:59.328+0200] {logging_mixin.py:149} INFO - [2023-06-13T11:44:59.328+0200] {dagbag.py:541} INFO - Filling up the DagBag from /Users/simba/Documents/Converteo/cas_airflow1/env/lib/python3.11/site-packages/airflow/example_dags/tutorial_dag.py
[2023-06-13T11:44:59.361+0200] {processor.py:836} INFO - DAG(s) dict_keys(['tutorial_dag']) retrieved from /Users/simba/Documents/Converteo/cas_airflow1/env/lib/python3.11/site-packages/airflow/example_dags/tutorial_dag.py
[2023-06-13T11:45:00.750+0200] {logging_mixin.py:149} INFO - [2023-06-13T11:45:00.750+0200] {dag.py:2726} INFO - Sync 1 DAGs
[2023-06-13T11:45:00.776+0200] {logging_mixin.py:149} INFO - [2023-06-13T11:45:00.776+0200] {dag.py:3486} INFO - Setting next_dagrun for tutorial_dag to None, run_after=None
[2023-06-13T11:45:00.808+0200] {processor.py:179} INFO - Processing /Users/simba/Documents/Converteo/cas_airflow1/env/lib/python3.11/site-packages/airflow/example_dags/tutorial_dag.py took 1.485 seconds
[2023-06-13T11:47:39.487+0200] {processor.py:157} INFO - Started process (PID=71440) to work on /Users/simba/Documents/Converteo/cas_airflow1/env/lib/python3.11/site-packages/airflow/example_dags/tutorial_dag.py
[2023-06-13T11:47:39.491+0200] {processor.py:826} INFO - Processing file /Users/simba/Documents/Converteo/cas_airflow1/env/lib/python3.11/site-packages/airflow/example_dags/tutorial_dag.py for tasks to queue
[2023-06-13T11:47:39.492+0200] {logging_mixin.py:149} INFO - [2023-06-13T11:47:39.491+0200] {dagbag.py:541} INFO - Filling up the DagBag from /Users/simba/Documents/Converteo/cas_airflow1/env/lib/python3.11/site-packages/airflow/example_dags/tutorial_dag.py
[2023-06-13T11:47:39.522+0200] {processor.py:836} INFO - DAG(s) dict_keys(['tutorial_dag']) retrieved from /Users/simba/Documents/Converteo/cas_airflow1/env/lib/python3.11/site-packages/airflow/example_dags/tutorial_dag.py
[2023-06-13T11:47:40.245+0200] {logging_mixin.py:149} INFO - [2023-06-13T11:47:40.245+0200] {dag.py:2726} INFO - Sync 1 DAGs
[2023-06-13T11:47:40.260+0200] {logging_mixin.py:149} INFO - [2023-06-13T11:47:40.259+0200] {dag.py:3486} INFO - Setting next_dagrun for tutorial_dag to None, run_after=None
[2023-06-13T11:47:40.278+0200] {processor.py:179} INFO - Processing /Users/simba/Documents/Converteo/cas_airflow1/env/lib/python3.11/site-packages/airflow/example_dags/tutorial_dag.py took 0.792 seconds
[2023-06-13T11:49:40.708+0200] {processor.py:157} INFO - Started process (PID=71812) to work on /Users/simba/Documents/Converteo/cas_airflow1/env/lib/python3.11/site-packages/airflow/example_dags/tutorial_dag.py
[2023-06-13T11:49:40.712+0200] {processor.py:826} INFO - Processing file /Users/simba/Documents/Converteo/cas_airflow1/env/lib/python3.11/site-packages/airflow/example_dags/tutorial_dag.py for tasks to queue
[2023-06-13T11:49:40.712+0200] {logging_mixin.py:149} INFO - [2023-06-13T11:49:40.712+0200] {dagbag.py:541} INFO - Filling up the DagBag from /Users/simba/Documents/Converteo/cas_airflow1/env/lib/python3.11/site-packages/airflow/example_dags/tutorial_dag.py
[2023-06-13T11:49:40.744+0200] {processor.py:836} INFO - DAG(s) dict_keys(['tutorial_dag']) retrieved from /Users/simba/Documents/Converteo/cas_airflow1/env/lib/python3.11/site-packages/airflow/example_dags/tutorial_dag.py
[2023-06-13T11:49:41.383+0200] {logging_mixin.py:149} INFO - [2023-06-13T11:49:41.383+0200] {dag.py:2726} INFO - Sync 1 DAGs
[2023-06-13T11:49:41.398+0200] {logging_mixin.py:149} INFO - [2023-06-13T11:49:41.398+0200] {dag.py:3486} INFO - Setting next_dagrun for tutorial_dag to None, run_after=None
[2023-06-13T11:49:41.416+0200] {processor.py:179} INFO - Processing /Users/simba/Documents/Converteo/cas_airflow1/env/lib/python3.11/site-packages/airflow/example_dags/tutorial_dag.py took 0.709 seconds
