[2023-06-13T11:26:20.071+0200] {processor.py:157} INFO - Started process (PID=67623) to work on /Users/simba/Documents/Converteo/cas_airflow1/env/lib/python3.11/site-packages/airflow/example_dags/tutorial_taskflow_api.py
[2023-06-13T11:26:20.074+0200] {processor.py:826} INFO - Processing file /Users/simba/Documents/Converteo/cas_airflow1/env/lib/python3.11/site-packages/airflow/example_dags/tutorial_taskflow_api.py for tasks to queue
[2023-06-13T11:26:20.075+0200] {logging_mixin.py:149} INFO - [2023-06-13T11:26:20.075+0200] {dagbag.py:541} INFO - Filling up the DagBag from /Users/simba/Documents/Converteo/cas_airflow1/env/lib/python3.11/site-packages/airflow/example_dags/tutorial_taskflow_api.py
[2023-06-13T11:26:20.142+0200] {processor.py:836} INFO - DAG(s) dict_keys(['tutorial_taskflow_api']) retrieved from /Users/simba/Documents/Converteo/cas_airflow1/env/lib/python3.11/site-packages/airflow/example_dags/tutorial_taskflow_api.py
[2023-06-13T11:26:20.188+0200] {logging_mixin.py:149} INFO - [2023-06-13T11:26:20.188+0200] {dag.py:2726} INFO - Sync 1 DAGs
[2023-06-13T11:26:21.154+0200] {logging_mixin.py:149} INFO - [2023-06-13T11:26:21.154+0200] {dag.py:3486} INFO - Setting next_dagrun for tutorial_taskflow_api to None, run_after=None
[2023-06-13T11:26:21.182+0200] {processor.py:179} INFO - Processing /Users/simba/Documents/Converteo/cas_airflow1/env/lib/python3.11/site-packages/airflow/example_dags/tutorial_taskflow_api.py took 1.112 seconds
[2023-06-13T11:31:18.616+0200] {processor.py:157} INFO - Started process (PID=68532) to work on /Users/simba/Documents/Converteo/cas_airflow1/env/lib/python3.11/site-packages/airflow/example_dags/tutorial_taskflow_api.py
[2023-06-13T11:31:18.620+0200] {processor.py:826} INFO - Processing file /Users/simba/Documents/Converteo/cas_airflow1/env/lib/python3.11/site-packages/airflow/example_dags/tutorial_taskflow_api.py for tasks to queue
[2023-06-13T11:31:18.620+0200] {logging_mixin.py:149} INFO - [2023-06-13T11:31:18.620+0200] {dagbag.py:541} INFO - Filling up the DagBag from /Users/simba/Documents/Converteo/cas_airflow1/env/lib/python3.11/site-packages/airflow/example_dags/tutorial_taskflow_api.py
[2023-06-13T11:31:18.674+0200] {processor.py:836} INFO - DAG(s) dict_keys(['tutorial_taskflow_api']) retrieved from /Users/simba/Documents/Converteo/cas_airflow1/env/lib/python3.11/site-packages/airflow/example_dags/tutorial_taskflow_api.py
[2023-06-13T11:31:18.706+0200] {logging_mixin.py:149} INFO - [2023-06-13T11:31:18.706+0200] {dag.py:2726} INFO - Sync 1 DAGs
[2023-06-13T11:31:19.794+0200] {logging_mixin.py:149} INFO - [2023-06-13T11:31:19.794+0200] {dag.py:3486} INFO - Setting next_dagrun for tutorial_taskflow_api to None, run_after=None
[2023-06-13T11:31:19.813+0200] {processor.py:179} INFO - Processing /Users/simba/Documents/Converteo/cas_airflow1/env/lib/python3.11/site-packages/airflow/example_dags/tutorial_taskflow_api.py took 1.198 seconds
[2023-06-13T11:32:06.420+0200] {processor.py:157} INFO - Started process (PID=68783) to work on /Users/simba/Documents/Converteo/cas_airflow1/env/lib/python3.11/site-packages/airflow/example_dags/tutorial_taskflow_api.py
[2023-06-13T11:32:06.425+0200] {processor.py:826} INFO - Processing file /Users/simba/Documents/Converteo/cas_airflow1/env/lib/python3.11/site-packages/airflow/example_dags/tutorial_taskflow_api.py for tasks to queue
[2023-06-13T11:32:06.426+0200] {logging_mixin.py:149} INFO - [2023-06-13T11:32:06.426+0200] {dagbag.py:541} INFO - Filling up the DagBag from /Users/simba/Documents/Converteo/cas_airflow1/env/lib/python3.11/site-packages/airflow/example_dags/tutorial_taskflow_api.py
[2023-06-13T11:32:06.487+0200] {processor.py:836} INFO - DAG(s) dict_keys(['tutorial_taskflow_api']) retrieved from /Users/simba/Documents/Converteo/cas_airflow1/env/lib/python3.11/site-packages/airflow/example_dags/tutorial_taskflow_api.py
[2023-06-13T11:32:07.459+0200] {logging_mixin.py:149} INFO - [2023-06-13T11:32:07.459+0200] {manager.py:504} INFO - Created Permission View: can delete on DAG:tutorial_taskflow_api
[2023-06-13T11:32:07.468+0200] {logging_mixin.py:149} INFO - [2023-06-13T11:32:07.468+0200] {manager.py:504} INFO - Created Permission View: can edit on DAG:tutorial_taskflow_api
[2023-06-13T11:32:07.474+0200] {logging_mixin.py:149} INFO - [2023-06-13T11:32:07.474+0200] {manager.py:504} INFO - Created Permission View: can read on DAG:tutorial_taskflow_api
[2023-06-13T11:32:07.475+0200] {logging_mixin.py:149} INFO - [2023-06-13T11:32:07.475+0200] {dag.py:2726} INFO - Sync 1 DAGs
[2023-06-13T11:32:07.486+0200] {logging_mixin.py:149} INFO - [2023-06-13T11:32:07.485+0200] {dag.py:2747} INFO - Creating ORM DAG for tutorial_taskflow_api
[2023-06-13T11:32:07.495+0200] {logging_mixin.py:149} INFO - [2023-06-13T11:32:07.495+0200] {dag.py:3486} INFO - Setting next_dagrun for tutorial_taskflow_api to None, run_after=None
[2023-06-13T11:32:07.516+0200] {processor.py:179} INFO - Processing /Users/simba/Documents/Converteo/cas_airflow1/env/lib/python3.11/site-packages/airflow/example_dags/tutorial_taskflow_api.py took 1.098 seconds
[2023-06-13T11:34:31.876+0200] {processor.py:157} INFO - Started process (PID=69147) to work on /Users/simba/Documents/Converteo/cas_airflow1/env/lib/python3.11/site-packages/airflow/example_dags/tutorial_taskflow_api.py
[2023-06-13T11:34:31.879+0200] {processor.py:826} INFO - Processing file /Users/simba/Documents/Converteo/cas_airflow1/env/lib/python3.11/site-packages/airflow/example_dags/tutorial_taskflow_api.py for tasks to queue
[2023-06-13T11:34:31.880+0200] {logging_mixin.py:149} INFO - [2023-06-13T11:34:31.880+0200] {dagbag.py:541} INFO - Filling up the DagBag from /Users/simba/Documents/Converteo/cas_airflow1/env/lib/python3.11/site-packages/airflow/example_dags/tutorial_taskflow_api.py
[2023-06-13T11:34:31.932+0200] {processor.py:836} INFO - DAG(s) dict_keys(['tutorial_taskflow_api']) retrieved from /Users/simba/Documents/Converteo/cas_airflow1/env/lib/python3.11/site-packages/airflow/example_dags/tutorial_taskflow_api.py
[2023-06-13T11:34:32.592+0200] {logging_mixin.py:149} INFO - [2023-06-13T11:34:32.592+0200] {dag.py:2726} INFO - Sync 1 DAGs
[2023-06-13T11:34:32.607+0200] {logging_mixin.py:149} INFO - [2023-06-13T11:34:32.606+0200] {dag.py:3486} INFO - Setting next_dagrun for tutorial_taskflow_api to None, run_after=None
[2023-06-13T11:34:32.625+0200] {processor.py:179} INFO - Processing /Users/simba/Documents/Converteo/cas_airflow1/env/lib/python3.11/site-packages/airflow/example_dags/tutorial_taskflow_api.py took 0.749 seconds
[2023-06-13T11:36:18.567+0200] {processor.py:157} INFO - Started process (PID=69411) to work on /Users/simba/Documents/Converteo/cas_airflow1/env/lib/python3.11/site-packages/airflow/example_dags/tutorial_taskflow_api.py
[2023-06-13T11:36:18.570+0200] {processor.py:826} INFO - Processing file /Users/simba/Documents/Converteo/cas_airflow1/env/lib/python3.11/site-packages/airflow/example_dags/tutorial_taskflow_api.py for tasks to queue
[2023-06-13T11:36:18.570+0200] {logging_mixin.py:149} INFO - [2023-06-13T11:36:18.570+0200] {dagbag.py:541} INFO - Filling up the DagBag from /Users/simba/Documents/Converteo/cas_airflow1/env/lib/python3.11/site-packages/airflow/example_dags/tutorial_taskflow_api.py
[2023-06-13T11:36:18.618+0200] {processor.py:836} INFO - DAG(s) dict_keys(['tutorial_taskflow_api']) retrieved from /Users/simba/Documents/Converteo/cas_airflow1/env/lib/python3.11/site-packages/airflow/example_dags/tutorial_taskflow_api.py
[2023-06-13T11:36:19.390+0200] {logging_mixin.py:149} INFO - [2023-06-13T11:36:19.389+0200] {dag.py:2726} INFO - Sync 1 DAGs
[2023-06-13T11:36:19.414+0200] {logging_mixin.py:149} INFO - [2023-06-13T11:36:19.414+0200] {dag.py:3486} INFO - Setting next_dagrun for tutorial_taskflow_api to None, run_after=None
[2023-06-13T11:36:19.436+0200] {processor.py:179} INFO - Processing /Users/simba/Documents/Converteo/cas_airflow1/env/lib/python3.11/site-packages/airflow/example_dags/tutorial_taskflow_api.py took 0.870 seconds
[2023-06-13T11:38:00.014+0200] {processor.py:157} INFO - Started process (PID=69668) to work on /Users/simba/Documents/Converteo/cas_airflow1/env/lib/python3.11/site-packages/airflow/example_dags/tutorial_taskflow_api.py
[2023-06-13T11:38:00.019+0200] {processor.py:826} INFO - Processing file /Users/simba/Documents/Converteo/cas_airflow1/env/lib/python3.11/site-packages/airflow/example_dags/tutorial_taskflow_api.py for tasks to queue
[2023-06-13T11:38:00.020+0200] {logging_mixin.py:149} INFO - [2023-06-13T11:38:00.020+0200] {dagbag.py:541} INFO - Filling up the DagBag from /Users/simba/Documents/Converteo/cas_airflow1/env/lib/python3.11/site-packages/airflow/example_dags/tutorial_taskflow_api.py
[2023-06-13T11:38:00.079+0200] {processor.py:836} INFO - DAG(s) dict_keys(['tutorial_taskflow_api']) retrieved from /Users/simba/Documents/Converteo/cas_airflow1/env/lib/python3.11/site-packages/airflow/example_dags/tutorial_taskflow_api.py
[2023-06-13T11:38:00.832+0200] {logging_mixin.py:149} INFO - [2023-06-13T11:38:00.832+0200] {dag.py:2726} INFO - Sync 1 DAGs
[2023-06-13T11:38:00.852+0200] {logging_mixin.py:149} INFO - [2023-06-13T11:38:00.852+0200] {dag.py:3486} INFO - Setting next_dagrun for tutorial_taskflow_api to None, run_after=None
[2023-06-13T11:38:00.871+0200] {processor.py:179} INFO - Processing /Users/simba/Documents/Converteo/cas_airflow1/env/lib/python3.11/site-packages/airflow/example_dags/tutorial_taskflow_api.py took 0.858 seconds
[2023-06-13T11:39:43.404+0200] {processor.py:157} INFO - Started process (PID=69946) to work on /Users/simba/Documents/Converteo/cas_airflow1/env/lib/python3.11/site-packages/airflow/example_dags/tutorial_taskflow_api.py
[2023-06-13T11:39:43.408+0200] {processor.py:826} INFO - Processing file /Users/simba/Documents/Converteo/cas_airflow1/env/lib/python3.11/site-packages/airflow/example_dags/tutorial_taskflow_api.py for tasks to queue
[2023-06-13T11:39:43.408+0200] {logging_mixin.py:149} INFO - [2023-06-13T11:39:43.408+0200] {dagbag.py:541} INFO - Filling up the DagBag from /Users/simba/Documents/Converteo/cas_airflow1/env/lib/python3.11/site-packages/airflow/example_dags/tutorial_taskflow_api.py
[2023-06-13T11:39:43.455+0200] {processor.py:836} INFO - DAG(s) dict_keys(['tutorial_taskflow_api']) retrieved from /Users/simba/Documents/Converteo/cas_airflow1/env/lib/python3.11/site-packages/airflow/example_dags/tutorial_taskflow_api.py
[2023-06-13T11:39:44.107+0200] {logging_mixin.py:149} INFO - [2023-06-13T11:39:44.107+0200] {dag.py:2726} INFO - Sync 1 DAGs
[2023-06-13T11:39:44.123+0200] {logging_mixin.py:149} INFO - [2023-06-13T11:39:44.122+0200] {dag.py:3486} INFO - Setting next_dagrun for tutorial_taskflow_api to None, run_after=None
[2023-06-13T11:39:44.140+0200] {processor.py:179} INFO - Processing /Users/simba/Documents/Converteo/cas_airflow1/env/lib/python3.11/site-packages/airflow/example_dags/tutorial_taskflow_api.py took 0.737 seconds
[2023-06-13T11:41:28.702+0200] {processor.py:157} INFO - Started process (PID=70249) to work on /Users/simba/Documents/Converteo/cas_airflow1/env/lib/python3.11/site-packages/airflow/example_dags/tutorial_taskflow_api.py
[2023-06-13T11:41:28.706+0200] {processor.py:826} INFO - Processing file /Users/simba/Documents/Converteo/cas_airflow1/env/lib/python3.11/site-packages/airflow/example_dags/tutorial_taskflow_api.py for tasks to queue
[2023-06-13T11:41:28.707+0200] {logging_mixin.py:149} INFO - [2023-06-13T11:41:28.707+0200] {dagbag.py:541} INFO - Filling up the DagBag from /Users/simba/Documents/Converteo/cas_airflow1/env/lib/python3.11/site-packages/airflow/example_dags/tutorial_taskflow_api.py
[2023-06-13T11:41:28.762+0200] {processor.py:836} INFO - DAG(s) dict_keys(['tutorial_taskflow_api']) retrieved from /Users/simba/Documents/Converteo/cas_airflow1/env/lib/python3.11/site-packages/airflow/example_dags/tutorial_taskflow_api.py
[2023-06-13T11:41:29.465+0200] {logging_mixin.py:149} INFO - [2023-06-13T11:41:29.465+0200] {dag.py:2726} INFO - Sync 1 DAGs
[2023-06-13T11:41:29.482+0200] {logging_mixin.py:149} INFO - [2023-06-13T11:41:29.482+0200] {dag.py:3486} INFO - Setting next_dagrun for tutorial_taskflow_api to None, run_after=None
[2023-06-13T11:41:29.500+0200] {processor.py:179} INFO - Processing /Users/simba/Documents/Converteo/cas_airflow1/env/lib/python3.11/site-packages/airflow/example_dags/tutorial_taskflow_api.py took 0.799 seconds
[2023-06-13T11:43:02.958+0200] {processor.py:157} INFO - Started process (PID=70560) to work on /Users/simba/Documents/Converteo/cas_airflow1/env/lib/python3.11/site-packages/airflow/example_dags/tutorial_taskflow_api.py
[2023-06-13T11:43:02.961+0200] {processor.py:826} INFO - Processing file /Users/simba/Documents/Converteo/cas_airflow1/env/lib/python3.11/site-packages/airflow/example_dags/tutorial_taskflow_api.py for tasks to queue
[2023-06-13T11:43:02.962+0200] {logging_mixin.py:149} INFO - [2023-06-13T11:43:02.962+0200] {dagbag.py:541} INFO - Filling up the DagBag from /Users/simba/Documents/Converteo/cas_airflow1/env/lib/python3.11/site-packages/airflow/example_dags/tutorial_taskflow_api.py
[2023-06-13T11:43:03.012+0200] {processor.py:836} INFO - DAG(s) dict_keys(['tutorial_taskflow_api']) retrieved from /Users/simba/Documents/Converteo/cas_airflow1/env/lib/python3.11/site-packages/airflow/example_dags/tutorial_taskflow_api.py
[2023-06-13T11:43:03.045+0200] {logging_mixin.py:149} INFO - [2023-06-13T11:43:03.045+0200] {dag.py:2726} INFO - Sync 1 DAGs
[2023-06-13T11:43:03.839+0200] {logging_mixin.py:149} INFO - [2023-06-13T11:43:03.839+0200] {dag.py:3486} INFO - Setting next_dagrun for tutorial_taskflow_api to None, run_after=None
[2023-06-13T11:43:03.863+0200] {processor.py:179} INFO - Processing /Users/simba/Documents/Converteo/cas_airflow1/env/lib/python3.11/site-packages/airflow/example_dags/tutorial_taskflow_api.py took 0.906 seconds
[2023-06-13T11:44:02.313+0200] {processor.py:157} INFO - Started process (PID=70796) to work on /Users/simba/Documents/Converteo/cas_airflow1/env/lib/python3.11/site-packages/airflow/example_dags/tutorial_taskflow_api.py
[2023-06-13T11:44:02.316+0200] {processor.py:826} INFO - Processing file /Users/simba/Documents/Converteo/cas_airflow1/env/lib/python3.11/site-packages/airflow/example_dags/tutorial_taskflow_api.py for tasks to queue
[2023-06-13T11:44:02.317+0200] {logging_mixin.py:149} INFO - [2023-06-13T11:44:02.317+0200] {dagbag.py:541} INFO - Filling up the DagBag from /Users/simba/Documents/Converteo/cas_airflow1/env/lib/python3.11/site-packages/airflow/example_dags/tutorial_taskflow_api.py
[2023-06-13T11:44:02.370+0200] {processor.py:836} INFO - DAG(s) dict_keys(['tutorial_taskflow_api']) retrieved from /Users/simba/Documents/Converteo/cas_airflow1/env/lib/python3.11/site-packages/airflow/example_dags/tutorial_taskflow_api.py
[2023-06-13T11:44:03.095+0200] {logging_mixin.py:149} INFO - [2023-06-13T11:44:03.094+0200] {dag.py:2726} INFO - Sync 1 DAGs
[2023-06-13T11:44:03.110+0200] {logging_mixin.py:149} INFO - [2023-06-13T11:44:03.109+0200] {dag.py:3486} INFO - Setting next_dagrun for tutorial_taskflow_api to None, run_after=None
[2023-06-13T11:44:03.146+0200] {processor.py:179} INFO - Processing /Users/simba/Documents/Converteo/cas_airflow1/env/lib/python3.11/site-packages/airflow/example_dags/tutorial_taskflow_api.py took 0.833 seconds
[2023-06-13T11:44:56.117+0200] {processor.py:157} INFO - Started process (PID=71004) to work on /Users/simba/Documents/Converteo/cas_airflow1/env/lib/python3.11/site-packages/airflow/example_dags/tutorial_taskflow_api.py
[2023-06-13T11:44:56.121+0200] {processor.py:826} INFO - Processing file /Users/simba/Documents/Converteo/cas_airflow1/env/lib/python3.11/site-packages/airflow/example_dags/tutorial_taskflow_api.py for tasks to queue
[2023-06-13T11:44:56.122+0200] {logging_mixin.py:149} INFO - [2023-06-13T11:44:56.122+0200] {dagbag.py:541} INFO - Filling up the DagBag from /Users/simba/Documents/Converteo/cas_airflow1/env/lib/python3.11/site-packages/airflow/example_dags/tutorial_taskflow_api.py
[2023-06-13T11:44:56.168+0200] {processor.py:836} INFO - DAG(s) dict_keys(['tutorial_taskflow_api']) retrieved from /Users/simba/Documents/Converteo/cas_airflow1/env/lib/python3.11/site-packages/airflow/example_dags/tutorial_taskflow_api.py
[2023-06-13T11:44:56.202+0200] {logging_mixin.py:149} INFO - [2023-06-13T11:44:56.201+0200] {dag.py:2726} INFO - Sync 1 DAGs
[2023-06-13T11:44:56.856+0200] {logging_mixin.py:149} INFO - [2023-06-13T11:44:56.856+0200] {dag.py:3486} INFO - Setting next_dagrun for tutorial_taskflow_api to None, run_after=None
[2023-06-13T11:44:56.880+0200] {processor.py:179} INFO - Processing /Users/simba/Documents/Converteo/cas_airflow1/env/lib/python3.11/site-packages/airflow/example_dags/tutorial_taskflow_api.py took 0.764 seconds
[2023-06-13T11:47:36.800+0200] {processor.py:157} INFO - Started process (PID=71435) to work on /Users/simba/Documents/Converteo/cas_airflow1/env/lib/python3.11/site-packages/airflow/example_dags/tutorial_taskflow_api.py
[2023-06-13T11:47:36.804+0200] {processor.py:826} INFO - Processing file /Users/simba/Documents/Converteo/cas_airflow1/env/lib/python3.11/site-packages/airflow/example_dags/tutorial_taskflow_api.py for tasks to queue
[2023-06-13T11:47:36.805+0200] {logging_mixin.py:149} INFO - [2023-06-13T11:47:36.805+0200] {dagbag.py:541} INFO - Filling up the DagBag from /Users/simba/Documents/Converteo/cas_airflow1/env/lib/python3.11/site-packages/airflow/example_dags/tutorial_taskflow_api.py
[2023-06-13T11:47:36.854+0200] {processor.py:836} INFO - DAG(s) dict_keys(['tutorial_taskflow_api']) retrieved from /Users/simba/Documents/Converteo/cas_airflow1/env/lib/python3.11/site-packages/airflow/example_dags/tutorial_taskflow_api.py
[2023-06-13T11:47:37.502+0200] {logging_mixin.py:149} INFO - [2023-06-13T11:47:37.502+0200] {dag.py:2726} INFO - Sync 1 DAGs
[2023-06-13T11:47:37.518+0200] {logging_mixin.py:149} INFO - [2023-06-13T11:47:37.518+0200] {dag.py:3486} INFO - Setting next_dagrun for tutorial_taskflow_api to None, run_after=None
[2023-06-13T11:47:37.538+0200] {processor.py:179} INFO - Processing /Users/simba/Documents/Converteo/cas_airflow1/env/lib/python3.11/site-packages/airflow/example_dags/tutorial_taskflow_api.py took 0.738 seconds
[2023-06-13T11:49:37.670+0200] {processor.py:157} INFO - Started process (PID=71805) to work on /Users/simba/Documents/Converteo/cas_airflow1/env/lib/python3.11/site-packages/airflow/example_dags/tutorial_taskflow_api.py
[2023-06-13T11:49:37.674+0200] {processor.py:826} INFO - Processing file /Users/simba/Documents/Converteo/cas_airflow1/env/lib/python3.11/site-packages/airflow/example_dags/tutorial_taskflow_api.py for tasks to queue
[2023-06-13T11:49:37.674+0200] {logging_mixin.py:149} INFO - [2023-06-13T11:49:37.674+0200] {dagbag.py:541} INFO - Filling up the DagBag from /Users/simba/Documents/Converteo/cas_airflow1/env/lib/python3.11/site-packages/airflow/example_dags/tutorial_taskflow_api.py
[2023-06-13T11:49:37.723+0200] {processor.py:836} INFO - DAG(s) dict_keys(['tutorial_taskflow_api']) retrieved from /Users/simba/Documents/Converteo/cas_airflow1/env/lib/python3.11/site-packages/airflow/example_dags/tutorial_taskflow_api.py
[2023-06-13T11:49:38.368+0200] {logging_mixin.py:149} INFO - [2023-06-13T11:49:38.368+0200] {dag.py:2726} INFO - Sync 1 DAGs
[2023-06-13T11:49:38.384+0200] {logging_mixin.py:149} INFO - [2023-06-13T11:49:38.384+0200] {dag.py:3486} INFO - Setting next_dagrun for tutorial_taskflow_api to None, run_after=None
[2023-06-13T11:49:38.402+0200] {processor.py:179} INFO - Processing /Users/simba/Documents/Converteo/cas_airflow1/env/lib/python3.11/site-packages/airflow/example_dags/tutorial_taskflow_api.py took 0.733 seconds
